[11.265s] Invoking command in '/home/user/simulation_ws/src/tortoisebot/tortoisebot_control': PYTHONPATH=/home/user/simulation_ws/build/tortoisebot_control/prefix_override:/home/user/simulation_ws/install/tortoisebot_control/lib/python3.10/site-packages:${PYTHONPATH} _=/usr/bin/env /usr/bin/python3 setup.py egg_info --egg-base ../../../build/tortoisebot_control build --build-base /home/user/simulation_ws/build/tortoisebot_control/build install --record /home/user/simulation_ws/build/tortoisebot_control/install.log --single-version-externally-managed
[13.575s] running egg_info
[13.587s] writing ../../../build/tortoisebot_control/tortoisebot_control.egg-info/PKG-INFO
[13.590s] writing dependency_links to ../../../build/tortoisebot_control/tortoisebot_control.egg-info/dependency_links.txt
[13.591s] writing entry points to ../../../build/tortoisebot_control/tortoisebot_control.egg-info/entry_points.txt
[13.591s] writing requirements to ../../../build/tortoisebot_control/tortoisebot_control.egg-info/requires.txt
[13.594s] writing top-level names to ../../../build/tortoisebot_control/tortoisebot_control.egg-info/top_level.txt
[13.664s] reading manifest file '../../../build/tortoisebot_control/tortoisebot_control.egg-info/SOURCES.txt'
[13.664s] writing manifest file '../../../build/tortoisebot_control/tortoisebot_control.egg-info/SOURCES.txt'
[13.664s] running build
[13.665s] running build_py
[13.668s] running install
[13.668s] /usr/lib/python3/dist-packages/setuptools/command/install.py:34: SetuptoolsDeprecationWarning: setup.py install is deprecated. Use build and pip and other standards-based tools.
[13.668s]   warnings.warn(
[13.669s] running install_lib
[13.683s] running install_data
[13.685s] running install_egg_info
[13.696s] removing '/home/user/simulation_ws/install/tortoisebot_control/lib/python3.10/site-packages/tortoisebot_control-0.0.0-py3.10.egg-info' (and everything under it)
[13.697s] Copying ../../../build/tortoisebot_control/tortoisebot_control.egg-info to /home/user/simulation_ws/install/tortoisebot_control/lib/python3.10/site-packages/tortoisebot_control-0.0.0-py3.10.egg-info
[13.704s] running install_scripts
[13.952s] Installing gripper_server script to /home/user/simulation_ws/install/tortoisebot_control/lib/tortoisebot_control
[13.953s] Installing teleop_twist_keyboard script to /home/user/simulation_ws/install/tortoisebot_control/lib/tortoisebot_control
[13.954s] writing list of installed files to '/home/user/simulation_ws/build/tortoisebot_control/install.log'
[14.091s] Invoked command in '/home/user/simulation_ws/src/tortoisebot/tortoisebot_control' returned '0': PYTHONPATH=/home/user/simulation_ws/build/tortoisebot_control/prefix_override:/home/user/simulation_ws/install/tortoisebot_control/lib/python3.10/site-packages:${PYTHONPATH} _=/usr/bin/env /usr/bin/python3 setup.py egg_info --egg-base ../../../build/tortoisebot_control build --build-base /home/user/simulation_ws/build/tortoisebot_control/build install --record /home/user/simulation_ws/build/tortoisebot_control/install.log --single-version-externally-managed
