[0.190s] Invoking command in '/home/user/simulation_ws/build/ydlidar_ros2_driver': CMAKE_PREFIX_PATH=${CMAKE_PREFIX_PATH}:/home/user/simulation_ws/install/tortoisebot_localization:/home/user/simulation_ws/install/tortoisebot_control:/home/user/simulation_ws/install/ros2_aruco:/home/simulations/ros2_sims_ws/install/rclrs_tests:/home/simulations/ros2_sims_ws/install/examples_rclrs_minimal_client_service:/home/simulations/ros2_sims_ws/install/sensor_msgs_py:/home/simulations/ros2_sims_ws/install/examples_rclrs_minimal_pub_sub:/home/simulations/ros2_sims_ws/install/examples_rclrs_message_demo:/home/simulations/ros2_sims_ws/install/rclrs:/home/simulations/ros2_sims_ws/install/rosidl_runtime_rs:/home/user/ros2_ws/install/opencv_tests:/opt/ros/humble _=/usr/bin/env /usr/bin/cmake --build /home/user/simulation_ws/build/ydlidar_ros2_driver -- -j8 -l8
[1.127s] -- Found ament_cmake: 1.3.4 (/opt/ros/humble/share/ament_cmake/cmake)
[1.893s] -- Found rclcpp: 16.0.4 (/opt/ros/humble/share/rclcpp/cmake)
[2.064s] -- Found rosidl_generator_c: 3.1.4 (/opt/ros/humble/share/rosidl_generator_c/cmake)
[2.074s] -- Found rosidl_adapter: 3.1.4 (/opt/ros/humble/share/rosidl_adapter/cmake)
[2.100s] -- Found rosidl_generator_cpp: 3.1.4 (/opt/ros/humble/share/rosidl_generator_cpp/cmake)
[2.330s] -- Using all available rosidl_typesupport_c: rosidl_typesupport_fastrtps_c;rosidl_typesupport_introspection_c
[2.376s] -- Using all available rosidl_typesupport_cpp: rosidl_typesupport_fastrtps_cpp;rosidl_typesupport_introspection_cpp
[2.742s] -- Found rmw_implementation_cmake: 6.1.1 (/opt/ros/humble/share/rmw_implementation_cmake/cmake)
[2.752s] -- Found rmw_fastrtps_cpp: 6.2.2 (/opt/ros/humble/share/rmw_fastrtps_cpp/cmake)
[3.439s] -- Using RMW implementation 'rmw_fastrtps_cpp' as default
[4.292s] -- Found sensor_msgs: 4.2.3 (/home/simulations/ros2_sims_ws/install/sensor_msgs/share/sensor_msgs/cmake)
[4.596s] -- Found visualization_msgs: 4.2.3 (/home/simulations/ros2_sims_ws/install/visualization_msgs/share/visualization_msgs/cmake)
[4.796s] -- Found std_srvs: 4.2.3 (/home/simulations/ros2_sims_ws/install/std_srvs/share/std_srvs/cmake)
[4.993s] [31mCMake Error at CMakeLists.txt:25 (find_package):
[4.993s]   By not providing "Findydlidar_sdk.cmake" in CMAKE_MODULE_PATH this project
[4.994s]   has asked CMake to find a package configuration file provided by
[4.994s]   "ydlidar_sdk", but CMake did not find one.
[4.994s] 
[4.994s]   Could not find a package configuration file provided by "ydlidar_sdk" with
[4.994s]   any of the following names:
[4.994s] 
[4.994s]     ydlidar_sdkConfig.cmake
[4.994s]     ydlidar_sdk-config.cmake
[4.994s] 
[4.994s]   Add the installation prefix of "ydlidar_sdk" to CMAKE_PREFIX_PATH or set
[4.994s]   "ydlidar_sdk_DIR" to a directory containing one of the above files.  If
[4.994s]   "ydlidar_sdk" provides a separate development package or SDK, be sure it
[4.995s]   has been installed.
[4.995s] 
[4.995s] [0m
[4.995s] -- Configuring incomplete, errors occurred!
[4.995s] See also "/home/user/simulation_ws/build/ydlidar_ros2_driver/CMakeFiles/CMakeOutput.log".
[5.003s] gmake: *** [Makefile:308: cmake_check_build_system] Error 1
[5.006s] Invoked command in '/home/user/simulation_ws/build/ydlidar_ros2_driver' returned '2': CMAKE_PREFIX_PATH=${CMAKE_PREFIX_PATH}:/home/user/simulation_ws/install/tortoisebot_localization:/home/user/simulation_ws/install/tortoisebot_control:/home/user/simulation_ws/install/ros2_aruco:/home/simulations/ros2_sims_ws/install/rclrs_tests:/home/simulations/ros2_sims_ws/install/examples_rclrs_minimal_client_service:/home/simulations/ros2_sims_ws/install/sensor_msgs_py:/home/simulations/ros2_sims_ws/install/examples_rclrs_minimal_pub_sub:/home/simulations/ros2_sims_ws/install/examples_rclrs_message_demo:/home/simulations/ros2_sims_ws/install/rclrs:/home/simulations/ros2_sims_ws/install/rosidl_runtime_rs:/home/user/ros2_ws/install/opencv_tests:/opt/ros/humble _=/usr/bin/env /usr/bin/cmake --build /home/user/simulation_ws/build/ydlidar_ros2_driver -- -j8 -l8
