[0.079s] Invoking command in '/home/user/ros2_ws/build/turtlebot_bringup': CMAKE_PREFIX_PATH=${CMAKE_PREFIX_PATH}:/home/user/ros2_ws/install/turtlebot3_teleop:/home/user/ros2_ws/install/turtlebot3_example:/home/simulations/ros2_sims_ws/install/rclrs_tests:/home/simulations/ros2_sims_ws/install/examples_rclrs_minimal_client_service:/home/simulations/ros2_sims_ws/install/sensor_msgs_py:/home/simulations/ros2_sims_ws/install/examples_rclrs_minimal_pub_sub:/home/simulations/ros2_sims_ws/install/examples_rclrs_message_demo:/home/simulations/ros2_sims_ws/install/rclrs:/home/simulations/ros2_sims_ws/install/rosidl_runtime_rs:/opt/ros/humble _=/usr/bin/env /usr/bin/cmake /home/user/ros2_ws/src/turtlebot_bringup -DCMAKE_INSTALL_PREFIX=/home/user/ros2_ws/install/turtlebot_bringup
[0.592s] -- The C compiler identification is GNU 11.3.0
[0.897s] -- The CXX compiler identification is GNU 11.3.0
[1.011s] -- Detecting C compiler ABI info
[1.471s] -- Detecting C compiler ABI info - done
[1.512s] -- Check for working C compiler: /usr/bin/cc - skipped
[1.512s] -- Detecting C compile features
[1.515s] -- Detecting C compile features - done
[1.521s] -- Detecting CXX compiler ABI info
[1.878s] -- Detecting CXX compiler ABI info - done
[1.900s] -- Check for working CXX compiler: /usr/bin/c++ - skipped
[1.901s] -- Detecting CXX compile features
[1.902s] -- Detecting CXX compile features - done
[1.978s] -- Found ament_cmake: 1.3.4 (/opt/ros/humble/share/ament_cmake/cmake)
[3.265s] -- Found Python3: /usr/bin/python3.10 (found version "3.10.6") found components: Interpreter 
[4.172s] -- Found ament_lint_auto: 0.12.6 (/opt/ros/humble/share/ament_lint_auto/cmake)
[5.070s] -- Added test 'lint_cmake' to check CMake code style
[5.088s] -- Added test 'xmllint' to check XML markup files
[5.105s] -- Configuring done
[5.152s] -- Generating done
[5.156s] -- Build files have been written to: /home/user/ros2_ws/build/turtlebot_bringup
[5.164s] Invoked command in '/home/user/ros2_ws/build/turtlebot_bringup' returned '0': CMAKE_PREFIX_PATH=${CMAKE_PREFIX_PATH}:/home/user/ros2_ws/install/turtlebot3_teleop:/home/user/ros2_ws/install/turtlebot3_example:/home/simulations/ros2_sims_ws/install/rclrs_tests:/home/simulations/ros2_sims_ws/install/examples_rclrs_minimal_client_service:/home/simulations/ros2_sims_ws/install/sensor_msgs_py:/home/simulations/ros2_sims_ws/install/examples_rclrs_minimal_pub_sub:/home/simulations/ros2_sims_ws/install/examples_rclrs_message_demo:/home/simulations/ros2_sims_ws/install/rclrs:/home/simulations/ros2_sims_ws/install/rosidl_runtime_rs:/opt/ros/humble _=/usr/bin/env /usr/bin/cmake /home/user/ros2_ws/src/turtlebot_bringup -DCMAKE_INSTALL_PREFIX=/home/user/ros2_ws/install/turtlebot_bringup
[5.165s] Invoking command in '/home/user/ros2_ws/build/turtlebot_bringup': CMAKE_PREFIX_PATH=${CMAKE_PREFIX_PATH}:/home/user/ros2_ws/install/turtlebot3_teleop:/home/user/ros2_ws/install/turtlebot3_example:/home/simulations/ros2_sims_ws/install/rclrs_tests:/home/simulations/ros2_sims_ws/install/examples_rclrs_minimal_client_service:/home/simulations/ros2_sims_ws/install/sensor_msgs_py:/home/simulations/ros2_sims_ws/install/examples_rclrs_minimal_pub_sub:/home/simulations/ros2_sims_ws/install/examples_rclrs_message_demo:/home/simulations/ros2_sims_ws/install/rclrs:/home/simulations/ros2_sims_ws/install/rosidl_runtime_rs:/opt/ros/humble _=/usr/bin/env /usr/bin/cmake --build /home/user/ros2_ws/build/turtlebot_bringup -- -j8 -l8
[5.398s] Invoked command in '/home/user/ros2_ws/build/turtlebot_bringup' returned '0': CMAKE_PREFIX_PATH=${CMAKE_PREFIX_PATH}:/home/user/ros2_ws/install/turtlebot3_teleop:/home/user/ros2_ws/install/turtlebot3_example:/home/simulations/ros2_sims_ws/install/rclrs_tests:/home/simulations/ros2_sims_ws/install/examples_rclrs_minimal_client_service:/home/simulations/ros2_sims_ws/install/sensor_msgs_py:/home/simulations/ros2_sims_ws/install/examples_rclrs_minimal_pub_sub:/home/simulations/ros2_sims_ws/install/examples_rclrs_message_demo:/home/simulations/ros2_sims_ws/install/rclrs:/home/simulations/ros2_sims_ws/install/rosidl_runtime_rs:/opt/ros/humble _=/usr/bin/env /usr/bin/cmake --build /home/user/ros2_ws/build/turtlebot_bringup -- -j8 -l8
[5.683s] Invoking command in '/home/user/ros2_ws/build/turtlebot_bringup': CMAKE_PREFIX_PATH=${CMAKE_PREFIX_PATH}:/home/user/ros2_ws/install/turtlebot3_teleop:/home/user/ros2_ws/install/turtlebot3_example:/home/simulations/ros2_sims_ws/install/rclrs_tests:/home/simulations/ros2_sims_ws/install/examples_rclrs_minimal_client_service:/home/simulations/ros2_sims_ws/install/sensor_msgs_py:/home/simulations/ros2_sims_ws/install/examples_rclrs_minimal_pub_sub:/home/simulations/ros2_sims_ws/install/examples_rclrs_message_demo:/home/simulations/ros2_sims_ws/install/rclrs:/home/simulations/ros2_sims_ws/install/rosidl_runtime_rs:/opt/ros/humble _=/usr/bin/env /usr/bin/cmake --install /home/user/ros2_ws/build/turtlebot_bringup
[5.761s] -- Install configuration: ""
[5.762s] -- Installing: /home/user/ros2_ws/install/turtlebot_bringup/share/turtlebot_bringup//launch
[5.762s] -- Installing: /home/user/ros2_ws/install/turtlebot_bringup/share/turtlebot_bringup//launch/turtlebot.launch
[5.762s] -- Installing: /home/user/ros2_ws/install/turtlebot_bringup/share/ament_index/resource_index/package_run_dependencies/turtlebot_bringup
[5.762s] -- Installing: /home/user/ros2_ws/install/turtlebot_bringup/share/ament_index/resource_index/parent_prefix_path/turtlebot_bringup
[5.762s] -- Installing: /home/user/ros2_ws/install/turtlebot_bringup/share/turtlebot_bringup/environment/ament_prefix_path.sh
[5.763s] -- Installing: /home/user/ros2_ws/install/turtlebot_bringup/share/turtlebot_bringup/environment/ament_prefix_path.dsv
[5.763s] -- Installing: /home/user/ros2_ws/install/turtlebot_bringup/share/turtlebot_bringup/environment/path.sh
[5.763s] -- Installing: /home/user/ros2_ws/install/turtlebot_bringup/share/turtlebot_bringup/environment/path.dsv
[5.763s] -- Installing: /home/user/ros2_ws/install/turtlebot_bringup/share/turtlebot_bringup/local_setup.bash
[5.764s] -- Installing: /home/user/ros2_ws/install/turtlebot_bringup/share/turtlebot_bringup/local_setup.sh
[5.764s] -- Installing: /home/user/ros2_ws/install/turtlebot_bringup/share/turtlebot_bringup/local_setup.zsh
[5.765s] -- Installing: /home/user/ros2_ws/install/turtlebot_bringup/share/turtlebot_bringup/local_setup.dsv
[5.765s] -- Installing: /home/user/ros2_ws/install/turtlebot_bringup/share/turtlebot_bringup/package.dsv
[5.766s] -- Installing: /home/user/ros2_ws/install/turtlebot_bringup/share/ament_index/resource_index/packages/turtlebot_bringup
[5.766s] -- Installing: /home/user/ros2_ws/install/turtlebot_bringup/share/turtlebot_bringup/cmake/turtlebot_bringupConfig.cmake
[5.767s] -- Installing: /home/user/ros2_ws/install/turtlebot_bringup/share/turtlebot_bringup/cmake/turtlebot_bringupConfig-version.cmake
[5.767s] -- Installing: /home/user/ros2_ws/install/turtlebot_bringup/share/turtlebot_bringup/package.xml
[5.776s] Invoked command in '/home/user/ros2_ws/build/turtlebot_bringup' returned '0': CMAKE_PREFIX_PATH=${CMAKE_PREFIX_PATH}:/home/user/ros2_ws/install/turtlebot3_teleop:/home/user/ros2_ws/install/turtlebot3_example:/home/simulations/ros2_sims_ws/install/rclrs_tests:/home/simulations/ros2_sims_ws/install/examples_rclrs_minimal_client_service:/home/simulations/ros2_sims_ws/install/sensor_msgs_py:/home/simulations/ros2_sims_ws/install/examples_rclrs_minimal_pub_sub:/home/simulations/ros2_sims_ws/install/examples_rclrs_message_demo:/home/simulations/ros2_sims_ws/install/rclrs:/home/simulations/ros2_sims_ws/install/rosidl_runtime_rs:/opt/ros/humble _=/usr/bin/env /usr/bin/cmake --install /home/user/ros2_ws/build/turtlebot_bringup
