[3.461s] Invoking command in '/home/user/simulation_ws/build/tortoisebot_description': CMAKE_PREFIX_PATH=${CMAKE_PREFIX_PATH}:/home/user/simulation_ws/install/tortoisebot_localization:/home/user/simulation_ws/install/tortoisebot_control:/home/user/simulation_ws/install/ros2_aruco:/home/simulations/ros2_sims_ws/install/rclrs_tests:/home/simulations/ros2_sims_ws/install/examples_rclrs_minimal_client_service:/home/simulations/ros2_sims_ws/install/sensor_msgs_py:/home/simulations/ros2_sims_ws/install/examples_rclrs_minimal_pub_sub:/home/simulations/ros2_sims_ws/install/examples_rclrs_message_demo:/home/simulations/ros2_sims_ws/install/rclrs:/home/simulations/ros2_sims_ws/install/rosidl_runtime_rs:/home/user/ros2_ws/install/line_nagivation:/home/user/ros2_ws/install/apriltag_nagivation:/opt/ros/humble _=/usr/bin/env /usr/bin/cmake --build /home/user/simulation_ws/build/tortoisebot_description -- -j8 -l8
[6.140s] Invoked command in '/home/user/simulation_ws/build/tortoisebot_description' returned '0': CMAKE_PREFIX_PATH=${CMAKE_PREFIX_PATH}:/home/user/simulation_ws/install/tortoisebot_localization:/home/user/simulation_ws/install/tortoisebot_control:/home/user/simulation_ws/install/ros2_aruco:/home/simulations/ros2_sims_ws/install/rclrs_tests:/home/simulations/ros2_sims_ws/install/examples_rclrs_minimal_client_service:/home/simulations/ros2_sims_ws/install/sensor_msgs_py:/home/simulations/ros2_sims_ws/install/examples_rclrs_minimal_pub_sub:/home/simulations/ros2_sims_ws/install/examples_rclrs_message_demo:/home/simulations/ros2_sims_ws/install/rclrs:/home/simulations/ros2_sims_ws/install/rosidl_runtime_rs:/home/user/ros2_ws/install/line_nagivation:/home/user/ros2_ws/install/apriltag_nagivation:/opt/ros/humble _=/usr/bin/env /usr/bin/cmake --build /home/user/simulation_ws/build/tortoisebot_description -- -j8 -l8
[7.173s] Invoking command in '/home/user/simulation_ws/build/tortoisebot_description': CMAKE_PREFIX_PATH=${CMAKE_PREFIX_PATH}:/home/user/simulation_ws/install/tortoisebot_localization:/home/user/simulation_ws/install/tortoisebot_control:/home/user/simulation_ws/install/ros2_aruco:/home/simulations/ros2_sims_ws/install/rclrs_tests:/home/simulations/ros2_sims_ws/install/examples_rclrs_minimal_client_service:/home/simulations/ros2_sims_ws/install/sensor_msgs_py:/home/simulations/ros2_sims_ws/install/examples_rclrs_minimal_pub_sub:/home/simulations/ros2_sims_ws/install/examples_rclrs_message_demo:/home/simulations/ros2_sims_ws/install/rclrs:/home/simulations/ros2_sims_ws/install/rosidl_runtime_rs:/home/user/ros2_ws/install/line_nagivation:/home/user/ros2_ws/install/apriltag_nagivation:/opt/ros/humble _=/usr/bin/env /usr/bin/cmake --install /home/user/simulation_ws/build/tortoisebot_description
[7.279s] -- Install configuration: ""
[7.279s] -- Up-to-date: /home/user/simulation_ws/install/tortoisebot_description/share/tortoisebot_description/launch
[7.280s] -- Up-to-date: /home/user/simulation_ws/install/tortoisebot_description/share/tortoisebot_description/launch/robot_description.launch.py
[7.280s] -- Up-to-date: /home/user/simulation_ws/install/tortoisebot_description/share/tortoisebot_description/launch/rviz.launch.py
[7.280s] -- Up-to-date: /home/user/simulation_ws/install/tortoisebot_description/share/tortoisebot_description/launch/spawn.launch.py
[7.280s] -- Up-to-date: /home/user/simulation_ws/install/tortoisebot_description/share/tortoisebot_description/launch/state_publisher.launch.py
[7.280s] -- Up-to-date: /home/user/simulation_ws/install/tortoisebot_description/share/tortoisebot_description/launch/display.launch.py
[7.280s] -- Up-to-date: /home/user/simulation_ws/install/tortoisebot_description/share/tortoisebot_description/models
[7.281s] -- Up-to-date: /home/user/simulation_ws/install/tortoisebot_description/share/tortoisebot_description/models/urdf
[7.281s] -- Up-to-date: /home/user/simulation_ws/install/tortoisebot_description/share/tortoisebot_description/models/urdf/tortoisebot_hook.xacro
[7.281s] -- Up-to-date: /home/user/simulation_ws/install/tortoisebot_description/share/tortoisebot_description/models/urdf/tortoisebot.xacro
[7.359s] -- Up-to-date: /home/user/simulation_ws/install/tortoisebot_description/share/tortoisebot_description/models/urdf/materials.xacro
[7.359s] -- Up-to-date: /home/user/simulation_ws/install/tortoisebot_description/share/tortoisebot_description/models/meshes
[7.359s] -- Up-to-date: /home/user/simulation_ws/install/tortoisebot_description/share/tortoisebot_description/models/meshes/lidar_motorend.stl
[7.360s] -- Up-to-date: /home/user/simulation_ws/install/tortoisebot_description/share/tortoisebot_description/models/meshes/camera.stl
[7.360s] -- Up-to-date: /home/user/simulation_ws/install/tortoisebot_description/share/tortoisebot_description/models/meshes/imu.stl
[7.360s] -- Up-to-date: /home/user/simulation_ws/install/tortoisebot_description/share/tortoisebot_description/models/meshes/caster.stl
[7.360s] -- Up-to-date: /home/user/simulation_ws/install/tortoisebot_description/share/tortoisebot_description/models/meshes/lidar_bottom.stl
[7.360s] -- Up-to-date: /home/user/simulation_ws/install/tortoisebot_description/share/tortoisebot_description/models/meshes/base_link.stl
[7.360s] -- Up-to-date: /home/user/simulation_ws/install/tortoisebot_description/share/tortoisebot_description/models/meshes/lidar_top.stl
[7.360s] -- Up-to-date: /home/user/simulation_ws/install/tortoisebot_description/share/tortoisebot_description/models/meshes/lidar_body.stl
[7.360s] -- Up-to-date: /home/user/simulation_ws/install/tortoisebot_description/share/tortoisebot_description/models/meshes/wheel_right.stl
[7.361s] -- Up-to-date: /home/user/simulation_ws/install/tortoisebot_description/share/tortoisebot_description/models/meshes/wheel_left.stl
[7.361s] -- Up-to-date: /home/user/simulation_ws/install/tortoisebot_description/share/tortoisebot_description/rviz
[7.361s] -- Up-to-date: /home/user/simulation_ws/install/tortoisebot_description/share/tortoisebot_description/rviz/tortoisebot_navigation.rviz
[7.361s] -- Up-to-date: /home/user/simulation_ws/install/tortoisebot_description/share/tortoisebot_description/rviz/sensors.rviz
[7.361s] -- Up-to-date: /home/user/simulation_ws/install/tortoisebot_description/share/ament_index/resource_index/package_run_dependencies/tortoisebot_description
[7.361s] -- Up-to-date: /home/user/simulation_ws/install/tortoisebot_description/share/ament_index/resource_index/parent_prefix_path/tortoisebot_description
[7.361s] -- Up-to-date: /home/user/simulation_ws/install/tortoisebot_description/share/tortoisebot_description/environment/ament_prefix_path.sh
[7.361s] -- Up-to-date: /home/user/simulation_ws/install/tortoisebot_description/share/tortoisebot_description/environment/ament_prefix_path.dsv
[7.361s] -- Up-to-date: /home/user/simulation_ws/install/tortoisebot_description/share/tortoisebot_description/environment/path.sh
[7.362s] -- Up-to-date: /home/user/simulation_ws/install/tortoisebot_description/share/tortoisebot_description/environment/path.dsv
[7.362s] -- Up-to-date: /home/user/simulation_ws/install/tortoisebot_description/share/tortoisebot_description/local_setup.bash
[7.362s] -- Up-to-date: /home/user/simulation_ws/install/tortoisebot_description/share/tortoisebot_description/local_setup.sh
[7.362s] -- Up-to-date: /home/user/simulation_ws/install/tortoisebot_description/share/tortoisebot_description/local_setup.zsh
[7.362s] -- Up-to-date: /home/user/simulation_ws/install/tortoisebot_description/share/tortoisebot_description/local_setup.dsv
[7.362s] -- Installing: /home/user/simulation_ws/install/tortoisebot_description/share/tortoisebot_description/package.dsv
[7.362s] -- Up-to-date: /home/user/simulation_ws/install/tortoisebot_description/share/ament_index/resource_index/packages/tortoisebot_description
[7.362s] -- Up-to-date: /home/user/simulation_ws/install/tortoisebot_description/share/tortoisebot_description/cmake/tortoisebot_descriptionConfig.cmake
[7.363s] -- Up-to-date: /home/user/simulation_ws/install/tortoisebot_description/share/tortoisebot_description/cmake/tortoisebot_descriptionConfig-version.cmake
[7.363s] -- Up-to-date: /home/user/simulation_ws/install/tortoisebot_description/share/tortoisebot_description/package.xml
[7.841s] Invoked command in '/home/user/simulation_ws/build/tortoisebot_description' returned '0': CMAKE_PREFIX_PATH=${CMAKE_PREFIX_PATH}:/home/user/simulation_ws/install/tortoisebot_localization:/home/user/simulation_ws/install/tortoisebot_control:/home/user/simulation_ws/install/ros2_aruco:/home/simulations/ros2_sims_ws/install/rclrs_tests:/home/simulations/ros2_sims_ws/install/examples_rclrs_minimal_client_service:/home/simulations/ros2_sims_ws/install/sensor_msgs_py:/home/simulations/ros2_sims_ws/install/examples_rclrs_minimal_pub_sub:/home/simulations/ros2_sims_ws/install/examples_rclrs_message_demo:/home/simulations/ros2_sims_ws/install/rclrs:/home/simulations/ros2_sims_ws/install/rosidl_runtime_rs:/home/user/ros2_ws/install/line_nagivation:/home/user/ros2_ws/install/apriltag_nagivation:/opt/ros/humble _=/usr/bin/env /usr/bin/cmake --install /home/user/simulation_ws/build/tortoisebot_description
