[5.969s] Invoking command in '/home/user/simulation_ws/src/tortoisebot/ros2_aruco/ros2_aruco': PYTHONPATH=/home/user/simulation_ws/build/ros2_aruco/prefix_override:/home/user/simulation_ws/install/ros2_aruco/lib/python3.10/site-packages:${PYTHONPATH} _=/usr/bin/env /usr/bin/python3 setup.py egg_info --egg-base ../../../../build/ros2_aruco build --build-base /home/user/simulation_ws/build/ros2_aruco/build install --record /home/user/simulation_ws/build/ros2_aruco/install.log --single-version-externally-managed
[7.922s] running egg_info
[7.924s] creating ../../../../build/ros2_aruco/ros2_aruco.egg-info
[7.924s] writing ../../../../build/ros2_aruco/ros2_aruco.egg-info/PKG-INFO
[7.924s] writing dependency_links to ../../../../build/ros2_aruco/ros2_aruco.egg-info/dependency_links.txt
[7.925s] writing entry points to ../../../../build/ros2_aruco/ros2_aruco.egg-info/entry_points.txt
[7.925s] writing requirements to ../../../../build/ros2_aruco/ros2_aruco.egg-info/requires.txt
[7.925s] writing top-level names to ../../../../build/ros2_aruco/ros2_aruco.egg-info/top_level.txt
[7.926s] writing manifest file '../../../../build/ros2_aruco/ros2_aruco.egg-info/SOURCES.txt'
[7.961s] reading manifest file '../../../../build/ros2_aruco/ros2_aruco.egg-info/SOURCES.txt'
[7.963s] writing manifest file '../../../../build/ros2_aruco/ros2_aruco.egg-info/SOURCES.txt'
[7.963s] running build
[7.964s] running build_py
[7.964s] creating /home/user/simulation_ws/build/ros2_aruco/build
[7.964s] creating /home/user/simulation_ws/build/ros2_aruco/build/lib
[7.964s] creating /home/user/simulation_ws/build/ros2_aruco/build/lib/ros2_aruco
[7.964s] copying ros2_aruco/aruco_generate_marker.py -> /home/user/simulation_ws/build/ros2_aruco/build/lib/ros2_aruco
[7.964s] copying ros2_aruco/aruco_node.py -> /home/user/simulation_ws/build/ros2_aruco/build/lib/ros2_aruco
[7.965s] copying ros2_aruco/__init__.py -> /home/user/simulation_ws/build/ros2_aruco/build/lib/ros2_aruco
[7.965s] running install
[7.965s] /usr/lib/python3/dist-packages/setuptools/command/install.py:34: SetuptoolsDeprecationWarning: setup.py install is deprecated. Use build and pip and other standards-based tools.
[7.965s]   warnings.warn(
[7.965s] running install_lib
[7.967s] creating /home/user/simulation_ws/install/ros2_aruco/lib/python3.10/site-packages/ros2_aruco
[7.967s] copying /home/user/simulation_ws/build/ros2_aruco/build/lib/ros2_aruco/aruco_generate_marker.py -> /home/user/simulation_ws/install/ros2_aruco/lib/python3.10/site-packages/ros2_aruco
[7.967s] copying /home/user/simulation_ws/build/ros2_aruco/build/lib/ros2_aruco/aruco_node.py -> /home/user/simulation_ws/install/ros2_aruco/lib/python3.10/site-packages/ros2_aruco
[7.967s] copying /home/user/simulation_ws/build/ros2_aruco/build/lib/ros2_aruco/__init__.py -> /home/user/simulation_ws/install/ros2_aruco/lib/python3.10/site-packages/ros2_aruco
[7.969s] byte-compiling /home/user/simulation_ws/install/ros2_aruco/lib/python3.10/site-packages/ros2_aruco/aruco_generate_marker.py to aruco_generate_marker.cpython-310.pyc
[7.969s] byte-compiling /home/user/simulation_ws/install/ros2_aruco/lib/python3.10/site-packages/ros2_aruco/aruco_node.py to aruco_node.cpython-310.pyc
[7.971s] byte-compiling /home/user/simulation_ws/install/ros2_aruco/lib/python3.10/site-packages/ros2_aruco/__init__.py to __init__.cpython-310.pyc
[7.971s] running install_data
[7.972s] creating /home/user/simulation_ws/install/ros2_aruco/share/ament_index
[7.973s] creating /home/user/simulation_ws/install/ros2_aruco/share/ament_index/resource_index
[7.973s] creating /home/user/simulation_ws/install/ros2_aruco/share/ament_index/resource_index/packages
[7.974s] copying resource/ros2_aruco -> /home/user/simulation_ws/install/ros2_aruco/share/ament_index/resource_index/packages
[7.974s] copying package.xml -> /home/user/simulation_ws/install/ros2_aruco/share/ros2_aruco
[7.974s] creating /home/user/simulation_ws/install/ros2_aruco/share/ros2_aruco/launch
[7.975s] copying launch/aruco_recognition.launch.py -> /home/user/simulation_ws/install/ros2_aruco/share/ros2_aruco/launch
[7.975s] creating /home/user/simulation_ws/install/ros2_aruco/share/ros2_aruco/config
[7.975s] copying config/aruco_parameters.yaml -> /home/user/simulation_ws/install/ros2_aruco/share/ros2_aruco/config
[7.975s] running install_egg_info
[7.978s] Copying ../../../../build/ros2_aruco/ros2_aruco.egg-info to /home/user/simulation_ws/install/ros2_aruco/lib/python3.10/site-packages/ros2_aruco-0.1.0-py3.10.egg-info
[7.981s] running install_scripts
[8.093s] Installing aruco_generate_marker script to /home/user/simulation_ws/install/ros2_aruco/lib/ros2_aruco
[8.093s] Installing aruco_node script to /home/user/simulation_ws/install/ros2_aruco/lib/ros2_aruco
[8.093s] writing list of installed files to '/home/user/simulation_ws/build/ros2_aruco/install.log'
[8.173s] Invoked command in '/home/user/simulation_ws/src/tortoisebot/ros2_aruco/ros2_aruco' returned '0': PYTHONPATH=/home/user/simulation_ws/build/ros2_aruco/prefix_override:/home/user/simulation_ws/install/ros2_aruco/lib/python3.10/site-packages:${PYTHONPATH} _=/usr/bin/env /usr/bin/python3 setup.py egg_info --egg-base ../../../../build/ros2_aruco build --build-base /home/user/simulation_ws/build/ros2_aruco/build install --record /home/user/simulation_ws/build/ros2_aruco/install.log --single-version-externally-managed
