[0.033s] Invoking command in '/home/user/simulation_ws/build/tortoisebot_gazebo': CMAKE_PREFIX_PATH=${CMAKE_PREFIX_PATH}:/home/user/simulation_ws/install/tortoisebot_localization:/home/user/simulation_ws/install/tortoisebot_control:/home/user/simulation_ws/install/ros2_aruco:/home/simulations/ros2_sims_ws/install/rclrs_tests:/home/simulations/ros2_sims_ws/install/examples_rclrs_minimal_client_service:/home/simulations/ros2_sims_ws/install/sensor_msgs_py:/home/simulations/ros2_sims_ws/install/examples_rclrs_minimal_pub_sub:/home/simulations/ros2_sims_ws/install/examples_rclrs_message_demo:/home/simulations/ros2_sims_ws/install/rclrs:/home/simulations/ros2_sims_ws/install/rosidl_runtime_rs:/opt/ros/humble _=/usr/bin/env /usr/bin/cmake --build /home/user/simulation_ws/build/tortoisebot_gazebo -- -j8 -l8
[0.103s] Invoked command in '/home/user/simulation_ws/build/tortoisebot_gazebo' returned '0': CMAKE_PREFIX_PATH=${CMAKE_PREFIX_PATH}:/home/user/simulation_ws/install/tortoisebot_localization:/home/user/simulation_ws/install/tortoisebot_control:/home/user/simulation_ws/install/ros2_aruco:/home/simulations/ros2_sims_ws/install/rclrs_tests:/home/simulations/ros2_sims_ws/install/examples_rclrs_minimal_client_service:/home/simulations/ros2_sims_ws/install/sensor_msgs_py:/home/simulations/ros2_sims_ws/install/examples_rclrs_minimal_pub_sub:/home/simulations/ros2_sims_ws/install/examples_rclrs_message_demo:/home/simulations/ros2_sims_ws/install/rclrs:/home/simulations/ros2_sims_ws/install/rosidl_runtime_rs:/opt/ros/humble _=/usr/bin/env /usr/bin/cmake --build /home/user/simulation_ws/build/tortoisebot_gazebo -- -j8 -l8
[0.174s] Invoking command in '/home/user/simulation_ws/build/tortoisebot_gazebo': CMAKE_PREFIX_PATH=${CMAKE_PREFIX_PATH}:/home/user/simulation_ws/install/tortoisebot_localization:/home/user/simulation_ws/install/tortoisebot_control:/home/user/simulation_ws/install/ros2_aruco:/home/simulations/ros2_sims_ws/install/rclrs_tests:/home/simulations/ros2_sims_ws/install/examples_rclrs_minimal_client_service:/home/simulations/ros2_sims_ws/install/sensor_msgs_py:/home/simulations/ros2_sims_ws/install/examples_rclrs_minimal_pub_sub:/home/simulations/ros2_sims_ws/install/examples_rclrs_message_demo:/home/simulations/ros2_sims_ws/install/rclrs:/home/simulations/ros2_sims_ws/install/rosidl_runtime_rs:/opt/ros/humble _=/usr/bin/env /usr/bin/cmake --install /home/user/simulation_ws/build/tortoisebot_gazebo
[0.188s] -- Install configuration: ""
[0.188s] -- Up-to-date: /home/user/simulation_ws/install/tortoisebot_gazebo/share/tortoisebot_gazebo/gazebo
[0.188s] -- Up-to-date: /home/user/simulation_ws/install/tortoisebot_gazebo/share/tortoisebot_gazebo/gazebo/tortoisebot_physics.gazebo
[0.188s] -- Up-to-date: /home/user/simulation_ws/install/tortoisebot_gazebo/share/tortoisebot_gazebo/gazebo/tortoisebot_plugins.gazebo
[0.189s] -- Up-to-date: /home/user/simulation_ws/install/tortoisebot_gazebo/share/tortoisebot_gazebo/gazebo/tortoisebot_materials.gazebo
[0.189s] -- Up-to-date: /home/user/simulation_ws/install/tortoisebot_gazebo/share/tortoisebot_gazebo/launch
[0.190s] -- Up-to-date: /home/user/simulation_ws/install/tortoisebot_gazebo/share/tortoisebot_gazebo/launch/gazebo.launch.py
[0.190s] -- Up-to-date: /home/user/simulation_ws/install/tortoisebot_gazebo/share/tortoisebot_gazebo/worlds
[0.191s] -- Up-to-date: /home/user/simulation_ws/install/tortoisebot_gazebo/share/tortoisebot_gazebo/worlds/room2.sdf
[0.191s] -- Installing: /home/user/simulation_ws/install/tortoisebot_gazebo/share/tortoisebot_gazebo/worlds/tortoisebot_warehouse.world
[0.191s] -- Up-to-date: /home/user/simulation_ws/install/tortoisebot_gazebo/share/tortoisebot_gazebo/config
[0.192s] -- Up-to-date: /home/user/simulation_ws/install/tortoisebot_gazebo/share/tortoisebot_gazebo/config/hook_controller.yaml
[0.192s] -- Up-to-date: /home/user/simulation_ws/install/tortoisebot_gazebo/share/tortoisebot_gazebo/models
[0.192s] -- Up-to-date: /home/user/simulation_ws/install/tortoisebot_gazebo/share/tortoisebot_gazebo/models/tortoisebot_warehouse
[0.192s] -- Up-to-date: /home/user/simulation_ws/install/tortoisebot_gazebo/share/tortoisebot_gazebo/models/tortoisebot_warehouse/model.sdf
[0.193s] -- Up-to-date: /home/user/simulation_ws/install/tortoisebot_gazebo/share/tortoisebot_gazebo/models/tortoisebot_warehouse/meshes
[0.193s] -- Up-to-date: /home/user/simulation_ws/install/tortoisebot_gazebo/share/tortoisebot_gazebo/models/tortoisebot_warehouse/meshes/tortoisebot_warehouse_walls.dae
[0.193s] -- Up-to-date: /home/user/simulation_ws/install/tortoisebot_gazebo/share/tortoisebot_gazebo/models/tortoisebot_warehouse/meshes/tortoisebot_walls.dae
[0.193s] -- Up-to-date: /home/user/simulation_ws/install/tortoisebot_gazebo/share/tortoisebot_gazebo/models/tortoisebot_warehouse/model.config
[0.193s] -- Up-to-date: /home/user/simulation_ws/install/tortoisebot_gazebo/share/tortoisebot_gazebo/models/grasping_cube
[0.193s] -- Up-to-date: /home/user/simulation_ws/install/tortoisebot_gazebo/share/tortoisebot_gazebo/models/grasping_cube/model.sdf
[0.193s] -- Up-to-date: /home/user/simulation_ws/install/tortoisebot_gazebo/share/tortoisebot_gazebo/models/grasping_cube/meshes
[0.194s] -- Up-to-date: /home/user/simulation_ws/install/tortoisebot_gazebo/share/tortoisebot_gazebo/models/grasping_cube/meshes/grasping_cube.dae
[0.194s] -- Up-to-date: /home/user/simulation_ws/install/tortoisebot_gazebo/share/tortoisebot_gazebo/models/grasping_cube/model.config
[0.194s] -- Up-to-date: /home/user/simulation_ws/install/tortoisebot_gazebo/share/tortoisebot_gazebo/models/image_pallet_rack
[0.194s] -- Up-to-date: /home/user/simulation_ws/install/tortoisebot_gazebo/share/tortoisebot_gazebo/models/image_pallet_rack/materials
[0.195s] -- Up-to-date: /home/user/simulation_ws/install/tortoisebot_gazebo/share/tortoisebot_gazebo/models/image_pallet_rack/materials/scripts
[0.195s] -- Up-to-date: /home/user/simulation_ws/install/tortoisebot_gazebo/share/tortoisebot_gazebo/models/image_pallet_rack/materials/scripts/image_fan.material
[0.197s] -- Up-to-date: /home/user/simulation_ws/install/tortoisebot_gazebo/share/tortoisebot_gazebo/models/image_pallet_rack/materials/textures
[0.197s] -- Up-to-date: /home/user/simulation_ws/install/tortoisebot_gazebo/share/tortoisebot_gazebo/models/image_pallet_rack/materials/textures/pallet-rack.jpg
[0.198s] -- Up-to-date: /home/user/simulation_ws/install/tortoisebot_gazebo/share/tortoisebot_gazebo/models/image_pallet_rack/model.sdf
[0.200s] -- Up-to-date: /home/user/simulation_ws/install/tortoisebot_gazebo/share/tortoisebot_gazebo/models/image_pallet_rack/model.config
[0.200s] -- Up-to-date: /home/user/simulation_ws/install/tortoisebot_gazebo/share/tortoisebot_gazebo/models/image_trailer_dock
[0.201s] -- Up-to-date: /home/user/simulation_ws/install/tortoisebot_gazebo/share/tortoisebot_gazebo/models/image_trailer_dock/materials
[0.201s] -- Up-to-date: /home/user/simulation_ws/install/tortoisebot_gazebo/share/tortoisebot_gazebo/models/image_trailer_dock/materials/scripts
[0.202s] -- Up-to-date: /home/user/simulation_ws/install/tortoisebot_gazebo/share/tortoisebot_gazebo/models/image_trailer_dock/materials/scripts/image_trailer_dock.material
[0.203s] -- Up-to-date: /home/user/simulation_ws/install/tortoisebot_gazebo/share/tortoisebot_gazebo/models/image_trailer_dock/materials/textures
[0.203s] -- Up-to-date: /home/user/simulation_ws/install/tortoisebot_gazebo/share/tortoisebot_gazebo/models/image_trailer_dock/materials/textures/loading-dock.jpg
[0.204s] -- Up-to-date: /home/user/simulation_ws/install/tortoisebot_gazebo/share/tortoisebot_gazebo/models/image_trailer_dock/model.sdf
[0.204s] -- Up-to-date: /home/user/simulation_ws/install/tortoisebot_gazebo/share/tortoisebot_gazebo/models/image_trailer_dock/model.config
[0.204s] -- Up-to-date: /home/user/simulation_ws/install/tortoisebot_gazebo/share/tortoisebot_gazebo/models/image_fan
[0.204s] -- Up-to-date: /home/user/simulation_ws/install/tortoisebot_gazebo/share/tortoisebot_gazebo/models/image_fan/materials
[0.205s] -- Up-to-date: /home/user/simulation_ws/install/tortoisebot_gazebo/share/tortoisebot_gazebo/models/image_fan/materials/scripts
[0.205s] -- Up-to-date: /home/user/simulation_ws/install/tortoisebot_gazebo/share/tortoisebot_gazebo/models/image_fan/materials/scripts/image_fan.material
[0.205s] -- Up-to-date: /home/user/simulation_ws/install/tortoisebot_gazebo/share/tortoisebot_gazebo/models/image_fan/materials/textures
[0.205s] -- Up-to-date: /home/user/simulation_ws/install/tortoisebot_gazebo/share/tortoisebot_gazebo/models/image_fan/materials/textures/fan.jpg
[0.206s] -- Up-to-date: /home/user/simulation_ws/install/tortoisebot_gazebo/share/tortoisebot_gazebo/models/image_fan/model.sdf
[0.206s] -- Up-to-date: /home/user/simulation_ws/install/tortoisebot_gazebo/share/tortoisebot_gazebo/models/image_fan/model.config
[0.206s] -- Up-to-date: /home/user/simulation_ws/install/tortoisebot_gazebo/share/tortoisebot_gazebo/models/image_floor
[0.206s] -- Up-to-date: /home/user/simulation_ws/install/tortoisebot_gazebo/share/tortoisebot_gazebo/models/image_floor/materials
[0.207s] -- Up-to-date: /home/user/simulation_ws/install/tortoisebot_gazebo/share/tortoisebot_gazebo/models/image_floor/materials/scripts
[0.208s] -- Up-to-date: /home/user/simulation_ws/install/tortoisebot_gazebo/share/tortoisebot_gazebo/models/image_floor/materials/scripts/image_floor.material
[0.208s] -- Up-to-date: /home/user/simulation_ws/install/tortoisebot_gazebo/share/tortoisebot_gazebo/models/image_floor/materials/textures
[0.208s] -- Up-to-date: /home/user/simulation_ws/install/tortoisebot_gazebo/share/tortoisebot_gazebo/models/image_floor/materials/textures/tortoisebot_warehouse.png
[0.208s] -- Up-to-date: /home/user/simulation_ws/install/tortoisebot_gazebo/share/tortoisebot_gazebo/models/image_floor/model.sdf
[0.209s] -- Up-to-date: /home/user/simulation_ws/install/tortoisebot_gazebo/share/tortoisebot_gazebo/models/image_floor/model.config
[0.209s] -- Up-to-date: /home/user/simulation_ws/install/tortoisebot_gazebo/share/ament_index/resource_index/package_run_dependencies/tortoisebot_gazebo
[0.209s] -- Up-to-date: /home/user/simulation_ws/install/tortoisebot_gazebo/share/ament_index/resource_index/parent_prefix_path/tortoisebot_gazebo
[0.210s] -- Up-to-date: /home/user/simulation_ws/install/tortoisebot_gazebo/share/tortoisebot_gazebo/environment/ament_prefix_path.sh
[0.210s] -- Up-to-date: /home/user/simulation_ws/install/tortoisebot_gazebo/share/tortoisebot_gazebo/environment/ament_prefix_path.dsv
[0.210s] -- Up-to-date: /home/user/simulation_ws/install/tortoisebot_gazebo/share/tortoisebot_gazebo/environment/path.sh
[0.210s] -- Up-to-date: /home/user/simulation_ws/install/tortoisebot_gazebo/share/tortoisebot_gazebo/environment/path.dsv
[0.211s] -- Up-to-date: /home/user/simulation_ws/install/tortoisebot_gazebo/share/tortoisebot_gazebo/local_setup.bash
[0.211s] -- Up-to-date: /home/user/simulation_ws/install/tortoisebot_gazebo/share/tortoisebot_gazebo/local_setup.sh
[0.211s] -- Up-to-date: /home/user/simulation_ws/install/tortoisebot_gazebo/share/tortoisebot_gazebo/local_setup.zsh
[0.212s] -- Up-to-date: /home/user/simulation_ws/install/tortoisebot_gazebo/share/tortoisebot_gazebo/local_setup.dsv
[0.212s] -- Installing: /home/user/simulation_ws/install/tortoisebot_gazebo/share/tortoisebot_gazebo/package.dsv
[0.213s] -- Up-to-date: /home/user/simulation_ws/install/tortoisebot_gazebo/share/ament_index/resource_index/packages/tortoisebot_gazebo
[0.213s] -- Up-to-date: /home/user/simulation_ws/install/tortoisebot_gazebo/share/tortoisebot_gazebo/cmake/tortoisebot_gazeboConfig.cmake
[0.213s] -- Up-to-date: /home/user/simulation_ws/install/tortoisebot_gazebo/share/tortoisebot_gazebo/cmake/tortoisebot_gazeboConfig-version.cmake
[0.214s] -- Up-to-date: /home/user/simulation_ws/install/tortoisebot_gazebo/share/tortoisebot_gazebo/package.xml
[0.214s] Invoked command in '/home/user/simulation_ws/build/tortoisebot_gazebo' returned '0': CMAKE_PREFIX_PATH=${CMAKE_PREFIX_PATH}:/home/user/simulation_ws/install/tortoisebot_localization:/home/user/simulation_ws/install/tortoisebot_control:/home/user/simulation_ws/install/ros2_aruco:/home/simulations/ros2_sims_ws/install/rclrs_tests:/home/simulations/ros2_sims_ws/install/examples_rclrs_minimal_client_service:/home/simulations/ros2_sims_ws/install/sensor_msgs_py:/home/simulations/ros2_sims_ws/install/examples_rclrs_minimal_pub_sub:/home/simulations/ros2_sims_ws/install/examples_rclrs_message_demo:/home/simulations/ros2_sims_ws/install/rclrs:/home/simulations/ros2_sims_ws/install/rosidl_runtime_rs:/opt/ros/humble _=/usr/bin/env /usr/bin/cmake --install /home/user/simulation_ws/build/tortoisebot_gazebo
