[0.721s] Invoking command in '/home/user/simulation_ws/build/ros2_aruco_interfaces': CMAKE_PREFIX_PATH=${CMAKE_PREFIX_PATH}:/home/user/simulation_ws/install/tortoisebot_localization:/home/user/simulation_ws/install/tortoisebot_control:/home/user/simulation_ws/install/ros2_aruco:/home/simulations/ros2_sims_ws/install/rclrs_tests:/home/simulations/ros2_sims_ws/install/examples_rclrs_minimal_client_service:/home/simulations/ros2_sims_ws/install/sensor_msgs_py:/home/simulations/ros2_sims_ws/install/examples_rclrs_minimal_pub_sub:/home/simulations/ros2_sims_ws/install/examples_rclrs_message_demo:/home/simulations/ros2_sims_ws/install/rclrs:/home/simulations/ros2_sims_ws/install/rosidl_runtime_rs:/home/user/ros2_ws/install/line_nagivation:/home/user/ros2_ws/install/apriltag_nagivation:/opt/ros/humble _=/usr/bin/env /usr/bin/cmake --build /home/user/simulation_ws/build/ros2_aruco_interfaces -- -j8 -l8
[1.363s] [  3%] [34m[1mGenerating Rust code for ROS interfaces[0m
[1.720s] [  3%] Built target ros2_aruco_interfaces__rs
[1.825s] [  3%] Built target ament_cmake_python_copy_ros2_aruco_interfaces
[1.946s] [  6%] Built target ros2_aruco_interfaces__cpp
[3.031s] running egg_info
[3.041s] writing ros2_aruco_interfaces.egg-info/PKG-INFO
[3.043s] writing dependency_links to ros2_aruco_interfaces.egg-info/dependency_links.txt
[3.050s] writing top-level names to ros2_aruco_interfaces.egg-info/top_level.txt
[3.053s] reading manifest file 'ros2_aruco_interfaces.egg-info/SOURCES.txt'
[3.060s] writing manifest file 'ros2_aruco_interfaces.egg-info/SOURCES.txt'
[3.235s] [  6%] Built target ament_cmake_python_build_ros2_aruco_interfaces_egg
[3.499s] [ 15%] Built target ros2_aruco_interfaces__rosidl_typesupport_cpp
[3.702s] [ 25%] Built target ros2_aruco_interfaces__rosidl_typesupport_introspection_cpp
[3.852s] [ 34%] Built target ros2_aruco_interfaces__rosidl_typesupport_fastrtps_cpp
[4.008s] [ 43%] Built target ros2_aruco_interfaces__rosidl_generator_c
[4.259s] [ 53%] Built target ros2_aruco_interfaces__rosidl_typesupport_fastrtps_c
[4.469s] [ 62%] Built target ros2_aruco_interfaces__rosidl_typesupport_c
[4.605s] [ 71%] Built target ros2_aruco_interfaces__rosidl_typesupport_introspection_c
[4.802s] [ 71%] Built target ros2_aruco_interfaces
[5.008s] [ 75%] Built target ros2_aruco_interfaces__py
[5.136s] [ 81%] Built target ros2_aruco_interfaces__rosidl_generator_py
[5.374s] [ 87%] Built target ros2_aruco_interfaces__rosidl_typesupport_fastrtps_c__pyext
[5.539s] [ 93%] Built target ros2_aruco_interfaces__rosidl_typesupport_c__pyext
[5.702s] [100%] Built target ros2_aruco_interfaces__rosidl_typesupport_introspection_c__pyext
[5.755s] Invoked command in '/home/user/simulation_ws/build/ros2_aruco_interfaces' returned '0': CMAKE_PREFIX_PATH=${CMAKE_PREFIX_PATH}:/home/user/simulation_ws/install/tortoisebot_localization:/home/user/simulation_ws/install/tortoisebot_control:/home/user/simulation_ws/install/ros2_aruco:/home/simulations/ros2_sims_ws/install/rclrs_tests:/home/simulations/ros2_sims_ws/install/examples_rclrs_minimal_client_service:/home/simulations/ros2_sims_ws/install/sensor_msgs_py:/home/simulations/ros2_sims_ws/install/examples_rclrs_minimal_pub_sub:/home/simulations/ros2_sims_ws/install/examples_rclrs_message_demo:/home/simulations/ros2_sims_ws/install/rclrs:/home/simulations/ros2_sims_ws/install/rosidl_runtime_rs:/home/user/ros2_ws/install/line_nagivation:/home/user/ros2_ws/install/apriltag_nagivation:/opt/ros/humble _=/usr/bin/env /usr/bin/cmake --build /home/user/simulation_ws/build/ros2_aruco_interfaces -- -j8 -l8
[6.219s] Invoking command in '/home/user/simulation_ws/build/ros2_aruco_interfaces': CMAKE_PREFIX_PATH=${CMAKE_PREFIX_PATH}:/home/user/simulation_ws/install/tortoisebot_localization:/home/user/simulation_ws/install/tortoisebot_control:/home/user/simulation_ws/install/ros2_aruco:/home/simulations/ros2_sims_ws/install/rclrs_tests:/home/simulations/ros2_sims_ws/install/examples_rclrs_minimal_client_service:/home/simulations/ros2_sims_ws/install/sensor_msgs_py:/home/simulations/ros2_sims_ws/install/examples_rclrs_minimal_pub_sub:/home/simulations/ros2_sims_ws/install/examples_rclrs_message_demo:/home/simulations/ros2_sims_ws/install/rclrs:/home/simulations/ros2_sims_ws/install/rosidl_runtime_rs:/home/user/ros2_ws/install/line_nagivation:/home/user/ros2_ws/install/apriltag_nagivation:/opt/ros/humble _=/usr/bin/env /usr/bin/cmake --install /home/user/simulation_ws/build/ros2_aruco_interfaces
[6.239s] -- Install configuration: ""
[6.239s] -- Up-to-date: /home/user/simulation_ws/install/ros2_aruco_interfaces/share/ament_index/resource_index/rosidl_interfaces/ros2_aruco_interfaces
[6.240s] -- Up-to-date: /home/user/simulation_ws/install/ros2_aruco_interfaces/include/ros2_aruco_interfaces/ros2_aruco_interfaces
[6.240s] -- Up-to-date: /home/user/simulation_ws/install/ros2_aruco_interfaces/include/ros2_aruco_interfaces/ros2_aruco_interfaces/msg
[6.240s] -- Up-to-date: /home/user/simulation_ws/install/ros2_aruco_interfaces/include/ros2_aruco_interfaces/ros2_aruco_interfaces/msg/detail
[6.241s] -- Up-to-date: /home/user/simulation_ws/install/ros2_aruco_interfaces/include/ros2_aruco_interfaces/ros2_aruco_interfaces/msg/detail/aruco_markers__struct.h
[6.241s] -- Up-to-date: /home/user/simulation_ws/install/ros2_aruco_interfaces/include/ros2_aruco_interfaces/ros2_aruco_interfaces/msg/detail/aruco_markers__type_support.h
[6.242s] -- Up-to-date: /home/user/simulation_ws/install/ros2_aruco_interfaces/include/ros2_aruco_interfaces/ros2_aruco_interfaces/msg/detail/aruco_markers__functions.h
[6.243s] -- Up-to-date: /home/user/simulation_ws/install/ros2_aruco_interfaces/include/ros2_aruco_interfaces/ros2_aruco_interfaces/msg/detail/aruco_markers__functions.c
[6.243s] -- Up-to-date: /home/user/simulation_ws/install/ros2_aruco_interfaces/include/ros2_aruco_interfaces/ros2_aruco_interfaces/msg/rosidl_generator_c__visibility_control.h
[6.245s] -- Up-to-date: /home/user/simulation_ws/install/ros2_aruco_interfaces/include/ros2_aruco_interfaces/ros2_aruco_interfaces/msg/aruco_markers.h
[6.246s] -- Up-to-date: /home/user/simulation_ws/install/ros2_aruco_interfaces/share/ros2_aruco_interfaces/environment/library_path.sh
[6.249s] -- Up-to-date: /home/user/simulation_ws/install/ros2_aruco_interfaces/share/ros2_aruco_interfaces/environment/library_path.dsv
[6.249s] -- Up-to-date: /home/user/simulation_ws/install/ros2_aruco_interfaces/lib/libros2_aruco_interfaces__rosidl_generator_c.so
[6.251s] -- Up-to-date: /home/user/simulation_ws/install/ros2_aruco_interfaces/include/ros2_aruco_interfaces/ros2_aruco_interfaces
[6.251s] -- Up-to-date: /home/user/simulation_ws/install/ros2_aruco_interfaces/include/ros2_aruco_interfaces/ros2_aruco_interfaces/msg
[6.251s] -- Up-to-date: /home/user/simulation_ws/install/ros2_aruco_interfaces/include/ros2_aruco_interfaces/ros2_aruco_interfaces/msg/detail
[6.251s] -- Up-to-date: /home/user/simulation_ws/install/ros2_aruco_interfaces/include/ros2_aruco_interfaces/ros2_aruco_interfaces/msg/detail/aruco_markers__rosidl_typesupport_fastrtps_c.h
[6.251s] -- Up-to-date: /home/user/simulation_ws/install/ros2_aruco_interfaces/include/ros2_aruco_interfaces/ros2_aruco_interfaces/msg/rosidl_typesupport_fastrtps_c__visibility_control.h
[6.251s] -- Up-to-date: /home/user/simulation_ws/install/ros2_aruco_interfaces/lib/libros2_aruco_interfaces__rosidl_typesupport_fastrtps_c.so
[6.251s] -- Up-to-date: /home/user/simulation_ws/install/ros2_aruco_interfaces/include/ros2_aruco_interfaces/ros2_aruco_interfaces
[6.251s] -- Up-to-date: /home/user/simulation_ws/install/ros2_aruco_interfaces/include/ros2_aruco_interfaces/ros2_aruco_interfaces/msg
[6.251s] -- Up-to-date: /home/user/simulation_ws/install/ros2_aruco_interfaces/include/ros2_aruco_interfaces/ros2_aruco_interfaces/msg/detail
[6.252s] -- Up-to-date: /home/user/simulation_ws/install/ros2_aruco_interfaces/include/ros2_aruco_interfaces/ros2_aruco_interfaces/msg/detail/aruco_markers__builder.hpp
[6.252s] -- Up-to-date: /home/user/simulation_ws/install/ros2_aruco_interfaces/include/ros2_aruco_interfaces/ros2_aruco_interfaces/msg/detail/aruco_markers__traits.hpp
[6.252s] -- Up-to-date: /home/user/simulation_ws/install/ros2_aruco_interfaces/include/ros2_aruco_interfaces/ros2_aruco_interfaces/msg/detail/aruco_markers__struct.hpp
[6.252s] -- Up-to-date: /home/user/simulation_ws/install/ros2_aruco_interfaces/include/ros2_aruco_interfaces/ros2_aruco_interfaces/msg/aruco_markers.hpp
[6.252s] -- Up-to-date: /home/user/simulation_ws/install/ros2_aruco_interfaces/include/ros2_aruco_interfaces/ros2_aruco_interfaces
[6.252s] -- Up-to-date: /home/user/simulation_ws/install/ros2_aruco_interfaces/include/ros2_aruco_interfaces/ros2_aruco_interfaces/msg
[6.252s] -- Up-to-date: /home/user/simulation_ws/install/ros2_aruco_interfaces/include/ros2_aruco_interfaces/ros2_aruco_interfaces/msg/detail
[6.252s] -- Up-to-date: /home/user/simulation_ws/install/ros2_aruco_interfaces/include/ros2_aruco_interfaces/ros2_aruco_interfaces/msg/detail/aruco_markers__rosidl_typesupport_fastrtps_cpp.hpp
[6.252s] -- Up-to-date: /home/user/simulation_ws/install/ros2_aruco_interfaces/include/ros2_aruco_interfaces/ros2_aruco_interfaces/msg/detail/dds_fastrtps
[6.252s] -- Up-to-date: /home/user/simulation_ws/install/ros2_aruco_interfaces/include/ros2_aruco_interfaces/ros2_aruco_interfaces/msg/rosidl_typesupport_fastrtps_cpp__visibility_control.h
[6.252s] -- Up-to-date: /home/user/simulation_ws/install/ros2_aruco_interfaces/lib/libros2_aruco_interfaces__rosidl_typesupport_fastrtps_cpp.so
[6.253s] -- Up-to-date: /home/user/simulation_ws/install/ros2_aruco_interfaces/include/ros2_aruco_interfaces/ros2_aruco_interfaces
[6.253s] -- Up-to-date: /home/user/simulation_ws/install/ros2_aruco_interfaces/include/ros2_aruco_interfaces/ros2_aruco_interfaces/msg
[6.253s] -- Up-to-date: /home/user/simulation_ws/install/ros2_aruco_interfaces/include/ros2_aruco_interfaces/ros2_aruco_interfaces/msg/detail
[6.253s] -- Up-to-date: /home/user/simulation_ws/install/ros2_aruco_interfaces/include/ros2_aruco_interfaces/ros2_aruco_interfaces/msg/detail/aruco_markers__type_support.c
[6.253s] -- Up-to-date: /home/user/simulation_ws/install/ros2_aruco_interfaces/include/ros2_aruco_interfaces/ros2_aruco_interfaces/msg/detail/aruco_markers__rosidl_typesupport_introspection_c.h
[6.253s] -- Up-to-date: /home/user/simulation_ws/install/ros2_aruco_interfaces/include/ros2_aruco_interfaces/ros2_aruco_interfaces/msg/rosidl_typesupport_introspection_c__visibility_control.h
[6.253s] -- Up-to-date: /home/user/simulation_ws/install/ros2_aruco_interfaces/lib/libros2_aruco_interfaces__rosidl_typesupport_introspection_c.so
[6.253s] -- Up-to-date: /home/user/simulation_ws/install/ros2_aruco_interfaces/lib/libros2_aruco_interfaces__rosidl_typesupport_c.so
[6.253s] -- Up-to-date: /home/user/simulation_ws/install/ros2_aruco_interfaces/include/ros2_aruco_interfaces/ros2_aruco_interfaces
[6.254s] -- Up-to-date: /home/user/simulation_ws/install/ros2_aruco_interfaces/include/ros2_aruco_interfaces/ros2_aruco_interfaces/msg
[6.254s] -- Up-to-date: /home/user/simulation_ws/install/ros2_aruco_interfaces/include/ros2_aruco_interfaces/ros2_aruco_interfaces/msg/detail
[6.254s] -- Up-to-date: /home/user/simulation_ws/install/ros2_aruco_interfaces/include/ros2_aruco_interfaces/ros2_aruco_interfaces/msg/detail/aruco_markers__rosidl_typesupport_introspection_cpp.hpp
[6.254s] -- Up-to-date: /home/user/simulation_ws/install/ros2_aruco_interfaces/include/ros2_aruco_interfaces/ros2_aruco_interfaces/msg/detail/aruco_markers__type_support.cpp
[6.254s] -- Up-to-date: /home/user/simulation_ws/install/ros2_aruco_interfaces/lib/libros2_aruco_interfaces__rosidl_typesupport_introspection_cpp.so
[6.254s] -- Up-to-date: /home/user/simulation_ws/install/ros2_aruco_interfaces/lib/libros2_aruco_interfaces__rosidl_typesupport_cpp.so
[6.254s] -- Up-to-date: /home/user/simulation_ws/install/ros2_aruco_interfaces/share/ament_index/resource_index/rust_packages/ros2_aruco_interfaces
[6.254s] -- Up-to-date: /home/user/simulation_ws/install/ros2_aruco_interfaces/share/ros2_aruco_interfaces/rust
[6.254s] -- Installing: /home/user/simulation_ws/install/ros2_aruco_interfaces/share/ros2_aruco_interfaces/rust/Cargo.toml
[6.255s] -- Up-to-date: /home/user/simulation_ws/install/ros2_aruco_interfaces/share/ros2_aruco_interfaces/rust/src
[6.255s] -- Installing: /home/user/simulation_ws/install/ros2_aruco_interfaces/share/ros2_aruco_interfaces/rust/src/msg.rs
[6.255s] -- Installing: /home/user/simulation_ws/install/ros2_aruco_interfaces/share/ros2_aruco_interfaces/rust/src/lib.rs
[6.255s] -- Installing: /home/user/simulation_ws/install/ros2_aruco_interfaces/share/ros2_aruco_interfaces/rust/build.rs
[6.255s] -- Up-to-date: /home/user/simulation_ws/install/ros2_aruco_interfaces/share/ros2_aruco_interfaces/rust
[6.255s] -- Up-to-date: /home/user/simulation_ws/install/ros2_aruco_interfaces/share/ros2_aruco_interfaces/rust/Cargo.toml
[6.255s] -- Up-to-date: /home/user/simulation_ws/install/ros2_aruco_interfaces/share/ros2_aruco_interfaces/rust/src
[6.255s] -- Up-to-date: /home/user/simulation_ws/install/ros2_aruco_interfaces/share/ros2_aruco_interfaces/rust/src/msg.rs
[6.255s] -- Up-to-date: /home/user/simulation_ws/install/ros2_aruco_interfaces/share/ros2_aruco_interfaces/rust/src/lib.rs
[6.255s] -- Up-to-date: /home/user/simulation_ws/install/ros2_aruco_interfaces/share/ros2_aruco_interfaces/rust/build.rs
[6.258s] -- Up-to-date: /home/user/simulation_ws/install/ros2_aruco_interfaces/share/ros2_aruco_interfaces/rust
[6.259s] -- Up-to-date: /home/user/simulation_ws/install/ros2_aruco_interfaces/share/ros2_aruco_interfaces/rust/Cargo.toml
[6.259s] -- Up-to-date: /home/user/simulation_ws/install/ros2_aruco_interfaces/share/ros2_aruco_interfaces/rust/src
[6.259s] -- Up-to-date: /home/user/simulation_ws/install/ros2_aruco_interfaces/share/ros2_aruco_interfaces/rust/src/msg.rs
[6.259s] -- Up-to-date: /home/user/simulation_ws/install/ros2_aruco_interfaces/share/ros2_aruco_interfaces/rust/src/lib.rs
[6.259s] -- Up-to-date: /home/user/simulation_ws/install/ros2_aruco_interfaces/share/ros2_aruco_interfaces/rust/build.rs
[6.259s] -- Up-to-date: /home/user/simulation_ws/install/ros2_aruco_interfaces/share/ros2_aruco_interfaces/environment/pythonpath.sh
[6.260s] -- Up-to-date: /home/user/simulation_ws/install/ros2_aruco_interfaces/share/ros2_aruco_interfaces/environment/pythonpath.dsv
[6.260s] -- Up-to-date: /home/user/simulation_ws/install/ros2_aruco_interfaces/local/lib/python3.10/dist-packages/ros2_aruco_interfaces-0.1.0-py3.10.egg-info
[6.260s] -- Installing: /home/user/simulation_ws/install/ros2_aruco_interfaces/local/lib/python3.10/dist-packages/ros2_aruco_interfaces-0.1.0-py3.10.egg-info/PKG-INFO
[6.260s] -- Installing: /home/user/simulation_ws/install/ros2_aruco_interfaces/local/lib/python3.10/dist-packages/ros2_aruco_interfaces-0.1.0-py3.10.egg-info/top_level.txt
[6.260s] -- Installing: /home/user/simulation_ws/install/ros2_aruco_interfaces/local/lib/python3.10/dist-packages/ros2_aruco_interfaces-0.1.0-py3.10.egg-info/SOURCES.txt
[6.261s] -- Installing: /home/user/simulation_ws/install/ros2_aruco_interfaces/local/lib/python3.10/dist-packages/ros2_aruco_interfaces-0.1.0-py3.10.egg-info/dependency_links.txt
[6.261s] -- Up-to-date: /home/user/simulation_ws/install/ros2_aruco_interfaces/local/lib/python3.10/dist-packages/ros2_aruco_interfaces
[6.261s] -- Up-to-date: /home/user/simulation_ws/install/ros2_aruco_interfaces/local/lib/python3.10/dist-packages/ros2_aruco_interfaces/ros2_aruco_interfaces_s__rosidl_typesupport_introspection_c.cpython-310-x86_64-linux-gnu.so
[6.261s] -- Up-to-date: /home/user/simulation_ws/install/ros2_aruco_interfaces/local/lib/python3.10/dist-packages/ros2_aruco_interfaces/ros2_aruco_interfaces_s__rosidl_typesupport_c.cpython-310-x86_64-linux-gnu.so
[6.262s] -- Up-to-date: /home/user/simulation_ws/install/ros2_aruco_interfaces/local/lib/python3.10/dist-packages/ros2_aruco_interfaces/_ros2_aruco_interfaces_s.ep.rosidl_typesupport_c.c
[6.262s] -- Up-to-date: /home/user/simulation_ws/install/ros2_aruco_interfaces/local/lib/python3.10/dist-packages/ros2_aruco_interfaces/_ros2_aruco_interfaces_s.ep.rosidl_typesupport_fastrtps_c.c
[6.262s] -- Up-to-date: /home/user/simulation_ws/install/ros2_aruco_interfaces/local/lib/python3.10/dist-packages/ros2_aruco_interfaces/msg
[6.262s] -- Up-to-date: /home/user/simulation_ws/install/ros2_aruco_interfaces/local/lib/python3.10/dist-packages/ros2_aruco_interfaces/msg/__init__.py
[6.263s] -- Up-to-date: /home/user/simulation_ws/install/ros2_aruco_interfaces/local/lib/python3.10/dist-packages/ros2_aruco_interfaces/msg/_aruco_markers_s.c
[6.263s] -- Up-to-date: /home/user/simulation_ws/install/ros2_aruco_interfaces/local/lib/python3.10/dist-packages/ros2_aruco_interfaces/msg/_aruco_markers.py
[6.263s] -- Up-to-date: /home/user/simulation_ws/install/ros2_aruco_interfaces/local/lib/python3.10/dist-packages/ros2_aruco_interfaces/_ros2_aruco_interfaces_s.ep.rosidl_typesupport_introspection_c.c
[6.263s] -- Up-to-date: /home/user/simulation_ws/install/ros2_aruco_interfaces/local/lib/python3.10/dist-packages/ros2_aruco_interfaces/libros2_aruco_interfaces__rosidl_generator_py.so
[6.264s] -- Up-to-date: /home/user/simulation_ws/install/ros2_aruco_interfaces/local/lib/python3.10/dist-packages/ros2_aruco_interfaces/__init__.py
[6.264s] -- Up-to-date: /home/user/simulation_ws/install/ros2_aruco_interfaces/local/lib/python3.10/dist-packages/ros2_aruco_interfaces/ros2_aruco_interfaces_s__rosidl_typesupport_fastrtps_c.cpython-310-x86_64-linux-gnu.so
[6.448s] Listing '/home/user/simulation_ws/install/ros2_aruco_interfaces/local/lib/python3.10/dist-packages/ros2_aruco_interfaces'...
[6.448s] Listing '/home/user/simulation_ws/install/ros2_aruco_interfaces/local/lib/python3.10/dist-packages/ros2_aruco_interfaces/msg'...
[6.452s] -- Up-to-date: /home/user/simulation_ws/install/ros2_aruco_interfaces/local/lib/python3.10/dist-packages/ros2_aruco_interfaces/ros2_aruco_interfaces_s__rosidl_typesupport_fastrtps_c.cpython-310-x86_64-linux-gnu.so
[6.453s] -- Up-to-date: /home/user/simulation_ws/install/ros2_aruco_interfaces/local/lib/python3.10/dist-packages/ros2_aruco_interfaces/ros2_aruco_interfaces_s__rosidl_typesupport_introspection_c.cpython-310-x86_64-linux-gnu.so
[6.453s] -- Up-to-date: /home/user/simulation_ws/install/ros2_aruco_interfaces/local/lib/python3.10/dist-packages/ros2_aruco_interfaces/ros2_aruco_interfaces_s__rosidl_typesupport_c.cpython-310-x86_64-linux-gnu.so
[6.454s] -- Up-to-date: /home/user/simulation_ws/install/ros2_aruco_interfaces/lib/libros2_aruco_interfaces__rosidl_generator_py.so
[6.454s] -- Up-to-date: /home/user/simulation_ws/install/ros2_aruco_interfaces/share/ros2_aruco_interfaces/msg/ArucoMarkers.idl
[6.455s] -- Up-to-date: /home/user/simulation_ws/install/ros2_aruco_interfaces/share/ros2_aruco_interfaces/msg/ArucoMarkers.msg
[6.455s] -- Up-to-date: /home/user/simulation_ws/install/ros2_aruco_interfaces/share/ament_index/resource_index/package_run_dependencies/ros2_aruco_interfaces
[6.455s] -- Up-to-date: /home/user/simulation_ws/install/ros2_aruco_interfaces/share/ament_index/resource_index/parent_prefix_path/ros2_aruco_interfaces
[6.455s] -- Up-to-date: /home/user/simulation_ws/install/ros2_aruco_interfaces/share/ros2_aruco_interfaces/environment/ament_prefix_path.sh
[6.455s] -- Up-to-date: /home/user/simulation_ws/install/ros2_aruco_interfaces/share/ros2_aruco_interfaces/environment/ament_prefix_path.dsv
[6.455s] -- Up-to-date: /home/user/simulation_ws/install/ros2_aruco_interfaces/share/ros2_aruco_interfaces/environment/path.sh
[6.456s] -- Up-to-date: /home/user/simulation_ws/install/ros2_aruco_interfaces/share/ros2_aruco_interfaces/environment/path.dsv
[6.456s] -- Up-to-date: /home/user/simulation_ws/install/ros2_aruco_interfaces/share/ros2_aruco_interfaces/local_setup.bash
[6.456s] -- Up-to-date: /home/user/simulation_ws/install/ros2_aruco_interfaces/share/ros2_aruco_interfaces/local_setup.sh
[6.456s] -- Up-to-date: /home/user/simulation_ws/install/ros2_aruco_interfaces/share/ros2_aruco_interfaces/local_setup.zsh
[6.457s] -- Up-to-date: /home/user/simulation_ws/install/ros2_aruco_interfaces/share/ros2_aruco_interfaces/local_setup.dsv
[6.457s] -- Installing: /home/user/simulation_ws/install/ros2_aruco_interfaces/share/ros2_aruco_interfaces/package.dsv
[6.457s] -- Up-to-date: /home/user/simulation_ws/install/ros2_aruco_interfaces/share/ament_index/resource_index/packages/ros2_aruco_interfaces
[6.457s] -- Up-to-date: /home/user/simulation_ws/install/ros2_aruco_interfaces/share/ros2_aruco_interfaces/cmake/export_ros2_aruco_interfaces__rosidl_generator_cExport.cmake
[6.457s] -- Up-to-date: /home/user/simulation_ws/install/ros2_aruco_interfaces/share/ros2_aruco_interfaces/cmake/export_ros2_aruco_interfaces__rosidl_generator_cExport-noconfig.cmake
[6.458s] -- Up-to-date: /home/user/simulation_ws/install/ros2_aruco_interfaces/share/ros2_aruco_interfaces/cmake/export_ros2_aruco_interfaces__rosidl_typesupport_fastrtps_cExport.cmake
[6.458s] -- Up-to-date: /home/user/simulation_ws/install/ros2_aruco_interfaces/share/ros2_aruco_interfaces/cmake/export_ros2_aruco_interfaces__rosidl_typesupport_fastrtps_cExport-noconfig.cmake
[6.458s] -- Up-to-date: /home/user/simulation_ws/install/ros2_aruco_interfaces/share/ros2_aruco_interfaces/cmake/export_ros2_aruco_interfaces__rosidl_generator_cppExport.cmake
[6.458s] -- Up-to-date: /home/user/simulation_ws/install/ros2_aruco_interfaces/share/ros2_aruco_interfaces/cmake/export_ros2_aruco_interfaces__rosidl_typesupport_fastrtps_cppExport.cmake
[6.458s] -- Up-to-date: /home/user/simulation_ws/install/ros2_aruco_interfaces/share/ros2_aruco_interfaces/cmake/export_ros2_aruco_interfaces__rosidl_typesupport_fastrtps_cppExport-noconfig.cmake
[6.459s] -- Up-to-date: /home/user/simulation_ws/install/ros2_aruco_interfaces/share/ros2_aruco_interfaces/cmake/ros2_aruco_interfaces__rosidl_typesupport_introspection_cExport.cmake
[6.459s] -- Up-to-date: /home/user/simulation_ws/install/ros2_aruco_interfaces/share/ros2_aruco_interfaces/cmake/ros2_aruco_interfaces__rosidl_typesupport_introspection_cExport-noconfig.cmake
[6.459s] -- Up-to-date: /home/user/simulation_ws/install/ros2_aruco_interfaces/share/ros2_aruco_interfaces/cmake/ros2_aruco_interfaces__rosidl_typesupport_cExport.cmake
[6.459s] -- Up-to-date: /home/user/simulation_ws/install/ros2_aruco_interfaces/share/ros2_aruco_interfaces/cmake/ros2_aruco_interfaces__rosidl_typesupport_cExport-noconfig.cmake
[6.459s] -- Up-to-date: /home/user/simulation_ws/install/ros2_aruco_interfaces/share/ros2_aruco_interfaces/cmake/ros2_aruco_interfaces__rosidl_typesupport_introspection_cppExport.cmake
[6.460s] -- Up-to-date: /home/user/simulation_ws/install/ros2_aruco_interfaces/share/ros2_aruco_interfaces/cmake/ros2_aruco_interfaces__rosidl_typesupport_introspection_cppExport-noconfig.cmake
[6.460s] -- Up-to-date: /home/user/simulation_ws/install/ros2_aruco_interfaces/share/ros2_aruco_interfaces/cmake/ros2_aruco_interfaces__rosidl_typesupport_cppExport.cmake
[6.460s] -- Up-to-date: /home/user/simulation_ws/install/ros2_aruco_interfaces/share/ros2_aruco_interfaces/cmake/ros2_aruco_interfaces__rosidl_typesupport_cppExport-noconfig.cmake
[6.460s] -- Up-to-date: /home/user/simulation_ws/install/ros2_aruco_interfaces/share/ros2_aruco_interfaces/cmake/export_ros2_aruco_interfaces__rosidl_generator_pyExport.cmake
[6.460s] -- Up-to-date: /home/user/simulation_ws/install/ros2_aruco_interfaces/share/ros2_aruco_interfaces/cmake/export_ros2_aruco_interfaces__rosidl_generator_pyExport-noconfig.cmake
[6.461s] -- Up-to-date: /home/user/simulation_ws/install/ros2_aruco_interfaces/share/ros2_aruco_interfaces/cmake/rosidl_cmake-extras.cmake
[6.461s] -- Up-to-date: /home/user/simulation_ws/install/ros2_aruco_interfaces/share/ros2_aruco_interfaces/cmake/ament_cmake_export_dependencies-extras.cmake
[6.461s] -- Up-to-date: /home/user/simulation_ws/install/ros2_aruco_interfaces/share/ros2_aruco_interfaces/cmake/ament_cmake_export_include_directories-extras.cmake
[6.461s] -- Up-to-date: /home/user/simulation_ws/install/ros2_aruco_interfaces/share/ros2_aruco_interfaces/cmake/ament_cmake_export_libraries-extras.cmake
[6.461s] -- Up-to-date: /home/user/simulation_ws/install/ros2_aruco_interfaces/share/ros2_aruco_interfaces/cmake/ament_cmake_export_targets-extras.cmake
[6.462s] -- Up-to-date: /home/user/simulation_ws/install/ros2_aruco_interfaces/share/ros2_aruco_interfaces/cmake/rosidl_cmake_export_typesupport_targets-extras.cmake
[6.462s] -- Up-to-date: /home/user/simulation_ws/install/ros2_aruco_interfaces/share/ros2_aruco_interfaces/cmake/rosidl_cmake_export_typesupport_libraries-extras.cmake
[6.462s] -- Up-to-date: /home/user/simulation_ws/install/ros2_aruco_interfaces/share/ros2_aruco_interfaces/cmake/ros2_aruco_interfacesConfig.cmake
[6.462s] -- Up-to-date: /home/user/simulation_ws/install/ros2_aruco_interfaces/share/ros2_aruco_interfaces/cmake/ros2_aruco_interfacesConfig-version.cmake
[6.462s] -- Up-to-date: /home/user/simulation_ws/install/ros2_aruco_interfaces/share/ros2_aruco_interfaces/package.xml
[6.483s] Invoked command in '/home/user/simulation_ws/build/ros2_aruco_interfaces' returned '0': CMAKE_PREFIX_PATH=${CMAKE_PREFIX_PATH}:/home/user/simulation_ws/install/tortoisebot_localization:/home/user/simulation_ws/install/tortoisebot_control:/home/user/simulation_ws/install/ros2_aruco:/home/simulations/ros2_sims_ws/install/rclrs_tests:/home/simulations/ros2_sims_ws/install/examples_rclrs_minimal_client_service:/home/simulations/ros2_sims_ws/install/sensor_msgs_py:/home/simulations/ros2_sims_ws/install/examples_rclrs_minimal_pub_sub:/home/simulations/ros2_sims_ws/install/examples_rclrs_message_demo:/home/simulations/ros2_sims_ws/install/rclrs:/home/simulations/ros2_sims_ws/install/rosidl_runtime_rs:/home/user/ros2_ws/install/line_nagivation:/home/user/ros2_ws/install/apriltag_nagivation:/opt/ros/humble _=/usr/bin/env /usr/bin/cmake --install /home/user/simulation_ws/build/ros2_aruco_interfaces
