[1.095s] Invoking command in '/home/user/ros2_ws/build/dynamixel_sdk': CMAKE_PREFIX_PATH=${CMAKE_PREFIX_PATH}:/home/simulations/ros2_sims_ws/install/rclrs_tests:/home/simulations/ros2_sims_ws/install/examples_rclrs_minimal_client_service:/home/simulations/ros2_sims_ws/install/sensor_msgs_py:/home/simulations/ros2_sims_ws/install/examples_rclrs_minimal_pub_sub:/home/simulations/ros2_sims_ws/install/examples_rclrs_message_demo:/home/simulations/ros2_sims_ws/install/rclrs:/home/simulations/ros2_sims_ws/install/rosidl_runtime_rs:/home/user/ros2_ws/install/turtlebot3_teleop:/home/user/ros2_ws/install/turtlebot3_example:/opt/ros/humble _=/usr/bin/env /usr/bin/cmake --build /home/user/ros2_ws/build/dynamixel_sdk -- -j8 -l8
[4.913s] [100%] Built target dynamixel_sdk
[5.294s] Invoked command in '/home/user/ros2_ws/build/dynamixel_sdk' returned '0': CMAKE_PREFIX_PATH=${CMAKE_PREFIX_PATH}:/home/simulations/ros2_sims_ws/install/rclrs_tests:/home/simulations/ros2_sims_ws/install/examples_rclrs_minimal_client_service:/home/simulations/ros2_sims_ws/install/sensor_msgs_py:/home/simulations/ros2_sims_ws/install/examples_rclrs_minimal_pub_sub:/home/simulations/ros2_sims_ws/install/examples_rclrs_message_demo:/home/simulations/ros2_sims_ws/install/rclrs:/home/simulations/ros2_sims_ws/install/rosidl_runtime_rs:/home/user/ros2_ws/install/turtlebot3_teleop:/home/user/ros2_ws/install/turtlebot3_example:/opt/ros/humble _=/usr/bin/env /usr/bin/cmake --build /home/user/ros2_ws/build/dynamixel_sdk -- -j8 -l8
[8.311s] Invoking command in '/home/user/ros2_ws/build/dynamixel_sdk': CMAKE_PREFIX_PATH=${CMAKE_PREFIX_PATH}:/home/simulations/ros2_sims_ws/install/rclrs_tests:/home/simulations/ros2_sims_ws/install/examples_rclrs_minimal_client_service:/home/simulations/ros2_sims_ws/install/sensor_msgs_py:/home/simulations/ros2_sims_ws/install/examples_rclrs_minimal_pub_sub:/home/simulations/ros2_sims_ws/install/examples_rclrs_message_demo:/home/simulations/ros2_sims_ws/install/rclrs:/home/simulations/ros2_sims_ws/install/rosidl_runtime_rs:/home/user/ros2_ws/install/turtlebot3_teleop:/home/user/ros2_ws/install/turtlebot3_example:/opt/ros/humble _=/usr/bin/env /usr/bin/cmake --install /home/user/ros2_ws/build/dynamixel_sdk
[8.409s] -- Install configuration: ""
[8.410s] -- Up-to-date: /home/user/ros2_ws/install/dynamixel_sdk/include/
[8.410s] -- Up-to-date: /home/user/ros2_ws/install/dynamixel_sdk/include//dynamixel_sdk
[8.410s] -- Up-to-date: /home/user/ros2_ws/install/dynamixel_sdk/include//dynamixel_sdk/protocol1_packet_handler.h
[8.410s] -- Up-to-date: /home/user/ros2_ws/install/dynamixel_sdk/include//dynamixel_sdk/group_bulk_read.h
[8.410s] -- Up-to-date: /home/user/ros2_ws/install/dynamixel_sdk/include//dynamixel_sdk/group_sync_read.h
[8.410s] -- Up-to-date: /home/user/ros2_ws/install/dynamixel_sdk/include//dynamixel_sdk/port_handler_mac.h
[8.410s] -- Up-to-date: /home/user/ros2_ws/install/dynamixel_sdk/include//dynamixel_sdk/port_handler_arduino.h
[8.410s] -- Up-to-date: /home/user/ros2_ws/install/dynamixel_sdk/include//dynamixel_sdk/dynamixel_sdk.h
[8.413s] -- Up-to-date: /home/user/ros2_ws/install/dynamixel_sdk/include//dynamixel_sdk/packet_handler.h
[8.413s] -- Up-to-date: /home/user/ros2_ws/install/dynamixel_sdk/include//dynamixel_sdk/group_bulk_write.h
[8.413s] -- Up-to-date: /home/user/ros2_ws/install/dynamixel_sdk/include//dynamixel_sdk/protocol2_packet_handler.h
[8.414s] -- Up-to-date: /home/user/ros2_ws/install/dynamixel_sdk/include//dynamixel_sdk/port_handler_linux.h
[8.414s] -- Up-to-date: /home/user/ros2_ws/install/dynamixel_sdk/include//dynamixel_sdk/port_handler_windows.h
[8.414s] -- Up-to-date: /home/user/ros2_ws/install/dynamixel_sdk/include//dynamixel_sdk/group_sync_write.h
[8.414s] -- Up-to-date: /home/user/ros2_ws/install/dynamixel_sdk/include//dynamixel_sdk/port_handler.h
[8.492s] -- Up-to-date: /home/user/ros2_ws/install/dynamixel_sdk/lib/libdynamixel_sdk.so
[8.492s] -- Up-to-date: /home/user/ros2_ws/install/dynamixel_sdk/share/dynamixel_sdk/environment/library_path.sh
[8.492s] -- Up-to-date: /home/user/ros2_ws/install/dynamixel_sdk/share/dynamixel_sdk/environment/library_path.dsv
[8.492s] -- Up-to-date: /home/user/ros2_ws/install/dynamixel_sdk/share/ament_index/resource_index/package_run_dependencies/dynamixel_sdk
[8.493s] -- Up-to-date: /home/user/ros2_ws/install/dynamixel_sdk/share/ament_index/resource_index/parent_prefix_path/dynamixel_sdk
[8.493s] -- Up-to-date: /home/user/ros2_ws/install/dynamixel_sdk/share/dynamixel_sdk/environment/ament_prefix_path.sh
[8.493s] -- Up-to-date: /home/user/ros2_ws/install/dynamixel_sdk/share/dynamixel_sdk/environment/ament_prefix_path.dsv
[8.493s] -- Up-to-date: /home/user/ros2_ws/install/dynamixel_sdk/share/dynamixel_sdk/environment/path.sh
[8.493s] -- Up-to-date: /home/user/ros2_ws/install/dynamixel_sdk/share/dynamixel_sdk/environment/path.dsv
[8.493s] -- Up-to-date: /home/user/ros2_ws/install/dynamixel_sdk/share/dynamixel_sdk/local_setup.bash
[8.494s] -- Up-to-date: /home/user/ros2_ws/install/dynamixel_sdk/share/dynamixel_sdk/local_setup.sh
[8.494s] -- Up-to-date: /home/user/ros2_ws/install/dynamixel_sdk/share/dynamixel_sdk/local_setup.zsh
[8.494s] -- Up-to-date: /home/user/ros2_ws/install/dynamixel_sdk/share/dynamixel_sdk/local_setup.dsv
[8.494s] -- Installing: /home/user/ros2_ws/install/dynamixel_sdk/share/dynamixel_sdk/package.dsv
[8.494s] -- Up-to-date: /home/user/ros2_ws/install/dynamixel_sdk/share/ament_index/resource_index/packages/dynamixel_sdk
[8.495s] -- Up-to-date: /home/user/ros2_ws/install/dynamixel_sdk/share/dynamixel_sdk/cmake/ament_cmake_export_include_directories-extras.cmake
[8.495s] -- Up-to-date: /home/user/ros2_ws/install/dynamixel_sdk/share/dynamixel_sdk/cmake/ament_cmake_export_libraries-extras.cmake
[8.495s] -- Up-to-date: /home/user/ros2_ws/install/dynamixel_sdk/share/dynamixel_sdk/cmake/dynamixel_sdkConfig.cmake
[8.495s] -- Up-to-date: /home/user/ros2_ws/install/dynamixel_sdk/share/dynamixel_sdk/cmake/dynamixel_sdkConfig-version.cmake
[8.495s] -- Up-to-date: /home/user/ros2_ws/install/dynamixel_sdk/share/dynamixel_sdk/package.xml
[8.502s] Invoked command in '/home/user/ros2_ws/build/dynamixel_sdk' returned '0': CMAKE_PREFIX_PATH=${CMAKE_PREFIX_PATH}:/home/simulations/ros2_sims_ws/install/rclrs_tests:/home/simulations/ros2_sims_ws/install/examples_rclrs_minimal_client_service:/home/simulations/ros2_sims_ws/install/sensor_msgs_py:/home/simulations/ros2_sims_ws/install/examples_rclrs_minimal_pub_sub:/home/simulations/ros2_sims_ws/install/examples_rclrs_message_demo:/home/simulations/ros2_sims_ws/install/rclrs:/home/simulations/ros2_sims_ws/install/rosidl_runtime_rs:/home/user/ros2_ws/install/turtlebot3_teleop:/home/user/ros2_ws/install/turtlebot3_example:/opt/ros/humble _=/usr/bin/env /usr/bin/cmake --install /home/user/ros2_ws/build/dynamixel_sdk
