[10.820s] Invoking command in '/home/user/simulation_ws/src/tortoisebot/tortoisebot_localization': PYTHONPATH=/home/user/simulation_ws/build/tortoisebot_localization/prefix_override:/home/user/simulation_ws/install/tortoisebot_localization/lib/python3.10/site-packages:${PYTHONPATH} _=/usr/bin/env /usr/bin/python3 setup.py egg_info --egg-base ../../../build/tortoisebot_localization build --build-base /home/user/simulation_ws/build/tortoisebot_localization/build install --record /home/user/simulation_ws/build/tortoisebot_localization/install.log --single-version-externally-managed
[13.225s] running egg_info
[13.225s] writing ../../../build/tortoisebot_localization/tortoisebot_localization.egg-info/PKG-INFO
[13.225s] writing dependency_links to ../../../build/tortoisebot_localization/tortoisebot_localization.egg-info/dependency_links.txt
[13.226s] writing entry points to ../../../build/tortoisebot_localization/tortoisebot_localization.egg-info/entry_points.txt
[13.226s] writing requirements to ../../../build/tortoisebot_localization/tortoisebot_localization.egg-info/requires.txt
[13.226s] writing top-level names to ../../../build/tortoisebot_localization/tortoisebot_localization.egg-info/top_level.txt
[13.230s] reading manifest file '../../../build/tortoisebot_localization/tortoisebot_localization.egg-info/SOURCES.txt'
[13.302s] writing manifest file '../../../build/tortoisebot_localization/tortoisebot_localization.egg-info/SOURCES.txt'
[13.302s] running build
[13.302s] running build_py
[13.303s] running install
[13.303s] running install_lib
[13.303s] /usr/lib/python3/dist-packages/setuptools/command/install.py:34: SetuptoolsDeprecationWarning: setup.py install is deprecated. Use build and pip and other standards-based tools.
[13.303s]   warnings.warn(
[13.309s] running install_data
[13.310s] running install_egg_info
[13.395s] removing '/home/user/simulation_ws/install/tortoisebot_localization/lib/python3.10/site-packages/tortoisebot_localization-0.0.0-py3.10.egg-info' (and everything under it)
[13.399s] Copying ../../../build/tortoisebot_localization/tortoisebot_localization.egg-info to /home/user/simulation_ws/install/tortoisebot_localization/lib/python3.10/site-packages/tortoisebot_localization-0.0.0-py3.10.egg-info
[13.401s] running install_scripts
[13.617s] writing list of installed files to '/home/user/simulation_ws/build/tortoisebot_localization/install.log'
[13.901s] Invoked command in '/home/user/simulation_ws/src/tortoisebot/tortoisebot_localization' returned '0': PYTHONPATH=/home/user/simulation_ws/build/tortoisebot_localization/prefix_override:/home/user/simulation_ws/install/tortoisebot_localization/lib/python3.10/site-packages:${PYTHONPATH} _=/usr/bin/env /usr/bin/python3 setup.py egg_info --egg-base ../../../build/tortoisebot_localization build --build-base /home/user/simulation_ws/build/tortoisebot_localization/build install --record /home/user/simulation_ws/build/tortoisebot_localization/install.log --single-version-externally-managed
