[0.602s] Invoking command in '/home/kishoreyogaraj/ros2_ws/build/my_robot_controller': PYTHONPATH=/home/kishoreyogaraj/ros2_ws/build/my_robot_controller/prefix_override:/home/kishoreyogaraj/ros2_ws/install/my_robot_controller/lib/python3.10/site-packages:${PYTHONPATH} /usr/bin/python3 -W ignore:setup.py install is deprecated setup.py develop --editable --build-directory /home/kishoreyogaraj/ros2_ws/build/my_robot_controller/build --no-deps symlink_data
[0.867s] running develop
[1.016s] running egg_info
[1.016s] writing my_robot_controller.egg-info/PKG-INFO
[1.017s] writing dependency_links to my_robot_controller.egg-info/dependency_links.txt
[1.017s] writing entry points to my_robot_controller.egg-info/entry_points.txt
[1.017s] writing requirements to my_robot_controller.egg-info/requires.txt
[1.017s] writing top-level names to my_robot_controller.egg-info/top_level.txt
[1.019s] reading manifest file 'my_robot_controller.egg-info/SOURCES.txt'
[1.019s] writing manifest file 'my_robot_controller.egg-info/SOURCES.txt'
[1.020s] running build_ext
[1.021s] Creating /home/kishoreyogaraj/ros2_ws/install/my_robot_controller/lib/python3.10/site-packages/my-robot-controller.egg-link (link to .)
[1.021s] Installing draw_circle script to /home/kishoreyogaraj/ros2_ws/install/my_robot_controller/lib/my_robot_controller
[1.022s] Installing pose_subscriber script to /home/kishoreyogaraj/ros2_ws/install/my_robot_controller/lib/my_robot_controller
[1.022s] Installing test_node script to /home/kishoreyogaraj/ros2_ws/install/my_robot_controller/lib/my_robot_controller
[1.022s] Installing turtle_controller script to /home/kishoreyogaraj/ros2_ws/install/my_robot_controller/lib/my_robot_controller
[1.022s] 
[1.022s] Installed /home/kishoreyogaraj/ros2_ws/build/my_robot_controller
[1.022s] running symlink_data
[1.059s] Invoked command in '/home/kishoreyogaraj/ros2_ws/build/my_robot_controller' returned '0': PYTHONPATH=/home/kishoreyogaraj/ros2_ws/build/my_robot_controller/prefix_override:/home/kishoreyogaraj/ros2_ws/install/my_robot_controller/lib/python3.10/site-packages:${PYTHONPATH} /usr/bin/python3 -W ignore:setup.py install is deprecated setup.py develop --editable --build-directory /home/kishoreyogaraj/ros2_ws/build/my_robot_controller/build --no-deps symlink_data
