[0.275s] Invoking command in '/home/user/simulation_ws/build/tortoisebot_slam': CMAKE_PREFIX_PATH=${CMAKE_PREFIX_PATH}:/home/user/simulation_ws/install/tortoisebot_localization:/home/user/simulation_ws/install/tortoisebot_control:/home/user/simulation_ws/install/ros2_aruco:/home/simulations/ros2_sims_ws/install/rclrs_tests:/home/simulations/ros2_sims_ws/install/examples_rclrs_minimal_client_service:/home/simulations/ros2_sims_ws/install/sensor_msgs_py:/home/simulations/ros2_sims_ws/install/examples_rclrs_minimal_pub_sub:/home/simulations/ros2_sims_ws/install/examples_rclrs_message_demo:/home/simulations/ros2_sims_ws/install/rclrs:/home/simulations/ros2_sims_ws/install/rosidl_runtime_rs:/opt/ros/humble _=/usr/bin/env /usr/bin/cmake /home/user/simulation_ws/src/tortoisebot/tortoisebot_slam -DCMAKE_INSTALL_PREFIX=/home/user/simulation_ws/install/tortoisebot_slam
[0.724s] -- The C compiler identification is GNU 11.3.0
[1.258s] -- The CXX compiler identification is GNU 11.3.0
[1.271s] -- Detecting C compiler ABI info
[1.801s] -- Detecting C compiler ABI info - done
[1.822s] -- Check for working C compiler: /usr/bin/cc - skipped
[1.822s] -- Detecting C compile features
[1.856s] -- Detecting C compile features - done
[1.856s] -- Detecting CXX compiler ABI info
[2.319s] -- Detecting CXX compiler ABI info - done
[2.379s] -- Check for working CXX compiler: /usr/bin/c++ - skipped
[2.379s] -- Detecting CXX compile features
[2.380s] -- Detecting CXX compile features - done
[2.405s] -- Found ament_cmake: 1.3.4 (/opt/ros/humble/share/ament_cmake/cmake)
[3.502s] -- Found Python3: /usr/bin/python3.10 (found version "3.10.6") found components: Interpreter 
[4.493s] -- Found ament_lint_auto: 0.12.6 (/opt/ros/humble/share/ament_lint_auto/cmake)
[5.292s] -- Added test 'copyright' to check source files copyright and LICENSE
[5.297s] -- Added test 'flake8' to check Python code syntax and style conventions
[5.300s] -- Added test 'lint_cmake' to check CMake code style
[5.303s] -- Added test 'pep257' to check Python code against some of the docstring style conventions in PEP 257
[5.308s] -- Added test 'xmllint' to check XML markup files
[5.359s] -- Configuring done
[5.367s] -- Generating done
[5.377s] -- Build files have been written to: /home/user/simulation_ws/build/tortoisebot_slam
[5.394s] Invoked command in '/home/user/simulation_ws/build/tortoisebot_slam' returned '0': CMAKE_PREFIX_PATH=${CMAKE_PREFIX_PATH}:/home/user/simulation_ws/install/tortoisebot_localization:/home/user/simulation_ws/install/tortoisebot_control:/home/user/simulation_ws/install/ros2_aruco:/home/simulations/ros2_sims_ws/install/rclrs_tests:/home/simulations/ros2_sims_ws/install/examples_rclrs_minimal_client_service:/home/simulations/ros2_sims_ws/install/sensor_msgs_py:/home/simulations/ros2_sims_ws/install/examples_rclrs_minimal_pub_sub:/home/simulations/ros2_sims_ws/install/examples_rclrs_message_demo:/home/simulations/ros2_sims_ws/install/rclrs:/home/simulations/ros2_sims_ws/install/rosidl_runtime_rs:/opt/ros/humble _=/usr/bin/env /usr/bin/cmake /home/user/simulation_ws/src/tortoisebot/tortoisebot_slam -DCMAKE_INSTALL_PREFIX=/home/user/simulation_ws/install/tortoisebot_slam
[5.395s] Invoking command in '/home/user/simulation_ws/build/tortoisebot_slam': CMAKE_PREFIX_PATH=${CMAKE_PREFIX_PATH}:/home/user/simulation_ws/install/tortoisebot_localization:/home/user/simulation_ws/install/tortoisebot_control:/home/user/simulation_ws/install/ros2_aruco:/home/simulations/ros2_sims_ws/install/rclrs_tests:/home/simulations/ros2_sims_ws/install/examples_rclrs_minimal_client_service:/home/simulations/ros2_sims_ws/install/sensor_msgs_py:/home/simulations/ros2_sims_ws/install/examples_rclrs_minimal_pub_sub:/home/simulations/ros2_sims_ws/install/examples_rclrs_message_demo:/home/simulations/ros2_sims_ws/install/rclrs:/home/simulations/ros2_sims_ws/install/rosidl_runtime_rs:/opt/ros/humble _=/usr/bin/env /usr/bin/cmake --build /home/user/simulation_ws/build/tortoisebot_slam -- -j8 -l8
[5.623s] Invoked command in '/home/user/simulation_ws/build/tortoisebot_slam' returned '0': CMAKE_PREFIX_PATH=${CMAKE_PREFIX_PATH}:/home/user/simulation_ws/install/tortoisebot_localization:/home/user/simulation_ws/install/tortoisebot_control:/home/user/simulation_ws/install/ros2_aruco:/home/simulations/ros2_sims_ws/install/rclrs_tests:/home/simulations/ros2_sims_ws/install/examples_rclrs_minimal_client_service:/home/simulations/ros2_sims_ws/install/sensor_msgs_py:/home/simulations/ros2_sims_ws/install/examples_rclrs_minimal_pub_sub:/home/simulations/ros2_sims_ws/install/examples_rclrs_message_demo:/home/simulations/ros2_sims_ws/install/rclrs:/home/simulations/ros2_sims_ws/install/rosidl_runtime_rs:/opt/ros/humble _=/usr/bin/env /usr/bin/cmake --build /home/user/simulation_ws/build/tortoisebot_slam -- -j8 -l8
[5.802s] Invoking command in '/home/user/simulation_ws/build/tortoisebot_slam': CMAKE_PREFIX_PATH=${CMAKE_PREFIX_PATH}:/home/user/simulation_ws/install/tortoisebot_localization:/home/user/simulation_ws/install/tortoisebot_control:/home/user/simulation_ws/install/ros2_aruco:/home/simulations/ros2_sims_ws/install/rclrs_tests:/home/simulations/ros2_sims_ws/install/examples_rclrs_minimal_client_service:/home/simulations/ros2_sims_ws/install/sensor_msgs_py:/home/simulations/ros2_sims_ws/install/examples_rclrs_minimal_pub_sub:/home/simulations/ros2_sims_ws/install/examples_rclrs_message_demo:/home/simulations/ros2_sims_ws/install/rclrs:/home/simulations/ros2_sims_ws/install/rosidl_runtime_rs:/opt/ros/humble _=/usr/bin/env /usr/bin/cmake --install /home/user/simulation_ws/build/tortoisebot_slam
[5.888s] -- Install configuration: ""
[5.889s] -- Installing: /home/user/simulation_ws/install/tortoisebot_slam/share/tortoisebot_slam/launch
[5.889s] -- Installing: /home/user/simulation_ws/install/tortoisebot_slam/share/tortoisebot_slam/launch/cartographer.launch.py
[5.898s] -- Installing: /home/user/simulation_ws/install/tortoisebot_slam/share/tortoisebot_slam/config
[5.898s] -- Installing: /home/user/simulation_ws/install/tortoisebot_slam/share/tortoisebot_slam/config/ekf.yaml
[5.898s] -- Installing: /home/user/simulation_ws/install/tortoisebot_slam/share/tortoisebot_slam/config/2d_localization.lua
[5.898s] -- Installing: /home/user/simulation_ws/install/tortoisebot_slam/share/tortoisebot_slam/config/2d_slam.lua
[5.898s] -- Installing: /home/user/simulation_ws/install/tortoisebot_slam/share/ament_index/resource_index/package_run_dependencies/tortoisebot_slam
[5.898s] -- Installing: /home/user/simulation_ws/install/tortoisebot_slam/share/ament_index/resource_index/parent_prefix_path/tortoisebot_slam
[5.898s] -- Installing: /home/user/simulation_ws/install/tortoisebot_slam/share/tortoisebot_slam/environment/ament_prefix_path.sh
[5.898s] -- Installing: /home/user/simulation_ws/install/tortoisebot_slam/share/tortoisebot_slam/environment/ament_prefix_path.dsv
[5.899s] -- Installing: /home/user/simulation_ws/install/tortoisebot_slam/share/tortoisebot_slam/environment/path.sh
[5.899s] -- Installing: /home/user/simulation_ws/install/tortoisebot_slam/share/tortoisebot_slam/environment/path.dsv
[5.899s] -- Installing: /home/user/simulation_ws/install/tortoisebot_slam/share/tortoisebot_slam/local_setup.bash
[5.899s] -- Installing: /home/user/simulation_ws/install/tortoisebot_slam/share/tortoisebot_slam/local_setup.sh
[5.899s] -- Installing: /home/user/simulation_ws/install/tortoisebot_slam/share/tortoisebot_slam/local_setup.zsh
[5.899s] -- Installing: /home/user/simulation_ws/install/tortoisebot_slam/share/tortoisebot_slam/local_setup.dsv
[5.899s] -- Installing: /home/user/simulation_ws/install/tortoisebot_slam/share/tortoisebot_slam/package.dsv
[5.907s] -- Installing: /home/user/simulation_ws/install/tortoisebot_slam/share/ament_index/resource_index/packages/tortoisebot_slam
[5.909s] -- Installing: /home/user/simulation_ws/install/tortoisebot_slam/share/tortoisebot_slam/cmake/tortoisebot_slamConfig.cmake
[5.912s] -- Installing: /home/user/simulation_ws/install/tortoisebot_slam/share/tortoisebot_slam/cmake/tortoisebot_slamConfig-version.cmake
[5.914s] -- Installing: /home/user/simulation_ws/install/tortoisebot_slam/share/tortoisebot_slam/package.xml
[5.954s] Invoked command in '/home/user/simulation_ws/build/tortoisebot_slam' returned '0': CMAKE_PREFIX_PATH=${CMAKE_PREFIX_PATH}:/home/user/simulation_ws/install/tortoisebot_localization:/home/user/simulation_ws/install/tortoisebot_control:/home/user/simulation_ws/install/ros2_aruco:/home/simulations/ros2_sims_ws/install/rclrs_tests:/home/simulations/ros2_sims_ws/install/examples_rclrs_minimal_client_service:/home/simulations/ros2_sims_ws/install/sensor_msgs_py:/home/simulations/ros2_sims_ws/install/examples_rclrs_minimal_pub_sub:/home/simulations/ros2_sims_ws/install/examples_rclrs_message_demo:/home/simulations/ros2_sims_ws/install/rclrs:/home/simulations/ros2_sims_ws/install/rosidl_runtime_rs:/opt/ros/humble _=/usr/bin/env /usr/bin/cmake --install /home/user/simulation_ws/build/tortoisebot_slam
