[3.767s] Invoking command in '/home/user/simulation_ws/build/tortoisebot_gazebo': CMAKE_PREFIX_PATH=${CMAKE_PREFIX_PATH}:/home/user/simulation_ws/install/tortoisebot_localization:/home/user/simulation_ws/install/tortoisebot_control:/home/user/simulation_ws/install/ros2_aruco:/home/simulations/ros2_sims_ws/install/rclrs_tests:/home/simulations/ros2_sims_ws/install/examples_rclrs_minimal_client_service:/home/simulations/ros2_sims_ws/install/sensor_msgs_py:/home/simulations/ros2_sims_ws/install/examples_rclrs_minimal_pub_sub:/home/simulations/ros2_sims_ws/install/examples_rclrs_message_demo:/home/simulations/ros2_sims_ws/install/rclrs:/home/simulations/ros2_sims_ws/install/rosidl_runtime_rs:/home/user/ros2_ws/install/line_nagivation:/home/user/ros2_ws/install/apriltag_nagivation:/opt/ros/humble _=/usr/bin/env /usr/bin/cmake --build /home/user/simulation_ws/build/tortoisebot_gazebo -- -j8 -l8
[5.993s] Invoked command in '/home/user/simulation_ws/build/tortoisebot_gazebo' returned '0': CMAKE_PREFIX_PATH=${CMAKE_PREFIX_PATH}:/home/user/simulation_ws/install/tortoisebot_localization:/home/user/simulation_ws/install/tortoisebot_control:/home/user/simulation_ws/install/ros2_aruco:/home/simulations/ros2_sims_ws/install/rclrs_tests:/home/simulations/ros2_sims_ws/install/examples_rclrs_minimal_client_service:/home/simulations/ros2_sims_ws/install/sensor_msgs_py:/home/simulations/ros2_sims_ws/install/examples_rclrs_minimal_pub_sub:/home/simulations/ros2_sims_ws/install/examples_rclrs_message_demo:/home/simulations/ros2_sims_ws/install/rclrs:/home/simulations/ros2_sims_ws/install/rosidl_runtime_rs:/home/user/ros2_ws/install/line_nagivation:/home/user/ros2_ws/install/apriltag_nagivation:/opt/ros/humble _=/usr/bin/env /usr/bin/cmake --build /home/user/simulation_ws/build/tortoisebot_gazebo -- -j8 -l8
[6.864s] Invoking command in '/home/user/simulation_ws/build/tortoisebot_gazebo': CMAKE_PREFIX_PATH=${CMAKE_PREFIX_PATH}:/home/user/simulation_ws/install/tortoisebot_localization:/home/user/simulation_ws/install/tortoisebot_control:/home/user/simulation_ws/install/ros2_aruco:/home/simulations/ros2_sims_ws/install/rclrs_tests:/home/simulations/ros2_sims_ws/install/examples_rclrs_minimal_client_service:/home/simulations/ros2_sims_ws/install/sensor_msgs_py:/home/simulations/ros2_sims_ws/install/examples_rclrs_minimal_pub_sub:/home/simulations/ros2_sims_ws/install/examples_rclrs_message_demo:/home/simulations/ros2_sims_ws/install/rclrs:/home/simulations/ros2_sims_ws/install/rosidl_runtime_rs:/home/user/ros2_ws/install/line_nagivation:/home/user/ros2_ws/install/apriltag_nagivation:/opt/ros/humble _=/usr/bin/env /usr/bin/cmake --install /home/user/simulation_ws/build/tortoisebot_gazebo
[6.969s] -- Install configuration: ""
[6.989s] -- Up-to-date: /home/user/simulation_ws/install/tortoisebot_gazebo/share/tortoisebot_gazebo/gazebo
[6.989s] -- Up-to-date: /home/user/simulation_ws/install/tortoisebot_gazebo/share/tortoisebot_gazebo/gazebo/tortoisebot_physics.gazebo
[6.989s] -- Up-to-date: /home/user/simulation_ws/install/tortoisebot_gazebo/share/tortoisebot_gazebo/gazebo/tortoisebot_plugins.gazebo
[6.989s] -- Up-to-date: /home/user/simulation_ws/install/tortoisebot_gazebo/share/tortoisebot_gazebo/gazebo/tortoisebot_materials.gazebo
[6.989s] -- Up-to-date: /home/user/simulation_ws/install/tortoisebot_gazebo/share/tortoisebot_gazebo/launch
[6.990s] -- Up-to-date: /home/user/simulation_ws/install/tortoisebot_gazebo/share/tortoisebot_gazebo/launch/gazebo.launch.py
[6.990s] -- Up-to-date: /home/user/simulation_ws/install/tortoisebot_gazebo/share/tortoisebot_gazebo/worlds
[6.990s] -- Up-to-date: /home/user/simulation_ws/install/tortoisebot_gazebo/share/tortoisebot_gazebo/worlds/room2.sdf
[6.990s] -- Up-to-date: /home/user/simulation_ws/install/tortoisebot_gazebo/share/tortoisebot_gazebo/worlds/tortoisebot_warehouse.world
[6.990s] -- Up-to-date: /home/user/simulation_ws/install/tortoisebot_gazebo/share/tortoisebot_gazebo/config
[6.991s] -- Up-to-date: /home/user/simulation_ws/install/tortoisebot_gazebo/share/tortoisebot_gazebo/config/hook_controller.yaml
[6.991s] -- Up-to-date: /home/user/simulation_ws/install/tortoisebot_gazebo/share/tortoisebot_gazebo/models
[6.991s] -- Up-to-date: /home/user/simulation_ws/install/tortoisebot_gazebo/share/tortoisebot_gazebo/models/tortoisebot_warehouse
[6.991s] -- Up-to-date: /home/user/simulation_ws/install/tortoisebot_gazebo/share/tortoisebot_gazebo/models/tortoisebot_warehouse/model.sdf
[6.991s] -- Up-to-date: /home/user/simulation_ws/install/tortoisebot_gazebo/share/tortoisebot_gazebo/models/tortoisebot_warehouse/meshes
[6.992s] -- Up-to-date: /home/user/simulation_ws/install/tortoisebot_gazebo/share/tortoisebot_gazebo/models/tortoisebot_warehouse/meshes/tortoisebot_warehouse_walls.dae
[6.992s] -- Up-to-date: /home/user/simulation_ws/install/tortoisebot_gazebo/share/tortoisebot_gazebo/models/tortoisebot_warehouse/meshes/tortoisebot_walls.dae
[6.992s] -- Up-to-date: /home/user/simulation_ws/install/tortoisebot_gazebo/share/tortoisebot_gazebo/models/tortoisebot_warehouse/model.config
[6.992s] -- Up-to-date: /home/user/simulation_ws/install/tortoisebot_gazebo/share/tortoisebot_gazebo/models/grasping_cube
[6.992s] -- Up-to-date: /home/user/simulation_ws/install/tortoisebot_gazebo/share/tortoisebot_gazebo/models/grasping_cube/model.sdf
[6.992s] -- Up-to-date: /home/user/simulation_ws/install/tortoisebot_gazebo/share/tortoisebot_gazebo/models/grasping_cube/meshes
[6.992s] -- Up-to-date: /home/user/simulation_ws/install/tortoisebot_gazebo/share/tortoisebot_gazebo/models/grasping_cube/meshes/grasping_cube.dae
[6.993s] -- Up-to-date: /home/user/simulation_ws/install/tortoisebot_gazebo/share/tortoisebot_gazebo/models/grasping_cube/model.config
[6.993s] -- Up-to-date: /home/user/simulation_ws/install/tortoisebot_gazebo/share/tortoisebot_gazebo/models/image_pallet_rack
[6.993s] -- Up-to-date: /home/user/simulation_ws/install/tortoisebot_gazebo/share/tortoisebot_gazebo/models/image_pallet_rack/materials
[6.993s] -- Up-to-date: /home/user/simulation_ws/install/tortoisebot_gazebo/share/tortoisebot_gazebo/models/image_pallet_rack/materials/scripts
[6.993s] -- Up-to-date: /home/user/simulation_ws/install/tortoisebot_gazebo/share/tortoisebot_gazebo/models/image_pallet_rack/materials/scripts/image_fan.material
[6.994s] -- Up-to-date: /home/user/simulation_ws/install/tortoisebot_gazebo/share/tortoisebot_gazebo/models/image_pallet_rack/materials/textures
[6.994s] -- Up-to-date: /home/user/simulation_ws/install/tortoisebot_gazebo/share/tortoisebot_gazebo/models/image_pallet_rack/materials/textures/pallet-rack.jpg
[6.994s] -- Up-to-date: /home/user/simulation_ws/install/tortoisebot_gazebo/share/tortoisebot_gazebo/models/image_pallet_rack/model.sdf
[6.995s] -- Up-to-date: /home/user/simulation_ws/install/tortoisebot_gazebo/share/tortoisebot_gazebo/models/image_pallet_rack/model.config
[6.995s] -- Up-to-date: /home/user/simulation_ws/install/tortoisebot_gazebo/share/tortoisebot_gazebo/models/image_trailer_dock
[6.997s] -- Up-to-date: /home/user/simulation_ws/install/tortoisebot_gazebo/share/tortoisebot_gazebo/models/image_trailer_dock/materials
[6.997s] -- Up-to-date: /home/user/simulation_ws/install/tortoisebot_gazebo/share/tortoisebot_gazebo/models/image_trailer_dock/materials/scripts
[6.998s] -- Up-to-date: /home/user/simulation_ws/install/tortoisebot_gazebo/share/tortoisebot_gazebo/models/image_trailer_dock/materials/scripts/image_trailer_dock.material
[6.998s] -- Up-to-date: /home/user/simulation_ws/install/tortoisebot_gazebo/share/tortoisebot_gazebo/models/image_trailer_dock/materials/textures
[6.998s] -- Up-to-date: /home/user/simulation_ws/install/tortoisebot_gazebo/share/tortoisebot_gazebo/models/image_trailer_dock/materials/textures/loading-dock.jpg
[6.998s] -- Up-to-date: /home/user/simulation_ws/install/tortoisebot_gazebo/share/tortoisebot_gazebo/models/image_trailer_dock/model.sdf
[6.999s] -- Up-to-date: /home/user/simulation_ws/install/tortoisebot_gazebo/share/tortoisebot_gazebo/models/image_trailer_dock/model.config
[6.999s] -- Up-to-date: /home/user/simulation_ws/install/tortoisebot_gazebo/share/tortoisebot_gazebo/models/image_fan
[6.999s] -- Up-to-date: /home/user/simulation_ws/install/tortoisebot_gazebo/share/tortoisebot_gazebo/models/image_fan/materials
[6.999s] -- Up-to-date: /home/user/simulation_ws/install/tortoisebot_gazebo/share/tortoisebot_gazebo/models/image_fan/materials/scripts
[7.067s] -- Up-to-date: /home/user/simulation_ws/install/tortoisebot_gazebo/share/tortoisebot_gazebo/models/image_fan/materials/scripts/image_fan.material
[7.067s] -- Up-to-date: /home/user/simulation_ws/install/tortoisebot_gazebo/share/tortoisebot_gazebo/models/image_fan/materials/textures
[7.067s] -- Up-to-date: /home/user/simulation_ws/install/tortoisebot_gazebo/share/tortoisebot_gazebo/models/image_fan/materials/textures/fan.jpg
[7.067s] -- Up-to-date: /home/user/simulation_ws/install/tortoisebot_gazebo/share/tortoisebot_gazebo/models/image_fan/model.sdf
[7.068s] -- Up-to-date: /home/user/simulation_ws/install/tortoisebot_gazebo/share/tortoisebot_gazebo/models/image_fan/model.config
[7.068s] -- Up-to-date: /home/user/simulation_ws/install/tortoisebot_gazebo/share/tortoisebot_gazebo/models/image_floor
[7.068s] -- Up-to-date: /home/user/simulation_ws/install/tortoisebot_gazebo/share/tortoisebot_gazebo/models/image_floor/materials
[7.068s] -- Up-to-date: /home/user/simulation_ws/install/tortoisebot_gazebo/share/tortoisebot_gazebo/models/image_floor/materials/scripts
[7.068s] -- Up-to-date: /home/user/simulation_ws/install/tortoisebot_gazebo/share/tortoisebot_gazebo/models/image_floor/materials/scripts/image_floor.material
[7.068s] -- Up-to-date: /home/user/simulation_ws/install/tortoisebot_gazebo/share/tortoisebot_gazebo/models/image_floor/materials/textures
[7.068s] -- Up-to-date: /home/user/simulation_ws/install/tortoisebot_gazebo/share/tortoisebot_gazebo/models/image_floor/materials/textures/tortoisebot_warehouse.png
[7.068s] -- Up-to-date: /home/user/simulation_ws/install/tortoisebot_gazebo/share/tortoisebot_gazebo/models/image_floor/model.sdf
[7.069s] -- Up-to-date: /home/user/simulation_ws/install/tortoisebot_gazebo/share/tortoisebot_gazebo/models/image_floor/model.config
[7.069s] -- Up-to-date: /home/user/simulation_ws/install/tortoisebot_gazebo/share/ament_index/resource_index/package_run_dependencies/tortoisebot_gazebo
[7.069s] -- Up-to-date: /home/user/simulation_ws/install/tortoisebot_gazebo/share/ament_index/resource_index/parent_prefix_path/tortoisebot_gazebo
[7.069s] -- Up-to-date: /home/user/simulation_ws/install/tortoisebot_gazebo/share/tortoisebot_gazebo/environment/ament_prefix_path.sh
[7.069s] -- Up-to-date: /home/user/simulation_ws/install/tortoisebot_gazebo/share/tortoisebot_gazebo/environment/ament_prefix_path.dsv
[7.069s] -- Up-to-date: /home/user/simulation_ws/install/tortoisebot_gazebo/share/tortoisebot_gazebo/environment/path.sh
[7.069s] -- Up-to-date: /home/user/simulation_ws/install/tortoisebot_gazebo/share/tortoisebot_gazebo/environment/path.dsv
[7.069s] -- Up-to-date: /home/user/simulation_ws/install/tortoisebot_gazebo/share/tortoisebot_gazebo/local_setup.bash
[7.069s] -- Up-to-date: /home/user/simulation_ws/install/tortoisebot_gazebo/share/tortoisebot_gazebo/local_setup.sh
[7.070s] -- Up-to-date: /home/user/simulation_ws/install/tortoisebot_gazebo/share/tortoisebot_gazebo/local_setup.zsh
[7.070s] -- Up-to-date: /home/user/simulation_ws/install/tortoisebot_gazebo/share/tortoisebot_gazebo/local_setup.dsv
[7.070s] -- Installing: /home/user/simulation_ws/install/tortoisebot_gazebo/share/tortoisebot_gazebo/package.dsv
[7.070s] -- Up-to-date: /home/user/simulation_ws/install/tortoisebot_gazebo/share/ament_index/resource_index/packages/tortoisebot_gazebo
[7.070s] -- Up-to-date: /home/user/simulation_ws/install/tortoisebot_gazebo/share/tortoisebot_gazebo/cmake/tortoisebot_gazeboConfig.cmake
[7.070s] -- Up-to-date: /home/user/simulation_ws/install/tortoisebot_gazebo/share/tortoisebot_gazebo/cmake/tortoisebot_gazeboConfig-version.cmake
[7.070s] -- Up-to-date: /home/user/simulation_ws/install/tortoisebot_gazebo/share/tortoisebot_gazebo/package.xml
[7.159s] Invoked command in '/home/user/simulation_ws/build/tortoisebot_gazebo' returned '0': CMAKE_PREFIX_PATH=${CMAKE_PREFIX_PATH}:/home/user/simulation_ws/install/tortoisebot_localization:/home/user/simulation_ws/install/tortoisebot_control:/home/user/simulation_ws/install/ros2_aruco:/home/simulations/ros2_sims_ws/install/rclrs_tests:/home/simulations/ros2_sims_ws/install/examples_rclrs_minimal_client_service:/home/simulations/ros2_sims_ws/install/sensor_msgs_py:/home/simulations/ros2_sims_ws/install/examples_rclrs_minimal_pub_sub:/home/simulations/ros2_sims_ws/install/examples_rclrs_message_demo:/home/simulations/ros2_sims_ws/install/rclrs:/home/simulations/ros2_sims_ws/install/rosidl_runtime_rs:/home/user/ros2_ws/install/line_nagivation:/home/user/ros2_ws/install/apriltag_nagivation:/opt/ros/humble _=/usr/bin/env /usr/bin/cmake --install /home/user/simulation_ws/build/tortoisebot_gazebo
