[0.537s] Invoking command in '/home/kishoreyogaraj/ros2_ws/build/my_robot_controller': PYTHONPATH=/home/kishoreyogaraj/ros2_ws/build/my_robot_controller/prefix_override:/home/kishoreyogaraj/ros2_ws/install/my_robot_controller/lib/python3.10/site-packages:${PYTHONPATH} /usr/bin/python3 -W ignore:setup.py install is deprecated setup.py develop --uninstall --editable --build-directory /home/kishoreyogaraj/ros2_ws/build/my_robot_controller/build
[0.763s] running develop
[0.763s] /usr/lib/python3/dist-packages/setuptools/command/easy_install.py:158: EasyInstallDeprecationWarning: easy_install command is deprecated. Use build and pip and other standards-based tools.
[0.763s]   warnings.warn(
[0.904s] Removing /home/kishoreyogaraj/ros2_ws/install/my_robot_controller/lib/python3.10/site-packages/my-robot-controller.egg-link (link to .)
[0.928s] Invoked command in '/home/kishoreyogaraj/ros2_ws/build/my_robot_controller' returned '0': PYTHONPATH=/home/kishoreyogaraj/ros2_ws/build/my_robot_controller/prefix_override:/home/kishoreyogaraj/ros2_ws/install/my_robot_controller/lib/python3.10/site-packages:${PYTHONPATH} /usr/bin/python3 -W ignore:setup.py install is deprecated setup.py develop --uninstall --editable --build-directory /home/kishoreyogaraj/ros2_ws/build/my_robot_controller/build
[0.931s] Invoking command in '/home/kishoreyogaraj/ros2_ws/src/my_robot_controller': PYTHONPATH=/home/kishoreyogaraj/ros2_ws/build/my_robot_controller/prefix_override:/home/kishoreyogaraj/ros2_ws/install/my_robot_controller/lib/python3.10/site-packages:${PYTHONPATH} /usr/bin/python3 -W ignore:setup.py install is deprecated setup.py egg_info --egg-base ../../build/my_robot_controller build --build-base /home/kishoreyogaraj/ros2_ws/build/my_robot_controller/build install --record /home/kishoreyogaraj/ros2_ws/build/my_robot_controller/install.log --single-version-externally-managed install_data --force
[1.141s] running egg_info
[1.141s] writing ../../build/my_robot_controller/my_robot_controller.egg-info/PKG-INFO
[1.142s] writing dependency_links to ../../build/my_robot_controller/my_robot_controller.egg-info/dependency_links.txt
[1.142s] writing entry points to ../../build/my_robot_controller/my_robot_controller.egg-info/entry_points.txt
[1.142s] writing requirements to ../../build/my_robot_controller/my_robot_controller.egg-info/requires.txt
[1.142s] writing top-level names to ../../build/my_robot_controller/my_robot_controller.egg-info/top_level.txt
[1.144s] reading manifest file '../../build/my_robot_controller/my_robot_controller.egg-info/SOURCES.txt'
[1.145s] writing manifest file '../../build/my_robot_controller/my_robot_controller.egg-info/SOURCES.txt'
[1.146s] running build
[1.146s] running build_py
[1.146s] copying my_robot_controller/my_first_node.py -> /home/kishoreyogaraj/ros2_ws/build/my_robot_controller/build/lib/my_robot_controller
[1.146s] copying my_robot_controller/draw_circle.py -> /home/kishoreyogaraj/ros2_ws/build/my_robot_controller/build/lib/my_robot_controller
[1.146s] running install
[1.147s] running install_lib
[1.147s] creating /home/kishoreyogaraj/ros2_ws/install/my_robot_controller/lib/python3.10/site-packages/my_robot_controller
[1.148s] copying /home/kishoreyogaraj/ros2_ws/build/my_robot_controller/build/lib/my_robot_controller/my_first_node.py -> /home/kishoreyogaraj/ros2_ws/install/my_robot_controller/lib/python3.10/site-packages/my_robot_controller
[1.148s] copying /home/kishoreyogaraj/ros2_ws/build/my_robot_controller/build/lib/my_robot_controller/__init__.py -> /home/kishoreyogaraj/ros2_ws/install/my_robot_controller/lib/python3.10/site-packages/my_robot_controller
[1.148s] copying /home/kishoreyogaraj/ros2_ws/build/my_robot_controller/build/lib/my_robot_controller/draw_circle.py -> /home/kishoreyogaraj/ros2_ws/install/my_robot_controller/lib/python3.10/site-packages/my_robot_controller
[1.149s] byte-compiling /home/kishoreyogaraj/ros2_ws/install/my_robot_controller/lib/python3.10/site-packages/my_robot_controller/my_first_node.py to my_first_node.cpython-310.pyc
[1.149s] byte-compiling /home/kishoreyogaraj/ros2_ws/install/my_robot_controller/lib/python3.10/site-packages/my_robot_controller/__init__.py to __init__.cpython-310.pyc
[1.149s] byte-compiling /home/kishoreyogaraj/ros2_ws/install/my_robot_controller/lib/python3.10/site-packages/my_robot_controller/draw_circle.py to draw_circle.cpython-310.pyc
[1.150s] running install_data
[1.150s] copying resource/my_robot_controller -> /home/kishoreyogaraj/ros2_ws/install/my_robot_controller/share/ament_index/resource_index/packages
[1.150s] copying package.xml -> /home/kishoreyogaraj/ros2_ws/install/my_robot_controller/share/my_robot_controller
[1.150s] running install_egg_info
[1.152s] Copying ../../build/my_robot_controller/my_robot_controller.egg-info to /home/kishoreyogaraj/ros2_ws/install/my_robot_controller/lib/python3.10/site-packages/my_robot_controller-0.0.0-py3.10.egg-info
[1.152s] running install_scripts
[1.172s] Installing draw_circle script to /home/kishoreyogaraj/ros2_ws/install/my_robot_controller/lib/my_robot_controller
[1.172s] Installing test_node script to /home/kishoreyogaraj/ros2_ws/install/my_robot_controller/lib/my_robot_controller
[1.172s] writing list of installed files to '/home/kishoreyogaraj/ros2_ws/build/my_robot_controller/install.log'
[1.194s] Invoked command in '/home/kishoreyogaraj/ros2_ws/src/my_robot_controller' returned '0': PYTHONPATH=/home/kishoreyogaraj/ros2_ws/build/my_robot_controller/prefix_override:/home/kishoreyogaraj/ros2_ws/install/my_robot_controller/lib/python3.10/site-packages:${PYTHONPATH} /usr/bin/python3 -W ignore:setup.py install is deprecated setup.py egg_info --egg-base ../../build/my_robot_controller build --build-base /home/kishoreyogaraj/ros2_ws/build/my_robot_controller/build install --record /home/kishoreyogaraj/ros2_ws/build/my_robot_controller/install.log --single-version-externally-managed install_data --force
