[4.780s] Invoking command in '/home/user/simulation_ws/src/tortoisebot/tortoisebot_control': PYTHONPATH=/home/user/simulation_ws/build/tortoisebot_control/prefix_override:/home/user/simulation_ws/install/tortoisebot_control/lib/python3.10/site-packages:${PYTHONPATH} _=/usr/bin/env /usr/bin/python3 setup.py egg_info --egg-base ../../../build/tortoisebot_control build --build-base /home/user/simulation_ws/build/tortoisebot_control/build install --record /home/user/simulation_ws/build/tortoisebot_control/install.log --single-version-externally-managed
[6.051s] running egg_info
[6.053s] writing ../../../build/tortoisebot_control/tortoisebot_control.egg-info/PKG-INFO
[6.055s] writing dependency_links to ../../../build/tortoisebot_control/tortoisebot_control.egg-info/dependency_links.txt
[6.055s] writing entry points to ../../../build/tortoisebot_control/tortoisebot_control.egg-info/entry_points.txt
[6.056s] writing requirements to ../../../build/tortoisebot_control/tortoisebot_control.egg-info/requires.txt
[6.056s] writing top-level names to ../../../build/tortoisebot_control/tortoisebot_control.egg-info/top_level.txt
[6.060s] reading manifest file '../../../build/tortoisebot_control/tortoisebot_control.egg-info/SOURCES.txt'
[6.060s] writing manifest file '../../../build/tortoisebot_control/tortoisebot_control.egg-info/SOURCES.txt'
[6.060s] running build
[6.060s] running build_py
[6.061s] running install
[6.061s] /usr/lib/python3/dist-packages/setuptools/command/install.py:34: SetuptoolsDeprecationWarning: setup.py install is deprecated. Use build and pip and other standards-based tools.
[6.061s]   warnings.warn(
[6.061s] running install_lib
[6.080s] running install_data
[6.081s] running install_egg_info
[6.086s] removing '/home/user/simulation_ws/install/tortoisebot_control/lib/python3.10/site-packages/tortoisebot_control-0.0.0-py3.10.egg-info' (and everything under it)
[6.089s] Copying ../../../build/tortoisebot_control/tortoisebot_control.egg-info to /home/user/simulation_ws/install/tortoisebot_control/lib/python3.10/site-packages/tortoisebot_control-0.0.0-py3.10.egg-info
[6.090s] running install_scripts
[6.200s] Installing gripper_server script to /home/user/simulation_ws/install/tortoisebot_control/lib/tortoisebot_control
[6.200s] Installing teleop_twist_keyboard script to /home/user/simulation_ws/install/tortoisebot_control/lib/tortoisebot_control
[6.201s] writing list of installed files to '/home/user/simulation_ws/build/tortoisebot_control/install.log'
[6.256s] Invoked command in '/home/user/simulation_ws/src/tortoisebot/tortoisebot_control' returned '0': PYTHONPATH=/home/user/simulation_ws/build/tortoisebot_control/prefix_override:/home/user/simulation_ws/install/tortoisebot_control/lib/python3.10/site-packages:${PYTHONPATH} _=/usr/bin/env /usr/bin/python3 setup.py egg_info --egg-base ../../../build/tortoisebot_control build --build-base /home/user/simulation_ws/build/tortoisebot_control/build install --record /home/user/simulation_ws/build/tortoisebot_control/install.log --single-version-externally-managed
