[0.211s] Invoking command in '/home/user/simulation_ws/build/ydlidar_ros2_driver': CMAKE_PREFIX_PATH=${CMAKE_PREFIX_PATH}:/home/user/simulation_ws/install/tortoisebot_localization:/home/user/simulation_ws/install/tortoisebot_control:/home/user/simulation_ws/install/ros2_aruco:/home/simulations/ros2_sims_ws/install/rclrs_tests:/home/simulations/ros2_sims_ws/install/examples_rclrs_minimal_client_service:/home/simulations/ros2_sims_ws/install/sensor_msgs_py:/home/simulations/ros2_sims_ws/install/examples_rclrs_minimal_pub_sub:/home/simulations/ros2_sims_ws/install/examples_rclrs_message_demo:/home/simulations/ros2_sims_ws/install/rclrs:/home/simulations/ros2_sims_ws/install/rosidl_runtime_rs:/home/user/ros2_ws/install/opencv_tests:/opt/ros/humble _=/usr/bin/env /usr/bin/cmake --build /home/user/simulation_ws/build/ydlidar_ros2_driver -- -j8 -l8
[0.587s] -- Found ament_cmake: 1.3.4 (/opt/ros/humble/share/ament_cmake/cmake)
[2.316s] -- Found rclcpp: 16.0.4 (/opt/ros/humble/share/rclcpp/cmake)
[2.618s] -- Found rosidl_generator_c: 3.1.4 (/opt/ros/humble/share/rosidl_generator_c/cmake)
[2.692s] -- Found rosidl_adapter: 3.1.4 (/opt/ros/humble/share/rosidl_adapter/cmake)
[2.693s] -- Found rosidl_generator_cpp: 3.1.4 (/opt/ros/humble/share/rosidl_generator_cpp/cmake)
[2.789s] -- Using all available rosidl_typesupport_c: rosidl_typesupport_fastrtps_c;rosidl_typesupport_introspection_c
[2.895s] -- Using all available rosidl_typesupport_cpp: rosidl_typesupport_fastrtps_cpp;rosidl_typesupport_introspection_cpp
[3.188s] -- Found rmw_implementation_cmake: 6.1.1 (/opt/ros/humble/share/rmw_implementation_cmake/cmake)
[3.194s] -- Found rmw_fastrtps_cpp: 6.2.2 (/opt/ros/humble/share/rmw_fastrtps_cpp/cmake)
[4.005s] -- Using RMW implementation 'rmw_fastrtps_cpp' as default
[4.707s] -- Found sensor_msgs: 4.2.3 (/home/simulations/ros2_sims_ws/install/sensor_msgs/share/sensor_msgs/cmake)
[5.311s] -- Found visualization_msgs: 4.2.3 (/home/simulations/ros2_sims_ws/install/visualization_msgs/share/visualization_msgs/cmake)
[5.889s] -- Found std_srvs: 4.2.3 (/home/simulations/ros2_sims_ws/install/std_srvs/share/std_srvs/cmake)
[6.019s] -- Found ament_lint_auto: 0.12.6 (/opt/ros/humble/share/ament_lint_auto/cmake)
[6.596s] -- Added test 'copyright' to check source files copyright and LICENSE
[6.601s] -- Added test 'cppcheck' to perform static code analysis on C / C++ code
[6.601s] -- Configured cppcheck include dirs: /home/user/simulation_ws/src/tortoisebot/ydlidar_ros2_driver/src
[6.602s] -- Configured cppcheck exclude dirs and/or files: 
[6.605s] -- Added test 'cpplint' to check C / C++ code against the Google style
[6.605s] -- Configured cpplint exclude dirs and/or files: 
[6.610s] -- Added test 'flake8' to check Python code syntax and style conventions
[6.612s] -- Added test 'lint_cmake' to check CMake code style
[6.614s] -- Added test 'pep257' to check Python code against some of the docstring style conventions in PEP 257
[6.620s] -- Added test 'uncrustify' to check C / C++ code style
[6.620s] -- Configured uncrustify additional arguments: 
[6.622s] -- Added test 'xmllint' to check XML markup files
[6.624s] -- Configuring done
[6.715s] -- Generating done
[6.721s] -- Build files have been written to: /home/user/simulation_ws/build/ydlidar_ros2_driver
[7.000s] [35m[1mConsolidate compiler generated dependencies of target ydlidar_ros2_driver_node[0m
[7.123s] [ 50%] Built target ydlidar_ros2_driver_node
[7.230s] [35m[1mConsolidate compiler generated dependencies of target ydlidar_ros2_driver_client[0m
[7.387s] [100%] Built target ydlidar_ros2_driver_client
[7.408s] Invoked command in '/home/user/simulation_ws/build/ydlidar_ros2_driver' returned '0': CMAKE_PREFIX_PATH=${CMAKE_PREFIX_PATH}:/home/user/simulation_ws/install/tortoisebot_localization:/home/user/simulation_ws/install/tortoisebot_control:/home/user/simulation_ws/install/ros2_aruco:/home/simulations/ros2_sims_ws/install/rclrs_tests:/home/simulations/ros2_sims_ws/install/examples_rclrs_minimal_client_service:/home/simulations/ros2_sims_ws/install/sensor_msgs_py:/home/simulations/ros2_sims_ws/install/examples_rclrs_minimal_pub_sub:/home/simulations/ros2_sims_ws/install/examples_rclrs_message_demo:/home/simulations/ros2_sims_ws/install/rclrs:/home/simulations/ros2_sims_ws/install/rosidl_runtime_rs:/home/user/ros2_ws/install/opencv_tests:/opt/ros/humble _=/usr/bin/env /usr/bin/cmake --build /home/user/simulation_ws/build/ydlidar_ros2_driver -- -j8 -l8
[7.707s] Invoking command in '/home/user/simulation_ws/build/ydlidar_ros2_driver': CMAKE_PREFIX_PATH=${CMAKE_PREFIX_PATH}:/home/user/simulation_ws/install/tortoisebot_localization:/home/user/simulation_ws/install/tortoisebot_control:/home/user/simulation_ws/install/ros2_aruco:/home/simulations/ros2_sims_ws/install/rclrs_tests:/home/simulations/ros2_sims_ws/install/examples_rclrs_minimal_client_service:/home/simulations/ros2_sims_ws/install/sensor_msgs_py:/home/simulations/ros2_sims_ws/install/examples_rclrs_minimal_pub_sub:/home/simulations/ros2_sims_ws/install/examples_rclrs_message_demo:/home/simulations/ros2_sims_ws/install/rclrs:/home/simulations/ros2_sims_ws/install/rosidl_runtime_rs:/home/user/ros2_ws/install/opencv_tests:/opt/ros/humble _=/usr/bin/env /usr/bin/cmake --install /home/user/simulation_ws/build/ydlidar_ros2_driver
[7.787s] -- Install configuration: ""
[7.787s] -- Up-to-date: /home/user/simulation_ws/install/ydlidar_ros2_driver/lib/ydlidar_ros2_driver/ydlidar_ros2_driver_node
[7.787s] -- Up-to-date: /home/user/simulation_ws/install/ydlidar_ros2_driver/lib/ydlidar_ros2_driver/ydlidar_ros2_driver_client
[7.787s] -- Up-to-date: /home/user/simulation_ws/install/ydlidar_ros2_driver/share/ydlidar_ros2_driver/launch
[7.787s] -- Up-to-date: /home/user/simulation_ws/install/ydlidar_ros2_driver/share/ydlidar_ros2_driver/launch/ydlidar_launch_view.py
[7.787s] -- Up-to-date: /home/user/simulation_ws/install/ydlidar_ros2_driver/share/ydlidar_ros2_driver/launch/ydlidar.py
[7.787s] -- Up-to-date: /home/user/simulation_ws/install/ydlidar_ros2_driver/share/ydlidar_ros2_driver/launch/ydlidar_launch.py
[7.788s] -- Up-to-date: /home/user/simulation_ws/install/ydlidar_ros2_driver/share/ydlidar_ros2_driver/params
[7.788s] -- Up-to-date: /home/user/simulation_ws/install/ydlidar_ros2_driver/share/ydlidar_ros2_driver/params/ydlidar.yaml
[7.788s] -- Up-to-date: /home/user/simulation_ws/install/ydlidar_ros2_driver/share/ydlidar_ros2_driver/startup
[7.788s] -- Up-to-date: /home/user/simulation_ws/install/ydlidar_ros2_driver/share/ydlidar_ros2_driver/startup/initenv.sh
[7.788s] -- Up-to-date: /home/user/simulation_ws/install/ydlidar_ros2_driver/share/ydlidar_ros2_driver/config
[7.788s] -- Up-to-date: /home/user/simulation_ws/install/ydlidar_ros2_driver/share/ydlidar_ros2_driver/config/ydlidar.rviz
[7.788s] -- Up-to-date: /home/user/simulation_ws/install/ydlidar_ros2_driver/share/ament_index/resource_index/package_run_dependencies/ydlidar_ros2_driver
[7.789s] -- Up-to-date: /home/user/simulation_ws/install/ydlidar_ros2_driver/share/ament_index/resource_index/parent_prefix_path/ydlidar_ros2_driver
[7.789s] -- Up-to-date: /home/user/simulation_ws/install/ydlidar_ros2_driver/share/ydlidar_ros2_driver/environment/ament_prefix_path.sh
[7.790s] -- Installing: /home/user/simulation_ws/install/ydlidar_ros2_driver/share/ydlidar_ros2_driver/environment/ament_prefix_path.dsv
[7.790s] -- Up-to-date: /home/user/simulation_ws/install/ydlidar_ros2_driver/share/ydlidar_ros2_driver/environment/path.sh
[7.790s] -- Installing: /home/user/simulation_ws/install/ydlidar_ros2_driver/share/ydlidar_ros2_driver/environment/path.dsv
[7.790s] -- Up-to-date: /home/user/simulation_ws/install/ydlidar_ros2_driver/share/ydlidar_ros2_driver/local_setup.bash
[7.791s] -- Up-to-date: /home/user/simulation_ws/install/ydlidar_ros2_driver/share/ydlidar_ros2_driver/local_setup.sh
[7.791s] -- Up-to-date: /home/user/simulation_ws/install/ydlidar_ros2_driver/share/ydlidar_ros2_driver/local_setup.zsh
[7.791s] -- Installing: /home/user/simulation_ws/install/ydlidar_ros2_driver/share/ydlidar_ros2_driver/local_setup.dsv
[7.792s] -- Installing: /home/user/simulation_ws/install/ydlidar_ros2_driver/share/ydlidar_ros2_driver/package.dsv
[7.792s] -- Up-to-date: /home/user/simulation_ws/install/ydlidar_ros2_driver/share/ament_index/resource_index/packages/ydlidar_ros2_driver
[7.792s] -- Up-to-date: /home/user/simulation_ws/install/ydlidar_ros2_driver/share/ydlidar_ros2_driver/cmake/ydlidar_ros2_driverConfig.cmake
[7.793s] -- Up-to-date: /home/user/simulation_ws/install/ydlidar_ros2_driver/share/ydlidar_ros2_driver/cmake/ydlidar_ros2_driverConfig-version.cmake
[7.793s] -- Up-to-date: /home/user/simulation_ws/install/ydlidar_ros2_driver/share/ydlidar_ros2_driver/package.xml
[7.801s] Invoked command in '/home/user/simulation_ws/build/ydlidar_ros2_driver' returned '0': CMAKE_PREFIX_PATH=${CMAKE_PREFIX_PATH}:/home/user/simulation_ws/install/tortoisebot_localization:/home/user/simulation_ws/install/tortoisebot_control:/home/user/simulation_ws/install/ros2_aruco:/home/simulations/ros2_sims_ws/install/rclrs_tests:/home/simulations/ros2_sims_ws/install/examples_rclrs_minimal_client_service:/home/simulations/ros2_sims_ws/install/sensor_msgs_py:/home/simulations/ros2_sims_ws/install/examples_rclrs_minimal_pub_sub:/home/simulations/ros2_sims_ws/install/examples_rclrs_message_demo:/home/simulations/ros2_sims_ws/install/rclrs:/home/simulations/ros2_sims_ws/install/rosidl_runtime_rs:/home/user/ros2_ws/install/opencv_tests:/opt/ros/humble _=/usr/bin/env /usr/bin/cmake --install /home/user/simulation_ws/build/ydlidar_ros2_driver
