[0.414s] Invoking command in '/home/user/simulation_ws/build/tortoisebot_navigation': CMAKE_PREFIX_PATH=${CMAKE_PREFIX_PATH}:/home/user/simulation_ws/install/tortoisebot_localization:/home/user/simulation_ws/install/tortoisebot_control:/home/user/simulation_ws/install/ros2_aruco:/home/simulations/ros2_sims_ws/install/rclrs_tests:/home/simulations/ros2_sims_ws/install/examples_rclrs_minimal_client_service:/home/simulations/ros2_sims_ws/install/sensor_msgs_py:/home/simulations/ros2_sims_ws/install/examples_rclrs_minimal_pub_sub:/home/simulations/ros2_sims_ws/install/examples_rclrs_message_demo:/home/simulations/ros2_sims_ws/install/rclrs:/home/simulations/ros2_sims_ws/install/rosidl_runtime_rs:/opt/ros/humble _=/usr/bin/env /usr/bin/cmake /home/user/simulation_ws/src/tortoisebot/tortoisebot_navigation -DCMAKE_INSTALL_PREFIX=/home/user/simulation_ws/install/tortoisebot_navigation
[0.828s] -- The C compiler identification is GNU 11.3.0
[1.188s] -- The CXX compiler identification is GNU 11.3.0
[1.232s] -- Detecting C compiler ABI info
[2.024s] -- Detecting C compiler ABI info - done
[2.072s] -- Check for working C compiler: /usr/bin/cc - skipped
[2.073s] -- Detecting C compile features
[2.073s] -- Detecting C compile features - done
[2.087s] -- Detecting CXX compiler ABI info
[2.494s] -- Detecting CXX compiler ABI info - done
[2.513s] -- Check for working CXX compiler: /usr/bin/c++ - skipped
[2.514s] -- Detecting CXX compile features
[2.515s] -- Detecting CXX compile features - done
[2.544s] -- Found ament_cmake: 1.3.4 (/opt/ros/humble/share/ament_cmake/cmake)
[3.589s] -- Found Python3: /usr/bin/python3.10 (found version "3.10.6") found components: Interpreter 
[4.616s] -- Found ament_lint_auto: 0.12.6 (/opt/ros/humble/share/ament_lint_auto/cmake)
[5.310s] -- Added test 'copyright' to check source files copyright and LICENSE
[5.326s] -- Added test 'flake8' to check Python code syntax and style conventions
[5.329s] -- Added test 'lint_cmake' to check CMake code style
[5.372s] -- Added test 'pep257' to check Python code against some of the docstring style conventions in PEP 257
[5.377s] -- Added test 'xmllint' to check XML markup files
[5.385s] -- Configuring done
[5.419s] -- Generating done
[5.421s] -- Build files have been written to: /home/user/simulation_ws/build/tortoisebot_navigation
[5.481s] Invoked command in '/home/user/simulation_ws/build/tortoisebot_navigation' returned '0': CMAKE_PREFIX_PATH=${CMAKE_PREFIX_PATH}:/home/user/simulation_ws/install/tortoisebot_localization:/home/user/simulation_ws/install/tortoisebot_control:/home/user/simulation_ws/install/ros2_aruco:/home/simulations/ros2_sims_ws/install/rclrs_tests:/home/simulations/ros2_sims_ws/install/examples_rclrs_minimal_client_service:/home/simulations/ros2_sims_ws/install/sensor_msgs_py:/home/simulations/ros2_sims_ws/install/examples_rclrs_minimal_pub_sub:/home/simulations/ros2_sims_ws/install/examples_rclrs_message_demo:/home/simulations/ros2_sims_ws/install/rclrs:/home/simulations/ros2_sims_ws/install/rosidl_runtime_rs:/opt/ros/humble _=/usr/bin/env /usr/bin/cmake /home/user/simulation_ws/src/tortoisebot/tortoisebot_navigation -DCMAKE_INSTALL_PREFIX=/home/user/simulation_ws/install/tortoisebot_navigation
[5.482s] Invoking command in '/home/user/simulation_ws/build/tortoisebot_navigation': CMAKE_PREFIX_PATH=${CMAKE_PREFIX_PATH}:/home/user/simulation_ws/install/tortoisebot_localization:/home/user/simulation_ws/install/tortoisebot_control:/home/user/simulation_ws/install/ros2_aruco:/home/simulations/ros2_sims_ws/install/rclrs_tests:/home/simulations/ros2_sims_ws/install/examples_rclrs_minimal_client_service:/home/simulations/ros2_sims_ws/install/sensor_msgs_py:/home/simulations/ros2_sims_ws/install/examples_rclrs_minimal_pub_sub:/home/simulations/ros2_sims_ws/install/examples_rclrs_message_demo:/home/simulations/ros2_sims_ws/install/rclrs:/home/simulations/ros2_sims_ws/install/rosidl_runtime_rs:/opt/ros/humble _=/usr/bin/env /usr/bin/cmake --build /home/user/simulation_ws/build/tortoisebot_navigation -- -j8 -l8
[5.772s] Invoked command in '/home/user/simulation_ws/build/tortoisebot_navigation' returned '0': CMAKE_PREFIX_PATH=${CMAKE_PREFIX_PATH}:/home/user/simulation_ws/install/tortoisebot_localization:/home/user/simulation_ws/install/tortoisebot_control:/home/user/simulation_ws/install/ros2_aruco:/home/simulations/ros2_sims_ws/install/rclrs_tests:/home/simulations/ros2_sims_ws/install/examples_rclrs_minimal_client_service:/home/simulations/ros2_sims_ws/install/sensor_msgs_py:/home/simulations/ros2_sims_ws/install/examples_rclrs_minimal_pub_sub:/home/simulations/ros2_sims_ws/install/examples_rclrs_message_demo:/home/simulations/ros2_sims_ws/install/rclrs:/home/simulations/ros2_sims_ws/install/rosidl_runtime_rs:/opt/ros/humble _=/usr/bin/env /usr/bin/cmake --build /home/user/simulation_ws/build/tortoisebot_navigation -- -j8 -l8
[5.999s] Invoking command in '/home/user/simulation_ws/build/tortoisebot_navigation': CMAKE_PREFIX_PATH=${CMAKE_PREFIX_PATH}:/home/user/simulation_ws/install/tortoisebot_localization:/home/user/simulation_ws/install/tortoisebot_control:/home/user/simulation_ws/install/ros2_aruco:/home/simulations/ros2_sims_ws/install/rclrs_tests:/home/simulations/ros2_sims_ws/install/examples_rclrs_minimal_client_service:/home/simulations/ros2_sims_ws/install/sensor_msgs_py:/home/simulations/ros2_sims_ws/install/examples_rclrs_minimal_pub_sub:/home/simulations/ros2_sims_ws/install/examples_rclrs_message_demo:/home/simulations/ros2_sims_ws/install/rclrs:/home/simulations/ros2_sims_ws/install/rosidl_runtime_rs:/opt/ros/humble _=/usr/bin/env /usr/bin/cmake --install /home/user/simulation_ws/build/tortoisebot_navigation
[6.018s] -- Install configuration: ""
[6.019s] -- Installing: /home/user/simulation_ws/install/tortoisebot_navigation/share/tortoisebot_navigation/launch
[6.024s] -- Installing: /home/user/simulation_ws/install/tortoisebot_navigation/share/tortoisebot_navigation/launch/pathplanner.launch.py
[6.027s] -- Installing: /home/user/simulation_ws/install/tortoisebot_navigation/share/tortoisebot_navigation/launch/navigation.launch.py
[6.029s] -- Installing: /home/user/simulation_ws/install/tortoisebot_navigation/share/tortoisebot_navigation/config
[6.032s] -- Installing: /home/user/simulation_ws/install/tortoisebot_navigation/share/tortoisebot_navigation/config/controller.yaml
[6.032s] -- Installing: /home/user/simulation_ws/install/tortoisebot_navigation/share/tortoisebot_navigation/config/recovery.yaml
[6.032s] -- Installing: /home/user/simulation_ws/install/tortoisebot_navigation/share/tortoisebot_navigation/config/planner_server.yaml
[6.032s] -- Installing: /home/user/simulation_ws/install/tortoisebot_navigation/share/tortoisebot_navigation/config/bt_navigator.yaml
[6.033s] -- Installing: /home/user/simulation_ws/install/tortoisebot_navigation/share/tortoisebot_navigation/config/behavior.xml
[6.033s] -- Installing: /home/user/simulation_ws/install/tortoisebot_navigation/share/tortoisebot_navigation/config/nav2_params.yaml
[6.033s] -- Installing: /home/user/simulation_ws/install/tortoisebot_navigation/share/ament_index/resource_index/package_run_dependencies/tortoisebot_navigation
[6.033s] -- Installing: /home/user/simulation_ws/install/tortoisebot_navigation/share/ament_index/resource_index/parent_prefix_path/tortoisebot_navigation
[6.033s] -- Installing: /home/user/simulation_ws/install/tortoisebot_navigation/share/tortoisebot_navigation/environment/ament_prefix_path.sh
[6.033s] -- Installing: /home/user/simulation_ws/install/tortoisebot_navigation/share/tortoisebot_navigation/environment/ament_prefix_path.dsv
[6.034s] -- Installing: /home/user/simulation_ws/install/tortoisebot_navigation/share/tortoisebot_navigation/environment/path.sh
[6.034s] -- Installing: /home/user/simulation_ws/install/tortoisebot_navigation/share/tortoisebot_navigation/environment/path.dsv
[6.035s] -- Installing: /home/user/simulation_ws/install/tortoisebot_navigation/share/tortoisebot_navigation/local_setup.bash
[6.035s] -- Installing: /home/user/simulation_ws/install/tortoisebot_navigation/share/tortoisebot_navigation/local_setup.sh
[6.035s] -- Installing: /home/user/simulation_ws/install/tortoisebot_navigation/share/tortoisebot_navigation/local_setup.zsh
[6.035s] -- Installing: /home/user/simulation_ws/install/tortoisebot_navigation/share/tortoisebot_navigation/local_setup.dsv
[6.035s] -- Installing: /home/user/simulation_ws/install/tortoisebot_navigation/share/tortoisebot_navigation/package.dsv
[6.036s] -- Installing: /home/user/simulation_ws/install/tortoisebot_navigation/share/ament_index/resource_index/packages/tortoisebot_navigation
[6.036s] -- Installing: /home/user/simulation_ws/install/tortoisebot_navigation/share/tortoisebot_navigation/cmake/tortoisebot_navigationConfig.cmake
[6.036s] -- Installing: /home/user/simulation_ws/install/tortoisebot_navigation/share/tortoisebot_navigation/cmake/tortoisebot_navigationConfig-version.cmake
[6.036s] -- Installing: /home/user/simulation_ws/install/tortoisebot_navigation/share/tortoisebot_navigation/package.xml
[6.086s] Invoked command in '/home/user/simulation_ws/build/tortoisebot_navigation' returned '0': CMAKE_PREFIX_PATH=${CMAKE_PREFIX_PATH}:/home/user/simulation_ws/install/tortoisebot_localization:/home/user/simulation_ws/install/tortoisebot_control:/home/user/simulation_ws/install/ros2_aruco:/home/simulations/ros2_sims_ws/install/rclrs_tests:/home/simulations/ros2_sims_ws/install/examples_rclrs_minimal_client_service:/home/simulations/ros2_sims_ws/install/sensor_msgs_py:/home/simulations/ros2_sims_ws/install/examples_rclrs_minimal_pub_sub:/home/simulations/ros2_sims_ws/install/examples_rclrs_message_demo:/home/simulations/ros2_sims_ws/install/rclrs:/home/simulations/ros2_sims_ws/install/rosidl_runtime_rs:/opt/ros/humble _=/usr/bin/env /usr/bin/cmake --install /home/user/simulation_ws/build/tortoisebot_navigation
