[4.390s] Invoking command in '/home/user/simulation_ws/build/tortoisebot_gazebo': CMAKE_PREFIX_PATH=${CMAKE_PREFIX_PATH}:/home/user/simulation_ws/install/tortoisebot_localization:/home/user/simulation_ws/install/tortoisebot_control:/home/user/simulation_ws/install/ros2_aruco:/home/simulations/ros2_sims_ws/install/rclrs_tests:/home/simulations/ros2_sims_ws/install/examples_rclrs_minimal_client_service:/home/simulations/ros2_sims_ws/install/sensor_msgs_py:/home/simulations/ros2_sims_ws/install/examples_rclrs_minimal_pub_sub:/home/simulations/ros2_sims_ws/install/examples_rclrs_message_demo:/home/simulations/ros2_sims_ws/install/rclrs:/home/simulations/ros2_sims_ws/install/rosidl_runtime_rs:/home/user/ros2_ws/install/opencv_tests:/opt/ros/humble _=/usr/bin/env /usr/bin/cmake --build /home/user/simulation_ws/build/tortoisebot_gazebo -- -j8 -l8
[7.698s] Invoked command in '/home/user/simulation_ws/build/tortoisebot_gazebo' returned '0': CMAKE_PREFIX_PATH=${CMAKE_PREFIX_PATH}:/home/user/simulation_ws/install/tortoisebot_localization:/home/user/simulation_ws/install/tortoisebot_control:/home/user/simulation_ws/install/ros2_aruco:/home/simulations/ros2_sims_ws/install/rclrs_tests:/home/simulations/ros2_sims_ws/install/examples_rclrs_minimal_client_service:/home/simulations/ros2_sims_ws/install/sensor_msgs_py:/home/simulations/ros2_sims_ws/install/examples_rclrs_minimal_pub_sub:/home/simulations/ros2_sims_ws/install/examples_rclrs_message_demo:/home/simulations/ros2_sims_ws/install/rclrs:/home/simulations/ros2_sims_ws/install/rosidl_runtime_rs:/home/user/ros2_ws/install/opencv_tests:/opt/ros/humble _=/usr/bin/env /usr/bin/cmake --build /home/user/simulation_ws/build/tortoisebot_gazebo -- -j8 -l8
[8.770s] Invoking command in '/home/user/simulation_ws/build/tortoisebot_gazebo': CMAKE_PREFIX_PATH=${CMAKE_PREFIX_PATH}:/home/user/simulation_ws/install/tortoisebot_localization:/home/user/simulation_ws/install/tortoisebot_control:/home/user/simulation_ws/install/ros2_aruco:/home/simulations/ros2_sims_ws/install/rclrs_tests:/home/simulations/ros2_sims_ws/install/examples_rclrs_minimal_client_service:/home/simulations/ros2_sims_ws/install/sensor_msgs_py:/home/simulations/ros2_sims_ws/install/examples_rclrs_minimal_pub_sub:/home/simulations/ros2_sims_ws/install/examples_rclrs_message_demo:/home/simulations/ros2_sims_ws/install/rclrs:/home/simulations/ros2_sims_ws/install/rosidl_runtime_rs:/home/user/ros2_ws/install/opencv_tests:/opt/ros/humble _=/usr/bin/env /usr/bin/cmake --install /home/user/simulation_ws/build/tortoisebot_gazebo
[9.018s] -- Install configuration: ""
[9.018s] -- Up-to-date: /home/user/simulation_ws/install/tortoisebot_gazebo/share/tortoisebot_gazebo/gazebo
[9.018s] -- Up-to-date: /home/user/simulation_ws/install/tortoisebot_gazebo/share/tortoisebot_gazebo/gazebo/tortoisebot_physics.gazebo
[9.018s] -- Up-to-date: /home/user/simulation_ws/install/tortoisebot_gazebo/share/tortoisebot_gazebo/gazebo/tortoisebot_plugins.gazebo
[9.020s] -- Up-to-date: /home/user/simulation_ws/install/tortoisebot_gazebo/share/tortoisebot_gazebo/gazebo/tortoisebot_materials.gazebo
[9.023s] -- Up-to-date: /home/user/simulation_ws/install/tortoisebot_gazebo/share/tortoisebot_gazebo/launch
[9.054s] -- Up-to-date: /home/user/simulation_ws/install/tortoisebot_gazebo/share/tortoisebot_gazebo/launch/gazebo.launch.py
[9.054s] -- Up-to-date: /home/user/simulation_ws/install/tortoisebot_gazebo/share/tortoisebot_gazebo/worlds
[9.054s] -- Up-to-date: /home/user/simulation_ws/install/tortoisebot_gazebo/share/tortoisebot_gazebo/worlds/room2.sdf
[9.054s] -- Installing: /home/user/simulation_ws/install/tortoisebot_gazebo/share/tortoisebot_gazebo/worlds/tortoisebot_warehouse.world
[9.054s] -- Up-to-date: /home/user/simulation_ws/install/tortoisebot_gazebo/share/tortoisebot_gazebo/config
[9.054s] -- Up-to-date: /home/user/simulation_ws/install/tortoisebot_gazebo/share/tortoisebot_gazebo/config/hook_controller.yaml
[9.054s] -- Up-to-date: /home/user/simulation_ws/install/tortoisebot_gazebo/share/tortoisebot_gazebo/models
[9.054s] -- Up-to-date: /home/user/simulation_ws/install/tortoisebot_gazebo/share/tortoisebot_gazebo/models/tortoisebot_warehouse
[9.055s] -- Up-to-date: /home/user/simulation_ws/install/tortoisebot_gazebo/share/tortoisebot_gazebo/models/tortoisebot_warehouse/model.sdf
[9.055s] -- Up-to-date: /home/user/simulation_ws/install/tortoisebot_gazebo/share/tortoisebot_gazebo/models/tortoisebot_warehouse/meshes
[9.055s] -- Up-to-date: /home/user/simulation_ws/install/tortoisebot_gazebo/share/tortoisebot_gazebo/models/tortoisebot_warehouse/meshes/tortoisebot_warehouse_walls.dae
[9.055s] -- Up-to-date: /home/user/simulation_ws/install/tortoisebot_gazebo/share/tortoisebot_gazebo/models/tortoisebot_warehouse/meshes/tortoisebot_walls.dae
[9.055s] -- Up-to-date: /home/user/simulation_ws/install/tortoisebot_gazebo/share/tortoisebot_gazebo/models/tortoisebot_warehouse/model.config
[9.055s] -- Up-to-date: /home/user/simulation_ws/install/tortoisebot_gazebo/share/tortoisebot_gazebo/models/grasping_cube
[9.055s] -- Up-to-date: /home/user/simulation_ws/install/tortoisebot_gazebo/share/tortoisebot_gazebo/models/grasping_cube/model.sdf
[9.055s] -- Up-to-date: /home/user/simulation_ws/install/tortoisebot_gazebo/share/tortoisebot_gazebo/models/grasping_cube/meshes
[9.055s] -- Up-to-date: /home/user/simulation_ws/install/tortoisebot_gazebo/share/tortoisebot_gazebo/models/grasping_cube/meshes/grasping_cube.dae
[9.055s] -- Up-to-date: /home/user/simulation_ws/install/tortoisebot_gazebo/share/tortoisebot_gazebo/models/grasping_cube/model.config
[9.055s] -- Up-to-date: /home/user/simulation_ws/install/tortoisebot_gazebo/share/tortoisebot_gazebo/models/image_pallet_rack
[9.056s] -- Up-to-date: /home/user/simulation_ws/install/tortoisebot_gazebo/share/tortoisebot_gazebo/models/image_pallet_rack/materials
[9.056s] -- Up-to-date: /home/user/simulation_ws/install/tortoisebot_gazebo/share/tortoisebot_gazebo/models/image_pallet_rack/materials/scripts
[9.056s] -- Up-to-date: /home/user/simulation_ws/install/tortoisebot_gazebo/share/tortoisebot_gazebo/models/image_pallet_rack/materials/scripts/image_fan.material
[9.056s] -- Up-to-date: /home/user/simulation_ws/install/tortoisebot_gazebo/share/tortoisebot_gazebo/models/image_pallet_rack/materials/textures
[9.056s] -- Up-to-date: /home/user/simulation_ws/install/tortoisebot_gazebo/share/tortoisebot_gazebo/models/image_pallet_rack/materials/textures/pallet-rack.jpg
[9.056s] -- Up-to-date: /home/user/simulation_ws/install/tortoisebot_gazebo/share/tortoisebot_gazebo/models/image_pallet_rack/model.sdf
[9.056s] -- Up-to-date: /home/user/simulation_ws/install/tortoisebot_gazebo/share/tortoisebot_gazebo/models/image_pallet_rack/model.config
[9.056s] -- Up-to-date: /home/user/simulation_ws/install/tortoisebot_gazebo/share/tortoisebot_gazebo/models/image_trailer_dock
[9.056s] -- Up-to-date: /home/user/simulation_ws/install/tortoisebot_gazebo/share/tortoisebot_gazebo/models/image_trailer_dock/materials
[9.057s] -- Up-to-date: /home/user/simulation_ws/install/tortoisebot_gazebo/share/tortoisebot_gazebo/models/image_trailer_dock/materials/scripts
[9.057s] -- Up-to-date: /home/user/simulation_ws/install/tortoisebot_gazebo/share/tortoisebot_gazebo/models/image_trailer_dock/materials/scripts/image_trailer_dock.material
[9.057s] -- Up-to-date: /home/user/simulation_ws/install/tortoisebot_gazebo/share/tortoisebot_gazebo/models/image_trailer_dock/materials/textures
[9.057s] -- Up-to-date: /home/user/simulation_ws/install/tortoisebot_gazebo/share/tortoisebot_gazebo/models/image_trailer_dock/materials/textures/loading-dock.jpg
[9.057s] -- Up-to-date: /home/user/simulation_ws/install/tortoisebot_gazebo/share/tortoisebot_gazebo/models/image_trailer_dock/model.sdf
[9.057s] -- Up-to-date: /home/user/simulation_ws/install/tortoisebot_gazebo/share/tortoisebot_gazebo/models/image_trailer_dock/model.config
[9.057s] -- Up-to-date: /home/user/simulation_ws/install/tortoisebot_gazebo/share/tortoisebot_gazebo/models/image_fan
[9.057s] -- Up-to-date: /home/user/simulation_ws/install/tortoisebot_gazebo/share/tortoisebot_gazebo/models/image_fan/materials
[9.057s] -- Up-to-date: /home/user/simulation_ws/install/tortoisebot_gazebo/share/tortoisebot_gazebo/models/image_fan/materials/scripts
[9.064s] -- Up-to-date: /home/user/simulation_ws/install/tortoisebot_gazebo/share/tortoisebot_gazebo/models/image_fan/materials/scripts/image_fan.material
[9.064s] -- Up-to-date: /home/user/simulation_ws/install/tortoisebot_gazebo/share/tortoisebot_gazebo/models/image_fan/materials/textures
[9.064s] -- Up-to-date: /home/user/simulation_ws/install/tortoisebot_gazebo/share/tortoisebot_gazebo/models/image_fan/materials/textures/fan.jpg
[9.064s] -- Up-to-date: /home/user/simulation_ws/install/tortoisebot_gazebo/share/tortoisebot_gazebo/models/image_fan/model.sdf
[9.064s] -- Up-to-date: /home/user/simulation_ws/install/tortoisebot_gazebo/share/tortoisebot_gazebo/models/image_fan/model.config
[9.064s] -- Up-to-date: /home/user/simulation_ws/install/tortoisebot_gazebo/share/tortoisebot_gazebo/models/image_floor
[9.064s] -- Up-to-date: /home/user/simulation_ws/install/tortoisebot_gazebo/share/tortoisebot_gazebo/models/image_floor/materials
[9.065s] -- Up-to-date: /home/user/simulation_ws/install/tortoisebot_gazebo/share/tortoisebot_gazebo/models/image_floor/materials/scripts
[9.065s] -- Up-to-date: /home/user/simulation_ws/install/tortoisebot_gazebo/share/tortoisebot_gazebo/models/image_floor/materials/scripts/image_floor.material
[9.065s] -- Up-to-date: /home/user/simulation_ws/install/tortoisebot_gazebo/share/tortoisebot_gazebo/models/image_floor/materials/textures
[9.065s] -- Up-to-date: /home/user/simulation_ws/install/tortoisebot_gazebo/share/tortoisebot_gazebo/models/image_floor/materials/textures/tortoisebot_warehouse.png
[9.065s] -- Up-to-date: /home/user/simulation_ws/install/tortoisebot_gazebo/share/tortoisebot_gazebo/models/image_floor/model.sdf
[9.070s] -- Up-to-date: /home/user/simulation_ws/install/tortoisebot_gazebo/share/tortoisebot_gazebo/models/image_floor/model.config
[9.071s] -- Up-to-date: /home/user/simulation_ws/install/tortoisebot_gazebo/share/ament_index/resource_index/package_run_dependencies/tortoisebot_gazebo
[9.071s] -- Up-to-date: /home/user/simulation_ws/install/tortoisebot_gazebo/share/ament_index/resource_index/parent_prefix_path/tortoisebot_gazebo
[9.071s] -- Up-to-date: /home/user/simulation_ws/install/tortoisebot_gazebo/share/tortoisebot_gazebo/environment/ament_prefix_path.sh
[9.071s] -- Up-to-date: /home/user/simulation_ws/install/tortoisebot_gazebo/share/tortoisebot_gazebo/environment/ament_prefix_path.dsv
[9.071s] -- Up-to-date: /home/user/simulation_ws/install/tortoisebot_gazebo/share/tortoisebot_gazebo/environment/path.sh
[9.071s] -- Up-to-date: /home/user/simulation_ws/install/tortoisebot_gazebo/share/tortoisebot_gazebo/environment/path.dsv
[9.071s] -- Up-to-date: /home/user/simulation_ws/install/tortoisebot_gazebo/share/tortoisebot_gazebo/local_setup.bash
[9.071s] -- Up-to-date: /home/user/simulation_ws/install/tortoisebot_gazebo/share/tortoisebot_gazebo/local_setup.sh
[9.072s] -- Up-to-date: /home/user/simulation_ws/install/tortoisebot_gazebo/share/tortoisebot_gazebo/local_setup.zsh
[9.072s] -- Up-to-date: /home/user/simulation_ws/install/tortoisebot_gazebo/share/tortoisebot_gazebo/local_setup.dsv
[9.072s] -- Installing: /home/user/simulation_ws/install/tortoisebot_gazebo/share/tortoisebot_gazebo/package.dsv
[9.072s] -- Up-to-date: /home/user/simulation_ws/install/tortoisebot_gazebo/share/ament_index/resource_index/packages/tortoisebot_gazebo
[9.072s] -- Up-to-date: /home/user/simulation_ws/install/tortoisebot_gazebo/share/tortoisebot_gazebo/cmake/tortoisebot_gazeboConfig.cmake
[9.072s] -- Up-to-date: /home/user/simulation_ws/install/tortoisebot_gazebo/share/tortoisebot_gazebo/cmake/tortoisebot_gazeboConfig-version.cmake
[9.072s] -- Up-to-date: /home/user/simulation_ws/install/tortoisebot_gazebo/share/tortoisebot_gazebo/package.xml
[9.156s] Invoked command in '/home/user/simulation_ws/build/tortoisebot_gazebo' returned '0': CMAKE_PREFIX_PATH=${CMAKE_PREFIX_PATH}:/home/user/simulation_ws/install/tortoisebot_localization:/home/user/simulation_ws/install/tortoisebot_control:/home/user/simulation_ws/install/ros2_aruco:/home/simulations/ros2_sims_ws/install/rclrs_tests:/home/simulations/ros2_sims_ws/install/examples_rclrs_minimal_client_service:/home/simulations/ros2_sims_ws/install/sensor_msgs_py:/home/simulations/ros2_sims_ws/install/examples_rclrs_minimal_pub_sub:/home/simulations/ros2_sims_ws/install/examples_rclrs_message_demo:/home/simulations/ros2_sims_ws/install/rclrs:/home/simulations/ros2_sims_ws/install/rosidl_runtime_rs:/home/user/ros2_ws/install/opencv_tests:/opt/ros/humble _=/usr/bin/env /usr/bin/cmake --install /home/user/simulation_ws/build/tortoisebot_gazebo
