[0.275s] Invoking command in '/home/user/simulation_ws/build/ydlidar_ros2_driver': CMAKE_PREFIX_PATH=${CMAKE_PREFIX_PATH}:/home/user/simulation_ws/install/tortoisebot_localization:/home/user/simulation_ws/install/tortoisebot_control:/home/user/simulation_ws/install/ros2_aruco:/home/simulations/ros2_sims_ws/install/rclrs_tests:/home/simulations/ros2_sims_ws/install/examples_rclrs_minimal_client_service:/home/simulations/ros2_sims_ws/install/sensor_msgs_py:/home/simulations/ros2_sims_ws/install/examples_rclrs_minimal_pub_sub:/home/simulations/ros2_sims_ws/install/examples_rclrs_message_demo:/home/simulations/ros2_sims_ws/install/rclrs:/home/simulations/ros2_sims_ws/install/rosidl_runtime_rs:/opt/ros/humble _=/usr/bin/env /usr/bin/cmake /home/user/simulation_ws/src/tortoisebot/ydlidar_ros2_driver -DCMAKE_INSTALL_PREFIX=/home/user/simulation_ws/install/ydlidar_ros2_driver
[0.691s] -- The C compiler identification is GNU 11.3.0
[1.074s] -- The CXX compiler identification is GNU 11.3.0
[1.089s] -- Detecting C compiler ABI info
[1.449s] -- Detecting C compiler ABI info - done
[1.505s] -- Check for working C compiler: /usr/bin/cc - skipped
[1.512s] -- Detecting C compile features
[1.512s] -- Detecting C compile features - done
[1.551s] -- Detecting CXX compiler ABI info
[1.931s] -- Detecting CXX compiler ABI info - done
[1.948s] -- Check for working CXX compiler: /usr/bin/c++ - skipped
[1.949s] -- Detecting CXX compile features
[1.950s] -- Detecting CXX compile features - done
[1.969s] -- Found ament_cmake: 1.3.4 (/opt/ros/humble/share/ament_cmake/cmake)
[2.962s] -- Found Python3: /usr/bin/python3.10 (found version "3.10.6") found components: Interpreter 
[3.881s] -- Found rclcpp: 16.0.4 (/opt/ros/humble/share/rclcpp/cmake)
[4.369s] -- Found rosidl_generator_c: 3.1.4 (/opt/ros/humble/share/rosidl_generator_c/cmake)
[4.441s] -- Found rosidl_adapter: 3.1.4 (/opt/ros/humble/share/rosidl_adapter/cmake)
[4.533s] -- Found rosidl_generator_cpp: 3.1.4 (/opt/ros/humble/share/rosidl_generator_cpp/cmake)
[4.650s] -- Using all available rosidl_typesupport_c: rosidl_typesupport_fastrtps_c;rosidl_typesupport_introspection_c
[4.840s] -- Using all available rosidl_typesupport_cpp: rosidl_typesupport_fastrtps_cpp;rosidl_typesupport_introspection_cpp
[5.382s] -- Found rmw_implementation_cmake: 6.1.1 (/opt/ros/humble/share/rmw_implementation_cmake/cmake)
[5.433s] -- Found rmw_fastrtps_cpp: 6.2.2 (/opt/ros/humble/share/rmw_fastrtps_cpp/cmake)
[6.098s] -- Found OpenSSL: /usr/lib/x86_64-linux-gnu/libcrypto.so (found version "3.0.2")  
[6.212s] -- Found FastRTPS: /opt/ros/humble/include  
[6.434s] -- Using RMW implementation 'rmw_fastrtps_cpp' as default
[6.539s] -- Looking for pthread.h
[6.800s] -- Looking for pthread.h - found
[6.800s] -- Performing Test CMAKE_HAVE_LIBC_PTHREAD
[7.100s] -- Performing Test CMAKE_HAVE_LIBC_PTHREAD - Success
[7.100s] -- Found Threads: TRUE  
[7.488s] -- Found sensor_msgs: 4.2.3 (/home/simulations/ros2_sims_ws/install/sensor_msgs/share/sensor_msgs/cmake)
[7.843s] -- Found visualization_msgs: 4.2.3 (/home/simulations/ros2_sims_ws/install/visualization_msgs/share/visualization_msgs/cmake)
[8.146s] -- Found std_srvs: 4.2.3 (/home/simulations/ros2_sims_ws/install/std_srvs/share/std_srvs/cmake)
[8.248s] [31mCMake Error at CMakeLists.txt:25 (find_package):
[8.248s]   By not providing "Findydlidar_sdk.cmake" in CMAKE_MODULE_PATH this project
[8.249s]   has asked CMake to find a package configuration file provided by
[8.249s]   "ydlidar_sdk", but CMake did not find one.
[8.249s] 
[8.249s]   Could not find a package configuration file provided by "ydlidar_sdk" with
[8.249s]   any of the following names:
[8.249s] 
[8.249s]     ydlidar_sdkConfig.cmake
[8.249s]     ydlidar_sdk-config.cmake
[8.249s] 
[8.250s]   Add the installation prefix of "ydlidar_sdk" to CMAKE_PREFIX_PATH or set
[8.250s]   "ydlidar_sdk_DIR" to a directory containing one of the above files.  If
[8.250s]   "ydlidar_sdk" provides a separate development package or SDK, be sure it
[8.250s]   has been installed.
[8.250s] 
[8.250s] [0m
[8.250s] -- Configuring incomplete, errors occurred!
[8.250s] See also "/home/user/simulation_ws/build/ydlidar_ros2_driver/CMakeFiles/CMakeOutput.log".
[8.267s] Invoked command in '/home/user/simulation_ws/build/ydlidar_ros2_driver' returned '1': CMAKE_PREFIX_PATH=${CMAKE_PREFIX_PATH}:/home/user/simulation_ws/install/tortoisebot_localization:/home/user/simulation_ws/install/tortoisebot_control:/home/user/simulation_ws/install/ros2_aruco:/home/simulations/ros2_sims_ws/install/rclrs_tests:/home/simulations/ros2_sims_ws/install/examples_rclrs_minimal_client_service:/home/simulations/ros2_sims_ws/install/sensor_msgs_py:/home/simulations/ros2_sims_ws/install/examples_rclrs_minimal_pub_sub:/home/simulations/ros2_sims_ws/install/examples_rclrs_message_demo:/home/simulations/ros2_sims_ws/install/rclrs:/home/simulations/ros2_sims_ws/install/rosidl_runtime_rs:/opt/ros/humble _=/usr/bin/env /usr/bin/cmake /home/user/simulation_ws/src/tortoisebot/ydlidar_ros2_driver -DCMAKE_INSTALL_PREFIX=/home/user/simulation_ws/install/ydlidar_ros2_driver
