[8.722s] Invoking command in '/home/user/ros2_ws/src/turtlebot3/turtlebot3_teleop': PYTHONPATH=/home/user/ros2_ws/build/turtlebot3_teleop/prefix_override:/home/user/ros2_ws/install/turtlebot3_teleop/lib/python3.10/site-packages:${PYTHONPATH} _=/usr/bin/env /usr/bin/python3 setup.py egg_info --egg-base ../../../build/turtlebot3_teleop build --build-base /home/user/ros2_ws/build/turtlebot3_teleop/build install --record /home/user/ros2_ws/build/turtlebot3_teleop/install.log --single-version-externally-managed
[11.602s] running egg_info
[11.603s] writing ../../../build/turtlebot3_teleop/turtlebot3_teleop.egg-info/PKG-INFO
[11.605s] writing dependency_links to ../../../build/turtlebot3_teleop/turtlebot3_teleop.egg-info/dependency_links.txt
[11.605s] writing entry points to ../../../build/turtlebot3_teleop/turtlebot3_teleop.egg-info/entry_points.txt
[11.607s] writing requirements to ../../../build/turtlebot3_teleop/turtlebot3_teleop.egg-info/requires.txt
[11.608s] writing top-level names to ../../../build/turtlebot3_teleop/turtlebot3_teleop.egg-info/top_level.txt
[11.609s] reading manifest file '../../../build/turtlebot3_teleop/turtlebot3_teleop.egg-info/SOURCES.txt'
[11.611s] writing manifest file '../../../build/turtlebot3_teleop/turtlebot3_teleop.egg-info/SOURCES.txt'
[11.621s] running build
[11.622s] running build_py
[11.622s] running install
[11.622s] /usr/lib/python3/dist-packages/setuptools/command/install.py:34: SetuptoolsDeprecationWarning: setup.py install is deprecated. Use build and pip and other standards-based tools.
[11.622s]   warnings.warn(
[11.622s] running install_lib
[11.622s] running install_data
[11.623s] running install_egg_info
[11.623s] removing '/home/user/ros2_ws/install/turtlebot3_teleop/lib/python3.10/site-packages/turtlebot3_teleop-2.1.5-py3.10.egg-info' (and everything under it)
[11.623s] Copying ../../../build/turtlebot3_teleop/turtlebot3_teleop.egg-info to /home/user/ros2_ws/install/turtlebot3_teleop/lib/python3.10/site-packages/turtlebot3_teleop-2.1.5-py3.10.egg-info
[11.625s] running install_scripts
[11.794s] Installing teleop_keyboard script to /home/user/ros2_ws/install/turtlebot3_teleop/lib/turtlebot3_teleop
[11.795s] writing list of installed files to '/home/user/ros2_ws/build/turtlebot3_teleop/install.log'
[11.904s] Invoked command in '/home/user/ros2_ws/src/turtlebot3/turtlebot3_teleop' returned '0': PYTHONPATH=/home/user/ros2_ws/build/turtlebot3_teleop/prefix_override:/home/user/ros2_ws/install/turtlebot3_teleop/lib/python3.10/site-packages:${PYTHONPATH} _=/usr/bin/env /usr/bin/python3 setup.py egg_info --egg-base ../../../build/turtlebot3_teleop build --build-base /home/user/ros2_ws/build/turtlebot3_teleop/build install --record /home/user/ros2_ws/build/turtlebot3_teleop/install.log --single-version-externally-managed
