[0.192s] Invoking command in '/home/user/simulation_ws/build/tortoisebot_navigation': CMAKE_PREFIX_PATH=${CMAKE_PREFIX_PATH}:/home/user/ros2_ws/install/apriltag_nagivation:/home/user/simulation_ws/install/tortoisebot_localization:/home/user/simulation_ws/install/tortoisebot_control:/home/user/simulation_ws/install/ros2_aruco:/home/simulations/ros2_sims_ws/install/rclrs_tests:/home/simulations/ros2_sims_ws/install/examples_rclrs_minimal_client_service:/home/simulations/ros2_sims_ws/install/sensor_msgs_py:/home/simulations/ros2_sims_ws/install/examples_rclrs_minimal_pub_sub:/home/simulations/ros2_sims_ws/install/examples_rclrs_message_demo:/home/simulations/ros2_sims_ws/install/rclrs:/home/simulations/ros2_sims_ws/install/rosidl_runtime_rs:/home/user/ros2_ws/install/opencv_tests:/opt/ros/humble _=/usr/bin/env /usr/bin/cmake --build /home/user/simulation_ws/build/tortoisebot_navigation -- -j8 -l8
[0.445s] Invoked command in '/home/user/simulation_ws/build/tortoisebot_navigation' returned '0': CMAKE_PREFIX_PATH=${CMAKE_PREFIX_PATH}:/home/user/ros2_ws/install/apriltag_nagivation:/home/user/simulation_ws/install/tortoisebot_localization:/home/user/simulation_ws/install/tortoisebot_control:/home/user/simulation_ws/install/ros2_aruco:/home/simulations/ros2_sims_ws/install/rclrs_tests:/home/simulations/ros2_sims_ws/install/examples_rclrs_minimal_client_service:/home/simulations/ros2_sims_ws/install/sensor_msgs_py:/home/simulations/ros2_sims_ws/install/examples_rclrs_minimal_pub_sub:/home/simulations/ros2_sims_ws/install/examples_rclrs_message_demo:/home/simulations/ros2_sims_ws/install/rclrs:/home/simulations/ros2_sims_ws/install/rosidl_runtime_rs:/home/user/ros2_ws/install/opencv_tests:/opt/ros/humble _=/usr/bin/env /usr/bin/cmake --build /home/user/simulation_ws/build/tortoisebot_navigation -- -j8 -l8
[0.742s] Invoking command in '/home/user/simulation_ws/build/tortoisebot_navigation': CMAKE_PREFIX_PATH=${CMAKE_PREFIX_PATH}:/home/user/ros2_ws/install/apriltag_nagivation:/home/user/simulation_ws/install/tortoisebot_localization:/home/user/simulation_ws/install/tortoisebot_control:/home/user/simulation_ws/install/ros2_aruco:/home/simulations/ros2_sims_ws/install/rclrs_tests:/home/simulations/ros2_sims_ws/install/examples_rclrs_minimal_client_service:/home/simulations/ros2_sims_ws/install/sensor_msgs_py:/home/simulations/ros2_sims_ws/install/examples_rclrs_minimal_pub_sub:/home/simulations/ros2_sims_ws/install/examples_rclrs_message_demo:/home/simulations/ros2_sims_ws/install/rclrs:/home/simulations/ros2_sims_ws/install/rosidl_runtime_rs:/home/user/ros2_ws/install/opencv_tests:/opt/ros/humble _=/usr/bin/env /usr/bin/cmake --install /home/user/simulation_ws/build/tortoisebot_navigation
[0.809s] -- Install configuration: ""
[0.812s] -- Up-to-date: /home/user/simulation_ws/install/tortoisebot_navigation/share/tortoisebot_navigation/launch
[0.812s] -- Up-to-date: /home/user/simulation_ws/install/tortoisebot_navigation/share/tortoisebot_navigation/launch/pathplanner.launch.py
[0.812s] -- Up-to-date: /home/user/simulation_ws/install/tortoisebot_navigation/share/tortoisebot_navigation/launch/navigation.launch.py
[0.812s] -- Up-to-date: /home/user/simulation_ws/install/tortoisebot_navigation/share/tortoisebot_navigation/config
[0.812s] -- Up-to-date: /home/user/simulation_ws/install/tortoisebot_navigation/share/tortoisebot_navigation/config/controller.yaml
[0.812s] -- Up-to-date: /home/user/simulation_ws/install/tortoisebot_navigation/share/tortoisebot_navigation/config/recovery.yaml
[0.812s] -- Up-to-date: /home/user/simulation_ws/install/tortoisebot_navigation/share/tortoisebot_navigation/config/planner_server.yaml
[0.812s] -- Up-to-date: /home/user/simulation_ws/install/tortoisebot_navigation/share/tortoisebot_navigation/config/bt_navigator.yaml
[0.812s] -- Up-to-date: /home/user/simulation_ws/install/tortoisebot_navigation/share/tortoisebot_navigation/config/behavior.xml
[0.813s] -- Up-to-date: /home/user/simulation_ws/install/tortoisebot_navigation/share/tortoisebot_navigation/config/nav2_params.yaml
[0.813s] -- Up-to-date: /home/user/simulation_ws/install/tortoisebot_navigation/share/ament_index/resource_index/package_run_dependencies/tortoisebot_navigation
[0.813s] -- Up-to-date: /home/user/simulation_ws/install/tortoisebot_navigation/share/ament_index/resource_index/parent_prefix_path/tortoisebot_navigation
[0.813s] -- Up-to-date: /home/user/simulation_ws/install/tortoisebot_navigation/share/tortoisebot_navigation/environment/ament_prefix_path.sh
[0.813s] -- Up-to-date: /home/user/simulation_ws/install/tortoisebot_navigation/share/tortoisebot_navigation/environment/ament_prefix_path.dsv
[0.813s] -- Up-to-date: /home/user/simulation_ws/install/tortoisebot_navigation/share/tortoisebot_navigation/environment/path.sh
[0.813s] -- Up-to-date: /home/user/simulation_ws/install/tortoisebot_navigation/share/tortoisebot_navigation/environment/path.dsv
[0.813s] -- Up-to-date: /home/user/simulation_ws/install/tortoisebot_navigation/share/tortoisebot_navigation/local_setup.bash
[0.813s] -- Up-to-date: /home/user/simulation_ws/install/tortoisebot_navigation/share/tortoisebot_navigation/local_setup.sh
[0.813s] -- Up-to-date: /home/user/simulation_ws/install/tortoisebot_navigation/share/tortoisebot_navigation/local_setup.zsh
[0.813s] -- Up-to-date: /home/user/simulation_ws/install/tortoisebot_navigation/share/tortoisebot_navigation/local_setup.dsv
[0.813s] -- Installing: /home/user/simulation_ws/install/tortoisebot_navigation/share/tortoisebot_navigation/package.dsv
[0.814s] -- Up-to-date: /home/user/simulation_ws/install/tortoisebot_navigation/share/ament_index/resource_index/packages/tortoisebot_navigation
[0.814s] -- Up-to-date: /home/user/simulation_ws/install/tortoisebot_navigation/share/tortoisebot_navigation/cmake/tortoisebot_navigationConfig.cmake
[0.814s] -- Up-to-date: /home/user/simulation_ws/install/tortoisebot_navigation/share/tortoisebot_navigation/cmake/tortoisebot_navigationConfig-version.cmake
[0.814s] -- Up-to-date: /home/user/simulation_ws/install/tortoisebot_navigation/share/tortoisebot_navigation/package.xml
[0.829s] Invoked command in '/home/user/simulation_ws/build/tortoisebot_navigation' returned '0': CMAKE_PREFIX_PATH=${CMAKE_PREFIX_PATH}:/home/user/ros2_ws/install/apriltag_nagivation:/home/user/simulation_ws/install/tortoisebot_localization:/home/user/simulation_ws/install/tortoisebot_control:/home/user/simulation_ws/install/ros2_aruco:/home/simulations/ros2_sims_ws/install/rclrs_tests:/home/simulations/ros2_sims_ws/install/examples_rclrs_minimal_client_service:/home/simulations/ros2_sims_ws/install/sensor_msgs_py:/home/simulations/ros2_sims_ws/install/examples_rclrs_minimal_pub_sub:/home/simulations/ros2_sims_ws/install/examples_rclrs_message_demo:/home/simulations/ros2_sims_ws/install/rclrs:/home/simulations/ros2_sims_ws/install/rosidl_runtime_rs:/home/user/ros2_ws/install/opencv_tests:/opt/ros/humble _=/usr/bin/env /usr/bin/cmake --install /home/user/simulation_ws/build/tortoisebot_navigation
