[0.223s] Invoking command in '/home/user/simulation_ws/build/tortoisebot_slam': CMAKE_PREFIX_PATH=${CMAKE_PREFIX_PATH}:/home/user/simulation_ws/install/tortoisebot_localization:/home/user/simulation_ws/install/tortoisebot_control:/home/user/simulation_ws/install/ros2_aruco:/home/simulations/ros2_sims_ws/install/rclrs_tests:/home/simulations/ros2_sims_ws/install/examples_rclrs_minimal_client_service:/home/simulations/ros2_sims_ws/install/sensor_msgs_py:/home/simulations/ros2_sims_ws/install/examples_rclrs_minimal_pub_sub:/home/simulations/ros2_sims_ws/install/examples_rclrs_message_demo:/home/simulations/ros2_sims_ws/install/rclrs:/home/simulations/ros2_sims_ws/install/rosidl_runtime_rs:/home/user/ros2_ws/install/opencv_tests:/opt/ros/humble _=/usr/bin/env /usr/bin/cmake --build /home/user/simulation_ws/build/tortoisebot_slam -- -j8 -l8
[0.806s] Invoked command in '/home/user/simulation_ws/build/tortoisebot_slam' returned '0': CMAKE_PREFIX_PATH=${CMAKE_PREFIX_PATH}:/home/user/simulation_ws/install/tortoisebot_localization:/home/user/simulation_ws/install/tortoisebot_control:/home/user/simulation_ws/install/ros2_aruco:/home/simulations/ros2_sims_ws/install/rclrs_tests:/home/simulations/ros2_sims_ws/install/examples_rclrs_minimal_client_service:/home/simulations/ros2_sims_ws/install/sensor_msgs_py:/home/simulations/ros2_sims_ws/install/examples_rclrs_minimal_pub_sub:/home/simulations/ros2_sims_ws/install/examples_rclrs_message_demo:/home/simulations/ros2_sims_ws/install/rclrs:/home/simulations/ros2_sims_ws/install/rosidl_runtime_rs:/home/user/ros2_ws/install/opencv_tests:/opt/ros/humble _=/usr/bin/env /usr/bin/cmake --build /home/user/simulation_ws/build/tortoisebot_slam -- -j8 -l8
[1.101s] Invoking command in '/home/user/simulation_ws/build/tortoisebot_slam': CMAKE_PREFIX_PATH=${CMAKE_PREFIX_PATH}:/home/user/simulation_ws/install/tortoisebot_localization:/home/user/simulation_ws/install/tortoisebot_control:/home/user/simulation_ws/install/ros2_aruco:/home/simulations/ros2_sims_ws/install/rclrs_tests:/home/simulations/ros2_sims_ws/install/examples_rclrs_minimal_client_service:/home/simulations/ros2_sims_ws/install/sensor_msgs_py:/home/simulations/ros2_sims_ws/install/examples_rclrs_minimal_pub_sub:/home/simulations/ros2_sims_ws/install/examples_rclrs_message_demo:/home/simulations/ros2_sims_ws/install/rclrs:/home/simulations/ros2_sims_ws/install/rosidl_runtime_rs:/home/user/ros2_ws/install/opencv_tests:/opt/ros/humble _=/usr/bin/env /usr/bin/cmake --install /home/user/simulation_ws/build/tortoisebot_slam
[1.351s] -- Install configuration: ""
[1.351s] -- Up-to-date: /home/user/simulation_ws/install/tortoisebot_slam/share/tortoisebot_slam/launch
[1.351s] -- Up-to-date: /home/user/simulation_ws/install/tortoisebot_slam/share/tortoisebot_slam/launch/cartographer.launch.py
[1.351s] -- Up-to-date: /home/user/simulation_ws/install/tortoisebot_slam/share/tortoisebot_slam/config
[1.351s] -- Up-to-date: /home/user/simulation_ws/install/tortoisebot_slam/share/tortoisebot_slam/config/ekf.yaml
[1.351s] -- Up-to-date: /home/user/simulation_ws/install/tortoisebot_slam/share/tortoisebot_slam/config/2d_localization.lua
[1.351s] -- Up-to-date: /home/user/simulation_ws/install/tortoisebot_slam/share/tortoisebot_slam/config/2d_slam.lua
[1.351s] -- Up-to-date: /home/user/simulation_ws/install/tortoisebot_slam/share/ament_index/resource_index/package_run_dependencies/tortoisebot_slam
[1.351s] -- Up-to-date: /home/user/simulation_ws/install/tortoisebot_slam/share/ament_index/resource_index/parent_prefix_path/tortoisebot_slam
[1.352s] -- Up-to-date: /home/user/simulation_ws/install/tortoisebot_slam/share/tortoisebot_slam/environment/ament_prefix_path.sh
[1.352s] -- Up-to-date: /home/user/simulation_ws/install/tortoisebot_slam/share/tortoisebot_slam/environment/ament_prefix_path.dsv
[1.352s] -- Up-to-date: /home/user/simulation_ws/install/tortoisebot_slam/share/tortoisebot_slam/environment/path.sh
[1.352s] -- Up-to-date: /home/user/simulation_ws/install/tortoisebot_slam/share/tortoisebot_slam/environment/path.dsv
[1.352s] -- Up-to-date: /home/user/simulation_ws/install/tortoisebot_slam/share/tortoisebot_slam/local_setup.bash
[1.397s] -- Up-to-date: /home/user/simulation_ws/install/tortoisebot_slam/share/tortoisebot_slam/local_setup.sh
[1.397s] -- Up-to-date: /home/user/simulation_ws/install/tortoisebot_slam/share/tortoisebot_slam/local_setup.zsh
[1.397s] -- Up-to-date: /home/user/simulation_ws/install/tortoisebot_slam/share/tortoisebot_slam/local_setup.dsv
[1.397s] -- Installing: /home/user/simulation_ws/install/tortoisebot_slam/share/tortoisebot_slam/package.dsv
[1.397s] -- Up-to-date: /home/user/simulation_ws/install/tortoisebot_slam/share/ament_index/resource_index/packages/tortoisebot_slam
[1.397s] -- Up-to-date: /home/user/simulation_ws/install/tortoisebot_slam/share/tortoisebot_slam/cmake/tortoisebot_slamConfig.cmake
[1.397s] -- Up-to-date: /home/user/simulation_ws/install/tortoisebot_slam/share/tortoisebot_slam/cmake/tortoisebot_slamConfig-version.cmake
[1.398s] -- Up-to-date: /home/user/simulation_ws/install/tortoisebot_slam/share/tortoisebot_slam/package.xml
[1.405s] Invoked command in '/home/user/simulation_ws/build/tortoisebot_slam' returned '0': CMAKE_PREFIX_PATH=${CMAKE_PREFIX_PATH}:/home/user/simulation_ws/install/tortoisebot_localization:/home/user/simulation_ws/install/tortoisebot_control:/home/user/simulation_ws/install/ros2_aruco:/home/simulations/ros2_sims_ws/install/rclrs_tests:/home/simulations/ros2_sims_ws/install/examples_rclrs_minimal_client_service:/home/simulations/ros2_sims_ws/install/sensor_msgs_py:/home/simulations/ros2_sims_ws/install/examples_rclrs_minimal_pub_sub:/home/simulations/ros2_sims_ws/install/examples_rclrs_message_demo:/home/simulations/ros2_sims_ws/install/rclrs:/home/simulations/ros2_sims_ws/install/rosidl_runtime_rs:/home/user/ros2_ws/install/opencv_tests:/opt/ros/humble _=/usr/bin/env /usr/bin/cmake --install /home/user/simulation_ws/build/tortoisebot_slam
