[10.189s] Invoking command in '/home/user/simulation_ws/src/tortoisebot/tortoisebot_control': PYTHONPATH=/home/user/simulation_ws/build/tortoisebot_control/prefix_override:/home/user/simulation_ws/install/tortoisebot_control/lib/python3.10/site-packages:${PYTHONPATH} _=/usr/bin/env /usr/bin/python3 setup.py egg_info --egg-base ../../../build/tortoisebot_control build --build-base /home/user/simulation_ws/build/tortoisebot_control/build install --record /home/user/simulation_ws/build/tortoisebot_control/install.log --single-version-externally-managed
[11.599s] running egg_info
[11.600s] writing ../../../build/tortoisebot_control/tortoisebot_control.egg-info/PKG-INFO
[11.602s] writing dependency_links to ../../../build/tortoisebot_control/tortoisebot_control.egg-info/dependency_links.txt
[11.668s] writing entry points to ../../../build/tortoisebot_control/tortoisebot_control.egg-info/entry_points.txt
[11.668s] writing requirements to ../../../build/tortoisebot_control/tortoisebot_control.egg-info/requires.txt
[11.668s] writing top-level names to ../../../build/tortoisebot_control/tortoisebot_control.egg-info/top_level.txt
[11.672s] reading manifest file '../../../build/tortoisebot_control/tortoisebot_control.egg-info/SOURCES.txt'
[11.674s] writing manifest file '../../../build/tortoisebot_control/tortoisebot_control.egg-info/SOURCES.txt'
[11.676s] running build
[11.677s] running build_py
[11.677s] running install
[11.678s] /usr/lib/python3/dist-packages/setuptools/command/install.py:34: SetuptoolsDeprecationWarning: setup.py install is deprecated. Use build and pip and other standards-based tools.
[11.679s]   warnings.warn(
[11.679s] running install_lib
[11.681s] running install_data
[11.682s] running install_egg_info
[11.686s] removing '/home/user/simulation_ws/install/tortoisebot_control/lib/python3.10/site-packages/tortoisebot_control-0.0.0-py3.10.egg-info' (and everything under it)
[11.686s] Copying ../../../build/tortoisebot_control/tortoisebot_control.egg-info to /home/user/simulation_ws/install/tortoisebot_control/lib/python3.10/site-packages/tortoisebot_control-0.0.0-py3.10.egg-info
[11.688s] running install_scripts
[11.792s] Installing gripper_server script to /home/user/simulation_ws/install/tortoisebot_control/lib/tortoisebot_control
[11.794s] Installing teleop_twist_keyboard script to /home/user/simulation_ws/install/tortoisebot_control/lib/tortoisebot_control
[11.795s] writing list of installed files to '/home/user/simulation_ws/build/tortoisebot_control/install.log'
[11.968s] Invoked command in '/home/user/simulation_ws/src/tortoisebot/tortoisebot_control' returned '0': PYTHONPATH=/home/user/simulation_ws/build/tortoisebot_control/prefix_override:/home/user/simulation_ws/install/tortoisebot_control/lib/python3.10/site-packages:${PYTHONPATH} _=/usr/bin/env /usr/bin/python3 setup.py egg_info --egg-base ../../../build/tortoisebot_control build --build-base /home/user/simulation_ws/build/tortoisebot_control/build install --record /home/user/simulation_ws/build/tortoisebot_control/install.log --single-version-externally-managed
