[2.418s] Invoking command in '/home/user/simulation_ws/build/tortoisebot_bringup': CMAKE_PREFIX_PATH=${CMAKE_PREFIX_PATH}:/home/user/simulation_ws/install/tortoisebot_localization:/home/user/simulation_ws/install/tortoisebot_control:/home/user/simulation_ws/install/ros2_aruco:/home/simulations/ros2_sims_ws/install/rclrs_tests:/home/simulations/ros2_sims_ws/install/examples_rclrs_minimal_client_service:/home/simulations/ros2_sims_ws/install/sensor_msgs_py:/home/simulations/ros2_sims_ws/install/examples_rclrs_minimal_pub_sub:/home/simulations/ros2_sims_ws/install/examples_rclrs_message_demo:/home/simulations/ros2_sims_ws/install/rclrs:/home/simulations/ros2_sims_ws/install/rosidl_runtime_rs:/home/user/ros2_ws/install/opencv_tests:/opt/ros/humble _=/usr/bin/env /usr/bin/cmake --build /home/user/simulation_ws/build/tortoisebot_bringup -- -j8 -l8
[4.980s] Invoked command in '/home/user/simulation_ws/build/tortoisebot_bringup' returned '0': CMAKE_PREFIX_PATH=${CMAKE_PREFIX_PATH}:/home/user/simulation_ws/install/tortoisebot_localization:/home/user/simulation_ws/install/tortoisebot_control:/home/user/simulation_ws/install/ros2_aruco:/home/simulations/ros2_sims_ws/install/rclrs_tests:/home/simulations/ros2_sims_ws/install/examples_rclrs_minimal_client_service:/home/simulations/ros2_sims_ws/install/sensor_msgs_py:/home/simulations/ros2_sims_ws/install/examples_rclrs_minimal_pub_sub:/home/simulations/ros2_sims_ws/install/examples_rclrs_message_demo:/home/simulations/ros2_sims_ws/install/rclrs:/home/simulations/ros2_sims_ws/install/rosidl_runtime_rs:/home/user/ros2_ws/install/opencv_tests:/opt/ros/humble _=/usr/bin/env /usr/bin/cmake --build /home/user/simulation_ws/build/tortoisebot_bringup -- -j8 -l8
[7.872s] Invoking command in '/home/user/simulation_ws/build/tortoisebot_bringup': CMAKE_PREFIX_PATH=${CMAKE_PREFIX_PATH}:/home/user/simulation_ws/install/tortoisebot_localization:/home/user/simulation_ws/install/tortoisebot_control:/home/user/simulation_ws/install/ros2_aruco:/home/simulations/ros2_sims_ws/install/rclrs_tests:/home/simulations/ros2_sims_ws/install/examples_rclrs_minimal_client_service:/home/simulations/ros2_sims_ws/install/sensor_msgs_py:/home/simulations/ros2_sims_ws/install/examples_rclrs_minimal_pub_sub:/home/simulations/ros2_sims_ws/install/examples_rclrs_message_demo:/home/simulations/ros2_sims_ws/install/rclrs:/home/simulations/ros2_sims_ws/install/rosidl_runtime_rs:/home/user/ros2_ws/install/opencv_tests:/opt/ros/humble _=/usr/bin/env /usr/bin/cmake --install /home/user/simulation_ws/build/tortoisebot_bringup
[7.979s] -- Install configuration: ""
[7.979s] -- Up-to-date: /home/user/simulation_ws/install/tortoisebot_bringup/share/tortoisebot_bringup/launch
[7.979s] -- Up-to-date: /home/user/simulation_ws/install/tortoisebot_bringup/share/tortoisebot_bringup/launch/simulation.launch.py
[7.980s] -- Up-to-date: /home/user/simulation_ws/install/tortoisebot_bringup/share/tortoisebot_bringup/launch/minimal_sim.launch.py
[7.980s] -- Up-to-date: /home/user/simulation_ws/install/tortoisebot_bringup/share/tortoisebot_bringup/launch/autobringup.launch.py
[7.980s] -- Up-to-date: /home/user/simulation_ws/install/tortoisebot_bringup/share/tortoisebot_bringup/launch/bringup.launch.py
[7.980s] -- Up-to-date: /home/user/simulation_ws/install/tortoisebot_bringup/share/tortoisebot_bringup/launch/bringup_mapping.launch.py
[7.982s] -- Up-to-date: /home/user/simulation_ws/install/tortoisebot_bringup/share/tortoisebot_bringup/maps
[7.982s] -- Up-to-date: /home/user/simulation_ws/install/tortoisebot_bringup/share/tortoisebot_bringup/maps/room2.yaml
[7.983s] -- Up-to-date: /home/user/simulation_ws/install/tortoisebot_bringup/share/tortoisebot_bringup/maps/room2.pgm
[7.983s] -- Up-to-date: /home/user/simulation_ws/install/tortoisebot_bringup/share/tortoisebot_bringup/maps/tortoisebot_default_world.yaml
[7.984s] -- Up-to-date: /home/user/simulation_ws/install/tortoisebot_bringup/share/tortoisebot_bringup/maps/tortoisebot_default_world.pgm
[7.985s] -- Up-to-date: /home/user/simulation_ws/install/tortoisebot_bringup/share/ament_index/resource_index/package_run_dependencies/tortoisebot_bringup
[7.985s] -- Up-to-date: /home/user/simulation_ws/install/tortoisebot_bringup/share/ament_index/resource_index/parent_prefix_path/tortoisebot_bringup
[7.985s] -- Up-to-date: /home/user/simulation_ws/install/tortoisebot_bringup/share/tortoisebot_bringup/environment/ament_prefix_path.sh
[7.985s] -- Up-to-date: /home/user/simulation_ws/install/tortoisebot_bringup/share/tortoisebot_bringup/environment/ament_prefix_path.dsv
[7.986s] -- Up-to-date: /home/user/simulation_ws/install/tortoisebot_bringup/share/tortoisebot_bringup/environment/path.sh
[7.986s] -- Up-to-date: /home/user/simulation_ws/install/tortoisebot_bringup/share/tortoisebot_bringup/environment/path.dsv
[7.986s] -- Up-to-date: /home/user/simulation_ws/install/tortoisebot_bringup/share/tortoisebot_bringup/local_setup.bash
[7.986s] -- Up-to-date: /home/user/simulation_ws/install/tortoisebot_bringup/share/tortoisebot_bringup/local_setup.sh
[7.986s] -- Up-to-date: /home/user/simulation_ws/install/tortoisebot_bringup/share/tortoisebot_bringup/local_setup.zsh
[7.986s] -- Up-to-date: /home/user/simulation_ws/install/tortoisebot_bringup/share/tortoisebot_bringup/local_setup.dsv
[7.986s] -- Installing: /home/user/simulation_ws/install/tortoisebot_bringup/share/tortoisebot_bringup/package.dsv
[7.987s] -- Up-to-date: /home/user/simulation_ws/install/tortoisebot_bringup/share/ament_index/resource_index/packages/tortoisebot_bringup
[7.987s] -- Up-to-date: /home/user/simulation_ws/install/tortoisebot_bringup/share/tortoisebot_bringup/cmake/tortoisebot_bringupConfig.cmake
[7.987s] -- Up-to-date: /home/user/simulation_ws/install/tortoisebot_bringup/share/tortoisebot_bringup/cmake/tortoisebot_bringupConfig-version.cmake
[7.987s] -- Up-to-date: /home/user/simulation_ws/install/tortoisebot_bringup/share/tortoisebot_bringup/package.xml
[8.070s] Invoked command in '/home/user/simulation_ws/build/tortoisebot_bringup' returned '0': CMAKE_PREFIX_PATH=${CMAKE_PREFIX_PATH}:/home/user/simulation_ws/install/tortoisebot_localization:/home/user/simulation_ws/install/tortoisebot_control:/home/user/simulation_ws/install/ros2_aruco:/home/simulations/ros2_sims_ws/install/rclrs_tests:/home/simulations/ros2_sims_ws/install/examples_rclrs_minimal_client_service:/home/simulations/ros2_sims_ws/install/sensor_msgs_py:/home/simulations/ros2_sims_ws/install/examples_rclrs_minimal_pub_sub:/home/simulations/ros2_sims_ws/install/examples_rclrs_message_demo:/home/simulations/ros2_sims_ws/install/rclrs:/home/simulations/ros2_sims_ws/install/rosidl_runtime_rs:/home/user/ros2_ws/install/opencv_tests:/opt/ros/humble _=/usr/bin/env /usr/bin/cmake --install /home/user/simulation_ws/build/tortoisebot_bringup
