[0.741s] DEBUG:colcon:Command line arguments: ['/usr/bin/colcon', 'build', '--packages-select', 'tortoisebot_gazebo']
[0.741s] DEBUG:colcon:Parsed command line arguments: Namespace(log_base=None, log_level=None, verb_name='build', build_base='build', install_base='install', merge_install=False, symlink_install=False, test_result_base=None, continue_on_error=False, executor='parallel', parallel_workers=8, event_handlers=None, ignore_user_meta=False, metas=['./colcon.meta'], base_paths=['.'], packages_ignore=None, packages_ignore_regex=None, paths=None, packages_up_to=None, packages_up_to_regex=None, packages_above=None, packages_above_and_dependencies=None, packages_above_depth=None, packages_select_by_dep=None, packages_skip_by_dep=None, packages_skip_up_to=None, packages_select_build_failed=False, packages_skip_build_finished=False, packages_select_test_failures=False, packages_skip_test_passed=False, packages_select=['tortoisebot_gazebo'], packages_skip=None, packages_select_regex=None, packages_skip_regex=None, packages_start=None, packages_end=None, lookup_in_workspace=False, cargo_args=None, clean_build=False, cmake_args=None, cmake_target=None, cmake_target_skip_unavailable=False, cmake_clean_cache=False, cmake_clean_first=False, cmake_force_configure=False, ament_cmake_args=None, catkin_cmake_args=None, catkin_skip_building_tests=False, mixin_files=None, mixin=None, verb_parser=<colcon_mixin.mixin.mixin_argument.MixinArgumentDecorator object at 0x7f2b71088fa0>, verb_extension=<colcon_core.verb.build.BuildVerb object at 0x7f2b71a5c430>, main=<bound method BuildVerb.main of <colcon_core.verb.build.BuildVerb object at 0x7f2b71a5c430>>, mixin_verb=('build',))
[0.780s] Level 1:colcon.colcon_core.package_discovery:discover_packages(colcon_meta) check parameters
[0.780s] Level 1:colcon.colcon_core.package_discovery:discover_packages(recursive) check parameters
[0.780s] Level 1:colcon.colcon_core.package_discovery:discover_packages(ignore) check parameters
[0.780s] Level 1:colcon.colcon_core.package_discovery:discover_packages(path) check parameters
[0.780s] Level 1:colcon.colcon_core.package_discovery:discover_packages(colcon_meta) discover
[0.780s] Level 1:colcon.colcon_core.package_discovery:discover_packages(recursive) discover
[0.780s] INFO:colcon.colcon_core.package_discovery:Crawling recursively for packages in '/home/user/simulation_ws'
[0.780s] Level 1:colcon.colcon_core.package_identification:_identify(.) by extensions ['ignore', 'ignore_ament_install']
[0.780s] Level 1:colcon.colcon_core.package_identification:_identify(.) by extension 'ignore'
[0.780s] Level 1:colcon.colcon_core.package_identification:_identify(.) by extension 'ignore_ament_install'
[0.780s] Level 1:colcon.colcon_core.package_identification:_identify(.) by extensions ['colcon_pkg']
[0.781s] Level 1:colcon.colcon_core.package_identification:_identify(.) by extension 'colcon_pkg'
[0.781s] Level 1:colcon.colcon_core.package_identification:_identify(.) by extensions ['colcon_meta']
[0.781s] Level 1:colcon.colcon_core.package_identification:_identify(.) by extension 'colcon_meta'
[0.781s] Level 1:colcon.colcon_core.package_identification:_identify(.) by extensions ['ament_cargo']
[0.781s] Level 1:colcon.colcon_core.package_identification:_identify(.) by extension 'ament_cargo'
[0.781s] Level 1:colcon.colcon_core.package_identification:_identify(.) by extensions ['ros']
[0.781s] Level 1:colcon.colcon_core.package_identification:_identify(.) by extension 'ros'
[0.798s] Level 1:colcon.colcon_core.package_identification:_identify(.) by extensions ['cargo', 'cmake', 'python']
[0.798s] Level 1:colcon.colcon_core.package_identification:_identify(.) by extension 'cargo'
[0.798s] Level 1:colcon.colcon_core.package_identification:_identify(.) by extension 'cmake'
[0.798s] Level 1:colcon.colcon_core.package_identification:_identify(.) by extension 'python'
[0.798s] Level 1:colcon.colcon_core.package_identification:_identify(.) by extensions ['python_setup_py']
[0.798s] Level 1:colcon.colcon_core.package_identification:_identify(.) by extension 'python_setup_py'
[0.798s] Level 1:colcon.colcon_core.package_identification:_identify(build) by extensions ['ignore', 'ignore_ament_install']
[0.798s] Level 1:colcon.colcon_core.package_identification:_identify(build) by extension 'ignore'
[0.799s] Level 1:colcon.colcon_core.package_identification:_identify(build) ignored
[0.799s] Level 1:colcon.colcon_core.package_identification:_identify(install) by extensions ['ignore', 'ignore_ament_install']
[0.799s] Level 1:colcon.colcon_core.package_identification:_identify(install) by extension 'ignore'
[0.799s] Level 1:colcon.colcon_core.package_identification:_identify(install) ignored
[0.799s] Level 1:colcon.colcon_core.package_identification:_identify(log) by extensions ['ignore', 'ignore_ament_install']
[0.799s] Level 1:colcon.colcon_core.package_identification:_identify(log) by extension 'ignore'
[0.799s] Level 1:colcon.colcon_core.package_identification:_identify(log) ignored
[0.799s] Level 1:colcon.colcon_core.package_identification:_identify(src) by extensions ['ignore', 'ignore_ament_install']
[0.799s] Level 1:colcon.colcon_core.package_identification:_identify(src) by extension 'ignore'
[0.800s] Level 1:colcon.colcon_core.package_identification:_identify(src) by extension 'ignore_ament_install'
[0.800s] Level 1:colcon.colcon_core.package_identification:_identify(src) by extensions ['colcon_pkg']
[0.800s] Level 1:colcon.colcon_core.package_identification:_identify(src) by extension 'colcon_pkg'
[0.800s] Level 1:colcon.colcon_core.package_identification:_identify(src) by extensions ['colcon_meta']
[0.800s] Level 1:colcon.colcon_core.package_identification:_identify(src) by extension 'colcon_meta'
[0.800s] Level 1:colcon.colcon_core.package_identification:_identify(src) by extensions ['ament_cargo']
[0.800s] Level 1:colcon.colcon_core.package_identification:_identify(src) by extension 'ament_cargo'
[0.800s] Level 1:colcon.colcon_core.package_identification:_identify(src) by extensions ['ros']
[0.800s] Level 1:colcon.colcon_core.package_identification:_identify(src) by extension 'ros'
[0.800s] Level 1:colcon.colcon_core.package_identification:_identify(src) by extensions ['cargo', 'cmake', 'python']
[0.800s] Level 1:colcon.colcon_core.package_identification:_identify(src) by extension 'cargo'
[0.800s] Level 1:colcon.colcon_core.package_identification:_identify(src) by extension 'cmake'
[0.800s] Level 1:colcon.colcon_core.package_identification:_identify(src) by extension 'python'
[0.800s] Level 1:colcon.colcon_core.package_identification:_identify(src) by extensions ['python_setup_py']
[0.800s] Level 1:colcon.colcon_core.package_identification:_identify(src) by extension 'python_setup_py'
[0.800s] Level 1:colcon.colcon_core.package_identification:_identify(src/tortoisebot) by extensions ['ignore', 'ignore_ament_install']
[0.801s] Level 1:colcon.colcon_core.package_identification:_identify(src/tortoisebot) by extension 'ignore'
[0.801s] Level 1:colcon.colcon_core.package_identification:_identify(src/tortoisebot) by extension 'ignore_ament_install'
[0.801s] Level 1:colcon.colcon_core.package_identification:_identify(src/tortoisebot) by extensions ['colcon_pkg']
[0.801s] Level 1:colcon.colcon_core.package_identification:_identify(src/tortoisebot) by extension 'colcon_pkg'
[0.801s] Level 1:colcon.colcon_core.package_identification:_identify(src/tortoisebot) by extensions ['colcon_meta']
[0.801s] Level 1:colcon.colcon_core.package_identification:_identify(src/tortoisebot) by extension 'colcon_meta'
[0.801s] Level 1:colcon.colcon_core.package_identification:_identify(src/tortoisebot) by extensions ['ament_cargo']
[0.801s] Level 1:colcon.colcon_core.package_identification:_identify(src/tortoisebot) by extension 'ament_cargo'
[0.801s] Level 1:colcon.colcon_core.package_identification:_identify(src/tortoisebot) by extensions ['ros']
[0.801s] Level 1:colcon.colcon_core.package_identification:_identify(src/tortoisebot) by extension 'ros'
[0.801s] Level 1:colcon.colcon_core.package_identification:_identify(src/tortoisebot) by extensions ['cargo', 'cmake', 'python']
[0.801s] Level 1:colcon.colcon_core.package_identification:_identify(src/tortoisebot) by extension 'cargo'
[0.801s] Level 1:colcon.colcon_core.package_identification:_identify(src/tortoisebot) by extension 'cmake'
[0.801s] Level 1:colcon.colcon_core.package_identification:_identify(src/tortoisebot) by extension 'python'
[0.801s] Level 1:colcon.colcon_core.package_identification:_identify(src/tortoisebot) by extensions ['python_setup_py']
[0.801s] Level 1:colcon.colcon_core.package_identification:_identify(src/tortoisebot) by extension 'python_setup_py'
[0.802s] Level 1:colcon.colcon_core.package_identification:_identify(src/tortoisebot/docker) by extensions ['ignore', 'ignore_ament_install']
[0.802s] Level 1:colcon.colcon_core.package_identification:_identify(src/tortoisebot/docker) by extension 'ignore'
[0.802s] Level 1:colcon.colcon_core.package_identification:_identify(src/tortoisebot/docker) by extension 'ignore_ament_install'
[0.802s] Level 1:colcon.colcon_core.package_identification:_identify(src/tortoisebot/docker) by extensions ['colcon_pkg']
[0.802s] Level 1:colcon.colcon_core.package_identification:_identify(src/tortoisebot/docker) by extension 'colcon_pkg'
[0.802s] Level 1:colcon.colcon_core.package_identification:_identify(src/tortoisebot/docker) by extensions ['colcon_meta']
[0.802s] Level 1:colcon.colcon_core.package_identification:_identify(src/tortoisebot/docker) by extension 'colcon_meta'
[0.802s] Level 1:colcon.colcon_core.package_identification:_identify(src/tortoisebot/docker) by extensions ['ament_cargo']
[0.802s] Level 1:colcon.colcon_core.package_identification:_identify(src/tortoisebot/docker) by extension 'ament_cargo'
[0.802s] Level 1:colcon.colcon_core.package_identification:_identify(src/tortoisebot/docker) by extensions ['ros']
[0.802s] Level 1:colcon.colcon_core.package_identification:_identify(src/tortoisebot/docker) by extension 'ros'
[0.802s] Level 1:colcon.colcon_core.package_identification:_identify(src/tortoisebot/docker) by extensions ['cargo', 'cmake', 'python']
[0.802s] Level 1:colcon.colcon_core.package_identification:_identify(src/tortoisebot/docker) by extension 'cargo'
[0.802s] Level 1:colcon.colcon_core.package_identification:_identify(src/tortoisebot/docker) by extension 'cmake'
[0.803s] Level 1:colcon.colcon_core.package_identification:_identify(src/tortoisebot/docker) by extension 'python'
[0.803s] Level 1:colcon.colcon_core.package_identification:_identify(src/tortoisebot/docker) by extensions ['python_setup_py']
[0.803s] Level 1:colcon.colcon_core.package_identification:_identify(src/tortoisebot/docker) by extension 'python_setup_py'
[0.803s] Level 1:colcon.colcon_core.package_identification:_identify(src/tortoisebot/docker/tortoisebot_ros1_docker) by extensions ['ignore', 'ignore_ament_install']
[0.803s] Level 1:colcon.colcon_core.package_identification:_identify(src/tortoisebot/docker/tortoisebot_ros1_docker) by extension 'ignore'
[0.803s] Level 1:colcon.colcon_core.package_identification:_identify(src/tortoisebot/docker/tortoisebot_ros1_docker) by extension 'ignore_ament_install'
[0.803s] Level 1:colcon.colcon_core.package_identification:_identify(src/tortoisebot/docker/tortoisebot_ros1_docker) by extensions ['colcon_pkg']
[0.803s] Level 1:colcon.colcon_core.package_identification:_identify(src/tortoisebot/docker/tortoisebot_ros1_docker) by extension 'colcon_pkg'
[0.803s] Level 1:colcon.colcon_core.package_identification:_identify(src/tortoisebot/docker/tortoisebot_ros1_docker) by extensions ['colcon_meta']
[0.803s] Level 1:colcon.colcon_core.package_identification:_identify(src/tortoisebot/docker/tortoisebot_ros1_docker) by extension 'colcon_meta'
[0.803s] Level 1:colcon.colcon_core.package_identification:_identify(src/tortoisebot/docker/tortoisebot_ros1_docker) by extensions ['ament_cargo']
[0.804s] Level 1:colcon.colcon_core.package_identification:_identify(src/tortoisebot/docker/tortoisebot_ros1_docker) by extension 'ament_cargo'
[0.804s] Level 1:colcon.colcon_core.package_identification:_identify(src/tortoisebot/docker/tortoisebot_ros1_docker) by extensions ['ros']
[0.804s] Level 1:colcon.colcon_core.package_identification:_identify(src/tortoisebot/docker/tortoisebot_ros1_docker) by extension 'ros'
[0.804s] Level 1:colcon.colcon_core.package_identification:_identify(src/tortoisebot/docker/tortoisebot_ros1_docker) by extensions ['cargo', 'cmake', 'python']
[0.804s] Level 1:colcon.colcon_core.package_identification:_identify(src/tortoisebot/docker/tortoisebot_ros1_docker) by extension 'cargo'
[0.804s] Level 1:colcon.colcon_core.package_identification:_identify(src/tortoisebot/docker/tortoisebot_ros1_docker) by extension 'cmake'
[0.804s] Level 1:colcon.colcon_core.package_identification:_identify(src/tortoisebot/docker/tortoisebot_ros1_docker) by extension 'python'
[0.804s] Level 1:colcon.colcon_core.package_identification:_identify(src/tortoisebot/docker/tortoisebot_ros1_docker) by extensions ['python_setup_py']
[0.804s] Level 1:colcon.colcon_core.package_identification:_identify(src/tortoisebot/docker/tortoisebot_ros1_docker) by extension 'python_setup_py'
[0.804s] Level 1:colcon.colcon_core.package_identification:_identify(src/tortoisebot/docker/tortoisebot_ros2_docker) by extensions ['ignore', 'ignore_ament_install']
[0.804s] Level 1:colcon.colcon_core.package_identification:_identify(src/tortoisebot/docker/tortoisebot_ros2_docker) by extension 'ignore'
[0.804s] Level 1:colcon.colcon_core.package_identification:_identify(src/tortoisebot/docker/tortoisebot_ros2_docker) by extension 'ignore_ament_install'
[0.805s] Level 1:colcon.colcon_core.package_identification:_identify(src/tortoisebot/docker/tortoisebot_ros2_docker) by extensions ['colcon_pkg']
[0.805s] Level 1:colcon.colcon_core.package_identification:_identify(src/tortoisebot/docker/tortoisebot_ros2_docker) by extension 'colcon_pkg'
[0.805s] Level 1:colcon.colcon_core.package_identification:_identify(src/tortoisebot/docker/tortoisebot_ros2_docker) by extensions ['colcon_meta']
[0.805s] Level 1:colcon.colcon_core.package_identification:_identify(src/tortoisebot/docker/tortoisebot_ros2_docker) by extension 'colcon_meta'
[0.805s] Level 1:colcon.colcon_core.package_identification:_identify(src/tortoisebot/docker/tortoisebot_ros2_docker) by extensions ['ament_cargo']
[0.805s] Level 1:colcon.colcon_core.package_identification:_identify(src/tortoisebot/docker/tortoisebot_ros2_docker) by extension 'ament_cargo'
[0.805s] Level 1:colcon.colcon_core.package_identification:_identify(src/tortoisebot/docker/tortoisebot_ros2_docker) by extensions ['ros']
[0.805s] Level 1:colcon.colcon_core.package_identification:_identify(src/tortoisebot/docker/tortoisebot_ros2_docker) by extension 'ros'
[0.805s] Level 1:colcon.colcon_core.package_identification:_identify(src/tortoisebot/docker/tortoisebot_ros2_docker) by extensions ['cargo', 'cmake', 'python']
[0.805s] Level 1:colcon.colcon_core.package_identification:_identify(src/tortoisebot/docker/tortoisebot_ros2_docker) by extension 'cargo'
[0.805s] Level 1:colcon.colcon_core.package_identification:_identify(src/tortoisebot/docker/tortoisebot_ros2_docker) by extension 'cmake'
[0.805s] Level 1:colcon.colcon_core.package_identification:_identify(src/tortoisebot/docker/tortoisebot_ros2_docker) by extension 'python'
[0.805s] Level 1:colcon.colcon_core.package_identification:_identify(src/tortoisebot/docker/tortoisebot_ros2_docker) by extensions ['python_setup_py']
[0.805s] Level 1:colcon.colcon_core.package_identification:_identify(src/tortoisebot/docker/tortoisebot_ros2_docker) by extension 'python_setup_py'
[0.805s] Level 1:colcon.colcon_core.package_identification:_identify(src/tortoisebot/ros2_aruco) by extensions ['ignore', 'ignore_ament_install']
[0.806s] Level 1:colcon.colcon_core.package_identification:_identify(src/tortoisebot/ros2_aruco) by extension 'ignore'
[0.806s] Level 1:colcon.colcon_core.package_identification:_identify(src/tortoisebot/ros2_aruco) by extension 'ignore_ament_install'
[0.806s] Level 1:colcon.colcon_core.package_identification:_identify(src/tortoisebot/ros2_aruco) by extensions ['colcon_pkg']
[0.806s] Level 1:colcon.colcon_core.package_identification:_identify(src/tortoisebot/ros2_aruco) by extension 'colcon_pkg'
[0.806s] Level 1:colcon.colcon_core.package_identification:_identify(src/tortoisebot/ros2_aruco) by extensions ['colcon_meta']
[0.806s] Level 1:colcon.colcon_core.package_identification:_identify(src/tortoisebot/ros2_aruco) by extension 'colcon_meta'
[0.806s] Level 1:colcon.colcon_core.package_identification:_identify(src/tortoisebot/ros2_aruco) by extensions ['ament_cargo']
[0.806s] Level 1:colcon.colcon_core.package_identification:_identify(src/tortoisebot/ros2_aruco) by extension 'ament_cargo'
[0.806s] Level 1:colcon.colcon_core.package_identification:_identify(src/tortoisebot/ros2_aruco) by extensions ['ros']
[0.806s] Level 1:colcon.colcon_core.package_identification:_identify(src/tortoisebot/ros2_aruco) by extension 'ros'
[0.806s] Level 1:colcon.colcon_core.package_identification:_identify(src/tortoisebot/ros2_aruco) by extensions ['cargo', 'cmake', 'python']
[0.806s] Level 1:colcon.colcon_core.package_identification:_identify(src/tortoisebot/ros2_aruco) by extension 'cargo'
[0.806s] Level 1:colcon.colcon_core.package_identification:_identify(src/tortoisebot/ros2_aruco) by extension 'cmake'
[0.806s] Level 1:colcon.colcon_core.package_identification:_identify(src/tortoisebot/ros2_aruco) by extension 'python'
[0.806s] Level 1:colcon.colcon_core.package_identification:_identify(src/tortoisebot/ros2_aruco) by extensions ['python_setup_py']
[0.806s] Level 1:colcon.colcon_core.package_identification:_identify(src/tortoisebot/ros2_aruco) by extension 'python_setup_py'
[0.807s] Level 1:colcon.colcon_core.package_identification:_identify(src/tortoisebot/ros2_aruco/generated_tags) by extensions ['ignore', 'ignore_ament_install']
[0.807s] Level 1:colcon.colcon_core.package_identification:_identify(src/tortoisebot/ros2_aruco/generated_tags) by extension 'ignore'
[0.807s] Level 1:colcon.colcon_core.package_identification:_identify(src/tortoisebot/ros2_aruco/generated_tags) by extension 'ignore_ament_install'
[0.807s] Level 1:colcon.colcon_core.package_identification:_identify(src/tortoisebot/ros2_aruco/generated_tags) by extensions ['colcon_pkg']
[0.807s] Level 1:colcon.colcon_core.package_identification:_identify(src/tortoisebot/ros2_aruco/generated_tags) by extension 'colcon_pkg'
[0.807s] Level 1:colcon.colcon_core.package_identification:_identify(src/tortoisebot/ros2_aruco/generated_tags) by extensions ['colcon_meta']
[0.807s] Level 1:colcon.colcon_core.package_identification:_identify(src/tortoisebot/ros2_aruco/generated_tags) by extension 'colcon_meta'
[0.807s] Level 1:colcon.colcon_core.package_identification:_identify(src/tortoisebot/ros2_aruco/generated_tags) by extensions ['ament_cargo']
[0.807s] Level 1:colcon.colcon_core.package_identification:_identify(src/tortoisebot/ros2_aruco/generated_tags) by extension 'ament_cargo'
[0.807s] Level 1:colcon.colcon_core.package_identification:_identify(src/tortoisebot/ros2_aruco/generated_tags) by extensions ['ros']
[0.807s] Level 1:colcon.colcon_core.package_identification:_identify(src/tortoisebot/ros2_aruco/generated_tags) by extension 'ros'
[0.807s] Level 1:colcon.colcon_core.package_identification:_identify(src/tortoisebot/ros2_aruco/generated_tags) by extensions ['cargo', 'cmake', 'python']
[0.807s] Level 1:colcon.colcon_core.package_identification:_identify(src/tortoisebot/ros2_aruco/generated_tags) by extension 'cargo'
[0.808s] Level 1:colcon.colcon_core.package_identification:_identify(src/tortoisebot/ros2_aruco/generated_tags) by extension 'cmake'
[0.808s] Level 1:colcon.colcon_core.package_identification:_identify(src/tortoisebot/ros2_aruco/generated_tags) by extension 'python'
[0.808s] Level 1:colcon.colcon_core.package_identification:_identify(src/tortoisebot/ros2_aruco/generated_tags) by extensions ['python_setup_py']
[0.808s] Level 1:colcon.colcon_core.package_identification:_identify(src/tortoisebot/ros2_aruco/generated_tags) by extension 'python_setup_py'
[0.808s] Level 1:colcon.colcon_core.package_identification:_identify(src/tortoisebot/ros2_aruco/ros2_aruco) by extensions ['ignore', 'ignore_ament_install']
[0.808s] Level 1:colcon.colcon_core.package_identification:_identify(src/tortoisebot/ros2_aruco/ros2_aruco) by extension 'ignore'
[0.808s] Level 1:colcon.colcon_core.package_identification:_identify(src/tortoisebot/ros2_aruco/ros2_aruco) by extension 'ignore_ament_install'
[0.808s] Level 1:colcon.colcon_core.package_identification:_identify(src/tortoisebot/ros2_aruco/ros2_aruco) by extensions ['colcon_pkg']
[0.808s] Level 1:colcon.colcon_core.package_identification:_identify(src/tortoisebot/ros2_aruco/ros2_aruco) by extension 'colcon_pkg'
[0.808s] Level 1:colcon.colcon_core.package_identification:_identify(src/tortoisebot/ros2_aruco/ros2_aruco) by extensions ['colcon_meta']
[0.808s] Level 1:colcon.colcon_core.package_identification:_identify(src/tortoisebot/ros2_aruco/ros2_aruco) by extension 'colcon_meta'
[0.808s] Level 1:colcon.colcon_core.package_identification:_identify(src/tortoisebot/ros2_aruco/ros2_aruco) by extensions ['ament_cargo']
[0.808s] Level 1:colcon.colcon_core.package_identification:_identify(src/tortoisebot/ros2_aruco/ros2_aruco) by extension 'ament_cargo'
[0.808s] Level 1:colcon.colcon_core.package_identification:_identify(src/tortoisebot/ros2_aruco/ros2_aruco) by extensions ['ros']
[0.809s] Level 1:colcon.colcon_core.package_identification:_identify(src/tortoisebot/ros2_aruco/ros2_aruco) by extension 'ros'
[0.812s] DEBUG:colcon.colcon_core.package_identification:Package 'src/tortoisebot/ros2_aruco/ros2_aruco' with type 'ros.ament_python' and name 'ros2_aruco'
[0.812s] Level 1:colcon.colcon_core.package_identification:_identify(src/tortoisebot/ros2_aruco/ros2_aruco_interfaces) by extensions ['ignore', 'ignore_ament_install']
[0.812s] Level 1:colcon.colcon_core.package_identification:_identify(src/tortoisebot/ros2_aruco/ros2_aruco_interfaces) by extension 'ignore'
[0.812s] Level 1:colcon.colcon_core.package_identification:_identify(src/tortoisebot/ros2_aruco/ros2_aruco_interfaces) by extension 'ignore_ament_install'
[0.813s] Level 1:colcon.colcon_core.package_identification:_identify(src/tortoisebot/ros2_aruco/ros2_aruco_interfaces) by extensions ['colcon_pkg']
[0.813s] Level 1:colcon.colcon_core.package_identification:_identify(src/tortoisebot/ros2_aruco/ros2_aruco_interfaces) by extension 'colcon_pkg'
[0.813s] Level 1:colcon.colcon_core.package_identification:_identify(src/tortoisebot/ros2_aruco/ros2_aruco_interfaces) by extensions ['colcon_meta']
[0.813s] Level 1:colcon.colcon_core.package_identification:_identify(src/tortoisebot/ros2_aruco/ros2_aruco_interfaces) by extension 'colcon_meta'
[0.813s] Level 1:colcon.colcon_core.package_identification:_identify(src/tortoisebot/ros2_aruco/ros2_aruco_interfaces) by extensions ['ament_cargo']
[0.813s] Level 1:colcon.colcon_core.package_identification:_identify(src/tortoisebot/ros2_aruco/ros2_aruco_interfaces) by extension 'ament_cargo'
[0.813s] Level 1:colcon.colcon_core.package_identification:_identify(src/tortoisebot/ros2_aruco/ros2_aruco_interfaces) by extensions ['ros']
[0.813s] Level 1:colcon.colcon_core.package_identification:_identify(src/tortoisebot/ros2_aruco/ros2_aruco_interfaces) by extension 'ros'
[0.814s] DEBUG:colcon.colcon_core.package_identification:Package 'src/tortoisebot/ros2_aruco/ros2_aruco_interfaces' with type 'ros.ament_cmake' and name 'ros2_aruco_interfaces'
[0.814s] Level 1:colcon.colcon_core.package_identification:_identify(src/tortoisebot/tortoisebot_bringup) by extensions ['ignore', 'ignore_ament_install']
[0.814s] Level 1:colcon.colcon_core.package_identification:_identify(src/tortoisebot/tortoisebot_bringup) by extension 'ignore'
[0.815s] Level 1:colcon.colcon_core.package_identification:_identify(src/tortoisebot/tortoisebot_bringup) by extension 'ignore_ament_install'
[0.815s] Level 1:colcon.colcon_core.package_identification:_identify(src/tortoisebot/tortoisebot_bringup) by extensions ['colcon_pkg']
[0.815s] Level 1:colcon.colcon_core.package_identification:_identify(src/tortoisebot/tortoisebot_bringup) by extension 'colcon_pkg'
[0.815s] Level 1:colcon.colcon_core.package_identification:_identify(src/tortoisebot/tortoisebot_bringup) by extensions ['colcon_meta']
[0.815s] Level 1:colcon.colcon_core.package_identification:_identify(src/tortoisebot/tortoisebot_bringup) by extension 'colcon_meta'
[0.815s] Level 1:colcon.colcon_core.package_identification:_identify(src/tortoisebot/tortoisebot_bringup) by extensions ['ament_cargo']
[0.815s] Level 1:colcon.colcon_core.package_identification:_identify(src/tortoisebot/tortoisebot_bringup) by extension 'ament_cargo'
[0.815s] Level 1:colcon.colcon_core.package_identification:_identify(src/tortoisebot/tortoisebot_bringup) by extensions ['ros']
[0.815s] Level 1:colcon.colcon_core.package_identification:_identify(src/tortoisebot/tortoisebot_bringup) by extension 'ros'
[0.816s] DEBUG:colcon.colcon_core.package_identification:Package 'src/tortoisebot/tortoisebot_bringup' with type 'ros.ament_cmake' and name 'tortoisebot_bringup'
[0.816s] Level 1:colcon.colcon_core.package_identification:_identify(src/tortoisebot/tortoisebot_control) by extensions ['ignore', 'ignore_ament_install']
[0.816s] Level 1:colcon.colcon_core.package_identification:_identify(src/tortoisebot/tortoisebot_control) by extension 'ignore'
[0.816s] Level 1:colcon.colcon_core.package_identification:_identify(src/tortoisebot/tortoisebot_control) by extension 'ignore_ament_install'
[0.816s] Level 1:colcon.colcon_core.package_identification:_identify(src/tortoisebot/tortoisebot_control) by extensions ['colcon_pkg']
[0.816s] Level 1:colcon.colcon_core.package_identification:_identify(src/tortoisebot/tortoisebot_control) by extension 'colcon_pkg'
[0.816s] Level 1:colcon.colcon_core.package_identification:_identify(src/tortoisebot/tortoisebot_control) by extensions ['colcon_meta']
[0.816s] Level 1:colcon.colcon_core.package_identification:_identify(src/tortoisebot/tortoisebot_control) by extension 'colcon_meta'
[0.816s] Level 1:colcon.colcon_core.package_identification:_identify(src/tortoisebot/tortoisebot_control) by extensions ['ament_cargo']
[0.816s] Level 1:colcon.colcon_core.package_identification:_identify(src/tortoisebot/tortoisebot_control) by extension 'ament_cargo'
[0.816s] Level 1:colcon.colcon_core.package_identification:_identify(src/tortoisebot/tortoisebot_control) by extensions ['ros']
[0.816s] Level 1:colcon.colcon_core.package_identification:_identify(src/tortoisebot/tortoisebot_control) by extension 'ros'
[0.817s] DEBUG:colcon.colcon_core.package_identification:Package 'src/tortoisebot/tortoisebot_control' with type 'ros.ament_python' and name 'tortoisebot_control'
[0.817s] Level 1:colcon.colcon_core.package_identification:_identify(src/tortoisebot/tortoisebot_description) by extensions ['ignore', 'ignore_ament_install']
[0.817s] Level 1:colcon.colcon_core.package_identification:_identify(src/tortoisebot/tortoisebot_description) by extension 'ignore'
[0.817s] Level 1:colcon.colcon_core.package_identification:_identify(src/tortoisebot/tortoisebot_description) by extension 'ignore_ament_install'
[0.818s] Level 1:colcon.colcon_core.package_identification:_identify(src/tortoisebot/tortoisebot_description) by extensions ['colcon_pkg']
[0.818s] Level 1:colcon.colcon_core.package_identification:_identify(src/tortoisebot/tortoisebot_description) by extension 'colcon_pkg'
[0.818s] Level 1:colcon.colcon_core.package_identification:_identify(src/tortoisebot/tortoisebot_description) by extensions ['colcon_meta']
[0.818s] Level 1:colcon.colcon_core.package_identification:_identify(src/tortoisebot/tortoisebot_description) by extension 'colcon_meta'
[0.818s] Level 1:colcon.colcon_core.package_identification:_identify(src/tortoisebot/tortoisebot_description) by extensions ['ament_cargo']
[0.818s] Level 1:colcon.colcon_core.package_identification:_identify(src/tortoisebot/tortoisebot_description) by extension 'ament_cargo'
[0.818s] Level 1:colcon.colcon_core.package_identification:_identify(src/tortoisebot/tortoisebot_description) by extensions ['ros']
[0.818s] Level 1:colcon.colcon_core.package_identification:_identify(src/tortoisebot/tortoisebot_description) by extension 'ros'
[0.819s] DEBUG:colcon.colcon_core.package_identification:Package 'src/tortoisebot/tortoisebot_description' with type 'ros.ament_cmake' and name 'tortoisebot_description'
[0.819s] Level 1:colcon.colcon_core.package_identification:_identify(src/tortoisebot/tortoisebot_firmware) by extensions ['ignore', 'ignore_ament_install']
[0.819s] Level 1:colcon.colcon_core.package_identification:_identify(src/tortoisebot/tortoisebot_firmware) by extension 'ignore'
[0.819s] Level 1:colcon.colcon_core.package_identification:_identify(src/tortoisebot/tortoisebot_firmware) by extension 'ignore_ament_install'
[0.819s] Level 1:colcon.colcon_core.package_identification:_identify(src/tortoisebot/tortoisebot_firmware) by extensions ['colcon_pkg']
[0.819s] Level 1:colcon.colcon_core.package_identification:_identify(src/tortoisebot/tortoisebot_firmware) by extension 'colcon_pkg'
[0.819s] Level 1:colcon.colcon_core.package_identification:_identify(src/tortoisebot/tortoisebot_firmware) by extensions ['colcon_meta']
[0.819s] Level 1:colcon.colcon_core.package_identification:_identify(src/tortoisebot/tortoisebot_firmware) by extension 'colcon_meta'
[0.819s] Level 1:colcon.colcon_core.package_identification:_identify(src/tortoisebot/tortoisebot_firmware) by extensions ['ament_cargo']
[0.819s] Level 1:colcon.colcon_core.package_identification:_identify(src/tortoisebot/tortoisebot_firmware) by extension 'ament_cargo'
[0.819s] Level 1:colcon.colcon_core.package_identification:_identify(src/tortoisebot/tortoisebot_firmware) by extensions ['ros']
[0.819s] Level 1:colcon.colcon_core.package_identification:_identify(src/tortoisebot/tortoisebot_firmware) by extension 'ros'
[0.820s] DEBUG:colcon.colcon_core.package_identification:Package 'src/tortoisebot/tortoisebot_firmware' with type 'ros.ament_cmake' and name 'tortoisebot_firmware'
[0.820s] Level 1:colcon.colcon_core.package_identification:_identify(src/tortoisebot/tortoisebot_gazebo) by extensions ['ignore', 'ignore_ament_install']
[0.820s] Level 1:colcon.colcon_core.package_identification:_identify(src/tortoisebot/tortoisebot_gazebo) by extension 'ignore'
[0.821s] Level 1:colcon.colcon_core.package_identification:_identify(src/tortoisebot/tortoisebot_gazebo) by extension 'ignore_ament_install'
[0.821s] Level 1:colcon.colcon_core.package_identification:_identify(src/tortoisebot/tortoisebot_gazebo) by extensions ['colcon_pkg']
[0.821s] Level 1:colcon.colcon_core.package_identification:_identify(src/tortoisebot/tortoisebot_gazebo) by extension 'colcon_pkg'
[0.821s] Level 1:colcon.colcon_core.package_identification:_identify(src/tortoisebot/tortoisebot_gazebo) by extensions ['colcon_meta']
[0.821s] Level 1:colcon.colcon_core.package_identification:_identify(src/tortoisebot/tortoisebot_gazebo) by extension 'colcon_meta'
[0.821s] Level 1:colcon.colcon_core.package_identification:_identify(src/tortoisebot/tortoisebot_gazebo) by extensions ['ament_cargo']
[0.821s] Level 1:colcon.colcon_core.package_identification:_identify(src/tortoisebot/tortoisebot_gazebo) by extension 'ament_cargo'
[0.821s] Level 1:colcon.colcon_core.package_identification:_identify(src/tortoisebot/tortoisebot_gazebo) by extensions ['ros']
[0.821s] Level 1:colcon.colcon_core.package_identification:_identify(src/tortoisebot/tortoisebot_gazebo) by extension 'ros'
[0.822s] DEBUG:colcon.colcon_core.package_identification:Package 'src/tortoisebot/tortoisebot_gazebo' with type 'ros.ament_cmake' and name 'tortoisebot_gazebo'
[0.822s] Level 1:colcon.colcon_core.package_identification:_identify(src/tortoisebot/tortoisebot_localization) by extensions ['ignore', 'ignore_ament_install']
[0.822s] Level 1:colcon.colcon_core.package_identification:_identify(src/tortoisebot/tortoisebot_localization) by extension 'ignore'
[0.822s] Level 1:colcon.colcon_core.package_identification:_identify(src/tortoisebot/tortoisebot_localization) by extension 'ignore_ament_install'
[0.822s] Level 1:colcon.colcon_core.package_identification:_identify(src/tortoisebot/tortoisebot_localization) by extensions ['colcon_pkg']
[0.822s] Level 1:colcon.colcon_core.package_identification:_identify(src/tortoisebot/tortoisebot_localization) by extension 'colcon_pkg'
[0.822s] Level 1:colcon.colcon_core.package_identification:_identify(src/tortoisebot/tortoisebot_localization) by extensions ['colcon_meta']
[0.822s] Level 1:colcon.colcon_core.package_identification:_identify(src/tortoisebot/tortoisebot_localization) by extension 'colcon_meta'
[0.822s] Level 1:colcon.colcon_core.package_identification:_identify(src/tortoisebot/tortoisebot_localization) by extensions ['ament_cargo']
[0.822s] Level 1:colcon.colcon_core.package_identification:_identify(src/tortoisebot/tortoisebot_localization) by extension 'ament_cargo'
[0.822s] Level 1:colcon.colcon_core.package_identification:_identify(src/tortoisebot/tortoisebot_localization) by extensions ['ros']
[0.822s] Level 1:colcon.colcon_core.package_identification:_identify(src/tortoisebot/tortoisebot_localization) by extension 'ros'
[0.823s] DEBUG:colcon.colcon_core.package_identification:Package 'src/tortoisebot/tortoisebot_localization' with type 'ros.ament_python' and name 'tortoisebot_localization'
[0.823s] Level 1:colcon.colcon_core.package_identification:_identify(src/tortoisebot/tortoisebot_navigation) by extensions ['ignore', 'ignore_ament_install']
[0.823s] Level 1:colcon.colcon_core.package_identification:_identify(src/tortoisebot/tortoisebot_navigation) by extension 'ignore'
[0.823s] Level 1:colcon.colcon_core.package_identification:_identify(src/tortoisebot/tortoisebot_navigation) by extension 'ignore_ament_install'
[0.823s] Level 1:colcon.colcon_core.package_identification:_identify(src/tortoisebot/tortoisebot_navigation) by extensions ['colcon_pkg']
[0.823s] Level 1:colcon.colcon_core.package_identification:_identify(src/tortoisebot/tortoisebot_navigation) by extension 'colcon_pkg'
[0.824s] Level 1:colcon.colcon_core.package_identification:_identify(src/tortoisebot/tortoisebot_navigation) by extensions ['colcon_meta']
[0.824s] Level 1:colcon.colcon_core.package_identification:_identify(src/tortoisebot/tortoisebot_navigation) by extension 'colcon_meta'
[0.824s] Level 1:colcon.colcon_core.package_identification:_identify(src/tortoisebot/tortoisebot_navigation) by extensions ['ament_cargo']
[0.824s] Level 1:colcon.colcon_core.package_identification:_identify(src/tortoisebot/tortoisebot_navigation) by extension 'ament_cargo'
[0.824s] Level 1:colcon.colcon_core.package_identification:_identify(src/tortoisebot/tortoisebot_navigation) by extensions ['ros']
[0.824s] Level 1:colcon.colcon_core.package_identification:_identify(src/tortoisebot/tortoisebot_navigation) by extension 'ros'
[0.824s] DEBUG:colcon.colcon_core.package_identification:Package 'src/tortoisebot/tortoisebot_navigation' with type 'ros.ament_cmake' and name 'tortoisebot_navigation'
[0.825s] Level 1:colcon.colcon_core.package_identification:_identify(src/tortoisebot/tortoisebot_slam) by extensions ['ignore', 'ignore_ament_install']
[0.825s] Level 1:colcon.colcon_core.package_identification:_identify(src/tortoisebot/tortoisebot_slam) by extension 'ignore'
[0.825s] Level 1:colcon.colcon_core.package_identification:_identify(src/tortoisebot/tortoisebot_slam) by extension 'ignore_ament_install'
[0.825s] Level 1:colcon.colcon_core.package_identification:_identify(src/tortoisebot/tortoisebot_slam) by extensions ['colcon_pkg']
[0.825s] Level 1:colcon.colcon_core.package_identification:_identify(src/tortoisebot/tortoisebot_slam) by extension 'colcon_pkg'
[0.825s] Level 1:colcon.colcon_core.package_identification:_identify(src/tortoisebot/tortoisebot_slam) by extensions ['colcon_meta']
[0.825s] Level 1:colcon.colcon_core.package_identification:_identify(src/tortoisebot/tortoisebot_slam) by extension 'colcon_meta'
[0.825s] Level 1:colcon.colcon_core.package_identification:_identify(src/tortoisebot/tortoisebot_slam) by extensions ['ament_cargo']
[0.825s] Level 1:colcon.colcon_core.package_identification:_identify(src/tortoisebot/tortoisebot_slam) by extension 'ament_cargo'
[0.825s] Level 1:colcon.colcon_core.package_identification:_identify(src/tortoisebot/tortoisebot_slam) by extensions ['ros']
[0.825s] Level 1:colcon.colcon_core.package_identification:_identify(src/tortoisebot/tortoisebot_slam) by extension 'ros'
[0.826s] DEBUG:colcon.colcon_core.package_identification:Package 'src/tortoisebot/tortoisebot_slam' with type 'ros.ament_cmake' and name 'tortoisebot_slam'
[0.826s] Level 1:colcon.colcon_core.package_identification:_identify(src/tortoisebot/ydlidar-ros2) by extensions ['ignore', 'ignore_ament_install']
[0.826s] Level 1:colcon.colcon_core.package_identification:_identify(src/tortoisebot/ydlidar-ros2) by extension 'ignore'
[0.826s] Level 1:colcon.colcon_core.package_identification:_identify(src/tortoisebot/ydlidar-ros2) by extension 'ignore_ament_install'
[0.826s] Level 1:colcon.colcon_core.package_identification:_identify(src/tortoisebot/ydlidar-ros2) by extensions ['colcon_pkg']
[0.826s] Level 1:colcon.colcon_core.package_identification:_identify(src/tortoisebot/ydlidar-ros2) by extension 'colcon_pkg'
[0.826s] Level 1:colcon.colcon_core.package_identification:_identify(src/tortoisebot/ydlidar-ros2) by extensions ['colcon_meta']
[0.827s] Level 1:colcon.colcon_core.package_identification:_identify(src/tortoisebot/ydlidar-ros2) by extension 'colcon_meta'
[0.827s] Level 1:colcon.colcon_core.package_identification:_identify(src/tortoisebot/ydlidar-ros2) by extensions ['ament_cargo']
[0.827s] Level 1:colcon.colcon_core.package_identification:_identify(src/tortoisebot/ydlidar-ros2) by extension 'ament_cargo'
[0.827s] Level 1:colcon.colcon_core.package_identification:_identify(src/tortoisebot/ydlidar-ros2) by extensions ['ros']
[0.827s] Level 1:colcon.colcon_core.package_identification:_identify(src/tortoisebot/ydlidar-ros2) by extension 'ros'
[0.827s] Level 1:colcon.colcon_core.package_identification:_identify(src/tortoisebot/ydlidar-ros2) by extensions ['cargo', 'cmake', 'python']
[0.827s] Level 1:colcon.colcon_core.package_identification:_identify(src/tortoisebot/ydlidar-ros2) by extension 'cargo'
[0.827s] Level 1:colcon.colcon_core.package_identification:_identify(src/tortoisebot/ydlidar-ros2) by extension 'cmake'
[0.827s] Level 1:colcon.colcon_core.package_identification:_identify(src/tortoisebot/ydlidar-ros2) by extension 'python'
[0.827s] Level 1:colcon.colcon_core.package_identification:_identify(src/tortoisebot/ydlidar-ros2) by extensions ['python_setup_py']
[0.827s] Level 1:colcon.colcon_core.package_identification:_identify(src/tortoisebot/ydlidar-ros2) by extension 'python_setup_py'
[0.827s] Level 1:colcon.colcon_core.package_identification:_identify(src/tortoisebot/ydlidar-ros2/params) by extensions ['ignore', 'ignore_ament_install']
[0.827s] Level 1:colcon.colcon_core.package_identification:_identify(src/tortoisebot/ydlidar-ros2/params) by extension 'ignore'
[0.828s] Level 1:colcon.colcon_core.package_identification:_identify(src/tortoisebot/ydlidar-ros2/params) by extension 'ignore_ament_install'
[0.828s] Level 1:colcon.colcon_core.package_identification:_identify(src/tortoisebot/ydlidar-ros2/params) by extensions ['colcon_pkg']
[0.828s] Level 1:colcon.colcon_core.package_identification:_identify(src/tortoisebot/ydlidar-ros2/params) by extension 'colcon_pkg'
[0.828s] Level 1:colcon.colcon_core.package_identification:_identify(src/tortoisebot/ydlidar-ros2/params) by extensions ['colcon_meta']
[0.828s] Level 1:colcon.colcon_core.package_identification:_identify(src/tortoisebot/ydlidar-ros2/params) by extension 'colcon_meta'
[0.828s] Level 1:colcon.colcon_core.package_identification:_identify(src/tortoisebot/ydlidar-ros2/params) by extensions ['ament_cargo']
[0.828s] Level 1:colcon.colcon_core.package_identification:_identify(src/tortoisebot/ydlidar-ros2/params) by extension 'ament_cargo'
[0.828s] Level 1:colcon.colcon_core.package_identification:_identify(src/tortoisebot/ydlidar-ros2/params) by extensions ['ros']
[0.828s] Level 1:colcon.colcon_core.package_identification:_identify(src/tortoisebot/ydlidar-ros2/params) by extension 'ros'
[0.828s] Level 1:colcon.colcon_core.package_identification:_identify(src/tortoisebot/ydlidar-ros2/params) by extensions ['cargo', 'cmake', 'python']
[0.828s] Level 1:colcon.colcon_core.package_identification:_identify(src/tortoisebot/ydlidar-ros2/params) by extension 'cargo'
[0.828s] Level 1:colcon.colcon_core.package_identification:_identify(src/tortoisebot/ydlidar-ros2/params) by extension 'cmake'
[0.828s] Level 1:colcon.colcon_core.package_identification:_identify(src/tortoisebot/ydlidar-ros2/params) by extension 'python'
[0.828s] Level 1:colcon.colcon_core.package_identification:_identify(src/tortoisebot/ydlidar-ros2/params) by extensions ['python_setup_py']
[0.828s] Level 1:colcon.colcon_core.package_identification:_identify(src/tortoisebot/ydlidar-ros2/params) by extension 'python_setup_py'
[0.829s] Level 1:colcon.colcon_core.package_identification:_identify(src/tortoisebot/ydlidar_ros2_driver) by extensions ['ignore', 'ignore_ament_install']
[0.829s] Level 1:colcon.colcon_core.package_identification:_identify(src/tortoisebot/ydlidar_ros2_driver) by extension 'ignore'
[0.829s] Level 1:colcon.colcon_core.package_identification:_identify(src/tortoisebot/ydlidar_ros2_driver) by extension 'ignore_ament_install'
[0.829s] Level 1:colcon.colcon_core.package_identification:_identify(src/tortoisebot/ydlidar_ros2_driver) by extensions ['colcon_pkg']
[0.829s] Level 1:colcon.colcon_core.package_identification:_identify(src/tortoisebot/ydlidar_ros2_driver) by extension 'colcon_pkg'
[0.829s] Level 1:colcon.colcon_core.package_identification:_identify(src/tortoisebot/ydlidar_ros2_driver) by extensions ['colcon_meta']
[0.829s] Level 1:colcon.colcon_core.package_identification:_identify(src/tortoisebot/ydlidar_ros2_driver) by extension 'colcon_meta'
[0.829s] Level 1:colcon.colcon_core.package_identification:_identify(src/tortoisebot/ydlidar_ros2_driver) by extensions ['ament_cargo']
[0.829s] Level 1:colcon.colcon_core.package_identification:_identify(src/tortoisebot/ydlidar_ros2_driver) by extension 'ament_cargo'
[0.829s] Level 1:colcon.colcon_core.package_identification:_identify(src/tortoisebot/ydlidar_ros2_driver) by extensions ['ros']
[0.829s] Level 1:colcon.colcon_core.package_identification:_identify(src/tortoisebot/ydlidar_ros2_driver) by extension 'ros'
[0.830s] DEBUG:colcon.colcon_core.package_identification:Package 'src/tortoisebot/ydlidar_ros2_driver' with type 'ros.ament_cmake' and name 'ydlidar_ros2_driver'
[0.830s] Level 1:colcon.colcon_core.package_discovery:discover_packages(recursive) using defaults
[0.830s] Level 1:colcon.colcon_core.package_discovery:discover_packages(ignore) discover
[0.830s] Level 1:colcon.colcon_core.package_discovery:discover_packages(ignore) using defaults
[0.830s] Level 1:colcon.colcon_core.package_discovery:discover_packages(path) discover
[0.830s] Level 1:colcon.colcon_core.package_discovery:discover_packages(path) using defaults
[0.869s] INFO:colcon.colcon_core.package_selection:Skipping not selected package 'ros2_aruco' in 'src/tortoisebot/ros2_aruco/ros2_aruco'
[0.869s] INFO:colcon.colcon_core.package_selection:Skipping not selected package 'ros2_aruco_interfaces' in 'src/tortoisebot/ros2_aruco/ros2_aruco_interfaces'
[0.869s] INFO:colcon.colcon_core.package_selection:Skipping not selected package 'tortoisebot_bringup' in 'src/tortoisebot/tortoisebot_bringup'
[0.869s] INFO:colcon.colcon_core.package_selection:Skipping not selected package 'tortoisebot_control' in 'src/tortoisebot/tortoisebot_control'
[0.869s] INFO:colcon.colcon_core.package_selection:Skipping not selected package 'tortoisebot_description' in 'src/tortoisebot/tortoisebot_description'
[0.869s] INFO:colcon.colcon_core.package_selection:Skipping not selected package 'tortoisebot_firmware' in 'src/tortoisebot/tortoisebot_firmware'
[0.869s] INFO:colcon.colcon_core.package_selection:Skipping not selected package 'tortoisebot_localization' in 'src/tortoisebot/tortoisebot_localization'
[0.869s] INFO:colcon.colcon_core.package_selection:Skipping not selected package 'tortoisebot_navigation' in 'src/tortoisebot/tortoisebot_navigation'
[0.869s] INFO:colcon.colcon_core.package_selection:Skipping not selected package 'tortoisebot_slam' in 'src/tortoisebot/tortoisebot_slam'
[0.869s] INFO:colcon.colcon_core.package_selection:Skipping not selected package 'ydlidar_ros2_driver' in 'src/tortoisebot/ydlidar_ros2_driver'
[0.875s] Level 5:colcon.colcon_core.verb:set package 'tortoisebot_gazebo' build argument 'lookup_in_workspace' from command line to 'False'
[0.875s] Level 5:colcon.colcon_core.verb:set package 'tortoisebot_gazebo' build argument 'cargo_args' from command line to 'None'
[0.875s] Level 5:colcon.colcon_core.verb:set package 'tortoisebot_gazebo' build argument 'clean_build' from command line to 'False'
[0.875s] Level 5:colcon.colcon_core.verb:set package 'tortoisebot_gazebo' build argument 'cmake_args' from command line to 'None'
[0.875s] Level 5:colcon.colcon_core.verb:set package 'tortoisebot_gazebo' build argument 'cmake_target' from command line to 'None'
[0.875s] Level 5:colcon.colcon_core.verb:set package 'tortoisebot_gazebo' build argument 'cmake_target_skip_unavailable' from command line to 'False'
[0.875s] Level 5:colcon.colcon_core.verb:set package 'tortoisebot_gazebo' build argument 'cmake_clean_cache' from command line to 'False'
[0.875s] Level 5:colcon.colcon_core.verb:set package 'tortoisebot_gazebo' build argument 'cmake_clean_first' from command line to 'False'
[0.875s] Level 5:colcon.colcon_core.verb:set package 'tortoisebot_gazebo' build argument 'cmake_force_configure' from command line to 'False'
[0.875s] Level 5:colcon.colcon_core.verb:set package 'tortoisebot_gazebo' build argument 'ament_cmake_args' from command line to 'None'
[0.875s] Level 5:colcon.colcon_core.verb:set package 'tortoisebot_gazebo' build argument 'catkin_cmake_args' from command line to 'None'
[0.875s] Level 5:colcon.colcon_core.verb:set package 'tortoisebot_gazebo' build argument 'catkin_skip_building_tests' from command line to 'False'
[0.876s] DEBUG:colcon.colcon_core.verb:Building package 'tortoisebot_gazebo' with the following arguments: {'ament_cmake_args': None, 'build_base': '/home/user/simulation_ws/build/tortoisebot_gazebo', 'cargo_args': None, 'catkin_cmake_args': None, 'catkin_skip_building_tests': False, 'clean_build': False, 'cmake_args': None, 'cmake_clean_cache': False, 'cmake_clean_first': False, 'cmake_force_configure': False, 'cmake_target': None, 'cmake_target_skip_unavailable': False, 'install_base': '/home/user/simulation_ws/install/tortoisebot_gazebo', 'lookup_in_workspace': False, 'merge_install': False, 'path': '/home/user/simulation_ws/src/tortoisebot/tortoisebot_gazebo', 'symlink_install': False, 'test_result_base': None}
[0.877s] INFO:colcon.colcon_core.executor:Executing jobs using 'parallel' executor
[0.881s] DEBUG:colcon.colcon_parallel_executor.executor.parallel:run_until_complete
[0.882s] INFO:colcon.colcon_ros.task.ament_cmake.build:Building ROS package in '/home/user/simulation_ws/src/tortoisebot/tortoisebot_gazebo' with build type 'ament_cmake'
[0.882s] INFO:colcon.colcon_cmake.task.cmake.build:Building CMake package in '/home/user/simulation_ws/src/tortoisebot/tortoisebot_gazebo'
[0.890s] INFO:colcon.colcon_core.plugin_system:Skipping extension 'colcon_core.shell.bat': Not used on non-Windows systems
[0.891s] INFO:colcon.colcon_core.shell:Skip shell extension 'powershell' for command environment: Not usable outside of PowerShell
[0.891s] DEBUG:colcon.colcon_core.shell:Skip shell extension 'dsv' for command environment
[0.918s] DEBUG:colcon.colcon_core.event_handler.log_command:Invoking command in '/home/user/simulation_ws/build/tortoisebot_gazebo': CMAKE_PREFIX_PATH=${CMAKE_PREFIX_PATH}:/home/user/simulation_ws/install/tortoisebot_localization:/home/user/simulation_ws/install/tortoisebot_control:/home/user/simulation_ws/install/ros2_aruco:/home/simulations/ros2_sims_ws/install/rclrs_tests:/home/simulations/ros2_sims_ws/install/examples_rclrs_minimal_client_service:/home/simulations/ros2_sims_ws/install/sensor_msgs_py:/home/simulations/ros2_sims_ws/install/examples_rclrs_minimal_pub_sub:/home/simulations/ros2_sims_ws/install/examples_rclrs_message_demo:/home/simulations/ros2_sims_ws/install/rclrs:/home/simulations/ros2_sims_ws/install/rosidl_runtime_rs:/opt/ros/humble _=/usr/bin/env /usr/bin/cmake --build /home/user/simulation_ws/build/tortoisebot_gazebo -- -j8 -l8
[0.990s] DEBUG:colcon.colcon_core.event_handler.log_command:Invoked command in '/home/user/simulation_ws/build/tortoisebot_gazebo' returned '0': CMAKE_PREFIX_PATH=${CMAKE_PREFIX_PATH}:/home/user/simulation_ws/install/tortoisebot_localization:/home/user/simulation_ws/install/tortoisebot_control:/home/user/simulation_ws/install/ros2_aruco:/home/simulations/ros2_sims_ws/install/rclrs_tests:/home/simulations/ros2_sims_ws/install/examples_rclrs_minimal_client_service:/home/simulations/ros2_sims_ws/install/sensor_msgs_py:/home/simulations/ros2_sims_ws/install/examples_rclrs_minimal_pub_sub:/home/simulations/ros2_sims_ws/install/examples_rclrs_message_demo:/home/simulations/ros2_sims_ws/install/rclrs:/home/simulations/ros2_sims_ws/install/rosidl_runtime_rs:/opt/ros/humble _=/usr/bin/env /usr/bin/cmake --build /home/user/simulation_ws/build/tortoisebot_gazebo -- -j8 -l8
[1.087s] DEBUG:colcon.colcon_core.event_handler.log_command:Invoking command in '/home/user/simulation_ws/build/tortoisebot_gazebo': CMAKE_PREFIX_PATH=${CMAKE_PREFIX_PATH}:/home/user/simulation_ws/install/tortoisebot_localization:/home/user/simulation_ws/install/tortoisebot_control:/home/user/simulation_ws/install/ros2_aruco:/home/simulations/ros2_sims_ws/install/rclrs_tests:/home/simulations/ros2_sims_ws/install/examples_rclrs_minimal_client_service:/home/simulations/ros2_sims_ws/install/sensor_msgs_py:/home/simulations/ros2_sims_ws/install/examples_rclrs_minimal_pub_sub:/home/simulations/ros2_sims_ws/install/examples_rclrs_message_demo:/home/simulations/ros2_sims_ws/install/rclrs:/home/simulations/ros2_sims_ws/install/rosidl_runtime_rs:/opt/ros/humble _=/usr/bin/env /usr/bin/cmake --install /home/user/simulation_ws/build/tortoisebot_gazebo
[1.110s] Level 1:colcon.colcon_core.environment:create_environment_scripts_only(tortoisebot_gazebo)
[1.123s] DEBUG:colcon.colcon_core.event_handler.log_command:Invoked command in '/home/user/simulation_ws/build/tortoisebot_gazebo' returned '0': CMAKE_PREFIX_PATH=${CMAKE_PREFIX_PATH}:/home/user/simulation_ws/install/tortoisebot_localization:/home/user/simulation_ws/install/tortoisebot_control:/home/user/simulation_ws/install/ros2_aruco:/home/simulations/ros2_sims_ws/install/rclrs_tests:/home/simulations/ros2_sims_ws/install/examples_rclrs_minimal_client_service:/home/simulations/ros2_sims_ws/install/sensor_msgs_py:/home/simulations/ros2_sims_ws/install/examples_rclrs_minimal_pub_sub:/home/simulations/ros2_sims_ws/install/examples_rclrs_message_demo:/home/simulations/ros2_sims_ws/install/rclrs:/home/simulations/ros2_sims_ws/install/rosidl_runtime_rs:/opt/ros/humble _=/usr/bin/env /usr/bin/cmake --install /home/user/simulation_ws/build/tortoisebot_gazebo
[1.125s] Level 1:colcon.colcon_core.environment:checking '/home/user/simulation_ws/install/tortoisebot_gazebo' for CMake module files
[1.126s] Level 1:colcon.colcon_core.environment:checking '/home/user/simulation_ws/install/tortoisebot_gazebo' for CMake config files
[1.126s] Level 1:colcon.colcon_core.shell:create_environment_hook('tortoisebot_gazebo', 'cmake_prefix_path')
[1.128s] INFO:colcon.colcon_core.shell:Creating environment hook '/home/user/simulation_ws/install/tortoisebot_gazebo/share/tortoisebot_gazebo/hook/cmake_prefix_path.ps1'
[1.129s] INFO:colcon.colcon_core.shell:Creating environment descriptor '/home/user/simulation_ws/install/tortoisebot_gazebo/share/tortoisebot_gazebo/hook/cmake_prefix_path.dsv'
[1.130s] INFO:colcon.colcon_core.shell:Creating environment hook '/home/user/simulation_ws/install/tortoisebot_gazebo/share/tortoisebot_gazebo/hook/cmake_prefix_path.sh'
[1.131s] Level 1:colcon.colcon_core.environment:checking '/home/user/simulation_ws/install/tortoisebot_gazebo/bin'
[1.131s] Level 1:colcon.colcon_core.environment:checking '/home/user/simulation_ws/install/tortoisebot_gazebo/lib/pkgconfig/tortoisebot_gazebo.pc'
[1.134s] Level 1:colcon.colcon_core.environment:checking '/home/user/simulation_ws/install/tortoisebot_gazebo/lib/python3.10/site-packages'
[1.135s] Level 1:colcon.colcon_core.environment:checking '/home/user/simulation_ws/install/tortoisebot_gazebo/bin'
[1.137s] INFO:colcon.colcon_core.shell:Creating package script '/home/user/simulation_ws/install/tortoisebot_gazebo/share/tortoisebot_gazebo/package.ps1'
[1.138s] INFO:colcon.colcon_core.shell:Creating package descriptor '/home/user/simulation_ws/install/tortoisebot_gazebo/share/tortoisebot_gazebo/package.dsv'
[1.139s] INFO:colcon.colcon_core.shell:Creating package script '/home/user/simulation_ws/install/tortoisebot_gazebo/share/tortoisebot_gazebo/package.sh'
[1.140s] INFO:colcon.colcon_core.shell:Creating package script '/home/user/simulation_ws/install/tortoisebot_gazebo/share/tortoisebot_gazebo/package.bash'
[1.141s] INFO:colcon.colcon_core.shell:Creating package script '/home/user/simulation_ws/install/tortoisebot_gazebo/share/tortoisebot_gazebo/package.zsh'
[1.145s] Level 1:colcon.colcon_core.environment:create_file_with_runtime_dependencies(/home/user/simulation_ws/install/tortoisebot_gazebo/share/colcon-core/packages/tortoisebot_gazebo)
[1.243s] Level 1:colcon.colcon_core.environment:create_environment_scripts_only(tortoisebot_gazebo)
[1.246s] Level 1:colcon.colcon_core.environment:checking '/home/user/simulation_ws/install/tortoisebot_gazebo' for CMake module files
[1.247s] Level 1:colcon.colcon_core.environment:checking '/home/user/simulation_ws/install/tortoisebot_gazebo' for CMake config files
[1.247s] Level 1:colcon.colcon_core.shell:create_environment_hook('tortoisebot_gazebo', 'cmake_prefix_path')
[1.249s] INFO:colcon.colcon_core.shell:Creating environment hook '/home/user/simulation_ws/install/tortoisebot_gazebo/share/tortoisebot_gazebo/hook/cmake_prefix_path.ps1'
[1.250s] INFO:colcon.colcon_core.shell:Creating environment descriptor '/home/user/simulation_ws/install/tortoisebot_gazebo/share/tortoisebot_gazebo/hook/cmake_prefix_path.dsv'
[1.251s] INFO:colcon.colcon_core.shell:Creating environment hook '/home/user/simulation_ws/install/tortoisebot_gazebo/share/tortoisebot_gazebo/hook/cmake_prefix_path.sh'
[1.252s] Level 1:colcon.colcon_core.environment:checking '/home/user/simulation_ws/install/tortoisebot_gazebo/bin'
[1.252s] Level 1:colcon.colcon_core.environment:checking '/home/user/simulation_ws/install/tortoisebot_gazebo/lib/pkgconfig/tortoisebot_gazebo.pc'
[1.252s] Level 1:colcon.colcon_core.environment:checking '/home/user/simulation_ws/install/tortoisebot_gazebo/lib/python3.10/site-packages'
[1.252s] Level 1:colcon.colcon_core.environment:checking '/home/user/simulation_ws/install/tortoisebot_gazebo/bin'
[1.255s] INFO:colcon.colcon_core.shell:Creating package script '/home/user/simulation_ws/install/tortoisebot_gazebo/share/tortoisebot_gazebo/package.ps1'
[1.255s] INFO:colcon.colcon_core.shell:Creating package descriptor '/home/user/simulation_ws/install/tortoisebot_gazebo/share/tortoisebot_gazebo/package.dsv'
[1.256s] INFO:colcon.colcon_core.shell:Creating package script '/home/user/simulation_ws/install/tortoisebot_gazebo/share/tortoisebot_gazebo/package.sh'
[1.256s] INFO:colcon.colcon_core.shell:Creating package script '/home/user/simulation_ws/install/tortoisebot_gazebo/share/tortoisebot_gazebo/package.bash'
[1.257s] INFO:colcon.colcon_core.shell:Creating package script '/home/user/simulation_ws/install/tortoisebot_gazebo/share/tortoisebot_gazebo/package.zsh'
[1.257s] Level 1:colcon.colcon_core.environment:create_file_with_runtime_dependencies(/home/user/simulation_ws/install/tortoisebot_gazebo/share/colcon-core/packages/tortoisebot_gazebo)
[1.258s] DEBUG:colcon.colcon_parallel_executor.executor.parallel:closing loop
[1.258s] DEBUG:colcon.colcon_parallel_executor.executor.parallel:loop closed
[1.258s] DEBUG:colcon.colcon_parallel_executor.executor.parallel:run_until_complete finished with '0'
[1.259s] DEBUG:colcon.colcon_core.event_reactor:joining thread
[1.269s] INFO:colcon.colcon_core.plugin_system:Skipping extension 'colcon_notification.desktop_notification.notify_send': Could not find 'notify-send'
[1.269s] INFO:colcon.colcon_core.plugin_system:Skipping extension 'colcon_notification.desktop_notification.terminal_notifier': Not used on non-Darwin systems
[1.269s] INFO:colcon.colcon_core.plugin_system:Skipping extension 'colcon_notification.desktop_notification.win32': Not used on non-Windows systems
[1.269s] INFO:colcon.colcon_notification.desktop_notification:Sending desktop notification using 'notify2'
[1.272s] DEBUG:colcon.colcon_notification.desktop_notification.notify2:Failed to initialize notify2: org.freedesktop.DBus.Error.Spawn.ExecFailed: /usr/bin/dbus-launch terminated abnormally without any error message
[1.273s] DEBUG:colcon.colcon_core.event_reactor:joined thread
[1.276s] INFO:colcon.colcon_core.shell:Creating prefix script '/home/user/simulation_ws/install/local_setup.ps1'
[1.278s] INFO:colcon.colcon_core.shell:Creating prefix util module '/home/user/simulation_ws/install/_local_setup_util_ps1.py'
[1.280s] INFO:colcon.colcon_core.shell:Creating prefix chain script '/home/user/simulation_ws/install/setup.ps1'
[1.286s] INFO:colcon.colcon_core.shell:Creating prefix script '/home/user/simulation_ws/install/local_setup.sh'
[1.287s] INFO:colcon.colcon_core.shell:Creating prefix util module '/home/user/simulation_ws/install/_local_setup_util_sh.py'
[1.288s] INFO:colcon.colcon_core.shell:Creating prefix chain script '/home/user/simulation_ws/install/setup.sh'
[1.293s] INFO:colcon.colcon_core.shell:Creating prefix script '/home/user/simulation_ws/install/local_setup.bash'
[1.294s] INFO:colcon.colcon_core.shell:Creating prefix chain script '/home/user/simulation_ws/install/setup.bash'
[1.299s] INFO:colcon.colcon_core.shell:Creating prefix script '/home/user/simulation_ws/install/local_setup.zsh'
[1.300s] INFO:colcon.colcon_core.shell:Creating prefix chain script '/home/user/simulation_ws/install/setup.zsh'
