[11.717s] Invoking command in '/home/user/simulation_ws/src/tortoisebot/ros2_aruco/ros2_aruco': PYTHONPATH=/home/user/simulation_ws/build/ros2_aruco/prefix_override:/home/user/simulation_ws/install/ros2_aruco/lib/python3.10/site-packages:${PYTHONPATH} _=/usr/bin/env /usr/bin/python3 setup.py egg_info --egg-base ../../../../build/ros2_aruco build --build-base /home/user/simulation_ws/build/ros2_aruco/build install --record /home/user/simulation_ws/build/ros2_aruco/install.log --single-version-externally-managed
[14.092s] running egg_info
[14.092s] writing ../../../../build/ros2_aruco/ros2_aruco.egg-info/PKG-INFO
[14.093s] writing dependency_links to ../../../../build/ros2_aruco/ros2_aruco.egg-info/dependency_links.txt
[14.093s] writing entry points to ../../../../build/ros2_aruco/ros2_aruco.egg-info/entry_points.txt
[14.093s] writing requirements to ../../../../build/ros2_aruco/ros2_aruco.egg-info/requires.txt
[14.093s] writing top-level names to ../../../../build/ros2_aruco/ros2_aruco.egg-info/top_level.txt
[14.093s] reading manifest file '../../../../build/ros2_aruco/ros2_aruco.egg-info/SOURCES.txt'
[14.093s] writing manifest file '../../../../build/ros2_aruco/ros2_aruco.egg-info/SOURCES.txt'
[14.094s] running build
[14.095s] running build_py
[14.095s] running install
[14.096s] /usr/lib/python3/dist-packages/setuptools/command/install.py:34: SetuptoolsDeprecationWarning: setup.py install is deprecated. Use build and pip and other standards-based tools.
[14.096s]   warnings.warn(
[14.096s] running install_lib
[14.099s] running install_data
[14.100s] running install_egg_info
[14.113s] removing '/home/user/simulation_ws/install/ros2_aruco/lib/python3.10/site-packages/ros2_aruco-0.1.0-py3.10.egg-info' (and everything under it)
[14.113s] Copying ../../../../build/ros2_aruco/ros2_aruco.egg-info to /home/user/simulation_ws/install/ros2_aruco/lib/python3.10/site-packages/ros2_aruco-0.1.0-py3.10.egg-info
[14.113s] running install_scripts
[14.401s] Installing aruco_generate_marker script to /home/user/simulation_ws/install/ros2_aruco/lib/ros2_aruco
[14.401s] Installing aruco_node script to /home/user/simulation_ws/install/ros2_aruco/lib/ros2_aruco
[14.401s] writing list of installed files to '/home/user/simulation_ws/build/ros2_aruco/install.log'
[14.615s] Invoked command in '/home/user/simulation_ws/src/tortoisebot/ros2_aruco/ros2_aruco' returned '0': PYTHONPATH=/home/user/simulation_ws/build/ros2_aruco/prefix_override:/home/user/simulation_ws/install/ros2_aruco/lib/python3.10/site-packages:${PYTHONPATH} _=/usr/bin/env /usr/bin/python3 setup.py egg_info --egg-base ../../../../build/ros2_aruco build --build-base /home/user/simulation_ws/build/ros2_aruco/build install --record /home/user/simulation_ws/build/ros2_aruco/install.log --single-version-externally-managed
