-- Install configuration: ""
-- Up-to-date: /home/user/simulation_ws/install/tortoisebot_gazebo/share/tortoisebot_gazebo/gazebo
-- Up-to-date: /home/user/simulation_ws/install/tortoisebot_gazebo/share/tortoisebot_gazebo/gazebo/tortoisebot_physics.gazebo
-- Up-to-date: /home/user/simulation_ws/install/tortoisebot_gazebo/share/tortoisebot_gazebo/gazebo/tortoisebot_plugins.gazebo
-- Up-to-date: /home/user/simulation_ws/install/tortoisebot_gazebo/share/tortoisebot_gazebo/gazebo/tortoisebot_materials.gazebo
-- Up-to-date: /home/user/simulation_ws/install/tortoisebot_gazebo/share/tortoisebot_gazebo/launch
-- Installing: /home/user/simulation_ws/install/tortoisebot_gazebo/share/tortoisebot_gazebo/launch/gazebo.launch.py
-- Up-to-date: /home/user/simulation_ws/install/tortoisebot_gazebo/share/tortoisebot_gazebo/worlds
-- Up-to-date: /home/user/simulation_ws/install/tortoisebot_gazebo/share/tortoisebot_gazebo/worlds/room2.sdf
-- Up-to-date: /home/user/simulation_ws/install/tortoisebot_gazebo/share/tortoisebot_gazebo/worlds/tortoisebot_warehouse.world
-- Up-to-date: /home/user/simulation_ws/install/tortoisebot_gazebo/share/tortoisebot_gazebo/config
-- Up-to-date: /home/user/simulation_ws/install/tortoisebot_gazebo/share/tortoisebot_gazebo/config/hook_controller.yaml
-- Up-to-date: /home/user/simulation_ws/install/tortoisebot_gazebo/share/tortoisebot_gazebo/models
-- Up-to-date: /home/user/simulation_ws/install/tortoisebot_gazebo/share/tortoisebot_gazebo/models/tortoisebot_warehouse
-- Up-to-date: /home/user/simulation_ws/install/tortoisebot_gazebo/share/tortoisebot_gazebo/models/tortoisebot_warehouse/model.sdf
-- Up-to-date: /home/user/simulation_ws/install/tortoisebot_gazebo/share/tortoisebot_gazebo/models/tortoisebot_warehouse/meshes
-- Up-to-date: /home/user/simulation_ws/install/tortoisebot_gazebo/share/tortoisebot_gazebo/models/tortoisebot_warehouse/meshes/tortoisebot_warehouse_walls.dae
-- Up-to-date: /home/user/simulation_ws/install/tortoisebot_gazebo/share/tortoisebot_gazebo/models/tortoisebot_warehouse/meshes/tortoisebot_walls.dae
-- Up-to-date: /home/user/simulation_ws/install/tortoisebot_gazebo/share/tortoisebot_gazebo/models/tortoisebot_warehouse/model.config
-- Up-to-date: /home/user/simulation_ws/install/tortoisebot_gazebo/share/tortoisebot_gazebo/models/grasping_cube
-- Up-to-date: /home/user/simulation_ws/install/tortoisebot_gazebo/share/tortoisebot_gazebo/models/grasping_cube/model.sdf
-- Up-to-date: /home/user/simulation_ws/install/tortoisebot_gazebo/share/tortoisebot_gazebo/models/grasping_cube/meshes
-- Up-to-date: /home/user/simulation_ws/install/tortoisebot_gazebo/share/tortoisebot_gazebo/models/grasping_cube/meshes/grasping_cube.dae
-- Up-to-date: /home/user/simulation_ws/install/tortoisebot_gazebo/share/tortoisebot_gazebo/models/grasping_cube/model.config
-- Up-to-date: /home/user/simulation_ws/install/tortoisebot_gazebo/share/tortoisebot_gazebo/models/image_pallet_rack
-- Up-to-date: /home/user/simulation_ws/install/tortoisebot_gazebo/share/tortoisebot_gazebo/models/image_pallet_rack/materials
-- Up-to-date: /home/user/simulation_ws/install/tortoisebot_gazebo/share/tortoisebot_gazebo/models/image_pallet_rack/materials/scripts
-- Up-to-date: /home/user/simulation_ws/install/tortoisebot_gazebo/share/tortoisebot_gazebo/models/image_pallet_rack/materials/scripts/image_fan.material
-- Up-to-date: /home/user/simulation_ws/install/tortoisebot_gazebo/share/tortoisebot_gazebo/models/image_pallet_rack/materials/textures
-- Up-to-date: /home/user/simulation_ws/install/tortoisebot_gazebo/share/tortoisebot_gazebo/models/image_pallet_rack/materials/textures/pallet-rack.jpg
-- Up-to-date: /home/user/simulation_ws/install/tortoisebot_gazebo/share/tortoisebot_gazebo/models/image_pallet_rack/model.sdf
-- Up-to-date: /home/user/simulation_ws/install/tortoisebot_gazebo/share/tortoisebot_gazebo/models/image_pallet_rack/model.config
-- Up-to-date: /home/user/simulation_ws/install/tortoisebot_gazebo/share/tortoisebot_gazebo/models/image_trailer_dock
-- Up-to-date: /home/user/simulation_ws/install/tortoisebot_gazebo/share/tortoisebot_gazebo/models/image_trailer_dock/materials
-- Up-to-date: /home/user/simulation_ws/install/tortoisebot_gazebo/share/tortoisebot_gazebo/models/image_trailer_dock/materials/scripts
-- Up-to-date: /home/user/simulation_ws/install/tortoisebot_gazebo/share/tortoisebot_gazebo/models/image_trailer_dock/materials/scripts/image_trailer_dock.material
-- Up-to-date: /home/user/simulation_ws/install/tortoisebot_gazebo/share/tortoisebot_gazebo/models/image_trailer_dock/materials/textures
-- Up-to-date: /home/user/simulation_ws/install/tortoisebot_gazebo/share/tortoisebot_gazebo/models/image_trailer_dock/materials/textures/loading-dock.jpg
-- Up-to-date: /home/user/simulation_ws/install/tortoisebot_gazebo/share/tortoisebot_gazebo/models/image_trailer_dock/model.sdf
-- Up-to-date: /home/user/simulation_ws/install/tortoisebot_gazebo/share/tortoisebot_gazebo/models/image_trailer_dock/model.config
-- Up-to-date: /home/user/simulation_ws/install/tortoisebot_gazebo/share/tortoisebot_gazebo/models/image_fan
-- Up-to-date: /home/user/simulation_ws/install/tortoisebot_gazebo/share/tortoisebot_gazebo/models/image_fan/materials
-- Up-to-date: /home/user/simulation_ws/install/tortoisebot_gazebo/share/tortoisebot_gazebo/models/image_fan/materials/scripts
-- Up-to-date: /home/user/simulation_ws/install/tortoisebot_gazebo/share/tortoisebot_gazebo/models/image_fan/materials/scripts/image_fan.material
-- Up-to-date: /home/user/simulation_ws/install/tortoisebot_gazebo/share/tortoisebot_gazebo/models/image_fan/materials/textures
-- Up-to-date: /home/user/simulation_ws/install/tortoisebot_gazebo/share/tortoisebot_gazebo/models/image_fan/materials/textures/fan.jpg
-- Up-to-date: /home/user/simulation_ws/install/tortoisebot_gazebo/share/tortoisebot_gazebo/models/image_fan/model.sdf
-- Up-to-date: /home/user/simulation_ws/install/tortoisebot_gazebo/share/tortoisebot_gazebo/models/image_fan/model.config
-- Up-to-date: /home/user/simulation_ws/install/tortoisebot_gazebo/share/tortoisebot_gazebo/models/image_floor
-- Up-to-date: /home/user/simulation_ws/install/tortoisebot_gazebo/share/tortoisebot_gazebo/models/image_floor/materials
-- Up-to-date: /home/user/simulation_ws/install/tortoisebot_gazebo/share/tortoisebot_gazebo/models/image_floor/materials/scripts
-- Up-to-date: /home/user/simulation_ws/install/tortoisebot_gazebo/share/tortoisebot_gazebo/models/image_floor/materials/scripts/image_floor.material
-- Up-to-date: /home/user/simulation_ws/install/tortoisebot_gazebo/share/tortoisebot_gazebo/models/image_floor/materials/textures
-- Up-to-date: /home/user/simulation_ws/install/tortoisebot_gazebo/share/tortoisebot_gazebo/models/image_floor/materials/textures/tortoisebot_warehouse.png
-- Up-to-date: /home/user/simulation_ws/install/tortoisebot_gazebo/share/tortoisebot_gazebo/models/image_floor/model.sdf
-- Up-to-date: /home/user/simulation_ws/install/tortoisebot_gazebo/share/tortoisebot_gazebo/models/image_floor/model.config
-- Up-to-date: /home/user/simulation_ws/install/tortoisebot_gazebo/share/ament_index/resource_index/package_run_dependencies/tortoisebot_gazebo
-- Up-to-date: /home/user/simulation_ws/install/tortoisebot_gazebo/share/ament_index/resource_index/parent_prefix_path/tortoisebot_gazebo
-- Up-to-date: /home/user/simulation_ws/install/tortoisebot_gazebo/share/tortoisebot_gazebo/environment/ament_prefix_path.sh
-- Up-to-date: /home/user/simulation_ws/install/tortoisebot_gazebo/share/tortoisebot_gazebo/environment/ament_prefix_path.dsv
-- Up-to-date: /home/user/simulation_ws/install/tortoisebot_gazebo/share/tortoisebot_gazebo/environment/path.sh
-- Up-to-date: /home/user/simulation_ws/install/tortoisebot_gazebo/share/tortoisebot_gazebo/environment/path.dsv
-- Up-to-date: /home/user/simulation_ws/install/tortoisebot_gazebo/share/tortoisebot_gazebo/local_setup.bash
-- Up-to-date: /home/user/simulation_ws/install/tortoisebot_gazebo/share/tortoisebot_gazebo/local_setup.sh
-- Up-to-date: /home/user/simulation_ws/install/tortoisebot_gazebo/share/tortoisebot_gazebo/local_setup.zsh
-- Up-to-date: /home/user/simulation_ws/install/tortoisebot_gazebo/share/tortoisebot_gazebo/local_setup.dsv
-- Installing: /home/user/simulation_ws/install/tortoisebot_gazebo/share/tortoisebot_gazebo/package.dsv
-- Up-to-date: /home/user/simulation_ws/install/tortoisebot_gazebo/share/ament_index/resource_index/packages/tortoisebot_gazebo
-- Up-to-date: /home/user/simulation_ws/install/tortoisebot_gazebo/share/tortoisebot_gazebo/cmake/tortoisebot_gazeboConfig.cmake
-- Up-to-date: /home/user/simulation_ws/install/tortoisebot_gazebo/share/tortoisebot_gazebo/cmake/tortoisebot_gazeboConfig-version.cmake
-- Up-to-date: /home/user/simulation_ws/install/tortoisebot_gazebo/share/tortoisebot_gazebo/package.xml
