[4.506s] Invoking command in '/home/user/simulation_ws/build/tortoisebot_firmware': CMAKE_PREFIX_PATH=${CMAKE_PREFIX_PATH}:/home/user/simulation_ws/install/tortoisebot_localization:/home/user/simulation_ws/install/tortoisebot_control:/home/user/simulation_ws/install/ros2_aruco:/home/simulations/ros2_sims_ws/install/rclrs_tests:/home/simulations/ros2_sims_ws/install/examples_rclrs_minimal_client_service:/home/simulations/ros2_sims_ws/install/sensor_msgs_py:/home/simulations/ros2_sims_ws/install/examples_rclrs_minimal_pub_sub:/home/simulations/ros2_sims_ws/install/examples_rclrs_message_demo:/home/simulations/ros2_sims_ws/install/rclrs:/home/simulations/ros2_sims_ws/install/rosidl_runtime_rs:/home/user/ros2_ws/install/line_nagivation:/home/user/ros2_ws/install/apriltag_nagivation:/opt/ros/humble _=/usr/bin/env /usr/bin/cmake --build /home/user/simulation_ws/build/tortoisebot_firmware -- -j8 -l8
[5.600s] Built target ament_cmake_python_copy_tortoisebot_firmware
[7.894s] running egg_info
[7.897s] writing tortoisebot_firmware.egg-info/PKG-INFO
[7.900s] writing dependency_links to tortoisebot_firmware.egg-info/dependency_links.txt
[7.900s] writing top-level names to tortoisebot_firmware.egg-info/top_level.txt
[8.086s] reading manifest file 'tortoisebot_firmware.egg-info/SOURCES.txt'
[8.087s] writing manifest file 'tortoisebot_firmware.egg-info/SOURCES.txt'
[8.498s] Built target ament_cmake_python_build_tortoisebot_firmware_egg
[8.994s] Invoked command in '/home/user/simulation_ws/build/tortoisebot_firmware' returned '0': CMAKE_PREFIX_PATH=${CMAKE_PREFIX_PATH}:/home/user/simulation_ws/install/tortoisebot_localization:/home/user/simulation_ws/install/tortoisebot_control:/home/user/simulation_ws/install/ros2_aruco:/home/simulations/ros2_sims_ws/install/rclrs_tests:/home/simulations/ros2_sims_ws/install/examples_rclrs_minimal_client_service:/home/simulations/ros2_sims_ws/install/sensor_msgs_py:/home/simulations/ros2_sims_ws/install/examples_rclrs_minimal_pub_sub:/home/simulations/ros2_sims_ws/install/examples_rclrs_message_demo:/home/simulations/ros2_sims_ws/install/rclrs:/home/simulations/ros2_sims_ws/install/rosidl_runtime_rs:/home/user/ros2_ws/install/line_nagivation:/home/user/ros2_ws/install/apriltag_nagivation:/opt/ros/humble _=/usr/bin/env /usr/bin/cmake --build /home/user/simulation_ws/build/tortoisebot_firmware -- -j8 -l8
[10.195s] Invoking command in '/home/user/simulation_ws/build/tortoisebot_firmware': CMAKE_PREFIX_PATH=${CMAKE_PREFIX_PATH}:/home/user/simulation_ws/install/tortoisebot_localization:/home/user/simulation_ws/install/tortoisebot_control:/home/user/simulation_ws/install/ros2_aruco:/home/simulations/ros2_sims_ws/install/rclrs_tests:/home/simulations/ros2_sims_ws/install/examples_rclrs_minimal_client_service:/home/simulations/ros2_sims_ws/install/sensor_msgs_py:/home/simulations/ros2_sims_ws/install/examples_rclrs_minimal_pub_sub:/home/simulations/ros2_sims_ws/install/examples_rclrs_message_demo:/home/simulations/ros2_sims_ws/install/rclrs:/home/simulations/ros2_sims_ws/install/rosidl_runtime_rs:/home/user/ros2_ws/install/line_nagivation:/home/user/ros2_ws/install/apriltag_nagivation:/opt/ros/humble _=/usr/bin/env /usr/bin/cmake --install /home/user/simulation_ws/build/tortoisebot_firmware
[10.286s] -- Install configuration: ""
[10.286s] -- Up-to-date: /home/user/simulation_ws/install/tortoisebot_firmware/share/tortoisebot_firmware/environment/pythonpath.sh
[10.286s] -- Up-to-date: /home/user/simulation_ws/install/tortoisebot_firmware/share/tortoisebot_firmware/environment/pythonpath.dsv
[10.286s] -- Up-to-date: /home/user/simulation_ws/install/tortoisebot_firmware/local/lib/python3.10/dist-packages/tortoisebot_firmware-0.0.0-py3.10.egg-info
[10.286s] -- Installing: /home/user/simulation_ws/install/tortoisebot_firmware/local/lib/python3.10/dist-packages/tortoisebot_firmware-0.0.0-py3.10.egg-info/PKG-INFO
[10.287s] -- Installing: /home/user/simulation_ws/install/tortoisebot_firmware/local/lib/python3.10/dist-packages/tortoisebot_firmware-0.0.0-py3.10.egg-info/top_level.txt
[10.287s] -- Installing: /home/user/simulation_ws/install/tortoisebot_firmware/local/lib/python3.10/dist-packages/tortoisebot_firmware-0.0.0-py3.10.egg-info/SOURCES.txt
[10.287s] -- Installing: /home/user/simulation_ws/install/tortoisebot_firmware/local/lib/python3.10/dist-packages/tortoisebot_firmware-0.0.0-py3.10.egg-info/dependency_links.txt
[10.287s] -- Up-to-date: /home/user/simulation_ws/install/tortoisebot_firmware/local/lib/python3.10/dist-packages/tortoisebot_firmware
[10.287s] -- Up-to-date: /home/user/simulation_ws/install/tortoisebot_firmware/local/lib/python3.10/dist-packages/tortoisebot_firmware/__init__.py
[10.789s] Listing '/home/user/simulation_ws/install/tortoisebot_firmware/local/lib/python3.10/dist-packages/tortoisebot_firmware'...
[10.803s] -- Up-to-date: /home/user/simulation_ws/install/tortoisebot_firmware/lib/tortoisebot_firmware/differential.py
[10.803s] -- Up-to-date: /home/user/simulation_ws/install/tortoisebot_firmware/share/ament_index/resource_index/package_run_dependencies/tortoisebot_firmware
[10.803s] -- Up-to-date: /home/user/simulation_ws/install/tortoisebot_firmware/share/ament_index/resource_index/parent_prefix_path/tortoisebot_firmware
[10.803s] -- Up-to-date: /home/user/simulation_ws/install/tortoisebot_firmware/share/tortoisebot_firmware/environment/ament_prefix_path.sh
[10.803s] -- Up-to-date: /home/user/simulation_ws/install/tortoisebot_firmware/share/tortoisebot_firmware/environment/ament_prefix_path.dsv
[10.804s] -- Up-to-date: /home/user/simulation_ws/install/tortoisebot_firmware/share/tortoisebot_firmware/environment/path.sh
[10.804s] -- Up-to-date: /home/user/simulation_ws/install/tortoisebot_firmware/share/tortoisebot_firmware/environment/path.dsv
[10.804s] -- Up-to-date: /home/user/simulation_ws/install/tortoisebot_firmware/share/tortoisebot_firmware/local_setup.bash
[10.804s] -- Up-to-date: /home/user/simulation_ws/install/tortoisebot_firmware/share/tortoisebot_firmware/local_setup.sh
[10.804s] -- Up-to-date: /home/user/simulation_ws/install/tortoisebot_firmware/share/tortoisebot_firmware/local_setup.zsh
[10.804s] -- Up-to-date: /home/user/simulation_ws/install/tortoisebot_firmware/share/tortoisebot_firmware/local_setup.dsv
[10.804s] -- Installing: /home/user/simulation_ws/install/tortoisebot_firmware/share/tortoisebot_firmware/package.dsv
[10.804s] -- Up-to-date: /home/user/simulation_ws/install/tortoisebot_firmware/share/ament_index/resource_index/packages/tortoisebot_firmware
[10.805s] -- Up-to-date: /home/user/simulation_ws/install/tortoisebot_firmware/share/tortoisebot_firmware/cmake/tortoisebot_firmwareConfig.cmake
[10.805s] -- Up-to-date: /home/user/simulation_ws/install/tortoisebot_firmware/share/tortoisebot_firmware/cmake/tortoisebot_firmwareConfig-version.cmake
[10.805s] -- Up-to-date: /home/user/simulation_ws/install/tortoisebot_firmware/share/tortoisebot_firmware/package.xml
[11.100s] Invoked command in '/home/user/simulation_ws/build/tortoisebot_firmware' returned '0': CMAKE_PREFIX_PATH=${CMAKE_PREFIX_PATH}:/home/user/simulation_ws/install/tortoisebot_localization:/home/user/simulation_ws/install/tortoisebot_control:/home/user/simulation_ws/install/ros2_aruco:/home/simulations/ros2_sims_ws/install/rclrs_tests:/home/simulations/ros2_sims_ws/install/examples_rclrs_minimal_client_service:/home/simulations/ros2_sims_ws/install/sensor_msgs_py:/home/simulations/ros2_sims_ws/install/examples_rclrs_minimal_pub_sub:/home/simulations/ros2_sims_ws/install/examples_rclrs_message_demo:/home/simulations/ros2_sims_ws/install/rclrs:/home/simulations/ros2_sims_ws/install/rosidl_runtime_rs:/home/user/ros2_ws/install/line_nagivation:/home/user/ros2_ws/install/apriltag_nagivation:/opt/ros/humble _=/usr/bin/env /usr/bin/cmake --install /home/user/simulation_ws/build/tortoisebot_firmware
