[1.083s] Invoking command in '/home/user/simulation_ws/build/tortoisebot_description': CMAKE_PREFIX_PATH=${CMAKE_PREFIX_PATH}:/home/user/ros2_ws/install/apriltag_nagivation:/home/user/simulation_ws/install/tortoisebot_localization:/home/user/simulation_ws/install/tortoisebot_control:/home/user/simulation_ws/install/ros2_aruco:/home/simulations/ros2_sims_ws/install/rclrs_tests:/home/simulations/ros2_sims_ws/install/examples_rclrs_minimal_client_service:/home/simulations/ros2_sims_ws/install/sensor_msgs_py:/home/simulations/ros2_sims_ws/install/examples_rclrs_minimal_pub_sub:/home/simulations/ros2_sims_ws/install/examples_rclrs_message_demo:/home/simulations/ros2_sims_ws/install/rclrs:/home/simulations/ros2_sims_ws/install/rosidl_runtime_rs:/home/user/ros2_ws/install/opencv_tests:/opt/ros/humble _=/usr/bin/env /usr/bin/cmake --build /home/user/simulation_ws/build/tortoisebot_description -- -j8 -l8
[2.091s] Invoked command in '/home/user/simulation_ws/build/tortoisebot_description' returned '0': CMAKE_PREFIX_PATH=${CMAKE_PREFIX_PATH}:/home/user/ros2_ws/install/apriltag_nagivation:/home/user/simulation_ws/install/tortoisebot_localization:/home/user/simulation_ws/install/tortoisebot_control:/home/user/simulation_ws/install/ros2_aruco:/home/simulations/ros2_sims_ws/install/rclrs_tests:/home/simulations/ros2_sims_ws/install/examples_rclrs_minimal_client_service:/home/simulations/ros2_sims_ws/install/sensor_msgs_py:/home/simulations/ros2_sims_ws/install/examples_rclrs_minimal_pub_sub:/home/simulations/ros2_sims_ws/install/examples_rclrs_message_demo:/home/simulations/ros2_sims_ws/install/rclrs:/home/simulations/ros2_sims_ws/install/rosidl_runtime_rs:/home/user/ros2_ws/install/opencv_tests:/opt/ros/humble _=/usr/bin/env /usr/bin/cmake --build /home/user/simulation_ws/build/tortoisebot_description -- -j8 -l8
[2.410s] Invoking command in '/home/user/simulation_ws/build/tortoisebot_description': CMAKE_PREFIX_PATH=${CMAKE_PREFIX_PATH}:/home/user/ros2_ws/install/apriltag_nagivation:/home/user/simulation_ws/install/tortoisebot_localization:/home/user/simulation_ws/install/tortoisebot_control:/home/user/simulation_ws/install/ros2_aruco:/home/simulations/ros2_sims_ws/install/rclrs_tests:/home/simulations/ros2_sims_ws/install/examples_rclrs_minimal_client_service:/home/simulations/ros2_sims_ws/install/sensor_msgs_py:/home/simulations/ros2_sims_ws/install/examples_rclrs_minimal_pub_sub:/home/simulations/ros2_sims_ws/install/examples_rclrs_message_demo:/home/simulations/ros2_sims_ws/install/rclrs:/home/simulations/ros2_sims_ws/install/rosidl_runtime_rs:/home/user/ros2_ws/install/opencv_tests:/opt/ros/humble _=/usr/bin/env /usr/bin/cmake --install /home/user/simulation_ws/build/tortoisebot_description
[2.504s] -- Install configuration: ""
[2.504s] -- Up-to-date: /home/user/simulation_ws/install/tortoisebot_description/share/tortoisebot_description/launch
[2.504s] -- Up-to-date: /home/user/simulation_ws/install/tortoisebot_description/share/tortoisebot_description/launch/robot_description.launch.py
[2.504s] -- Up-to-date: /home/user/simulation_ws/install/tortoisebot_description/share/tortoisebot_description/launch/rviz.launch.py
[2.504s] -- Up-to-date: /home/user/simulation_ws/install/tortoisebot_description/share/tortoisebot_description/launch/spawn.launch.py
[2.504s] -- Up-to-date: /home/user/simulation_ws/install/tortoisebot_description/share/tortoisebot_description/launch/state_publisher.launch.py
[2.504s] -- Up-to-date: /home/user/simulation_ws/install/tortoisebot_description/share/tortoisebot_description/launch/display.launch.py
[2.505s] -- Up-to-date: /home/user/simulation_ws/install/tortoisebot_description/share/tortoisebot_description/models
[2.505s] -- Up-to-date: /home/user/simulation_ws/install/tortoisebot_description/share/tortoisebot_description/models/urdf
[2.597s] -- Up-to-date: /home/user/simulation_ws/install/tortoisebot_description/share/tortoisebot_description/models/urdf/tortoisebot_hook.xacro
[2.598s] -- Up-to-date: /home/user/simulation_ws/install/tortoisebot_description/share/tortoisebot_description/models/urdf/tortoisebot.xacro
[2.598s] -- Up-to-date: /home/user/simulation_ws/install/tortoisebot_description/share/tortoisebot_description/models/urdf/materials.xacro
[2.598s] -- Up-to-date: /home/user/simulation_ws/install/tortoisebot_description/share/tortoisebot_description/models/meshes
[2.598s] -- Up-to-date: /home/user/simulation_ws/install/tortoisebot_description/share/tortoisebot_description/models/meshes/lidar_motorend.stl
[2.598s] -- Up-to-date: /home/user/simulation_ws/install/tortoisebot_description/share/tortoisebot_description/models/meshes/camera.stl
[2.598s] -- Up-to-date: /home/user/simulation_ws/install/tortoisebot_description/share/tortoisebot_description/models/meshes/imu.stl
[2.598s] -- Up-to-date: /home/user/simulation_ws/install/tortoisebot_description/share/tortoisebot_description/models/meshes/caster.stl
[2.598s] -- Up-to-date: /home/user/simulation_ws/install/tortoisebot_description/share/tortoisebot_description/models/meshes/lidar_bottom.stl
[2.598s] -- Up-to-date: /home/user/simulation_ws/install/tortoisebot_description/share/tortoisebot_description/models/meshes/base_link.stl
[2.599s] -- Up-to-date: /home/user/simulation_ws/install/tortoisebot_description/share/tortoisebot_description/models/meshes/lidar_top.stl
[2.599s] -- Up-to-date: /home/user/simulation_ws/install/tortoisebot_description/share/tortoisebot_description/models/meshes/lidar_body.stl
[2.599s] -- Up-to-date: /home/user/simulation_ws/install/tortoisebot_description/share/tortoisebot_description/models/meshes/wheel_right.stl
[2.599s] -- Up-to-date: /home/user/simulation_ws/install/tortoisebot_description/share/tortoisebot_description/models/meshes/wheel_left.stl
[2.599s] -- Up-to-date: /home/user/simulation_ws/install/tortoisebot_description/share/tortoisebot_description/rviz
[2.599s] -- Up-to-date: /home/user/simulation_ws/install/tortoisebot_description/share/tortoisebot_description/rviz/tortoisebot_navigation.rviz
[2.600s] -- Up-to-date: /home/user/simulation_ws/install/tortoisebot_description/share/tortoisebot_description/rviz/sensors.rviz
[2.600s] -- Up-to-date: /home/user/simulation_ws/install/tortoisebot_description/share/ament_index/resource_index/package_run_dependencies/tortoisebot_description
[2.600s] -- Up-to-date: /home/user/simulation_ws/install/tortoisebot_description/share/ament_index/resource_index/parent_prefix_path/tortoisebot_description
[2.601s] -- Up-to-date: /home/user/simulation_ws/install/tortoisebot_description/share/tortoisebot_description/environment/ament_prefix_path.sh
[2.601s] -- Up-to-date: /home/user/simulation_ws/install/tortoisebot_description/share/tortoisebot_description/environment/ament_prefix_path.dsv
[2.601s] -- Up-to-date: /home/user/simulation_ws/install/tortoisebot_description/share/tortoisebot_description/environment/path.sh
[2.602s] -- Up-to-date: /home/user/simulation_ws/install/tortoisebot_description/share/tortoisebot_description/environment/path.dsv
[2.602s] -- Up-to-date: /home/user/simulation_ws/install/tortoisebot_description/share/tortoisebot_description/local_setup.bash
[2.602s] -- Up-to-date: /home/user/simulation_ws/install/tortoisebot_description/share/tortoisebot_description/local_setup.sh
[2.602s] -- Up-to-date: /home/user/simulation_ws/install/tortoisebot_description/share/tortoisebot_description/local_setup.zsh
[2.602s] -- Up-to-date: /home/user/simulation_ws/install/tortoisebot_description/share/tortoisebot_description/local_setup.dsv
[2.602s] -- Installing: /home/user/simulation_ws/install/tortoisebot_description/share/tortoisebot_description/package.dsv
[2.602s] -- Up-to-date: /home/user/simulation_ws/install/tortoisebot_description/share/ament_index/resource_index/packages/tortoisebot_description
[2.602s] -- Up-to-date: /home/user/simulation_ws/install/tortoisebot_description/share/tortoisebot_description/cmake/tortoisebot_descriptionConfig.cmake
[2.602s] -- Up-to-date: /home/user/simulation_ws/install/tortoisebot_description/share/tortoisebot_description/cmake/tortoisebot_descriptionConfig-version.cmake
[2.602s] -- Up-to-date: /home/user/simulation_ws/install/tortoisebot_description/share/tortoisebot_description/package.xml
[2.679s] Invoked command in '/home/user/simulation_ws/build/tortoisebot_description' returned '0': CMAKE_PREFIX_PATH=${CMAKE_PREFIX_PATH}:/home/user/ros2_ws/install/apriltag_nagivation:/home/user/simulation_ws/install/tortoisebot_localization:/home/user/simulation_ws/install/tortoisebot_control:/home/user/simulation_ws/install/ros2_aruco:/home/simulations/ros2_sims_ws/install/rclrs_tests:/home/simulations/ros2_sims_ws/install/examples_rclrs_minimal_client_service:/home/simulations/ros2_sims_ws/install/sensor_msgs_py:/home/simulations/ros2_sims_ws/install/examples_rclrs_minimal_pub_sub:/home/simulations/ros2_sims_ws/install/examples_rclrs_message_demo:/home/simulations/ros2_sims_ws/install/rclrs:/home/simulations/ros2_sims_ws/install/rosidl_runtime_rs:/home/user/ros2_ws/install/opencv_tests:/opt/ros/humble _=/usr/bin/env /usr/bin/cmake --install /home/user/simulation_ws/build/tortoisebot_description
