[2.914s] Invoking command in '/home/user/simulation_ws/build/tortoisebot_description': CMAKE_PREFIX_PATH=${CMAKE_PREFIX_PATH}:/home/user/simulation_ws/install/tortoisebot_localization:/home/user/simulation_ws/install/tortoisebot_control:/home/user/simulation_ws/install/ros2_aruco:/home/simulations/ros2_sims_ws/install/rclrs_tests:/home/simulations/ros2_sims_ws/install/examples_rclrs_minimal_client_service:/home/simulations/ros2_sims_ws/install/sensor_msgs_py:/home/simulations/ros2_sims_ws/install/examples_rclrs_minimal_pub_sub:/home/simulations/ros2_sims_ws/install/examples_rclrs_message_demo:/home/simulations/ros2_sims_ws/install/rclrs:/home/simulations/ros2_sims_ws/install/rosidl_runtime_rs:/home/user/ros2_ws/install/opencv_tests:/opt/ros/humble _=/usr/bin/env /usr/bin/cmake --build /home/user/simulation_ws/build/tortoisebot_description -- -j8 -l8
[4.813s] Invoked command in '/home/user/simulation_ws/build/tortoisebot_description' returned '0': CMAKE_PREFIX_PATH=${CMAKE_PREFIX_PATH}:/home/user/simulation_ws/install/tortoisebot_localization:/home/user/simulation_ws/install/tortoisebot_control:/home/user/simulation_ws/install/ros2_aruco:/home/simulations/ros2_sims_ws/install/rclrs_tests:/home/simulations/ros2_sims_ws/install/examples_rclrs_minimal_client_service:/home/simulations/ros2_sims_ws/install/sensor_msgs_py:/home/simulations/ros2_sims_ws/install/examples_rclrs_minimal_pub_sub:/home/simulations/ros2_sims_ws/install/examples_rclrs_message_demo:/home/simulations/ros2_sims_ws/install/rclrs:/home/simulations/ros2_sims_ws/install/rosidl_runtime_rs:/home/user/ros2_ws/install/opencv_tests:/opt/ros/humble _=/usr/bin/env /usr/bin/cmake --build /home/user/simulation_ws/build/tortoisebot_description -- -j8 -l8
[5.695s] Invoking command in '/home/user/simulation_ws/build/tortoisebot_description': CMAKE_PREFIX_PATH=${CMAKE_PREFIX_PATH}:/home/user/simulation_ws/install/tortoisebot_localization:/home/user/simulation_ws/install/tortoisebot_control:/home/user/simulation_ws/install/ros2_aruco:/home/simulations/ros2_sims_ws/install/rclrs_tests:/home/simulations/ros2_sims_ws/install/examples_rclrs_minimal_client_service:/home/simulations/ros2_sims_ws/install/sensor_msgs_py:/home/simulations/ros2_sims_ws/install/examples_rclrs_minimal_pub_sub:/home/simulations/ros2_sims_ws/install/examples_rclrs_message_demo:/home/simulations/ros2_sims_ws/install/rclrs:/home/simulations/ros2_sims_ws/install/rosidl_runtime_rs:/home/user/ros2_ws/install/opencv_tests:/opt/ros/humble _=/usr/bin/env /usr/bin/cmake --install /home/user/simulation_ws/build/tortoisebot_description
[5.783s] -- Install configuration: ""
[5.784s] -- Up-to-date: /home/user/simulation_ws/install/tortoisebot_description/share/tortoisebot_description/launch
[5.784s] -- Up-to-date: /home/user/simulation_ws/install/tortoisebot_description/share/tortoisebot_description/launch/robot_description.launch.py
[5.784s] -- Up-to-date: /home/user/simulation_ws/install/tortoisebot_description/share/tortoisebot_description/launch/rviz.launch.py
[5.784s] -- Up-to-date: /home/user/simulation_ws/install/tortoisebot_description/share/tortoisebot_description/launch/spawn.launch.py
[5.784s] -- Up-to-date: /home/user/simulation_ws/install/tortoisebot_description/share/tortoisebot_description/launch/state_publisher.launch.py
[5.786s] -- Up-to-date: /home/user/simulation_ws/install/tortoisebot_description/share/tortoisebot_description/launch/display.launch.py
[5.786s] -- Up-to-date: /home/user/simulation_ws/install/tortoisebot_description/share/tortoisebot_description/models
[5.786s] -- Up-to-date: /home/user/simulation_ws/install/tortoisebot_description/share/tortoisebot_description/models/urdf
[5.787s] -- Up-to-date: /home/user/simulation_ws/install/tortoisebot_description/share/tortoisebot_description/models/urdf/tortoisebot_hook.xacro
[5.787s] -- Up-to-date: /home/user/simulation_ws/install/tortoisebot_description/share/tortoisebot_description/models/urdf/tortoisebot.xacro
[5.787s] -- Up-to-date: /home/user/simulation_ws/install/tortoisebot_description/share/tortoisebot_description/models/urdf/materials.xacro
[5.787s] -- Up-to-date: /home/user/simulation_ws/install/tortoisebot_description/share/tortoisebot_description/models/meshes
[5.787s] -- Up-to-date: /home/user/simulation_ws/install/tortoisebot_description/share/tortoisebot_description/models/meshes/lidar_motorend.stl
[5.787s] -- Up-to-date: /home/user/simulation_ws/install/tortoisebot_description/share/tortoisebot_description/models/meshes/camera.stl
[5.787s] -- Up-to-date: /home/user/simulation_ws/install/tortoisebot_description/share/tortoisebot_description/models/meshes/imu.stl
[5.788s] -- Up-to-date: /home/user/simulation_ws/install/tortoisebot_description/share/tortoisebot_description/models/meshes/caster.stl
[5.788s] -- Up-to-date: /home/user/simulation_ws/install/tortoisebot_description/share/tortoisebot_description/models/meshes/lidar_bottom.stl
[5.788s] -- Up-to-date: /home/user/simulation_ws/install/tortoisebot_description/share/tortoisebot_description/models/meshes/base_link.stl
[5.788s] -- Up-to-date: /home/user/simulation_ws/install/tortoisebot_description/share/tortoisebot_description/models/meshes/lidar_top.stl
[5.788s] -- Up-to-date: /home/user/simulation_ws/install/tortoisebot_description/share/tortoisebot_description/models/meshes/lidar_body.stl
[5.788s] -- Up-to-date: /home/user/simulation_ws/install/tortoisebot_description/share/tortoisebot_description/models/meshes/wheel_right.stl
[5.788s] -- Up-to-date: /home/user/simulation_ws/install/tortoisebot_description/share/tortoisebot_description/models/meshes/wheel_left.stl
[5.788s] -- Up-to-date: /home/user/simulation_ws/install/tortoisebot_description/share/tortoisebot_description/rviz
[5.788s] -- Up-to-date: /home/user/simulation_ws/install/tortoisebot_description/share/tortoisebot_description/rviz/tortoisebot_navigation.rviz
[5.789s] -- Up-to-date: /home/user/simulation_ws/install/tortoisebot_description/share/tortoisebot_description/rviz/sensors.rviz
[5.789s] -- Up-to-date: /home/user/simulation_ws/install/tortoisebot_description/share/ament_index/resource_index/package_run_dependencies/tortoisebot_description
[5.789s] -- Up-to-date: /home/user/simulation_ws/install/tortoisebot_description/share/ament_index/resource_index/parent_prefix_path/tortoisebot_description
[5.789s] -- Up-to-date: /home/user/simulation_ws/install/tortoisebot_description/share/tortoisebot_description/environment/ament_prefix_path.sh
[5.790s] -- Up-to-date: /home/user/simulation_ws/install/tortoisebot_description/share/tortoisebot_description/environment/ament_prefix_path.dsv
[5.790s] -- Up-to-date: /home/user/simulation_ws/install/tortoisebot_description/share/tortoisebot_description/environment/path.sh
[5.790s] -- Up-to-date: /home/user/simulation_ws/install/tortoisebot_description/share/tortoisebot_description/environment/path.dsv
[5.790s] -- Up-to-date: /home/user/simulation_ws/install/tortoisebot_description/share/tortoisebot_description/local_setup.bash
[5.790s] -- Up-to-date: /home/user/simulation_ws/install/tortoisebot_description/share/tortoisebot_description/local_setup.sh
[5.791s] -- Up-to-date: /home/user/simulation_ws/install/tortoisebot_description/share/tortoisebot_description/local_setup.zsh
[5.791s] -- Up-to-date: /home/user/simulation_ws/install/tortoisebot_description/share/tortoisebot_description/local_setup.dsv
[5.791s] -- Installing: /home/user/simulation_ws/install/tortoisebot_description/share/tortoisebot_description/package.dsv
[5.793s] -- Up-to-date: /home/user/simulation_ws/install/tortoisebot_description/share/ament_index/resource_index/packages/tortoisebot_description
[5.793s] -- Up-to-date: /home/user/simulation_ws/install/tortoisebot_description/share/tortoisebot_description/cmake/tortoisebot_descriptionConfig.cmake
[5.793s] -- Up-to-date: /home/user/simulation_ws/install/tortoisebot_description/share/tortoisebot_description/cmake/tortoisebot_descriptionConfig-version.cmake
[5.793s] -- Up-to-date: /home/user/simulation_ws/install/tortoisebot_description/share/tortoisebot_description/package.xml
[5.804s] Invoked command in '/home/user/simulation_ws/build/tortoisebot_description' returned '0': CMAKE_PREFIX_PATH=${CMAKE_PREFIX_PATH}:/home/user/simulation_ws/install/tortoisebot_localization:/home/user/simulation_ws/install/tortoisebot_control:/home/user/simulation_ws/install/ros2_aruco:/home/simulations/ros2_sims_ws/install/rclrs_tests:/home/simulations/ros2_sims_ws/install/examples_rclrs_minimal_client_service:/home/simulations/ros2_sims_ws/install/sensor_msgs_py:/home/simulations/ros2_sims_ws/install/examples_rclrs_minimal_pub_sub:/home/simulations/ros2_sims_ws/install/examples_rclrs_message_demo:/home/simulations/ros2_sims_ws/install/rclrs:/home/simulations/ros2_sims_ws/install/rosidl_runtime_rs:/home/user/ros2_ws/install/opencv_tests:/opt/ros/humble _=/usr/bin/env /usr/bin/cmake --install /home/user/simulation_ws/build/tortoisebot_description
