[0.267s] Invoking command in '/home/user/ros2_ws/build/turtlebot_bringup': CMAKE_PREFIX_PATH=${CMAKE_PREFIX_PATH}:/home/simulations/ros2_sims_ws/install/rclrs_tests:/home/simulations/ros2_sims_ws/install/examples_rclrs_minimal_client_service:/home/simulations/ros2_sims_ws/install/sensor_msgs_py:/home/simulations/ros2_sims_ws/install/examples_rclrs_minimal_pub_sub:/home/simulations/ros2_sims_ws/install/examples_rclrs_message_demo:/home/simulations/ros2_sims_ws/install/rclrs:/home/simulations/ros2_sims_ws/install/rosidl_runtime_rs:/home/user/ros2_ws/install/turtlebot3_teleop:/home/user/ros2_ws/install/turtlebot3_example:/opt/ros/humble _=/usr/bin/env /usr/bin/cmake --build /home/user/ros2_ws/build/turtlebot_bringup -- -j8 -l8
[1.196s] Invoked command in '/home/user/ros2_ws/build/turtlebot_bringup' returned '0': CMAKE_PREFIX_PATH=${CMAKE_PREFIX_PATH}:/home/simulations/ros2_sims_ws/install/rclrs_tests:/home/simulations/ros2_sims_ws/install/examples_rclrs_minimal_client_service:/home/simulations/ros2_sims_ws/install/sensor_msgs_py:/home/simulations/ros2_sims_ws/install/examples_rclrs_minimal_pub_sub:/home/simulations/ros2_sims_ws/install/examples_rclrs_message_demo:/home/simulations/ros2_sims_ws/install/rclrs:/home/simulations/ros2_sims_ws/install/rosidl_runtime_rs:/home/user/ros2_ws/install/turtlebot3_teleop:/home/user/ros2_ws/install/turtlebot3_example:/opt/ros/humble _=/usr/bin/env /usr/bin/cmake --build /home/user/ros2_ws/build/turtlebot_bringup -- -j8 -l8
[1.891s] Invoking command in '/home/user/ros2_ws/build/turtlebot_bringup': CMAKE_PREFIX_PATH=${CMAKE_PREFIX_PATH}:/home/simulations/ros2_sims_ws/install/rclrs_tests:/home/simulations/ros2_sims_ws/install/examples_rclrs_minimal_client_service:/home/simulations/ros2_sims_ws/install/sensor_msgs_py:/home/simulations/ros2_sims_ws/install/examples_rclrs_minimal_pub_sub:/home/simulations/ros2_sims_ws/install/examples_rclrs_message_demo:/home/simulations/ros2_sims_ws/install/rclrs:/home/simulations/ros2_sims_ws/install/rosidl_runtime_rs:/home/user/ros2_ws/install/turtlebot3_teleop:/home/user/ros2_ws/install/turtlebot3_example:/opt/ros/humble _=/usr/bin/env /usr/bin/cmake --install /home/user/ros2_ws/build/turtlebot_bringup
[1.987s] -- Install configuration: ""
[1.987s] -- Up-to-date: /home/user/ros2_ws/install/turtlebot_bringup/share/turtlebot_bringup//launch
[1.988s] -- Up-to-date: /home/user/ros2_ws/install/turtlebot_bringup/share/turtlebot_bringup//launch/turtlebot.launch
[1.988s] -- Up-to-date: /home/user/ros2_ws/install/turtlebot_bringup/share/ament_index/resource_index/package_run_dependencies/turtlebot_bringup
[1.989s] -- Up-to-date: /home/user/ros2_ws/install/turtlebot_bringup/share/ament_index/resource_index/parent_prefix_path/turtlebot_bringup
[1.989s] -- Up-to-date: /home/user/ros2_ws/install/turtlebot_bringup/share/turtlebot_bringup/environment/ament_prefix_path.sh
[1.989s] -- Up-to-date: /home/user/ros2_ws/install/turtlebot_bringup/share/turtlebot_bringup/environment/ament_prefix_path.dsv
[1.990s] -- Up-to-date: /home/user/ros2_ws/install/turtlebot_bringup/share/turtlebot_bringup/environment/path.sh
[1.990s] -- Up-to-date: /home/user/ros2_ws/install/turtlebot_bringup/share/turtlebot_bringup/environment/path.dsv
[1.991s] -- Up-to-date: /home/user/ros2_ws/install/turtlebot_bringup/share/turtlebot_bringup/local_setup.bash
[1.991s] -- Up-to-date: /home/user/ros2_ws/install/turtlebot_bringup/share/turtlebot_bringup/local_setup.sh
[1.991s] -- Up-to-date: /home/user/ros2_ws/install/turtlebot_bringup/share/turtlebot_bringup/local_setup.zsh
[1.991s] -- Up-to-date: /home/user/ros2_ws/install/turtlebot_bringup/share/turtlebot_bringup/local_setup.dsv
[1.991s] -- Installing: /home/user/ros2_ws/install/turtlebot_bringup/share/turtlebot_bringup/package.dsv
[1.992s] -- Up-to-date: /home/user/ros2_ws/install/turtlebot_bringup/share/ament_index/resource_index/packages/turtlebot_bringup
[1.993s] -- Up-to-date: /home/user/ros2_ws/install/turtlebot_bringup/share/turtlebot_bringup/cmake/turtlebot_bringupConfig.cmake
[1.993s] -- Up-to-date: /home/user/ros2_ws/install/turtlebot_bringup/share/turtlebot_bringup/cmake/turtlebot_bringupConfig-version.cmake
[1.994s] -- Up-to-date: /home/user/ros2_ws/install/turtlebot_bringup/share/turtlebot_bringup/package.xml
[2.070s] Invoked command in '/home/user/ros2_ws/build/turtlebot_bringup' returned '0': CMAKE_PREFIX_PATH=${CMAKE_PREFIX_PATH}:/home/simulations/ros2_sims_ws/install/rclrs_tests:/home/simulations/ros2_sims_ws/install/examples_rclrs_minimal_client_service:/home/simulations/ros2_sims_ws/install/sensor_msgs_py:/home/simulations/ros2_sims_ws/install/examples_rclrs_minimal_pub_sub:/home/simulations/ros2_sims_ws/install/examples_rclrs_message_demo:/home/simulations/ros2_sims_ws/install/rclrs:/home/simulations/ros2_sims_ws/install/rosidl_runtime_rs:/home/user/ros2_ws/install/turtlebot3_teleop:/home/user/ros2_ws/install/turtlebot3_example:/opt/ros/humble _=/usr/bin/env /usr/bin/cmake --install /home/user/ros2_ws/build/turtlebot_bringup
