-- Install configuration: ""
-- Up-to-date: /home/user/simulation_ws/install/tortoisebot_gazebo/share/tortoisebot_gazebo/gazebo
-- Up-to-date: /home/user/simulation_ws/install/tortoisebot_gazebo/share/tortoisebot_gazebo/gazebo/tortoisebot_physics.gazebo
-- Installing: /home/user/simulation_ws/install/tortoisebot_gazebo/share/tortoisebot_gazebo/gazebo/tortoisebot_plugins.gazebo
-- Up-to-date: /home/user/simulation_ws/install/tortoisebot_gazebo/share/tortoisebot_gazebo/gazebo/tortoisebot_materials.gazebo
-- Up-to-date: /home/user/simulation_ws/install/tortoisebot_gazebo/share/tortoisebot_gazebo/launch
-- Installing: /home/user/simulation_ws/install/tortoisebot_gazebo/share/tortoisebot_gazebo/launch/gazebo.launch.py
-- Up-to-date: /home/user/simulation_ws/install/tortoisebot_gazebo/share/tortoisebot_gazebo/worlds
-- Up-to-date: /home/user/simulation_ws/install/tortoisebot_gazebo/share/tortoisebot_gazebo/worlds/room2.sdf
-- Installing: /home/user/simulation_ws/install/tortoisebot_gazebo/share/tortoisebot_gazebo/worlds/tortoisebot_warehouse.world
-- Up-to-date: /home/user/simulation_ws/install/tortoisebot_gazebo/share/tortoisebot_gazebo/config
-- Up-to-date: /home/user/simulation_ws/install/tortoisebot_gazebo/share/tortoisebot_gazebo/config/hook_controller.yaml
-- Up-to-date: /home/user/simulation_ws/install/tortoisebot_gazebo/share/tortoisebot_gazebo/models
-- Installing: /home/user/simulation_ws/install/tortoisebot_gazebo/share/tortoisebot_gazebo/models/kombini
-- Installing: /home/user/simulation_ws/install/tortoisebot_gazebo/share/tortoisebot_gazebo/models/kombini/model.sdf
-- Installing: /home/user/simulation_ws/install/tortoisebot_gazebo/share/tortoisebot_gazebo/models/kombini/meshes
-- Installing: /home/user/simulation_ws/install/tortoisebot_gazebo/share/tortoisebot_gazebo/models/kombini/meshes/kombini_text_seveneleven_vis.dae
-- Installing: /home/user/simulation_ws/install/tortoisebot_gazebo/share/tortoisebot_gazebo/models/kombini/meshes/nav_wall.dae
-- Installing: /home/user/simulation_ws/install/tortoisebot_gazebo/share/tortoisebot_gazebo/models/kombini/meshes/seveneleven_col.stl
-- Installing: /home/user/simulation_ws/install/tortoisebot_gazebo/share/tortoisebot_gazebo/models/kombini/meshes/kombini_text_seveneleven_vis_v2.dae
-- Installing: /home/user/simulation_ws/install/tortoisebot_gazebo/share/tortoisebot_gazebo/models/kombini/meshes/Image_0.jpg
-- Installing: /home/user/simulation_ws/install/tortoisebot_gazebo/share/tortoisebot_gazebo/models/kombini/meshes/burguer_textures.png
-- Installing: /home/user/simulation_ws/install/tortoisebot_gazebo/share/tortoisebot_gazebo/models/kombini/meshes/aux_wall_vis.dae
-- Installing: /home/user/simulation_ws/install/tortoisebot_gazebo/share/tortoisebot_gazebo/models/kombini/meshes/aux_wall_col.stl
-- Installing: /home/user/simulation_ws/install/tortoisebot_gazebo/share/tortoisebot_gazebo/models/kombini/meshes/nav_wall_col.stl
-- Installing: /home/user/simulation_ws/install/tortoisebot_gazebo/share/tortoisebot_gazebo/models/kombini/meshes/kombini_text_seveneleven.dae
-- Installing: /home/user/simulation_ws/install/tortoisebot_gazebo/share/tortoisebot_gazebo/models/kombini/meshes/kombini_text.dae
-- Installing: /home/user/simulation_ws/install/tortoisebot_gazebo/share/tortoisebot_gazebo/models/kombini/meshes/kombini.dae
-- Installing: /home/user/simulation_ws/install/tortoisebot_gazebo/share/tortoisebot_gazebo/models/kombini/meshes/seveneleven_col_v2.stl
-- Installing: /home/user/simulation_ws/install/tortoisebot_gazebo/share/tortoisebot_gazebo/models/kombini/meshes/Image_1.jpg
-- Installing: /home/user/simulation_ws/install/tortoisebot_gazebo/share/tortoisebot_gazebo/models/kombini/model.config
-- Up-to-date: /home/user/simulation_ws/install/tortoisebot_gazebo/share/ament_index/resource_index/package_run_dependencies/tortoisebot_gazebo
-- Up-to-date: /home/user/simulation_ws/install/tortoisebot_gazebo/share/ament_index/resource_index/parent_prefix_path/tortoisebot_gazebo
-- Up-to-date: /home/user/simulation_ws/install/tortoisebot_gazebo/share/tortoisebot_gazebo/environment/ament_prefix_path.sh
-- Up-to-date: /home/user/simulation_ws/install/tortoisebot_gazebo/share/tortoisebot_gazebo/environment/ament_prefix_path.dsv
-- Up-to-date: /home/user/simulation_ws/install/tortoisebot_gazebo/share/tortoisebot_gazebo/environment/path.sh
-- Up-to-date: /home/user/simulation_ws/install/tortoisebot_gazebo/share/tortoisebot_gazebo/environment/path.dsv
-- Up-to-date: /home/user/simulation_ws/install/tortoisebot_gazebo/share/tortoisebot_gazebo/local_setup.bash
-- Up-to-date: /home/user/simulation_ws/install/tortoisebot_gazebo/share/tortoisebot_gazebo/local_setup.sh
-- Up-to-date: /home/user/simulation_ws/install/tortoisebot_gazebo/share/tortoisebot_gazebo/local_setup.zsh
-- Up-to-date: /home/user/simulation_ws/install/tortoisebot_gazebo/share/tortoisebot_gazebo/local_setup.dsv
-- Installing: /home/user/simulation_ws/install/tortoisebot_gazebo/share/tortoisebot_gazebo/package.dsv
-- Up-to-date: /home/user/simulation_ws/install/tortoisebot_gazebo/share/ament_index/resource_index/packages/tortoisebot_gazebo
-- Up-to-date: /home/user/simulation_ws/install/tortoisebot_gazebo/share/tortoisebot_gazebo/cmake/tortoisebot_gazeboConfig.cmake
-- Up-to-date: /home/user/simulation_ws/install/tortoisebot_gazebo/share/tortoisebot_gazebo/cmake/tortoisebot_gazeboConfig-version.cmake
-- Up-to-date: /home/user/simulation_ws/install/tortoisebot_gazebo/share/tortoisebot_gazebo/package.xml
