[0.175s] DEBUG:colcon:Command line arguments: ['/usr/bin/colcon', 'list', '-p', '--base-paths', '/home/kishoreyogaraj/ros2_wsa']
[0.175s] DEBUG:colcon:Parsed command line arguments: Namespace(log_base=None, log_level=None, verb_name='list', build_base='build', ignore_user_meta=False, metas=['./colcon.meta'], base_paths=['/home/kishoreyogaraj/ros2_wsa'], packages_ignore=None, packages_ignore_regex=None, paths=None, packages_up_to=None, packages_up_to_regex=None, packages_above=None, packages_above_and_dependencies=None, packages_above_depth=None, packages_select_by_dep=None, packages_skip_by_dep=None, packages_skip_up_to=None, packages_select_build_failed=False, packages_skip_build_finished=False, packages_select_test_failures=False, packages_skip_test_passed=False, packages_select=None, packages_skip=None, packages_select_regex=None, packages_skip_regex=None, packages_start=None, packages_end=None, allow_overriding=[], topological_order=False, names_only=False, paths_only=True, topological_graph=False, topological_graph_dot=False, topological_graph_density=False, topological_graph_legend=False, topological_graph_dot_cluster=False, topological_graph_dot_include_skipped=False, verb_parser=<colcon_defaults.argument_parser.defaults.DefaultArgumentsDecorator object at 0x72daeb41cc70>, verb_extension=<colcon_package_information.verb.list.ListVerb object at 0x72daeb5efc10>, main=<bound method ListVerb.main of <colcon_package_information.verb.list.ListVerb object at 0x72daeb5efc10>>)
[0.540s] Level 1:colcon.colcon_core.package_discovery:discover_packages(colcon_meta) check parameters
[0.540s] Level 1:colcon.colcon_core.package_discovery:discover_packages(recursive) check parameters
[0.540s] Level 1:colcon.colcon_core.package_discovery:discover_packages(ignore) check parameters
[0.540s] Level 1:colcon.colcon_core.package_discovery:discover_packages(path) check parameters
[0.540s] Level 1:colcon.colcon_core.package_discovery:discover_packages(recursive) discover
[0.540s] INFO:colcon.colcon_core.package_discovery:Crawling recursively for packages in '/home/kishoreyogaraj/ros2_wsa'
[0.540s] Level 1:colcon.colcon_core.package_identification:_identify(/home/kishoreyogaraj/ros2_wsa) by extensions ['ignore', 'ignore_ament_install']
[0.541s] Level 1:colcon.colcon_core.package_identification:_identify(/home/kishoreyogaraj/ros2_wsa) by extension 'ignore'
[0.541s] Level 1:colcon.colcon_core.package_identification:_identify(/home/kishoreyogaraj/ros2_wsa) by extension 'ignore_ament_install'
[0.541s] Level 1:colcon.colcon_core.package_identification:_identify(/home/kishoreyogaraj/ros2_wsa) by extensions ['colcon_pkg']
[0.541s] Level 1:colcon.colcon_core.package_identification:_identify(/home/kishoreyogaraj/ros2_wsa) by extension 'colcon_pkg'
[0.541s] Level 1:colcon.colcon_core.package_identification:_identify(/home/kishoreyogaraj/ros2_wsa) by extensions ['colcon_meta']
[0.541s] Level 1:colcon.colcon_core.package_identification:_identify(/home/kishoreyogaraj/ros2_wsa) by extension 'colcon_meta'
[0.541s] Level 1:colcon.colcon_core.package_identification:_identify(/home/kishoreyogaraj/ros2_wsa) by extensions ['ros']
[0.541s] Level 1:colcon.colcon_core.package_identification:_identify(/home/kishoreyogaraj/ros2_wsa) by extension 'ros'
[0.561s] Level 1:colcon.colcon_core.package_identification:_identify(/home/kishoreyogaraj/ros2_wsa) by extensions ['cmake', 'python']
[0.561s] Level 1:colcon.colcon_core.package_identification:_identify(/home/kishoreyogaraj/ros2_wsa) by extension 'cmake'
[0.561s] Level 1:colcon.colcon_core.package_identification:_identify(/home/kishoreyogaraj/ros2_wsa) by extension 'python'
[0.561s] Level 1:colcon.colcon_core.package_identification:_identify(/home/kishoreyogaraj/ros2_wsa) by extensions ['python_setup_py']
[0.561s] Level 1:colcon.colcon_core.package_identification:_identify(/home/kishoreyogaraj/ros2_wsa) by extension 'python_setup_py'
[0.562s] Level 1:colcon.colcon_core.package_identification:_identify(/home/kishoreyogaraj/ros2_wsa/build) by extensions ['ignore', 'ignore_ament_install']
[0.562s] Level 1:colcon.colcon_core.package_identification:_identify(/home/kishoreyogaraj/ros2_wsa/build) by extension 'ignore'
[0.562s] Level 1:colcon.colcon_core.package_identification:_identify(/home/kishoreyogaraj/ros2_wsa/build) ignored
[0.562s] Level 1:colcon.colcon_core.package_identification:_identify(/home/kishoreyogaraj/ros2_wsa/install) by extensions ['ignore', 'ignore_ament_install']
[0.562s] Level 1:colcon.colcon_core.package_identification:_identify(/home/kishoreyogaraj/ros2_wsa/install) by extension 'ignore'
[0.562s] Level 1:colcon.colcon_core.package_identification:_identify(/home/kishoreyogaraj/ros2_wsa/install) ignored
[0.562s] Level 1:colcon.colcon_core.package_identification:_identify(/home/kishoreyogaraj/ros2_wsa/log) by extensions ['ignore', 'ignore_ament_install']
[0.563s] Level 1:colcon.colcon_core.package_identification:_identify(/home/kishoreyogaraj/ros2_wsa/log) by extension 'ignore'
[0.563s] Level 1:colcon.colcon_core.package_identification:_identify(/home/kishoreyogaraj/ros2_wsa/log) ignored
[0.563s] Level 1:colcon.colcon_core.package_identification:_identify(/home/kishoreyogaraj/ros2_wsa/src) by extensions ['ignore', 'ignore_ament_install']
[0.563s] Level 1:colcon.colcon_core.package_identification:_identify(/home/kishoreyogaraj/ros2_wsa/src) by extension 'ignore'
[0.563s] Level 1:colcon.colcon_core.package_identification:_identify(/home/kishoreyogaraj/ros2_wsa/src) by extension 'ignore_ament_install'
[0.563s] Level 1:colcon.colcon_core.package_identification:_identify(/home/kishoreyogaraj/ros2_wsa/src) by extensions ['colcon_pkg']
[0.563s] Level 1:colcon.colcon_core.package_identification:_identify(/home/kishoreyogaraj/ros2_wsa/src) by extension 'colcon_pkg'
[0.563s] Level 1:colcon.colcon_core.package_identification:_identify(/home/kishoreyogaraj/ros2_wsa/src) by extensions ['colcon_meta']
[0.563s] Level 1:colcon.colcon_core.package_identification:_identify(/home/kishoreyogaraj/ros2_wsa/src) by extension 'colcon_meta'
[0.564s] Level 1:colcon.colcon_core.package_identification:_identify(/home/kishoreyogaraj/ros2_wsa/src) by extensions ['ros']
[0.564s] Level 1:colcon.colcon_core.package_identification:_identify(/home/kishoreyogaraj/ros2_wsa/src) by extension 'ros'
[0.564s] Level 1:colcon.colcon_core.package_identification:_identify(/home/kishoreyogaraj/ros2_wsa/src) by extensions ['cmake', 'python']
[0.564s] Level 1:colcon.colcon_core.package_identification:_identify(/home/kishoreyogaraj/ros2_wsa/src) by extension 'cmake'
[0.564s] Level 1:colcon.colcon_core.package_identification:_identify(/home/kishoreyogaraj/ros2_wsa/src) by extension 'python'
[0.564s] Level 1:colcon.colcon_core.package_identification:_identify(/home/kishoreyogaraj/ros2_wsa/src) by extensions ['python_setup_py']
[0.564s] Level 1:colcon.colcon_core.package_identification:_identify(/home/kishoreyogaraj/ros2_wsa/src) by extension 'python_setup_py'
[0.564s] Level 1:colcon.colcon_core.package_identification:_identify(/home/kishoreyogaraj/ros2_wsa/src/talker_listener) by extensions ['ignore', 'ignore_ament_install']
[0.564s] Level 1:colcon.colcon_core.package_identification:_identify(/home/kishoreyogaraj/ros2_wsa/src/talker_listener) by extension 'ignore'
[0.565s] Level 1:colcon.colcon_core.package_identification:_identify(/home/kishoreyogaraj/ros2_wsa/src/talker_listener) by extension 'ignore_ament_install'
[0.565s] Level 1:colcon.colcon_core.package_identification:_identify(/home/kishoreyogaraj/ros2_wsa/src/talker_listener) by extensions ['colcon_pkg']
[0.565s] Level 1:colcon.colcon_core.package_identification:_identify(/home/kishoreyogaraj/ros2_wsa/src/talker_listener) by extension 'colcon_pkg'
[0.565s] Level 1:colcon.colcon_core.package_identification:_identify(/home/kishoreyogaraj/ros2_wsa/src/talker_listener) by extensions ['colcon_meta']
[0.565s] Level 1:colcon.colcon_core.package_identification:_identify(/home/kishoreyogaraj/ros2_wsa/src/talker_listener) by extension 'colcon_meta'
[0.565s] Level 1:colcon.colcon_core.package_identification:_identify(/home/kishoreyogaraj/ros2_wsa/src/talker_listener) by extensions ['ros']
[0.565s] Level 1:colcon.colcon_core.package_identification:_identify(/home/kishoreyogaraj/ros2_wsa/src/talker_listener) by extension 'ros'
[0.569s] DEBUG:colcon.colcon_core.package_identification:Package '/home/kishoreyogaraj/ros2_wsa/src/talker_listener' with type 'ros.ament_python' and name 'talker_listener'
[0.569s] Level 1:colcon.colcon_core.package_discovery:discover_packages(recursive) using defaults
