[0.534s] Invoking command in '/home/kishoreyogaraj/ros2_ws/build/my_robot_controller': PYTHONPATH=/home/kishoreyogaraj/ros2_ws/build/my_robot_controller/prefix_override:/home/kishoreyogaraj/ros2_ws/install/my_robot_controller/lib/python3.10/site-packages:${PYTHONPATH} /usr/bin/python3 -W ignore:setup.py install is deprecated setup.py develop --editable --build-directory /home/kishoreyogaraj/ros2_ws/build/my_robot_controller/build --no-deps symlink_data
[0.768s] running develop
[0.768s] /usr/lib/python3/dist-packages/setuptools/command/easy_install.py:158: EasyInstallDeprecationWarning: easy_install command is deprecated. Use build and pip and other standards-based tools.
[0.768s]   warnings.warn(
[0.906s] running egg_info
[0.907s] writing my_robot_controller.egg-info/PKG-INFO
[0.907s] writing dependency_links to my_robot_controller.egg-info/dependency_links.txt
[0.907s] writing entry points to my_robot_controller.egg-info/entry_points.txt
[0.907s] writing requirements to my_robot_controller.egg-info/requires.txt
[0.907s] writing top-level names to my_robot_controller.egg-info/top_level.txt
[0.909s] reading manifest file 'my_robot_controller.egg-info/SOURCES.txt'
[0.909s] writing manifest file 'my_robot_controller.egg-info/SOURCES.txt'
[0.911s] running build_ext
[0.911s] Creating /home/kishoreyogaraj/ros2_ws/install/my_robot_controller/lib/python3.10/site-packages/my-robot-controller.egg-link (link to .)
[0.912s] Installing draw_circle script to /home/kishoreyogaraj/ros2_ws/install/my_robot_controller/lib/my_robot_controller
[0.912s] Installing test_node script to /home/kishoreyogaraj/ros2_ws/install/my_robot_controller/lib/my_robot_controller
[0.912s] 
[0.912s] Installed /home/kishoreyogaraj/ros2_ws/build/my_robot_controller
[0.912s] running symlink_data
[0.942s] Invoked command in '/home/kishoreyogaraj/ros2_ws/build/my_robot_controller' returned '0': PYTHONPATH=/home/kishoreyogaraj/ros2_ws/build/my_robot_controller/prefix_override:/home/kishoreyogaraj/ros2_ws/install/my_robot_controller/lib/python3.10/site-packages:${PYTHONPATH} /usr/bin/python3 -W ignore:setup.py install is deprecated setup.py develop --editable --build-directory /home/kishoreyogaraj/ros2_ws/build/my_robot_controller/build --no-deps symlink_data
