[4.501s] Invoking command in '/home/user/simulation_ws/src/tortoisebot/tortoisebot_control': PYTHONPATH=/home/user/simulation_ws/build/tortoisebot_control/prefix_override:/home/user/simulation_ws/install/tortoisebot_control/lib/python3.10/site-packages:${PYTHONPATH} _=/usr/bin/env /usr/bin/python3 setup.py egg_info --egg-base ../../../build/tortoisebot_control build --build-base /home/user/simulation_ws/build/tortoisebot_control/build install --record /home/user/simulation_ws/build/tortoisebot_control/install.log --single-version-externally-managed
[5.781s] running egg_info
[5.782s] writing ../../../build/tortoisebot_control/tortoisebot_control.egg-info/PKG-INFO
[5.783s] writing dependency_links to ../../../build/tortoisebot_control/tortoisebot_control.egg-info/dependency_links.txt
[5.783s] writing entry points to ../../../build/tortoisebot_control/tortoisebot_control.egg-info/entry_points.txt
[5.784s] writing requirements to ../../../build/tortoisebot_control/tortoisebot_control.egg-info/requires.txt
[5.784s] writing top-level names to ../../../build/tortoisebot_control/tortoisebot_control.egg-info/top_level.txt
[5.787s] reading manifest file '../../../build/tortoisebot_control/tortoisebot_control.egg-info/SOURCES.txt'
[5.788s] writing manifest file '../../../build/tortoisebot_control/tortoisebot_control.egg-info/SOURCES.txt'
[5.789s] running build
[5.789s] running build_py
[5.790s] /usr/lib/python3/dist-packages/setuptools/command/install.py:34: SetuptoolsDeprecationWarning: setup.py install is deprecated. Use build and pip and other standards-based tools.
[5.790s]   warnings.warn(
[5.791s] running install
[5.791s] running install_lib
[5.798s] running install_data
[5.800s] running install_egg_info
[5.804s] removing '/home/user/simulation_ws/install/tortoisebot_control/lib/python3.10/site-packages/tortoisebot_control-0.0.0-py3.10.egg-info' (and everything under it)
[5.804s] Copying ../../../build/tortoisebot_control/tortoisebot_control.egg-info to /home/user/simulation_ws/install/tortoisebot_control/lib/python3.10/site-packages/tortoisebot_control-0.0.0-py3.10.egg-info
[5.805s] running install_scripts
[5.866s] Installing gripper_server script to /home/user/simulation_ws/install/tortoisebot_control/lib/tortoisebot_control
[5.867s] Installing teleop_twist_keyboard script to /home/user/simulation_ws/install/tortoisebot_control/lib/tortoisebot_control
[5.868s] writing list of installed files to '/home/user/simulation_ws/build/tortoisebot_control/install.log'
[5.974s] Invoked command in '/home/user/simulation_ws/src/tortoisebot/tortoisebot_control' returned '0': PYTHONPATH=/home/user/simulation_ws/build/tortoisebot_control/prefix_override:/home/user/simulation_ws/install/tortoisebot_control/lib/python3.10/site-packages:${PYTHONPATH} _=/usr/bin/env /usr/bin/python3 setup.py egg_info --egg-base ../../../build/tortoisebot_control build --build-base /home/user/simulation_ws/build/tortoisebot_control/build install --record /home/user/simulation_ws/build/tortoisebot_control/install.log --single-version-externally-managed
