[4.215s] DEBUG:colcon:Command line arguments: ['/usr/bin/colcon', 'build', '--packages-select', 'turtlebot3_navigation2']
[4.215s] DEBUG:colcon:Parsed command line arguments: Namespace(log_base=None, log_level=None, verb_name='build', build_base='build', install_base='install', merge_install=False, symlink_install=False, test_result_base=None, continue_on_error=False, executor='parallel', parallel_workers=8, event_handlers=None, ignore_user_meta=False, metas=['./colcon.meta'], base_paths=['.'], packages_ignore=None, packages_ignore_regex=None, paths=None, packages_up_to=None, packages_up_to_regex=None, packages_above=None, packages_above_and_dependencies=None, packages_above_depth=None, packages_select_by_dep=None, packages_skip_by_dep=None, packages_skip_up_to=None, packages_select_build_failed=False, packages_skip_build_finished=False, packages_select_test_failures=False, packages_skip_test_passed=False, packages_select=['turtlebot3_navigation2'], packages_skip=None, packages_select_regex=None, packages_skip_regex=None, packages_start=None, packages_end=None, lookup_in_workspace=False, cargo_args=None, clean_build=False, cmake_args=None, cmake_target=None, cmake_target_skip_unavailable=False, cmake_clean_cache=False, cmake_clean_first=False, cmake_force_configure=False, ament_cmake_args=None, catkin_cmake_args=None, catkin_skip_building_tests=False, mixin_files=None, mixin=None, verb_parser=<colcon_mixin.mixin.mixin_argument.MixinArgumentDecorator object at 0x7fdbd0034af0>, verb_extension=<colcon_core.verb.build.BuildVerb object at 0x7fdbd01bc550>, main=<bound method BuildVerb.main of <colcon_core.verb.build.BuildVerb object at 0x7fdbd01bc550>>, mixin_verb=('build',))
[4.485s] Level 1:colcon.colcon_core.package_discovery:discover_packages(colcon_meta) check parameters
[4.486s] Level 1:colcon.colcon_core.package_discovery:discover_packages(recursive) check parameters
[4.486s] Level 1:colcon.colcon_core.package_discovery:discover_packages(ignore) check parameters
[4.487s] Level 1:colcon.colcon_core.package_discovery:discover_packages(path) check parameters
[4.487s] Level 1:colcon.colcon_core.package_discovery:discover_packages(colcon_meta) discover
[4.487s] Level 1:colcon.colcon_core.package_discovery:discover_packages(recursive) discover
[4.487s] INFO:colcon.colcon_core.package_discovery:Crawling recursively for packages in '/home/user/ros2_ws'
[4.487s] Level 1:colcon.colcon_core.package_identification:_identify(.) by extensions ['ignore', 'ignore_ament_install']
[4.487s] Level 1:colcon.colcon_core.package_identification:_identify(.) by extension 'ignore'
[4.487s] Level 1:colcon.colcon_core.package_identification:_identify(.) by extension 'ignore_ament_install'
[4.487s] Level 1:colcon.colcon_core.package_identification:_identify(.) by extensions ['colcon_pkg']
[4.487s] Level 1:colcon.colcon_core.package_identification:_identify(.) by extension 'colcon_pkg'
[4.487s] Level 1:colcon.colcon_core.package_identification:_identify(.) by extensions ['colcon_meta']
[4.488s] Level 1:colcon.colcon_core.package_identification:_identify(.) by extension 'colcon_meta'
[4.488s] Level 1:colcon.colcon_core.package_identification:_identify(.) by extensions ['ament_cargo']
[4.488s] Level 1:colcon.colcon_core.package_identification:_identify(.) by extension 'ament_cargo'
[4.488s] Level 1:colcon.colcon_core.package_identification:_identify(.) by extensions ['ros']
[4.488s] Level 1:colcon.colcon_core.package_identification:_identify(.) by extension 'ros'
[4.584s] Level 1:colcon.colcon_core.package_identification:_identify(.) by extensions ['cargo', 'cmake', 'python']
[4.584s] Level 1:colcon.colcon_core.package_identification:_identify(.) by extension 'cargo'
[4.584s] Level 1:colcon.colcon_core.package_identification:_identify(.) by extension 'cmake'
[4.584s] Level 1:colcon.colcon_core.package_identification:_identify(.) by extension 'python'
[4.584s] Level 1:colcon.colcon_core.package_identification:_identify(.) by extensions ['python_setup_py']
[4.584s] Level 1:colcon.colcon_core.package_identification:_identify(.) by extension 'python_setup_py'
[4.584s] Level 1:colcon.colcon_core.package_identification:_identify(build) by extensions ['ignore', 'ignore_ament_install']
[4.585s] Level 1:colcon.colcon_core.package_identification:_identify(build) by extension 'ignore'
[4.585s] Level 1:colcon.colcon_core.package_identification:_identify(build) ignored
[4.591s] Level 1:colcon.colcon_core.package_identification:_identify(install) by extensions ['ignore', 'ignore_ament_install']
[4.591s] Level 1:colcon.colcon_core.package_identification:_identify(install) by extension 'ignore'
[4.591s] Level 1:colcon.colcon_core.package_identification:_identify(install) ignored
[4.591s] Level 1:colcon.colcon_core.package_identification:_identify(log) by extensions ['ignore', 'ignore_ament_install']
[4.591s] Level 1:colcon.colcon_core.package_identification:_identify(log) by extension 'ignore'
[4.591s] Level 1:colcon.colcon_core.package_identification:_identify(log) ignored
[4.592s] Level 1:colcon.colcon_core.package_identification:_identify(rosbags) by extensions ['ignore', 'ignore_ament_install']
[4.592s] Level 1:colcon.colcon_core.package_identification:_identify(rosbags) by extension 'ignore'
[4.592s] Level 1:colcon.colcon_core.package_identification:_identify(rosbags) by extension 'ignore_ament_install'
[4.592s] Level 1:colcon.colcon_core.package_identification:_identify(rosbags) by extensions ['colcon_pkg']
[4.596s] Level 1:colcon.colcon_core.package_identification:_identify(rosbags) by extension 'colcon_pkg'
[4.596s] Level 1:colcon.colcon_core.package_identification:_identify(rosbags) by extensions ['colcon_meta']
[4.596s] Level 1:colcon.colcon_core.package_identification:_identify(rosbags) by extension 'colcon_meta'
[4.596s] Level 1:colcon.colcon_core.package_identification:_identify(rosbags) by extensions ['ament_cargo']
[4.596s] Level 1:colcon.colcon_core.package_identification:_identify(rosbags) by extension 'ament_cargo'
[4.596s] Level 1:colcon.colcon_core.package_identification:_identify(rosbags) by extensions ['ros']
[4.596s] Level 1:colcon.colcon_core.package_identification:_identify(rosbags) by extension 'ros'
[4.596s] Level 1:colcon.colcon_core.package_identification:_identify(rosbags) by extensions ['cargo', 'cmake', 'python']
[4.596s] Level 1:colcon.colcon_core.package_identification:_identify(rosbags) by extension 'cargo'
[4.596s] Level 1:colcon.colcon_core.package_identification:_identify(rosbags) by extension 'cmake'
[4.597s] Level 1:colcon.colcon_core.package_identification:_identify(rosbags) by extension 'python'
[4.597s] Level 1:colcon.colcon_core.package_identification:_identify(rosbags) by extensions ['python_setup_py']
[4.601s] Level 1:colcon.colcon_core.package_identification:_identify(rosbags) by extension 'python_setup_py'
[4.601s] Level 1:colcon.colcon_core.package_identification:_identify(rosbags/turtlebot_test) by extensions ['ignore', 'ignore_ament_install']
[4.602s] Level 1:colcon.colcon_core.package_identification:_identify(rosbags/turtlebot_test) by extension 'ignore'
[4.602s] Level 1:colcon.colcon_core.package_identification:_identify(rosbags/turtlebot_test) by extension 'ignore_ament_install'
[4.602s] Level 1:colcon.colcon_core.package_identification:_identify(rosbags/turtlebot_test) by extensions ['colcon_pkg']
[4.602s] Level 1:colcon.colcon_core.package_identification:_identify(rosbags/turtlebot_test) by extension 'colcon_pkg'
[4.602s] Level 1:colcon.colcon_core.package_identification:_identify(rosbags/turtlebot_test) by extensions ['colcon_meta']
[4.602s] Level 1:colcon.colcon_core.package_identification:_identify(rosbags/turtlebot_test) by extension 'colcon_meta'
[4.602s] Level 1:colcon.colcon_core.package_identification:_identify(rosbags/turtlebot_test) by extensions ['ament_cargo']
[4.602s] Level 1:colcon.colcon_core.package_identification:_identify(rosbags/turtlebot_test) by extension 'ament_cargo'
[4.602s] Level 1:colcon.colcon_core.package_identification:_identify(rosbags/turtlebot_test) by extensions ['ros']
[4.602s] Level 1:colcon.colcon_core.package_identification:_identify(rosbags/turtlebot_test) by extension 'ros'
[4.607s] Level 1:colcon.colcon_core.package_identification:_identify(rosbags/turtlebot_test) by extensions ['cargo', 'cmake', 'python']
[4.607s] Level 1:colcon.colcon_core.package_identification:_identify(rosbags/turtlebot_test) by extension 'cargo'
[4.607s] Level 1:colcon.colcon_core.package_identification:_identify(rosbags/turtlebot_test) by extension 'cmake'
[4.607s] Level 1:colcon.colcon_core.package_identification:_identify(rosbags/turtlebot_test) by extension 'python'
[4.607s] Level 1:colcon.colcon_core.package_identification:_identify(rosbags/turtlebot_test) by extensions ['python_setup_py']
[4.607s] Level 1:colcon.colcon_core.package_identification:_identify(rosbags/turtlebot_test) by extension 'python_setup_py'
[4.607s] Level 1:colcon.colcon_core.package_identification:_identify(rosbags/turtlebot_test_2) by extensions ['ignore', 'ignore_ament_install']
[4.607s] Level 1:colcon.colcon_core.package_identification:_identify(rosbags/turtlebot_test_2) by extension 'ignore'
[4.608s] Level 1:colcon.colcon_core.package_identification:_identify(rosbags/turtlebot_test_2) by extension 'ignore_ament_install'
[4.609s] Level 1:colcon.colcon_core.package_identification:_identify(rosbags/turtlebot_test_2) by extensions ['colcon_pkg']
[4.609s] Level 1:colcon.colcon_core.package_identification:_identify(rosbags/turtlebot_test_2) by extension 'colcon_pkg'
[4.610s] Level 1:colcon.colcon_core.package_identification:_identify(rosbags/turtlebot_test_2) by extensions ['colcon_meta']
[4.610s] Level 1:colcon.colcon_core.package_identification:_identify(rosbags/turtlebot_test_2) by extension 'colcon_meta'
[4.610s] Level 1:colcon.colcon_core.package_identification:_identify(rosbags/turtlebot_test_2) by extensions ['ament_cargo']
[4.613s] Level 1:colcon.colcon_core.package_identification:_identify(rosbags/turtlebot_test_2) by extension 'ament_cargo'
[4.613s] Level 1:colcon.colcon_core.package_identification:_identify(rosbags/turtlebot_test_2) by extensions ['ros']
[4.613s] Level 1:colcon.colcon_core.package_identification:_identify(rosbags/turtlebot_test_2) by extension 'ros'
[4.613s] Level 1:colcon.colcon_core.package_identification:_identify(rosbags/turtlebot_test_2) by extensions ['cargo', 'cmake', 'python']
[4.613s] Level 1:colcon.colcon_core.package_identification:_identify(rosbags/turtlebot_test_2) by extension 'cargo'
[4.614s] Level 1:colcon.colcon_core.package_identification:_identify(rosbags/turtlebot_test_2) by extension 'cmake'
[4.614s] Level 1:colcon.colcon_core.package_identification:_identify(rosbags/turtlebot_test_2) by extension 'python'
[4.614s] Level 1:colcon.colcon_core.package_identification:_identify(rosbags/turtlebot_test_2) by extensions ['python_setup_py']
[4.614s] Level 1:colcon.colcon_core.package_identification:_identify(rosbags/turtlebot_test_2) by extension 'python_setup_py'
[4.614s] Level 1:colcon.colcon_core.package_identification:_identify(rosbags/turtlebot_test_3) by extensions ['ignore', 'ignore_ament_install']
[4.615s] Level 1:colcon.colcon_core.package_identification:_identify(rosbags/turtlebot_test_3) by extension 'ignore'
[4.618s] Level 1:colcon.colcon_core.package_identification:_identify(rosbags/turtlebot_test_3) by extension 'ignore_ament_install'
[4.619s] Level 1:colcon.colcon_core.package_identification:_identify(rosbags/turtlebot_test_3) by extensions ['colcon_pkg']
[4.619s] Level 1:colcon.colcon_core.package_identification:_identify(rosbags/turtlebot_test_3) by extension 'colcon_pkg'
[4.619s] Level 1:colcon.colcon_core.package_identification:_identify(rosbags/turtlebot_test_3) by extensions ['colcon_meta']
[4.619s] Level 1:colcon.colcon_core.package_identification:_identify(rosbags/turtlebot_test_3) by extension 'colcon_meta'
[4.619s] Level 1:colcon.colcon_core.package_identification:_identify(rosbags/turtlebot_test_3) by extensions ['ament_cargo']
[4.619s] Level 1:colcon.colcon_core.package_identification:_identify(rosbags/turtlebot_test_3) by extension 'ament_cargo'
[4.619s] Level 1:colcon.colcon_core.package_identification:_identify(rosbags/turtlebot_test_3) by extensions ['ros']
[4.619s] Level 1:colcon.colcon_core.package_identification:_identify(rosbags/turtlebot_test_3) by extension 'ros'
[4.619s] Level 1:colcon.colcon_core.package_identification:_identify(rosbags/turtlebot_test_3) by extensions ['cargo', 'cmake', 'python']
[4.622s] Level 1:colcon.colcon_core.package_identification:_identify(rosbags/turtlebot_test_3) by extension 'cargo'
[4.622s] Level 1:colcon.colcon_core.package_identification:_identify(rosbags/turtlebot_test_3) by extension 'cmake'
[4.622s] Level 1:colcon.colcon_core.package_identification:_identify(rosbags/turtlebot_test_3) by extension 'python'
[4.623s] Level 1:colcon.colcon_core.package_identification:_identify(rosbags/turtlebot_test_3) by extensions ['python_setup_py']
[4.623s] Level 1:colcon.colcon_core.package_identification:_identify(rosbags/turtlebot_test_3) by extension 'python_setup_py'
[4.623s] Level 1:colcon.colcon_core.package_identification:_identify(rosbags/turtlebot_test_4) by extensions ['ignore', 'ignore_ament_install']
[4.623s] Level 1:colcon.colcon_core.package_identification:_identify(rosbags/turtlebot_test_4) by extension 'ignore'
[4.623s] Level 1:colcon.colcon_core.package_identification:_identify(rosbags/turtlebot_test_4) by extension 'ignore_ament_install'
[4.623s] Level 1:colcon.colcon_core.package_identification:_identify(rosbags/turtlebot_test_4) by extensions ['colcon_pkg']
[4.623s] Level 1:colcon.colcon_core.package_identification:_identify(rosbags/turtlebot_test_4) by extension 'colcon_pkg'
[4.623s] Level 1:colcon.colcon_core.package_identification:_identify(rosbags/turtlebot_test_4) by extensions ['colcon_meta']
[4.624s] Level 1:colcon.colcon_core.package_identification:_identify(rosbags/turtlebot_test_4) by extension 'colcon_meta'
[4.624s] Level 1:colcon.colcon_core.package_identification:_identify(rosbags/turtlebot_test_4) by extensions ['ament_cargo']
[4.624s] Level 1:colcon.colcon_core.package_identification:_identify(rosbags/turtlebot_test_4) by extension 'ament_cargo'
[4.624s] Level 1:colcon.colcon_core.package_identification:_identify(rosbags/turtlebot_test_4) by extensions ['ros']
[4.624s] Level 1:colcon.colcon_core.package_identification:_identify(rosbags/turtlebot_test_4) by extension 'ros'
[4.624s] Level 1:colcon.colcon_core.package_identification:_identify(rosbags/turtlebot_test_4) by extensions ['cargo', 'cmake', 'python']
[4.624s] Level 1:colcon.colcon_core.package_identification:_identify(rosbags/turtlebot_test_4) by extension 'cargo'
[4.624s] Level 1:colcon.colcon_core.package_identification:_identify(rosbags/turtlebot_test_4) by extension 'cmake'
[4.624s] Level 1:colcon.colcon_core.package_identification:_identify(rosbags/turtlebot_test_4) by extension 'python'
[4.624s] Level 1:colcon.colcon_core.package_identification:_identify(rosbags/turtlebot_test_4) by extensions ['python_setup_py']
[4.624s] Level 1:colcon.colcon_core.package_identification:_identify(rosbags/turtlebot_test_4) by extension 'python_setup_py'
[4.625s] Level 1:colcon.colcon_core.package_identification:_identify(src) by extensions ['ignore', 'ignore_ament_install']
[4.625s] Level 1:colcon.colcon_core.package_identification:_identify(src) by extension 'ignore'
[4.625s] Level 1:colcon.colcon_core.package_identification:_identify(src) by extension 'ignore_ament_install'
[4.625s] Level 1:colcon.colcon_core.package_identification:_identify(src) by extensions ['colcon_pkg']
[4.625s] Level 1:colcon.colcon_core.package_identification:_identify(src) by extension 'colcon_pkg'
[4.625s] Level 1:colcon.colcon_core.package_identification:_identify(src) by extensions ['colcon_meta']
[4.625s] Level 1:colcon.colcon_core.package_identification:_identify(src) by extension 'colcon_meta'
[4.625s] Level 1:colcon.colcon_core.package_identification:_identify(src) by extensions ['ament_cargo']
[4.625s] Level 1:colcon.colcon_core.package_identification:_identify(src) by extension 'ament_cargo'
[4.625s] Level 1:colcon.colcon_core.package_identification:_identify(src) by extensions ['ros']
[4.626s] Level 1:colcon.colcon_core.package_identification:_identify(src) by extension 'ros'
[4.626s] Level 1:colcon.colcon_core.package_identification:_identify(src) by extensions ['cargo', 'cmake', 'python']
[4.626s] Level 1:colcon.colcon_core.package_identification:_identify(src) by extension 'cargo'
[4.626s] Level 1:colcon.colcon_core.package_identification:_identify(src) by extension 'cmake'
[4.626s] Level 1:colcon.colcon_core.package_identification:_identify(src) by extension 'python'
[4.626s] Level 1:colcon.colcon_core.package_identification:_identify(src) by extensions ['python_setup_py']
[4.627s] Level 1:colcon.colcon_core.package_identification:_identify(src) by extension 'python_setup_py'
[4.627s] Level 1:colcon.colcon_core.package_identification:_identify(src/DynamixelSDK) by extensions ['ignore', 'ignore_ament_install']
[4.627s] Level 1:colcon.colcon_core.package_identification:_identify(src/DynamixelSDK) by extension 'ignore'
[4.627s] Level 1:colcon.colcon_core.package_identification:_identify(src/DynamixelSDK) by extension 'ignore_ament_install'
[4.627s] Level 1:colcon.colcon_core.package_identification:_identify(src/DynamixelSDK) by extensions ['colcon_pkg']
[4.627s] Level 1:colcon.colcon_core.package_identification:_identify(src/DynamixelSDK) by extension 'colcon_pkg'
[4.627s] Level 1:colcon.colcon_core.package_identification:_identify(src/DynamixelSDK) by extensions ['colcon_meta']
[4.628s] Level 1:colcon.colcon_core.package_identification:_identify(src/DynamixelSDK) by extension 'colcon_meta'
[4.628s] Level 1:colcon.colcon_core.package_identification:_identify(src/DynamixelSDK) by extensions ['ament_cargo']
[4.628s] Level 1:colcon.colcon_core.package_identification:_identify(src/DynamixelSDK) by extension 'ament_cargo'
[4.628s] Level 1:colcon.colcon_core.package_identification:_identify(src/DynamixelSDK) by extensions ['ros']
[4.628s] Level 1:colcon.colcon_core.package_identification:_identify(src/DynamixelSDK) by extension 'ros'
[4.628s] Level 1:colcon.colcon_core.package_identification:_identify(src/DynamixelSDK) by extensions ['cargo', 'cmake', 'python']
[4.628s] Level 1:colcon.colcon_core.package_identification:_identify(src/DynamixelSDK) by extension 'cargo'
[4.628s] Level 1:colcon.colcon_core.package_identification:_identify(src/DynamixelSDK) by extension 'cmake'
[4.628s] Level 1:colcon.colcon_core.package_identification:_identify(src/DynamixelSDK) by extension 'python'
[4.628s] Level 1:colcon.colcon_core.package_identification:_identify(src/DynamixelSDK) by extensions ['python_setup_py']
[4.628s] Level 1:colcon.colcon_core.package_identification:_identify(src/DynamixelSDK) by extension 'python_setup_py'
[4.629s] Level 1:colcon.colcon_core.package_identification:_identify(src/DynamixelSDK/dynamixel_sdk) by extensions ['ignore', 'ignore_ament_install']
[4.629s] Level 1:colcon.colcon_core.package_identification:_identify(src/DynamixelSDK/dynamixel_sdk) by extension 'ignore'
[4.629s] Level 1:colcon.colcon_core.package_identification:_identify(src/DynamixelSDK/dynamixel_sdk) by extension 'ignore_ament_install'
[4.629s] Level 1:colcon.colcon_core.package_identification:_identify(src/DynamixelSDK/dynamixel_sdk) by extensions ['colcon_pkg']
[4.629s] Level 1:colcon.colcon_core.package_identification:_identify(src/DynamixelSDK/dynamixel_sdk) by extension 'colcon_pkg'
[4.629s] Level 1:colcon.colcon_core.package_identification:_identify(src/DynamixelSDK/dynamixel_sdk) by extensions ['colcon_meta']
[4.629s] Level 1:colcon.colcon_core.package_identification:_identify(src/DynamixelSDK/dynamixel_sdk) by extension 'colcon_meta'
[4.629s] Level 1:colcon.colcon_core.package_identification:_identify(src/DynamixelSDK/dynamixel_sdk) by extensions ['ament_cargo']
[4.629s] Level 1:colcon.colcon_core.package_identification:_identify(src/DynamixelSDK/dynamixel_sdk) by extension 'ament_cargo'
[4.630s] Level 1:colcon.colcon_core.package_identification:_identify(src/DynamixelSDK/dynamixel_sdk) by extensions ['ros']
[4.682s] Level 1:colcon.colcon_core.package_identification:_identify(src/DynamixelSDK/dynamixel_sdk) by extension 'ros'
[4.701s] DEBUG:colcon.colcon_core.package_identification:Package 'src/DynamixelSDK/dynamixel_sdk' with type 'ros.ament_cmake' and name 'dynamixel_sdk'
[4.707s] Level 1:colcon.colcon_core.package_identification:_identify(src/DynamixelSDK/dynamixel_sdk_custom_interfaces) by extensions ['ignore', 'ignore_ament_install']
[4.709s] Level 1:colcon.colcon_core.package_identification:_identify(src/DynamixelSDK/dynamixel_sdk_custom_interfaces) by extension 'ignore'
[4.709s] Level 1:colcon.colcon_core.package_identification:_identify(src/DynamixelSDK/dynamixel_sdk_custom_interfaces) by extension 'ignore_ament_install'
[4.709s] Level 1:colcon.colcon_core.package_identification:_identify(src/DynamixelSDK/dynamixel_sdk_custom_interfaces) by extensions ['colcon_pkg']
[4.709s] Level 1:colcon.colcon_core.package_identification:_identify(src/DynamixelSDK/dynamixel_sdk_custom_interfaces) by extension 'colcon_pkg'
[4.709s] Level 1:colcon.colcon_core.package_identification:_identify(src/DynamixelSDK/dynamixel_sdk_custom_interfaces) by extensions ['colcon_meta']
[4.709s] Level 1:colcon.colcon_core.package_identification:_identify(src/DynamixelSDK/dynamixel_sdk_custom_interfaces) by extension 'colcon_meta'
[4.709s] Level 1:colcon.colcon_core.package_identification:_identify(src/DynamixelSDK/dynamixel_sdk_custom_interfaces) by extensions ['ament_cargo']
[4.709s] Level 1:colcon.colcon_core.package_identification:_identify(src/DynamixelSDK/dynamixel_sdk_custom_interfaces) by extension 'ament_cargo'
[4.709s] Level 1:colcon.colcon_core.package_identification:_identify(src/DynamixelSDK/dynamixel_sdk_custom_interfaces) by extensions ['ros']
[4.710s] Level 1:colcon.colcon_core.package_identification:_identify(src/DynamixelSDK/dynamixel_sdk_custom_interfaces) by extension 'ros'
[4.711s] DEBUG:colcon.colcon_core.package_identification:Package 'src/DynamixelSDK/dynamixel_sdk_custom_interfaces' with type 'ros.ament_cmake' and name 'dynamixel_sdk_custom_interfaces'
[4.711s] Level 1:colcon.colcon_core.package_identification:_identify(src/DynamixelSDK/dynamixel_sdk_examples) by extensions ['ignore', 'ignore_ament_install']
[4.711s] Level 1:colcon.colcon_core.package_identification:_identify(src/DynamixelSDK/dynamixel_sdk_examples) by extension 'ignore'
[4.711s] Level 1:colcon.colcon_core.package_identification:_identify(src/DynamixelSDK/dynamixel_sdk_examples) by extension 'ignore_ament_install'
[4.711s] Level 1:colcon.colcon_core.package_identification:_identify(src/DynamixelSDK/dynamixel_sdk_examples) by extensions ['colcon_pkg']
[4.711s] Level 1:colcon.colcon_core.package_identification:_identify(src/DynamixelSDK/dynamixel_sdk_examples) by extension 'colcon_pkg'
[4.711s] Level 1:colcon.colcon_core.package_identification:_identify(src/DynamixelSDK/dynamixel_sdk_examples) by extensions ['colcon_meta']
[4.711s] Level 1:colcon.colcon_core.package_identification:_identify(src/DynamixelSDK/dynamixel_sdk_examples) by extension 'colcon_meta'
[4.712s] Level 1:colcon.colcon_core.package_identification:_identify(src/DynamixelSDK/dynamixel_sdk_examples) by extensions ['ament_cargo']
[4.712s] Level 1:colcon.colcon_core.package_identification:_identify(src/DynamixelSDK/dynamixel_sdk_examples) by extension 'ament_cargo'
[4.712s] Level 1:colcon.colcon_core.package_identification:_identify(src/DynamixelSDK/dynamixel_sdk_examples) by extensions ['ros']
[4.712s] Level 1:colcon.colcon_core.package_identification:_identify(src/DynamixelSDK/dynamixel_sdk_examples) by extension 'ros'
[4.713s] DEBUG:colcon.colcon_core.package_identification:Package 'src/DynamixelSDK/dynamixel_sdk_examples' with type 'ros.ament_cmake' and name 'dynamixel_sdk_examples'
[4.713s] Level 1:colcon.colcon_core.package_identification:_identify(src/turtlebot3) by extensions ['ignore', 'ignore_ament_install']
[4.714s] Level 1:colcon.colcon_core.package_identification:_identify(src/turtlebot3) by extension 'ignore'
[4.714s] Level 1:colcon.colcon_core.package_identification:_identify(src/turtlebot3) by extension 'ignore_ament_install'
[4.714s] Level 1:colcon.colcon_core.package_identification:_identify(src/turtlebot3) by extensions ['colcon_pkg']
[4.714s] Level 1:colcon.colcon_core.package_identification:_identify(src/turtlebot3) by extension 'colcon_pkg'
[4.714s] Level 1:colcon.colcon_core.package_identification:_identify(src/turtlebot3) by extensions ['colcon_meta']
[4.714s] Level 1:colcon.colcon_core.package_identification:_identify(src/turtlebot3) by extension 'colcon_meta'
[4.715s] Level 1:colcon.colcon_core.package_identification:_identify(src/turtlebot3) by extensions ['ament_cargo']
[4.715s] Level 1:colcon.colcon_core.package_identification:_identify(src/turtlebot3) by extension 'ament_cargo'
[4.715s] Level 1:colcon.colcon_core.package_identification:_identify(src/turtlebot3) by extensions ['ros']
[4.715s] Level 1:colcon.colcon_core.package_identification:_identify(src/turtlebot3) by extension 'ros'
[4.715s] Level 1:colcon.colcon_core.package_identification:_identify(src/turtlebot3) by extensions ['cargo', 'cmake', 'python']
[4.715s] Level 1:colcon.colcon_core.package_identification:_identify(src/turtlebot3) by extension 'cargo'
[4.715s] Level 1:colcon.colcon_core.package_identification:_identify(src/turtlebot3) by extension 'cmake'
[4.716s] Level 1:colcon.colcon_core.package_identification:_identify(src/turtlebot3) by extension 'python'
[4.716s] Level 1:colcon.colcon_core.package_identification:_identify(src/turtlebot3) by extensions ['python_setup_py']
[4.726s] Level 1:colcon.colcon_core.package_identification:_identify(src/turtlebot3) by extension 'python_setup_py'
[4.727s] Level 1:colcon.colcon_core.package_identification:_identify(src/turtlebot3/turtlebot3) by extensions ['ignore', 'ignore_ament_install']
[4.727s] Level 1:colcon.colcon_core.package_identification:_identify(src/turtlebot3/turtlebot3) by extension 'ignore'
[4.727s] Level 1:colcon.colcon_core.package_identification:_identify(src/turtlebot3/turtlebot3) by extension 'ignore_ament_install'
[4.727s] Level 1:colcon.colcon_core.package_identification:_identify(src/turtlebot3/turtlebot3) by extensions ['colcon_pkg']
[4.727s] Level 1:colcon.colcon_core.package_identification:_identify(src/turtlebot3/turtlebot3) by extension 'colcon_pkg'
[4.727s] Level 1:colcon.colcon_core.package_identification:_identify(src/turtlebot3/turtlebot3) by extensions ['colcon_meta']
[4.727s] Level 1:colcon.colcon_core.package_identification:_identify(src/turtlebot3/turtlebot3) by extension 'colcon_meta'
[4.727s] Level 1:colcon.colcon_core.package_identification:_identify(src/turtlebot3/turtlebot3) by extensions ['ament_cargo']
[4.727s] Level 1:colcon.colcon_core.package_identification:_identify(src/turtlebot3/turtlebot3) by extension 'ament_cargo'
[4.727s] Level 1:colcon.colcon_core.package_identification:_identify(src/turtlebot3/turtlebot3) by extensions ['ros']
[4.728s] Level 1:colcon.colcon_core.package_identification:_identify(src/turtlebot3/turtlebot3) by extension 'ros'
[4.729s] DEBUG:colcon.colcon_core.package_identification:Package 'src/turtlebot3/turtlebot3' with type 'ros.ament_cmake' and name 'turtlebot3'
[4.731s] Level 1:colcon.colcon_core.package_identification:_identify(src/turtlebot3/turtlebot3_bringup) by extensions ['ignore', 'ignore_ament_install']
[4.731s] Level 1:colcon.colcon_core.package_identification:_identify(src/turtlebot3/turtlebot3_bringup) by extension 'ignore'
[4.731s] Level 1:colcon.colcon_core.package_identification:_identify(src/turtlebot3/turtlebot3_bringup) by extension 'ignore_ament_install'
[4.731s] Level 1:colcon.colcon_core.package_identification:_identify(src/turtlebot3/turtlebot3_bringup) by extensions ['colcon_pkg']
[4.731s] Level 1:colcon.colcon_core.package_identification:_identify(src/turtlebot3/turtlebot3_bringup) by extension 'colcon_pkg'
[4.731s] Level 1:colcon.colcon_core.package_identification:_identify(src/turtlebot3/turtlebot3_bringup) by extensions ['colcon_meta']
[4.731s] Level 1:colcon.colcon_core.package_identification:_identify(src/turtlebot3/turtlebot3_bringup) by extension 'colcon_meta'
[4.731s] Level 1:colcon.colcon_core.package_identification:_identify(src/turtlebot3/turtlebot3_bringup) by extensions ['ament_cargo']
[4.731s] Level 1:colcon.colcon_core.package_identification:_identify(src/turtlebot3/turtlebot3_bringup) by extension 'ament_cargo'
[4.732s] Level 1:colcon.colcon_core.package_identification:_identify(src/turtlebot3/turtlebot3_bringup) by extensions ['ros']
[4.732s] Level 1:colcon.colcon_core.package_identification:_identify(src/turtlebot3/turtlebot3_bringup) by extension 'ros'
[4.733s] DEBUG:colcon.colcon_core.package_identification:Package 'src/turtlebot3/turtlebot3_bringup' with type 'ros.ament_cmake' and name 'turtlebot3_bringup'
[4.733s] Level 1:colcon.colcon_core.package_identification:_identify(src/turtlebot3/turtlebot3_cartographer) by extensions ['ignore', 'ignore_ament_install']
[4.733s] Level 1:colcon.colcon_core.package_identification:_identify(src/turtlebot3/turtlebot3_cartographer) by extension 'ignore'
[4.733s] Level 1:colcon.colcon_core.package_identification:_identify(src/turtlebot3/turtlebot3_cartographer) by extension 'ignore_ament_install'
[4.733s] Level 1:colcon.colcon_core.package_identification:_identify(src/turtlebot3/turtlebot3_cartographer) by extensions ['colcon_pkg']
[4.733s] Level 1:colcon.colcon_core.package_identification:_identify(src/turtlebot3/turtlebot3_cartographer) by extension 'colcon_pkg'
[4.733s] Level 1:colcon.colcon_core.package_identification:_identify(src/turtlebot3/turtlebot3_cartographer) by extensions ['colcon_meta']
[4.733s] Level 1:colcon.colcon_core.package_identification:_identify(src/turtlebot3/turtlebot3_cartographer) by extension 'colcon_meta'
[4.733s] Level 1:colcon.colcon_core.package_identification:_identify(src/turtlebot3/turtlebot3_cartographer) by extensions ['ament_cargo']
[4.734s] Level 1:colcon.colcon_core.package_identification:_identify(src/turtlebot3/turtlebot3_cartographer) by extension 'ament_cargo'
[4.734s] Level 1:colcon.colcon_core.package_identification:_identify(src/turtlebot3/turtlebot3_cartographer) by extensions ['ros']
[4.734s] Level 1:colcon.colcon_core.package_identification:_identify(src/turtlebot3/turtlebot3_cartographer) by extension 'ros'
[4.735s] DEBUG:colcon.colcon_core.package_identification:Package 'src/turtlebot3/turtlebot3_cartographer' with type 'ros.ament_cmake' and name 'turtlebot3_cartographer'
[4.735s] Level 1:colcon.colcon_core.package_identification:_identify(src/turtlebot3/turtlebot3_description) by extensions ['ignore', 'ignore_ament_install']
[4.741s] Level 1:colcon.colcon_core.package_identification:_identify(src/turtlebot3/turtlebot3_description) by extension 'ignore'
[4.741s] Level 1:colcon.colcon_core.package_identification:_identify(src/turtlebot3/turtlebot3_description) by extension 'ignore_ament_install'
[4.741s] Level 1:colcon.colcon_core.package_identification:_identify(src/turtlebot3/turtlebot3_description) by extensions ['colcon_pkg']
[4.741s] Level 1:colcon.colcon_core.package_identification:_identify(src/turtlebot3/turtlebot3_description) by extension 'colcon_pkg'
[4.741s] Level 1:colcon.colcon_core.package_identification:_identify(src/turtlebot3/turtlebot3_description) by extensions ['colcon_meta']
[4.741s] Level 1:colcon.colcon_core.package_identification:_identify(src/turtlebot3/turtlebot3_description) by extension 'colcon_meta'
[4.741s] Level 1:colcon.colcon_core.package_identification:_identify(src/turtlebot3/turtlebot3_description) by extensions ['ament_cargo']
[4.742s] Level 1:colcon.colcon_core.package_identification:_identify(src/turtlebot3/turtlebot3_description) by extension 'ament_cargo'
[4.742s] Level 1:colcon.colcon_core.package_identification:_identify(src/turtlebot3/turtlebot3_description) by extensions ['ros']
[4.742s] Level 1:colcon.colcon_core.package_identification:_identify(src/turtlebot3/turtlebot3_description) by extension 'ros'
[4.743s] DEBUG:colcon.colcon_core.package_identification:Package 'src/turtlebot3/turtlebot3_description' with type 'ros.ament_cmake' and name 'turtlebot3_description'
[4.743s] Level 1:colcon.colcon_core.package_identification:_identify(src/turtlebot3/turtlebot3_example) by extensions ['ignore', 'ignore_ament_install']
[4.743s] Level 1:colcon.colcon_core.package_identification:_identify(src/turtlebot3/turtlebot3_example) by extension 'ignore'
[4.743s] Level 1:colcon.colcon_core.package_identification:_identify(src/turtlebot3/turtlebot3_example) by extension 'ignore_ament_install'
[4.743s] Level 1:colcon.colcon_core.package_identification:_identify(src/turtlebot3/turtlebot3_example) by extensions ['colcon_pkg']
[4.743s] Level 1:colcon.colcon_core.package_identification:_identify(src/turtlebot3/turtlebot3_example) by extension 'colcon_pkg'
[4.743s] Level 1:colcon.colcon_core.package_identification:_identify(src/turtlebot3/turtlebot3_example) by extensions ['colcon_meta']
[4.743s] Level 1:colcon.colcon_core.package_identification:_identify(src/turtlebot3/turtlebot3_example) by extension 'colcon_meta'
[4.743s] Level 1:colcon.colcon_core.package_identification:_identify(src/turtlebot3/turtlebot3_example) by extensions ['ament_cargo']
[4.743s] Level 1:colcon.colcon_core.package_identification:_identify(src/turtlebot3/turtlebot3_example) by extension 'ament_cargo'
[4.743s] Level 1:colcon.colcon_core.package_identification:_identify(src/turtlebot3/turtlebot3_example) by extensions ['ros']
[4.743s] Level 1:colcon.colcon_core.package_identification:_identify(src/turtlebot3/turtlebot3_example) by extension 'ros'
[4.744s] DEBUG:colcon.colcon_core.package_identification:Package 'src/turtlebot3/turtlebot3_example' with type 'ros.ament_python' and name 'turtlebot3_example'
[4.745s] Level 1:colcon.colcon_core.package_identification:_identify(src/turtlebot3/turtlebot3_navigation2) by extensions ['ignore', 'ignore_ament_install']
[4.745s] Level 1:colcon.colcon_core.package_identification:_identify(src/turtlebot3/turtlebot3_navigation2) by extension 'ignore'
[4.745s] Level 1:colcon.colcon_core.package_identification:_identify(src/turtlebot3/turtlebot3_navigation2) by extension 'ignore_ament_install'
[4.745s] Level 1:colcon.colcon_core.package_identification:_identify(src/turtlebot3/turtlebot3_navigation2) by extensions ['colcon_pkg']
[4.745s] Level 1:colcon.colcon_core.package_identification:_identify(src/turtlebot3/turtlebot3_navigation2) by extension 'colcon_pkg'
[4.745s] Level 1:colcon.colcon_core.package_identification:_identify(src/turtlebot3/turtlebot3_navigation2) by extensions ['colcon_meta']
[4.745s] Level 1:colcon.colcon_core.package_identification:_identify(src/turtlebot3/turtlebot3_navigation2) by extension 'colcon_meta'
[4.781s] Level 1:colcon.colcon_core.package_identification:_identify(src/turtlebot3/turtlebot3_navigation2) by extensions ['ament_cargo']
[4.781s] Level 1:colcon.colcon_core.package_identification:_identify(src/turtlebot3/turtlebot3_navigation2) by extension 'ament_cargo'
[4.781s] Level 1:colcon.colcon_core.package_identification:_identify(src/turtlebot3/turtlebot3_navigation2) by extensions ['ros']
[4.781s] Level 1:colcon.colcon_core.package_identification:_identify(src/turtlebot3/turtlebot3_navigation2) by extension 'ros'
[4.783s] DEBUG:colcon.colcon_core.package_identification:Package 'src/turtlebot3/turtlebot3_navigation2' with type 'ros.ament_cmake' and name 'turtlebot3_navigation2'
[4.783s] Level 1:colcon.colcon_core.package_identification:_identify(src/turtlebot3/turtlebot3_node) by extensions ['ignore', 'ignore_ament_install']
[4.783s] Level 1:colcon.colcon_core.package_identification:_identify(src/turtlebot3/turtlebot3_node) by extension 'ignore'
[4.783s] Level 1:colcon.colcon_core.package_identification:_identify(src/turtlebot3/turtlebot3_node) by extension 'ignore_ament_install'
[4.783s] Level 1:colcon.colcon_core.package_identification:_identify(src/turtlebot3/turtlebot3_node) by extensions ['colcon_pkg']
[4.784s] Level 1:colcon.colcon_core.package_identification:_identify(src/turtlebot3/turtlebot3_node) by extension 'colcon_pkg'
[4.784s] Level 1:colcon.colcon_core.package_identification:_identify(src/turtlebot3/turtlebot3_node) by extensions ['colcon_meta']
[4.785s] Level 1:colcon.colcon_core.package_identification:_identify(src/turtlebot3/turtlebot3_node) by extension 'colcon_meta'
[4.785s] Level 1:colcon.colcon_core.package_identification:_identify(src/turtlebot3/turtlebot3_node) by extensions ['ament_cargo']
[4.785s] Level 1:colcon.colcon_core.package_identification:_identify(src/turtlebot3/turtlebot3_node) by extension 'ament_cargo'
[4.785s] Level 1:colcon.colcon_core.package_identification:_identify(src/turtlebot3/turtlebot3_node) by extensions ['ros']
[4.785s] Level 1:colcon.colcon_core.package_identification:_identify(src/turtlebot3/turtlebot3_node) by extension 'ros'
[4.788s] DEBUG:colcon.colcon_core.package_identification:Package 'src/turtlebot3/turtlebot3_node' with type 'ros.ament_cmake' and name 'turtlebot3_node'
[4.789s] Level 1:colcon.colcon_core.package_identification:_identify(src/turtlebot3/turtlebot3_teleop) by extensions ['ignore', 'ignore_ament_install']
[4.789s] Level 1:colcon.colcon_core.package_identification:_identify(src/turtlebot3/turtlebot3_teleop) by extension 'ignore'
[4.790s] Level 1:colcon.colcon_core.package_identification:_identify(src/turtlebot3/turtlebot3_teleop) by extension 'ignore_ament_install'
[4.790s] Level 1:colcon.colcon_core.package_identification:_identify(src/turtlebot3/turtlebot3_teleop) by extensions ['colcon_pkg']
[4.790s] Level 1:colcon.colcon_core.package_identification:_identify(src/turtlebot3/turtlebot3_teleop) by extension 'colcon_pkg'
[4.790s] Level 1:colcon.colcon_core.package_identification:_identify(src/turtlebot3/turtlebot3_teleop) by extensions ['colcon_meta']
[4.790s] Level 1:colcon.colcon_core.package_identification:_identify(src/turtlebot3/turtlebot3_teleop) by extension 'colcon_meta'
[4.790s] Level 1:colcon.colcon_core.package_identification:_identify(src/turtlebot3/turtlebot3_teleop) by extensions ['ament_cargo']
[4.791s] Level 1:colcon.colcon_core.package_identification:_identify(src/turtlebot3/turtlebot3_teleop) by extension 'ament_cargo'
[4.791s] Level 1:colcon.colcon_core.package_identification:_identify(src/turtlebot3/turtlebot3_teleop) by extensions ['ros']
[4.791s] Level 1:colcon.colcon_core.package_identification:_identify(src/turtlebot3/turtlebot3_teleop) by extension 'ros'
[4.792s] DEBUG:colcon.colcon_core.package_identification:Package 'src/turtlebot3/turtlebot3_teleop' with type 'ros.ament_python' and name 'turtlebot3_teleop'
[4.792s] Level 1:colcon.colcon_core.package_identification:_identify(src/turtlebot3_msgs) by extensions ['ignore', 'ignore_ament_install']
[4.793s] Level 1:colcon.colcon_core.package_identification:_identify(src/turtlebot3_msgs) by extension 'ignore'
[4.793s] Level 1:colcon.colcon_core.package_identification:_identify(src/turtlebot3_msgs) by extension 'ignore_ament_install'
[4.793s] Level 1:colcon.colcon_core.package_identification:_identify(src/turtlebot3_msgs) by extensions ['colcon_pkg']
[4.793s] Level 1:colcon.colcon_core.package_identification:_identify(src/turtlebot3_msgs) by extension 'colcon_pkg'
[4.793s] Level 1:colcon.colcon_core.package_identification:_identify(src/turtlebot3_msgs) by extensions ['colcon_meta']
[4.793s] Level 1:colcon.colcon_core.package_identification:_identify(src/turtlebot3_msgs) by extension 'colcon_meta'
[4.793s] Level 1:colcon.colcon_core.package_identification:_identify(src/turtlebot3_msgs) by extensions ['ament_cargo']
[4.794s] Level 1:colcon.colcon_core.package_identification:_identify(src/turtlebot3_msgs) by extension 'ament_cargo'
[4.794s] Level 1:colcon.colcon_core.package_identification:_identify(src/turtlebot3_msgs) by extensions ['ros']
[4.794s] Level 1:colcon.colcon_core.package_identification:_identify(src/turtlebot3_msgs) by extension 'ros'
[4.796s] DEBUG:colcon.colcon_core.package_identification:Package 'src/turtlebot3_msgs' with type 'ros.ament_cmake' and name 'turtlebot3_msgs'
[4.797s] Level 1:colcon.colcon_core.package_identification:_identify(src/turtlebot3_simulations) by extensions ['ignore', 'ignore_ament_install']
[4.797s] Level 1:colcon.colcon_core.package_identification:_identify(src/turtlebot3_simulations) by extension 'ignore'
[4.797s] Level 1:colcon.colcon_core.package_identification:_identify(src/turtlebot3_simulations) by extension 'ignore_ament_install'
[4.797s] Level 1:colcon.colcon_core.package_identification:_identify(src/turtlebot3_simulations) by extensions ['colcon_pkg']
[4.797s] Level 1:colcon.colcon_core.package_identification:_identify(src/turtlebot3_simulations) by extension 'colcon_pkg'
[4.797s] Level 1:colcon.colcon_core.package_identification:_identify(src/turtlebot3_simulations) by extensions ['colcon_meta']
[4.797s] Level 1:colcon.colcon_core.package_identification:_identify(src/turtlebot3_simulations) by extension 'colcon_meta'
[4.798s] Level 1:colcon.colcon_core.package_identification:_identify(src/turtlebot3_simulations) by extensions ['ament_cargo']
[4.798s] Level 1:colcon.colcon_core.package_identification:_identify(src/turtlebot3_simulations) by extension 'ament_cargo'
[4.798s] Level 1:colcon.colcon_core.package_identification:_identify(src/turtlebot3_simulations) by extensions ['ros']
[4.798s] Level 1:colcon.colcon_core.package_identification:_identify(src/turtlebot3_simulations) by extension 'ros'
[4.798s] Level 1:colcon.colcon_core.package_identification:_identify(src/turtlebot3_simulations) by extensions ['cargo', 'cmake', 'python']
[4.798s] Level 1:colcon.colcon_core.package_identification:_identify(src/turtlebot3_simulations) by extension 'cargo'
[4.798s] Level 1:colcon.colcon_core.package_identification:_identify(src/turtlebot3_simulations) by extension 'cmake'
[4.799s] Level 1:colcon.colcon_core.package_identification:_identify(src/turtlebot3_simulations) by extension 'python'
[4.799s] Level 1:colcon.colcon_core.package_identification:_identify(src/turtlebot3_simulations) by extensions ['python_setup_py']
[4.799s] Level 1:colcon.colcon_core.package_identification:_identify(src/turtlebot3_simulations) by extension 'python_setup_py'
[4.799s] Level 1:colcon.colcon_core.package_identification:_identify(src/turtlebot3_simulations/turtlebot3_fake_node) by extensions ['ignore', 'ignore_ament_install']
[4.799s] Level 1:colcon.colcon_core.package_identification:_identify(src/turtlebot3_simulations/turtlebot3_fake_node) by extension 'ignore'
[4.799s] Level 1:colcon.colcon_core.package_identification:_identify(src/turtlebot3_simulations/turtlebot3_fake_node) by extension 'ignore_ament_install'
[4.799s] Level 1:colcon.colcon_core.package_identification:_identify(src/turtlebot3_simulations/turtlebot3_fake_node) by extensions ['colcon_pkg']
[4.799s] Level 1:colcon.colcon_core.package_identification:_identify(src/turtlebot3_simulations/turtlebot3_fake_node) by extension 'colcon_pkg'
[4.799s] Level 1:colcon.colcon_core.package_identification:_identify(src/turtlebot3_simulations/turtlebot3_fake_node) by extensions ['colcon_meta']
[4.799s] Level 1:colcon.colcon_core.package_identification:_identify(src/turtlebot3_simulations/turtlebot3_fake_node) by extension 'colcon_meta'
[4.800s] Level 1:colcon.colcon_core.package_identification:_identify(src/turtlebot3_simulations/turtlebot3_fake_node) by extensions ['ament_cargo']
[4.800s] Level 1:colcon.colcon_core.package_identification:_identify(src/turtlebot3_simulations/turtlebot3_fake_node) by extension 'ament_cargo'
[4.800s] Level 1:colcon.colcon_core.package_identification:_identify(src/turtlebot3_simulations/turtlebot3_fake_node) by extensions ['ros']
[4.800s] Level 1:colcon.colcon_core.package_identification:_identify(src/turtlebot3_simulations/turtlebot3_fake_node) by extension 'ros'
[4.802s] DEBUG:colcon.colcon_core.package_identification:Package 'src/turtlebot3_simulations/turtlebot3_fake_node' with type 'ros.ament_cmake' and name 'turtlebot3_fake_node'
[4.802s] Level 1:colcon.colcon_core.package_identification:_identify(src/turtlebot3_simulations/turtlebot3_gazebo) by extensions ['ignore', 'ignore_ament_install']
[4.805s] Level 1:colcon.colcon_core.package_identification:_identify(src/turtlebot3_simulations/turtlebot3_gazebo) by extension 'ignore'
[4.807s] Level 1:colcon.colcon_core.package_identification:_identify(src/turtlebot3_simulations/turtlebot3_gazebo) by extension 'ignore_ament_install'
[4.807s] Level 1:colcon.colcon_core.package_identification:_identify(src/turtlebot3_simulations/turtlebot3_gazebo) by extensions ['colcon_pkg']
[4.807s] Level 1:colcon.colcon_core.package_identification:_identify(src/turtlebot3_simulations/turtlebot3_gazebo) by extension 'colcon_pkg'
[4.807s] Level 1:colcon.colcon_core.package_identification:_identify(src/turtlebot3_simulations/turtlebot3_gazebo) by extensions ['colcon_meta']
[4.808s] Level 1:colcon.colcon_core.package_identification:_identify(src/turtlebot3_simulations/turtlebot3_gazebo) by extension 'colcon_meta'
[4.808s] Level 1:colcon.colcon_core.package_identification:_identify(src/turtlebot3_simulations/turtlebot3_gazebo) by extensions ['ament_cargo']
[4.808s] Level 1:colcon.colcon_core.package_identification:_identify(src/turtlebot3_simulations/turtlebot3_gazebo) by extension 'ament_cargo'
[4.809s] Level 1:colcon.colcon_core.package_identification:_identify(src/turtlebot3_simulations/turtlebot3_gazebo) by extensions ['ros']
[4.809s] Level 1:colcon.colcon_core.package_identification:_identify(src/turtlebot3_simulations/turtlebot3_gazebo) by extension 'ros'
[4.817s] DEBUG:colcon.colcon_core.package_identification:Package 'src/turtlebot3_simulations/turtlebot3_gazebo' with type 'ros.ament_cmake' and name 'turtlebot3_gazebo'
[4.820s] Level 1:colcon.colcon_core.package_identification:_identify(src/turtlebot3_simulations/turtlebot3_simulations) by extensions ['ignore', 'ignore_ament_install']
[4.821s] Level 1:colcon.colcon_core.package_identification:_identify(src/turtlebot3_simulations/turtlebot3_simulations) by extension 'ignore'
[4.821s] Level 1:colcon.colcon_core.package_identification:_identify(src/turtlebot3_simulations/turtlebot3_simulations) by extension 'ignore_ament_install'
[4.822s] Level 1:colcon.colcon_core.package_identification:_identify(src/turtlebot3_simulations/turtlebot3_simulations) by extensions ['colcon_pkg']
[4.822s] Level 1:colcon.colcon_core.package_identification:_identify(src/turtlebot3_simulations/turtlebot3_simulations) by extension 'colcon_pkg'
[4.823s] Level 1:colcon.colcon_core.package_identification:_identify(src/turtlebot3_simulations/turtlebot3_simulations) by extensions ['colcon_meta']
[4.824s] Level 1:colcon.colcon_core.package_identification:_identify(src/turtlebot3_simulations/turtlebot3_simulations) by extension 'colcon_meta'
[4.824s] Level 1:colcon.colcon_core.package_identification:_identify(src/turtlebot3_simulations/turtlebot3_simulations) by extensions ['ament_cargo']
[4.825s] Level 1:colcon.colcon_core.package_identification:_identify(src/turtlebot3_simulations/turtlebot3_simulations) by extension 'ament_cargo'
[4.825s] Level 1:colcon.colcon_core.package_identification:_identify(src/turtlebot3_simulations/turtlebot3_simulations) by extensions ['ros']
[4.825s] Level 1:colcon.colcon_core.package_identification:_identify(src/turtlebot3_simulations/turtlebot3_simulations) by extension 'ros'
[4.831s] DEBUG:colcon.colcon_core.package_identification:Package 'src/turtlebot3_simulations/turtlebot3_simulations' with type 'ros.ament_cmake' and name 'turtlebot3_simulations'
[4.834s] Level 1:colcon.colcon_core.package_identification:_identify(src/turtlebot_bringup) by extensions ['ignore', 'ignore_ament_install']
[4.834s] Level 1:colcon.colcon_core.package_identification:_identify(src/turtlebot_bringup) by extension 'ignore'
[4.835s] Level 1:colcon.colcon_core.package_identification:_identify(src/turtlebot_bringup) by extension 'ignore_ament_install'
[4.835s] Level 1:colcon.colcon_core.package_identification:_identify(src/turtlebot_bringup) by extensions ['colcon_pkg']
[4.835s] Level 1:colcon.colcon_core.package_identification:_identify(src/turtlebot_bringup) by extension 'colcon_pkg'
[4.835s] Level 1:colcon.colcon_core.package_identification:_identify(src/turtlebot_bringup) by extensions ['colcon_meta']
[4.835s] Level 1:colcon.colcon_core.package_identification:_identify(src/turtlebot_bringup) by extension 'colcon_meta'
[4.835s] Level 1:colcon.colcon_core.package_identification:_identify(src/turtlebot_bringup) by extensions ['ament_cargo']
[4.835s] Level 1:colcon.colcon_core.package_identification:_identify(src/turtlebot_bringup) by extension 'ament_cargo'
[4.835s] Level 1:colcon.colcon_core.package_identification:_identify(src/turtlebot_bringup) by extensions ['ros']
[4.835s] Level 1:colcon.colcon_core.package_identification:_identify(src/turtlebot_bringup) by extension 'ros'
[4.836s] DEBUG:colcon.colcon_core.package_identification:Package 'src/turtlebot_bringup' with type 'ros.ament_cmake' and name 'turtlebot_bringup'
[4.836s] Level 1:colcon.colcon_core.package_discovery:discover_packages(recursive) using defaults
[4.836s] Level 1:colcon.colcon_core.package_discovery:discover_packages(ignore) discover
[4.836s] Level 1:colcon.colcon_core.package_discovery:discover_packages(ignore) using defaults
[4.836s] Level 1:colcon.colcon_core.package_discovery:discover_packages(path) discover
[4.836s] Level 1:colcon.colcon_core.package_discovery:discover_packages(path) using defaults
[5.125s] INFO:colcon.colcon_core.package_selection:Skipping not selected package 'dynamixel_sdk' in 'src/DynamixelSDK/dynamixel_sdk'
[5.126s] INFO:colcon.colcon_core.package_selection:Skipping not selected package 'dynamixel_sdk_custom_interfaces' in 'src/DynamixelSDK/dynamixel_sdk_custom_interfaces'
[5.131s] INFO:colcon.colcon_core.package_selection:Skipping not selected package 'turtlebot3_cartographer' in 'src/turtlebot3/turtlebot3_cartographer'
[5.131s] INFO:colcon.colcon_core.package_selection:Skipping not selected package 'turtlebot3_description' in 'src/turtlebot3/turtlebot3_description'
[5.134s] INFO:colcon.colcon_core.package_selection:Skipping not selected package 'turtlebot3_gazebo' in 'src/turtlebot3_simulations/turtlebot3_gazebo'
[5.135s] INFO:colcon.colcon_core.package_selection:Skipping not selected package 'turtlebot3_msgs' in 'src/turtlebot3_msgs'
[5.135s] INFO:colcon.colcon_core.package_selection:Skipping not selected package 'turtlebot3_teleop' in 'src/turtlebot3/turtlebot3_teleop'
[5.135s] INFO:colcon.colcon_core.package_selection:Skipping not selected package 'turtlebot_bringup' in 'src/turtlebot_bringup'
[5.135s] INFO:colcon.colcon_core.package_selection:Skipping not selected package 'dynamixel_sdk_examples' in 'src/DynamixelSDK/dynamixel_sdk_examples'
[5.135s] INFO:colcon.colcon_core.package_selection:Skipping not selected package 'turtlebot3_example' in 'src/turtlebot3/turtlebot3_example'
[5.135s] INFO:colcon.colcon_core.package_selection:Skipping not selected package 'turtlebot3_fake_node' in 'src/turtlebot3_simulations/turtlebot3_fake_node'
[5.135s] INFO:colcon.colcon_core.package_selection:Skipping not selected package 'turtlebot3_node' in 'src/turtlebot3/turtlebot3_node'
[5.135s] INFO:colcon.colcon_core.package_selection:Skipping not selected package 'turtlebot3_bringup' in 'src/turtlebot3/turtlebot3_bringup'
[5.135s] INFO:colcon.colcon_core.package_selection:Skipping not selected package 'turtlebot3_simulations' in 'src/turtlebot3_simulations/turtlebot3_simulations'
[5.135s] INFO:colcon.colcon_core.package_selection:Skipping not selected package 'turtlebot3' in 'src/turtlebot3/turtlebot3'
[5.192s] Level 5:colcon.colcon_core.verb:set package 'turtlebot3_navigation2' build argument 'lookup_in_workspace' from command line to 'False'
[5.193s] Level 5:colcon.colcon_core.verb:set package 'turtlebot3_navigation2' build argument 'cargo_args' from command line to 'None'
[5.193s] Level 5:colcon.colcon_core.verb:set package 'turtlebot3_navigation2' build argument 'clean_build' from command line to 'False'
[5.193s] Level 5:colcon.colcon_core.verb:set package 'turtlebot3_navigation2' build argument 'cmake_args' from command line to 'None'
[5.193s] Level 5:colcon.colcon_core.verb:set package 'turtlebot3_navigation2' build argument 'cmake_target' from command line to 'None'
[5.193s] Level 5:colcon.colcon_core.verb:set package 'turtlebot3_navigation2' build argument 'cmake_target_skip_unavailable' from command line to 'False'
[5.193s] Level 5:colcon.colcon_core.verb:set package 'turtlebot3_navigation2' build argument 'cmake_clean_cache' from command line to 'False'
[5.193s] Level 5:colcon.colcon_core.verb:set package 'turtlebot3_navigation2' build argument 'cmake_clean_first' from command line to 'False'
[5.193s] Level 5:colcon.colcon_core.verb:set package 'turtlebot3_navigation2' build argument 'cmake_force_configure' from command line to 'False'
[5.193s] Level 5:colcon.colcon_core.verb:set package 'turtlebot3_navigation2' build argument 'ament_cmake_args' from command line to 'None'
[5.193s] Level 5:colcon.colcon_core.verb:set package 'turtlebot3_navigation2' build argument 'catkin_cmake_args' from command line to 'None'
[5.193s] Level 5:colcon.colcon_core.verb:set package 'turtlebot3_navigation2' build argument 'catkin_skip_building_tests' from command line to 'False'
[5.193s] DEBUG:colcon.colcon_core.verb:Building package 'turtlebot3_navigation2' with the following arguments: {'ament_cmake_args': None, 'build_base': '/home/user/ros2_ws/build/turtlebot3_navigation2', 'cargo_args': None, 'catkin_cmake_args': None, 'catkin_skip_building_tests': False, 'clean_build': False, 'cmake_args': None, 'cmake_clean_cache': False, 'cmake_clean_first': False, 'cmake_force_configure': False, 'cmake_target': None, 'cmake_target_skip_unavailable': False, 'install_base': '/home/user/ros2_ws/install/turtlebot3_navigation2', 'lookup_in_workspace': False, 'merge_install': False, 'path': '/home/user/ros2_ws/src/turtlebot3/turtlebot3_navigation2', 'symlink_install': False, 'test_result_base': None}
[5.196s] INFO:colcon.colcon_core.executor:Executing jobs using 'parallel' executor
[5.211s] DEBUG:colcon.colcon_parallel_executor.executor.parallel:run_until_complete
[5.214s] INFO:colcon.colcon_ros.task.ament_cmake.build:Building ROS package in '/home/user/ros2_ws/src/turtlebot3/turtlebot3_navigation2' with build type 'ament_cmake'
[5.215s] INFO:colcon.colcon_cmake.task.cmake.build:Building CMake package in '/home/user/ros2_ws/src/turtlebot3/turtlebot3_navigation2'
[5.289s] INFO:colcon.colcon_core.plugin_system:Skipping extension 'colcon_core.shell.bat': Not used on non-Windows systems
[5.289s] INFO:colcon.colcon_core.shell:Skip shell extension 'powershell' for command environment: Not usable outside of PowerShell
[5.289s] DEBUG:colcon.colcon_core.shell:Skip shell extension 'dsv' for command environment
[5.435s] DEBUG:colcon.colcon_core.event_handler.log_command:Invoking command in '/home/user/ros2_ws/build/turtlebot3_navigation2': CMAKE_PREFIX_PATH=${CMAKE_PREFIX_PATH}:/home/simulations/ros2_sims_ws/install/rclrs_tests:/home/simulations/ros2_sims_ws/install/examples_rclrs_minimal_client_service:/home/simulations/ros2_sims_ws/install/sensor_msgs_py:/home/simulations/ros2_sims_ws/install/examples_rclrs_minimal_pub_sub:/home/simulations/ros2_sims_ws/install/examples_rclrs_message_demo:/home/simulations/ros2_sims_ws/install/rclrs:/home/simulations/ros2_sims_ws/install/rosidl_runtime_rs:/home/user/ros2_ws/install/turtlebot3_teleop:/home/user/ros2_ws/install/turtlebot3_example:/opt/ros/humble _=/usr/bin/env /usr/bin/cmake --build /home/user/ros2_ws/build/turtlebot3_navigation2 -- -j8 -l8
[6.020s] DEBUG:colcon.colcon_core.event_handler.log_command:Invoked command in '/home/user/ros2_ws/build/turtlebot3_navigation2' returned '0': CMAKE_PREFIX_PATH=${CMAKE_PREFIX_PATH}:/home/simulations/ros2_sims_ws/install/rclrs_tests:/home/simulations/ros2_sims_ws/install/examples_rclrs_minimal_client_service:/home/simulations/ros2_sims_ws/install/sensor_msgs_py:/home/simulations/ros2_sims_ws/install/examples_rclrs_minimal_pub_sub:/home/simulations/ros2_sims_ws/install/examples_rclrs_message_demo:/home/simulations/ros2_sims_ws/install/rclrs:/home/simulations/ros2_sims_ws/install/rosidl_runtime_rs:/home/user/ros2_ws/install/turtlebot3_teleop:/home/user/ros2_ws/install/turtlebot3_example:/opt/ros/humble _=/usr/bin/env /usr/bin/cmake --build /home/user/ros2_ws/build/turtlebot3_navigation2 -- -j8 -l8
[6.698s] DEBUG:colcon.colcon_core.event_handler.log_command:Invoking command in '/home/user/ros2_ws/build/turtlebot3_navigation2': CMAKE_PREFIX_PATH=${CMAKE_PREFIX_PATH}:/home/simulations/ros2_sims_ws/install/rclrs_tests:/home/simulations/ros2_sims_ws/install/examples_rclrs_minimal_client_service:/home/simulations/ros2_sims_ws/install/sensor_msgs_py:/home/simulations/ros2_sims_ws/install/examples_rclrs_minimal_pub_sub:/home/simulations/ros2_sims_ws/install/examples_rclrs_message_demo:/home/simulations/ros2_sims_ws/install/rclrs:/home/simulations/ros2_sims_ws/install/rosidl_runtime_rs:/home/user/ros2_ws/install/turtlebot3_teleop:/home/user/ros2_ws/install/turtlebot3_example:/opt/ros/humble _=/usr/bin/env /usr/bin/cmake --install /home/user/ros2_ws/build/turtlebot3_navigation2
[6.880s] Level 1:colcon.colcon_core.environment:create_environment_scripts_only(turtlebot3_navigation2)
[6.890s] Level 1:colcon.colcon_core.environment:checking '/home/user/ros2_ws/install/turtlebot3_navigation2' for CMake module files
[6.892s] Level 1:colcon.colcon_core.environment:checking '/home/user/ros2_ws/install/turtlebot3_navigation2' for CMake config files
[6.892s] Level 1:colcon.colcon_core.shell:create_environment_hook('turtlebot3_navigation2', 'cmake_prefix_path')
[6.891s] DEBUG:colcon.colcon_core.event_handler.log_command:Invoked command in '/home/user/ros2_ws/build/turtlebot3_navigation2' returned '0': CMAKE_PREFIX_PATH=${CMAKE_PREFIX_PATH}:/home/simulations/ros2_sims_ws/install/rclrs_tests:/home/simulations/ros2_sims_ws/install/examples_rclrs_minimal_client_service:/home/simulations/ros2_sims_ws/install/sensor_msgs_py:/home/simulations/ros2_sims_ws/install/examples_rclrs_minimal_pub_sub:/home/simulations/ros2_sims_ws/install/examples_rclrs_message_demo:/home/simulations/ros2_sims_ws/install/rclrs:/home/simulations/ros2_sims_ws/install/rosidl_runtime_rs:/home/user/ros2_ws/install/turtlebot3_teleop:/home/user/ros2_ws/install/turtlebot3_example:/opt/ros/humble _=/usr/bin/env /usr/bin/cmake --install /home/user/ros2_ws/build/turtlebot3_navigation2
[6.895s] INFO:colcon.colcon_core.shell:Creating environment hook '/home/user/ros2_ws/install/turtlebot3_navigation2/share/turtlebot3_navigation2/hook/cmake_prefix_path.ps1'
[6.896s] INFO:colcon.colcon_core.shell:Creating environment descriptor '/home/user/ros2_ws/install/turtlebot3_navigation2/share/turtlebot3_navigation2/hook/cmake_prefix_path.dsv'
[6.897s] INFO:colcon.colcon_core.shell:Creating environment hook '/home/user/ros2_ws/install/turtlebot3_navigation2/share/turtlebot3_navigation2/hook/cmake_prefix_path.sh'
[6.899s] Level 1:colcon.colcon_core.environment:checking '/home/user/ros2_ws/install/turtlebot3_navigation2/bin'
[6.899s] Level 1:colcon.colcon_core.environment:checking '/home/user/ros2_ws/install/turtlebot3_navigation2/lib/pkgconfig/turtlebot3_navigation2.pc'
[6.903s] Level 1:colcon.colcon_core.environment:checking '/home/user/ros2_ws/install/turtlebot3_navigation2/lib/python3.10/site-packages'
[6.904s] Level 1:colcon.colcon_core.environment:checking '/home/user/ros2_ws/install/turtlebot3_navigation2/bin'
[6.912s] INFO:colcon.colcon_core.shell:Creating package script '/home/user/ros2_ws/install/turtlebot3_navigation2/share/turtlebot3_navigation2/package.ps1'
[6.922s] INFO:colcon.colcon_core.shell:Creating package descriptor '/home/user/ros2_ws/install/turtlebot3_navigation2/share/turtlebot3_navigation2/package.dsv'
[6.925s] INFO:colcon.colcon_core.shell:Creating package script '/home/user/ros2_ws/install/turtlebot3_navigation2/share/turtlebot3_navigation2/package.sh'
[6.981s] INFO:colcon.colcon_core.shell:Creating package script '/home/user/ros2_ws/install/turtlebot3_navigation2/share/turtlebot3_navigation2/package.bash'
[6.989s] INFO:colcon.colcon_core.shell:Creating package script '/home/user/ros2_ws/install/turtlebot3_navigation2/share/turtlebot3_navigation2/package.zsh'
[6.995s] Level 1:colcon.colcon_core.environment:create_file_with_runtime_dependencies(/home/user/ros2_ws/install/turtlebot3_navigation2/share/colcon-core/packages/turtlebot3_navigation2)
[7.806s] Level 1:colcon.colcon_core.environment:create_environment_scripts_only(turtlebot3_navigation2)
[7.810s] Level 1:colcon.colcon_core.environment:checking '/home/user/ros2_ws/install/turtlebot3_navigation2' for CMake module files
[7.812s] Level 1:colcon.colcon_core.environment:checking '/home/user/ros2_ws/install/turtlebot3_navigation2' for CMake config files
[7.812s] Level 1:colcon.colcon_core.shell:create_environment_hook('turtlebot3_navigation2', 'cmake_prefix_path')
[7.814s] INFO:colcon.colcon_core.shell:Creating environment hook '/home/user/ros2_ws/install/turtlebot3_navigation2/share/turtlebot3_navigation2/hook/cmake_prefix_path.ps1'
[7.815s] INFO:colcon.colcon_core.shell:Creating environment descriptor '/home/user/ros2_ws/install/turtlebot3_navigation2/share/turtlebot3_navigation2/hook/cmake_prefix_path.dsv'
[7.816s] INFO:colcon.colcon_core.shell:Creating environment hook '/home/user/ros2_ws/install/turtlebot3_navigation2/share/turtlebot3_navigation2/hook/cmake_prefix_path.sh'
[7.817s] Level 1:colcon.colcon_core.environment:checking '/home/user/ros2_ws/install/turtlebot3_navigation2/bin'
[7.817s] Level 1:colcon.colcon_core.environment:checking '/home/user/ros2_ws/install/turtlebot3_navigation2/lib/pkgconfig/turtlebot3_navigation2.pc'
[7.817s] Level 1:colcon.colcon_core.environment:checking '/home/user/ros2_ws/install/turtlebot3_navigation2/lib/python3.10/site-packages'
[7.824s] Level 1:colcon.colcon_core.environment:checking '/home/user/ros2_ws/install/turtlebot3_navigation2/bin'
[7.884s] INFO:colcon.colcon_core.shell:Creating package script '/home/user/ros2_ws/install/turtlebot3_navigation2/share/turtlebot3_navigation2/package.ps1'
[7.907s] INFO:colcon.colcon_core.shell:Creating package descriptor '/home/user/ros2_ws/install/turtlebot3_navigation2/share/turtlebot3_navigation2/package.dsv'
[7.910s] INFO:colcon.colcon_core.shell:Creating package script '/home/user/ros2_ws/install/turtlebot3_navigation2/share/turtlebot3_navigation2/package.sh'
[7.912s] INFO:colcon.colcon_core.shell:Creating package script '/home/user/ros2_ws/install/turtlebot3_navigation2/share/turtlebot3_navigation2/package.bash'
[7.913s] INFO:colcon.colcon_core.shell:Creating package script '/home/user/ros2_ws/install/turtlebot3_navigation2/share/turtlebot3_navigation2/package.zsh'
[7.914s] Level 1:colcon.colcon_core.environment:create_file_with_runtime_dependencies(/home/user/ros2_ws/install/turtlebot3_navigation2/share/colcon-core/packages/turtlebot3_navigation2)
[7.923s] DEBUG:colcon.colcon_parallel_executor.executor.parallel:closing loop
[7.927s] DEBUG:colcon.colcon_parallel_executor.executor.parallel:loop closed
[7.930s] DEBUG:colcon.colcon_parallel_executor.executor.parallel:run_until_complete finished with '0'
[7.931s] DEBUG:colcon.colcon_core.event_reactor:joining thread
[8.015s] INFO:colcon.colcon_core.plugin_system:Skipping extension 'colcon_notification.desktop_notification.notify_send': Could not find 'notify-send'
[8.015s] INFO:colcon.colcon_core.plugin_system:Skipping extension 'colcon_notification.desktop_notification.terminal_notifier': Not used on non-Darwin systems
[8.015s] INFO:colcon.colcon_core.plugin_system:Skipping extension 'colcon_notification.desktop_notification.win32': Not used on non-Windows systems
[8.015s] INFO:colcon.colcon_notification.desktop_notification:Sending desktop notification using 'notify2'
[8.022s] DEBUG:colcon.colcon_notification.desktop_notification.notify2:Failed to initialize notify2: org.freedesktop.DBus.Error.Spawn.ExecFailed: /usr/bin/dbus-launch terminated abnormally without any error message
[8.023s] DEBUG:colcon.colcon_core.event_reactor:joined thread
[8.026s] INFO:colcon.colcon_core.shell:Creating prefix script '/home/user/ros2_ws/install/local_setup.ps1'
[8.028s] INFO:colcon.colcon_core.shell:Creating prefix util module '/home/user/ros2_ws/install/_local_setup_util_ps1.py'
[8.031s] INFO:colcon.colcon_core.shell:Creating prefix chain script '/home/user/ros2_ws/install/setup.ps1'
[8.047s] INFO:colcon.colcon_core.shell:Creating prefix script '/home/user/ros2_ws/install/local_setup.sh'
[8.048s] INFO:colcon.colcon_core.shell:Creating prefix util module '/home/user/ros2_ws/install/_local_setup_util_sh.py'
[8.049s] INFO:colcon.colcon_core.shell:Creating prefix chain script '/home/user/ros2_ws/install/setup.sh'
[8.055s] INFO:colcon.colcon_core.shell:Creating prefix script '/home/user/ros2_ws/install/local_setup.bash'
[8.079s] INFO:colcon.colcon_core.shell:Creating prefix chain script '/home/user/ros2_ws/install/setup.bash'
[8.090s] INFO:colcon.colcon_core.shell:Creating prefix script '/home/user/ros2_ws/install/local_setup.zsh'
[8.092s] INFO:colcon.colcon_core.shell:Creating prefix chain script '/home/user/ros2_ws/install/setup.zsh'
