[0.334s] Invoking command in '/home/user/ros2_ws/build/turtlebot_bringup': CMAKE_PREFIX_PATH=${CMAKE_PREFIX_PATH}:/home/simulations/ros2_sims_ws/install/rclrs_tests:/home/simulations/ros2_sims_ws/install/examples_rclrs_minimal_client_service:/home/simulations/ros2_sims_ws/install/sensor_msgs_py:/home/simulations/ros2_sims_ws/install/examples_rclrs_minimal_pub_sub:/home/simulations/ros2_sims_ws/install/examples_rclrs_message_demo:/home/simulations/ros2_sims_ws/install/rclrs:/home/simulations/ros2_sims_ws/install/rosidl_runtime_rs:/home/user/ros2_ws/install/turtlebot3_teleop:/home/user/ros2_ws/install/turtlebot3_example:/opt/ros/humble _=/usr/bin/env /usr/bin/cmake --build /home/user/ros2_ws/build/turtlebot_bringup -- -j8 -l8
[0.627s] Invoked command in '/home/user/ros2_ws/build/turtlebot_bringup' returned '0': CMAKE_PREFIX_PATH=${CMAKE_PREFIX_PATH}:/home/simulations/ros2_sims_ws/install/rclrs_tests:/home/simulations/ros2_sims_ws/install/examples_rclrs_minimal_client_service:/home/simulations/ros2_sims_ws/install/sensor_msgs_py:/home/simulations/ros2_sims_ws/install/examples_rclrs_minimal_pub_sub:/home/simulations/ros2_sims_ws/install/examples_rclrs_message_demo:/home/simulations/ros2_sims_ws/install/rclrs:/home/simulations/ros2_sims_ws/install/rosidl_runtime_rs:/home/user/ros2_ws/install/turtlebot3_teleop:/home/user/ros2_ws/install/turtlebot3_example:/opt/ros/humble _=/usr/bin/env /usr/bin/cmake --build /home/user/ros2_ws/build/turtlebot_bringup -- -j8 -l8
[0.899s] Invoking command in '/home/user/ros2_ws/build/turtlebot_bringup': CMAKE_PREFIX_PATH=${CMAKE_PREFIX_PATH}:/home/simulations/ros2_sims_ws/install/rclrs_tests:/home/simulations/ros2_sims_ws/install/examples_rclrs_minimal_client_service:/home/simulations/ros2_sims_ws/install/sensor_msgs_py:/home/simulations/ros2_sims_ws/install/examples_rclrs_minimal_pub_sub:/home/simulations/ros2_sims_ws/install/examples_rclrs_message_demo:/home/simulations/ros2_sims_ws/install/rclrs:/home/simulations/ros2_sims_ws/install/rosidl_runtime_rs:/home/user/ros2_ws/install/turtlebot3_teleop:/home/user/ros2_ws/install/turtlebot3_example:/opt/ros/humble _=/usr/bin/env /usr/bin/cmake --install /home/user/ros2_ws/build/turtlebot_bringup
[0.922s] -- Install configuration: ""
[0.922s] -- Up-to-date: /home/user/ros2_ws/install/turtlebot_bringup/share/turtlebot_bringup//launch
[0.923s] -- Up-to-date: /home/user/ros2_ws/install/turtlebot_bringup/share/turtlebot_bringup//launch/turtlebot.launch
[0.923s] -- Up-to-date: /home/user/ros2_ws/install/turtlebot_bringup/share/ament_index/resource_index/package_run_dependencies/turtlebot_bringup
[0.924s] -- Up-to-date: /home/user/ros2_ws/install/turtlebot_bringup/share/ament_index/resource_index/parent_prefix_path/turtlebot_bringup
[0.924s] -- Up-to-date: /home/user/ros2_ws/install/turtlebot_bringup/share/turtlebot_bringup/environment/ament_prefix_path.sh
[0.924s] -- Up-to-date: /home/user/ros2_ws/install/turtlebot_bringup/share/turtlebot_bringup/environment/ament_prefix_path.dsv
[0.924s] -- Up-to-date: /home/user/ros2_ws/install/turtlebot_bringup/share/turtlebot_bringup/environment/path.sh
[0.924s] -- Up-to-date: /home/user/ros2_ws/install/turtlebot_bringup/share/turtlebot_bringup/environment/path.dsv
[0.924s] -- Up-to-date: /home/user/ros2_ws/install/turtlebot_bringup/share/turtlebot_bringup/local_setup.bash
[0.924s] -- Up-to-date: /home/user/ros2_ws/install/turtlebot_bringup/share/turtlebot_bringup/local_setup.sh
[0.924s] -- Up-to-date: /home/user/ros2_ws/install/turtlebot_bringup/share/turtlebot_bringup/local_setup.zsh
[0.925s] -- Up-to-date: /home/user/ros2_ws/install/turtlebot_bringup/share/turtlebot_bringup/local_setup.dsv
[0.926s] -- Installing: /home/user/ros2_ws/install/turtlebot_bringup/share/turtlebot_bringup/package.dsv
[0.926s] -- Up-to-date: /home/user/ros2_ws/install/turtlebot_bringup/share/ament_index/resource_index/packages/turtlebot_bringup
[0.926s] -- Up-to-date: /home/user/ros2_ws/install/turtlebot_bringup/share/turtlebot_bringup/cmake/turtlebot_bringupConfig.cmake
[0.927s] -- Up-to-date: /home/user/ros2_ws/install/turtlebot_bringup/share/turtlebot_bringup/cmake/turtlebot_bringupConfig-version.cmake
[0.927s] -- Up-to-date: /home/user/ros2_ws/install/turtlebot_bringup/share/turtlebot_bringup/package.xml
[0.939s] Invoked command in '/home/user/ros2_ws/build/turtlebot_bringup' returned '0': CMAKE_PREFIX_PATH=${CMAKE_PREFIX_PATH}:/home/simulations/ros2_sims_ws/install/rclrs_tests:/home/simulations/ros2_sims_ws/install/examples_rclrs_minimal_client_service:/home/simulations/ros2_sims_ws/install/sensor_msgs_py:/home/simulations/ros2_sims_ws/install/examples_rclrs_minimal_pub_sub:/home/simulations/ros2_sims_ws/install/examples_rclrs_message_demo:/home/simulations/ros2_sims_ws/install/rclrs:/home/simulations/ros2_sims_ws/install/rosidl_runtime_rs:/home/user/ros2_ws/install/turtlebot3_teleop:/home/user/ros2_ws/install/turtlebot3_example:/opt/ros/humble _=/usr/bin/env /usr/bin/cmake --install /home/user/ros2_ws/build/turtlebot_bringup
