[12.212s] Invoking command in '/home/user/ros2_ws/src/turtlebot3/turtlebot3_teleop': PYTHONPATH=/home/user/ros2_ws/build/turtlebot3_teleop/prefix_override:/home/user/ros2_ws/install/turtlebot3_teleop/lib/python3.10/site-packages:${PYTHONPATH} _=/usr/bin/env /usr/bin/python3 setup.py egg_info --egg-base ../../../build/turtlebot3_teleop build --build-base /home/user/ros2_ws/build/turtlebot3_teleop/build install --record /home/user/ros2_ws/build/turtlebot3_teleop/install.log --single-version-externally-managed
[14.876s] running egg_info
[14.886s] writing ../../../build/turtlebot3_teleop/turtlebot3_teleop.egg-info/PKG-INFO
[14.889s] writing dependency_links to ../../../build/turtlebot3_teleop/turtlebot3_teleop.egg-info/dependency_links.txt
[14.890s] writing entry points to ../../../build/turtlebot3_teleop/turtlebot3_teleop.egg-info/entry_points.txt
[14.891s] writing requirements to ../../../build/turtlebot3_teleop/turtlebot3_teleop.egg-info/requires.txt
[14.891s] writing top-level names to ../../../build/turtlebot3_teleop/turtlebot3_teleop.egg-info/top_level.txt
[14.892s] reading manifest file '../../../build/turtlebot3_teleop/turtlebot3_teleop.egg-info/SOURCES.txt'
[14.893s] writing manifest file '../../../build/turtlebot3_teleop/turtlebot3_teleop.egg-info/SOURCES.txt'
[14.893s] running build
[14.894s] running build_py
[14.895s] running install
[14.895s] /usr/lib/python3/dist-packages/setuptools/command/install.py:34: SetuptoolsDeprecationWarning: setup.py install is deprecated. Use build and pip and other standards-based tools.
[14.896s]   warnings.warn(
[14.897s] running install_lib
[14.898s] running install_data
[14.899s] running install_egg_info
[14.909s] removing '/home/user/ros2_ws/install/turtlebot3_teleop/lib/python3.10/site-packages/turtlebot3_teleop-2.1.5-py3.10.egg-info' (and everything under it)
[14.910s] Copying ../../../build/turtlebot3_teleop/turtlebot3_teleop.egg-info to /home/user/ros2_ws/install/turtlebot3_teleop/lib/python3.10/site-packages/turtlebot3_teleop-2.1.5-py3.10.egg-info
[14.969s] running install_scripts
[15.076s] Installing teleop_keyboard script to /home/user/ros2_ws/install/turtlebot3_teleop/lib/turtlebot3_teleop
[15.077s] writing list of installed files to '/home/user/ros2_ws/build/turtlebot3_teleop/install.log'
[15.276s] Invoked command in '/home/user/ros2_ws/src/turtlebot3/turtlebot3_teleop' returned '0': PYTHONPATH=/home/user/ros2_ws/build/turtlebot3_teleop/prefix_override:/home/user/ros2_ws/install/turtlebot3_teleop/lib/python3.10/site-packages:${PYTHONPATH} _=/usr/bin/env /usr/bin/python3 setup.py egg_info --egg-base ../../../build/turtlebot3_teleop build --build-base /home/user/ros2_ws/build/turtlebot3_teleop/build install --record /home/user/ros2_ws/build/turtlebot3_teleop/install.log --single-version-externally-managed
