[4.323s] Invoking command in '/home/user/simulation_ws/src/tortoisebot/tortoisebot_localization': PYTHONPATH=/home/user/simulation_ws/build/tortoisebot_localization/prefix_override:/home/user/simulation_ws/install/tortoisebot_localization/lib/python3.10/site-packages:${PYTHONPATH} _=/usr/bin/env /usr/bin/python3 setup.py egg_info --egg-base ../../../build/tortoisebot_localization build --build-base /home/user/simulation_ws/build/tortoisebot_localization/build install --record /home/user/simulation_ws/build/tortoisebot_localization/install.log --single-version-externally-managed
[5.744s] running egg_info
[5.746s] writing ../../../build/tortoisebot_localization/tortoisebot_localization.egg-info/PKG-INFO
[5.747s] writing dependency_links to ../../../build/tortoisebot_localization/tortoisebot_localization.egg-info/dependency_links.txt
[5.747s] writing entry points to ../../../build/tortoisebot_localization/tortoisebot_localization.egg-info/entry_points.txt
[5.753s] writing requirements to ../../../build/tortoisebot_localization/tortoisebot_localization.egg-info/requires.txt
[5.753s] writing top-level names to ../../../build/tortoisebot_localization/tortoisebot_localization.egg-info/top_level.txt
[5.755s] reading manifest file '../../../build/tortoisebot_localization/tortoisebot_localization.egg-info/SOURCES.txt'
[5.757s] writing manifest file '../../../build/tortoisebot_localization/tortoisebot_localization.egg-info/SOURCES.txt'
[5.758s] running build
[5.758s] running build_py
[5.759s] running install
[5.759s] /usr/lib/python3/dist-packages/setuptools/command/install.py:34: SetuptoolsDeprecationWarning: setup.py install is deprecated. Use build and pip and other standards-based tools.
[5.759s]   warnings.warn(
[5.760s] running install_lib
[5.764s] running install_data
[5.766s] running install_egg_info
[5.770s] removing '/home/user/simulation_ws/install/tortoisebot_localization/lib/python3.10/site-packages/tortoisebot_localization-0.0.0-py3.10.egg-info' (and everything under it)
[5.771s] Copying ../../../build/tortoisebot_localization/tortoisebot_localization.egg-info to /home/user/simulation_ws/install/tortoisebot_localization/lib/python3.10/site-packages/tortoisebot_localization-0.0.0-py3.10.egg-info
[5.829s] running install_scripts
[5.947s] writing list of installed files to '/home/user/simulation_ws/build/tortoisebot_localization/install.log'
[6.045s] Invoked command in '/home/user/simulation_ws/src/tortoisebot/tortoisebot_localization' returned '0': PYTHONPATH=/home/user/simulation_ws/build/tortoisebot_localization/prefix_override:/home/user/simulation_ws/install/tortoisebot_localization/lib/python3.10/site-packages:${PYTHONPATH} _=/usr/bin/env /usr/bin/python3 setup.py egg_info --egg-base ../../../build/tortoisebot_localization build --build-base /home/user/simulation_ws/build/tortoisebot_localization/build install --record /home/user/simulation_ws/build/tortoisebot_localization/install.log --single-version-externally-managed
