[0.579s] Invoking command in '/home/kishoreyogaraj/ros2_ws/src/my_robot_controller': PYTHONPATH=/home/kishoreyogaraj/ros2_ws/build/my_robot_controller/prefix_override:/home/kishoreyogaraj/ros2_ws/install/my_robot_controller/lib/python3.10/site-packages:${PYTHONPATH} /usr/bin/python3 -W ignore:setup.py install is deprecated setup.py egg_info --egg-base ../../build/my_robot_controller build --build-base /home/kishoreyogaraj/ros2_ws/build/my_robot_controller/build install --record /home/kishoreyogaraj/ros2_ws/build/my_robot_controller/install.log --single-version-externally-managed install_data
[0.811s] running egg_info
[0.812s] writing ../../build/my_robot_controller/my_robot_controller.egg-info/PKG-INFO
[0.812s] writing dependency_links to ../../build/my_robot_controller/my_robot_controller.egg-info/dependency_links.txt
[0.812s] writing entry points to ../../build/my_robot_controller/my_robot_controller.egg-info/entry_points.txt
[0.812s] writing requirements to ../../build/my_robot_controller/my_robot_controller.egg-info/requires.txt
[0.812s] writing top-level names to ../../build/my_robot_controller/my_robot_controller.egg-info/top_level.txt
[0.814s] reading manifest file '../../build/my_robot_controller/my_robot_controller.egg-info/SOURCES.txt'
[0.815s] writing manifest file '../../build/my_robot_controller/my_robot_controller.egg-info/SOURCES.txt'
[0.815s] running build
[0.815s] running build_py
[0.815s] running install
[0.815s] running install_lib
[0.816s] running install_data
[0.817s] running install_egg_info
[0.818s] removing '/home/kishoreyogaraj/ros2_ws/install/my_robot_controller/lib/python3.10/site-packages/my_robot_controller-0.0.0-py3.10.egg-info' (and everything under it)
[0.818s] Copying ../../build/my_robot_controller/my_robot_controller.egg-info to /home/kishoreyogaraj/ros2_ws/install/my_robot_controller/lib/python3.10/site-packages/my_robot_controller-0.0.0-py3.10.egg-info
[0.819s] running install_scripts
[0.837s] Installing draw_circle script to /home/kishoreyogaraj/ros2_ws/install/my_robot_controller/lib/my_robot_controller
[0.837s] Installing test_node script to /home/kishoreyogaraj/ros2_ws/install/my_robot_controller/lib/my_robot_controller
[0.838s] writing list of installed files to '/home/kishoreyogaraj/ros2_ws/build/my_robot_controller/install.log'
[0.864s] Invoked command in '/home/kishoreyogaraj/ros2_ws/src/my_robot_controller' returned '0': PYTHONPATH=/home/kishoreyogaraj/ros2_ws/build/my_robot_controller/prefix_override:/home/kishoreyogaraj/ros2_ws/install/my_robot_controller/lib/python3.10/site-packages:${PYTHONPATH} /usr/bin/python3 -W ignore:setup.py install is deprecated setup.py egg_info --egg-base ../../build/my_robot_controller build --build-base /home/kishoreyogaraj/ros2_ws/build/my_robot_controller/build install --record /home/kishoreyogaraj/ros2_ws/build/my_robot_controller/install.log --single-version-externally-managed install_data
