[2.801s] Invoking command in '/home/user/simulation_ws/build/tortoisebot_firmware': CMAKE_PREFIX_PATH=${CMAKE_PREFIX_PATH}:/home/user/simulation_ws/install/tortoisebot_localization:/home/user/simulation_ws/install/tortoisebot_control:/home/user/simulation_ws/install/ros2_aruco:/home/simulations/ros2_sims_ws/install/rclrs_tests:/home/simulations/ros2_sims_ws/install/examples_rclrs_minimal_client_service:/home/simulations/ros2_sims_ws/install/sensor_msgs_py:/home/simulations/ros2_sims_ws/install/examples_rclrs_minimal_pub_sub:/home/simulations/ros2_sims_ws/install/examples_rclrs_message_demo:/home/simulations/ros2_sims_ws/install/rclrs:/home/simulations/ros2_sims_ws/install/rosidl_runtime_rs:/opt/ros/humble _=/usr/bin/env /usr/bin/cmake --build /home/user/simulation_ws/build/tortoisebot_firmware -- -j8 -l8
[3.790s] Built target ament_cmake_python_copy_tortoisebot_firmware
[5.800s] running egg_info
[5.800s] writing tortoisebot_firmware.egg-info/PKG-INFO
[5.801s] writing dependency_links to tortoisebot_firmware.egg-info/dependency_links.txt
[5.876s] writing top-level names to tortoisebot_firmware.egg-info/top_level.txt
[5.877s] reading manifest file 'tortoisebot_firmware.egg-info/SOURCES.txt'
[5.878s] writing manifest file 'tortoisebot_firmware.egg-info/SOURCES.txt'
[6.288s] Built target ament_cmake_python_build_tortoisebot_firmware_egg
[6.472s] Invoked command in '/home/user/simulation_ws/build/tortoisebot_firmware' returned '0': CMAKE_PREFIX_PATH=${CMAKE_PREFIX_PATH}:/home/user/simulation_ws/install/tortoisebot_localization:/home/user/simulation_ws/install/tortoisebot_control:/home/user/simulation_ws/install/ros2_aruco:/home/simulations/ros2_sims_ws/install/rclrs_tests:/home/simulations/ros2_sims_ws/install/examples_rclrs_minimal_client_service:/home/simulations/ros2_sims_ws/install/sensor_msgs_py:/home/simulations/ros2_sims_ws/install/examples_rclrs_minimal_pub_sub:/home/simulations/ros2_sims_ws/install/examples_rclrs_message_demo:/home/simulations/ros2_sims_ws/install/rclrs:/home/simulations/ros2_sims_ws/install/rosidl_runtime_rs:/opt/ros/humble _=/usr/bin/env /usr/bin/cmake --build /home/user/simulation_ws/build/tortoisebot_firmware -- -j8 -l8
[7.380s] Invoking command in '/home/user/simulation_ws/build/tortoisebot_firmware': CMAKE_PREFIX_PATH=${CMAKE_PREFIX_PATH}:/home/user/simulation_ws/install/tortoisebot_localization:/home/user/simulation_ws/install/tortoisebot_control:/home/user/simulation_ws/install/ros2_aruco:/home/simulations/ros2_sims_ws/install/rclrs_tests:/home/simulations/ros2_sims_ws/install/examples_rclrs_minimal_client_service:/home/simulations/ros2_sims_ws/install/sensor_msgs_py:/home/simulations/ros2_sims_ws/install/examples_rclrs_minimal_pub_sub:/home/simulations/ros2_sims_ws/install/examples_rclrs_message_demo:/home/simulations/ros2_sims_ws/install/rclrs:/home/simulations/ros2_sims_ws/install/rosidl_runtime_rs:/opt/ros/humble _=/usr/bin/env /usr/bin/cmake --install /home/user/simulation_ws/build/tortoisebot_firmware
[7.482s] -- Install configuration: ""
[7.482s] -- Up-to-date: /home/user/simulation_ws/install/tortoisebot_firmware/share/tortoisebot_firmware/environment/pythonpath.sh
[7.483s] -- Up-to-date: /home/user/simulation_ws/install/tortoisebot_firmware/share/tortoisebot_firmware/environment/pythonpath.dsv
[7.483s] -- Up-to-date: /home/user/simulation_ws/install/tortoisebot_firmware/local/lib/python3.10/dist-packages/tortoisebot_firmware-0.0.0-py3.10.egg-info
[7.483s] -- Installing: /home/user/simulation_ws/install/tortoisebot_firmware/local/lib/python3.10/dist-packages/tortoisebot_firmware-0.0.0-py3.10.egg-info/PKG-INFO
[7.483s] -- Installing: /home/user/simulation_ws/install/tortoisebot_firmware/local/lib/python3.10/dist-packages/tortoisebot_firmware-0.0.0-py3.10.egg-info/top_level.txt
[7.484s] -- Installing: /home/user/simulation_ws/install/tortoisebot_firmware/local/lib/python3.10/dist-packages/tortoisebot_firmware-0.0.0-py3.10.egg-info/SOURCES.txt
[7.491s] -- Installing: /home/user/simulation_ws/install/tortoisebot_firmware/local/lib/python3.10/dist-packages/tortoisebot_firmware-0.0.0-py3.10.egg-info/dependency_links.txt
[7.491s] -- Up-to-date: /home/user/simulation_ws/install/tortoisebot_firmware/local/lib/python3.10/dist-packages/tortoisebot_firmware
[7.492s] -- Up-to-date: /home/user/simulation_ws/install/tortoisebot_firmware/local/lib/python3.10/dist-packages/tortoisebot_firmware/__init__.py
[8.092s] Listing '/home/user/simulation_ws/install/tortoisebot_firmware/local/lib/python3.10/dist-packages/tortoisebot_firmware'...
[8.100s] -- Up-to-date: /home/user/simulation_ws/install/tortoisebot_firmware/lib/tortoisebot_firmware/differential.py
[8.101s] -- Up-to-date: /home/user/simulation_ws/install/tortoisebot_firmware/share/ament_index/resource_index/package_run_dependencies/tortoisebot_firmware
[8.101s] -- Up-to-date: /home/user/simulation_ws/install/tortoisebot_firmware/share/ament_index/resource_index/parent_prefix_path/tortoisebot_firmware
[8.101s] -- Up-to-date: /home/user/simulation_ws/install/tortoisebot_firmware/share/tortoisebot_firmware/environment/ament_prefix_path.sh
[8.108s] -- Up-to-date: /home/user/simulation_ws/install/tortoisebot_firmware/share/tortoisebot_firmware/environment/ament_prefix_path.dsv
[8.109s] -- Up-to-date: /home/user/simulation_ws/install/tortoisebot_firmware/share/tortoisebot_firmware/environment/path.sh
[8.109s] -- Up-to-date: /home/user/simulation_ws/install/tortoisebot_firmware/share/tortoisebot_firmware/environment/path.dsv
[8.109s] -- Up-to-date: /home/user/simulation_ws/install/tortoisebot_firmware/share/tortoisebot_firmware/local_setup.bash
[8.109s] -- Up-to-date: /home/user/simulation_ws/install/tortoisebot_firmware/share/tortoisebot_firmware/local_setup.sh
[8.109s] -- Up-to-date: /home/user/simulation_ws/install/tortoisebot_firmware/share/tortoisebot_firmware/local_setup.zsh
[8.109s] -- Up-to-date: /home/user/simulation_ws/install/tortoisebot_firmware/share/tortoisebot_firmware/local_setup.dsv
[8.109s] -- Installing: /home/user/simulation_ws/install/tortoisebot_firmware/share/tortoisebot_firmware/package.dsv
[8.110s] -- Up-to-date: /home/user/simulation_ws/install/tortoisebot_firmware/share/ament_index/resource_index/packages/tortoisebot_firmware
[8.110s] -- Up-to-date: /home/user/simulation_ws/install/tortoisebot_firmware/share/tortoisebot_firmware/cmake/tortoisebot_firmwareConfig.cmake
[8.110s] -- Up-to-date: /home/user/simulation_ws/install/tortoisebot_firmware/share/tortoisebot_firmware/cmake/tortoisebot_firmwareConfig-version.cmake
[8.110s] -- Up-to-date: /home/user/simulation_ws/install/tortoisebot_firmware/share/tortoisebot_firmware/package.xml
[8.205s] Invoked command in '/home/user/simulation_ws/build/tortoisebot_firmware' returned '0': CMAKE_PREFIX_PATH=${CMAKE_PREFIX_PATH}:/home/user/simulation_ws/install/tortoisebot_localization:/home/user/simulation_ws/install/tortoisebot_control:/home/user/simulation_ws/install/ros2_aruco:/home/simulations/ros2_sims_ws/install/rclrs_tests:/home/simulations/ros2_sims_ws/install/examples_rclrs_minimal_client_service:/home/simulations/ros2_sims_ws/install/sensor_msgs_py:/home/simulations/ros2_sims_ws/install/examples_rclrs_minimal_pub_sub:/home/simulations/ros2_sims_ws/install/examples_rclrs_message_demo:/home/simulations/ros2_sims_ws/install/rclrs:/home/simulations/ros2_sims_ws/install/rosidl_runtime_rs:/opt/ros/humble _=/usr/bin/env /usr/bin/cmake --install /home/user/simulation_ws/build/tortoisebot_firmware
