[0.903s] Invoking command in '/home/user/simulation_ws/build/tortoisebot_slam': CMAKE_PREFIX_PATH=${CMAKE_PREFIX_PATH}:/home/user/simulation_ws/install/tortoisebot_localization:/home/user/simulation_ws/install/tortoisebot_control:/home/user/simulation_ws/install/ros2_aruco:/home/simulations/ros2_sims_ws/install/rclrs_tests:/home/simulations/ros2_sims_ws/install/examples_rclrs_minimal_client_service:/home/simulations/ros2_sims_ws/install/sensor_msgs_py:/home/simulations/ros2_sims_ws/install/examples_rclrs_minimal_pub_sub:/home/simulations/ros2_sims_ws/install/examples_rclrs_message_demo:/home/simulations/ros2_sims_ws/install/rclrs:/home/simulations/ros2_sims_ws/install/rosidl_runtime_rs:/home/user/ros2_ws/install/line_nagivation:/home/user/ros2_ws/install/apriltag_nagivation:/opt/ros/humble _=/usr/bin/env /usr/bin/cmake --build /home/user/simulation_ws/build/tortoisebot_slam -- -j8 -l8
[1.689s] Invoked command in '/home/user/simulation_ws/build/tortoisebot_slam' returned '0': CMAKE_PREFIX_PATH=${CMAKE_PREFIX_PATH}:/home/user/simulation_ws/install/tortoisebot_localization:/home/user/simulation_ws/install/tortoisebot_control:/home/user/simulation_ws/install/ros2_aruco:/home/simulations/ros2_sims_ws/install/rclrs_tests:/home/simulations/ros2_sims_ws/install/examples_rclrs_minimal_client_service:/home/simulations/ros2_sims_ws/install/sensor_msgs_py:/home/simulations/ros2_sims_ws/install/examples_rclrs_minimal_pub_sub:/home/simulations/ros2_sims_ws/install/examples_rclrs_message_demo:/home/simulations/ros2_sims_ws/install/rclrs:/home/simulations/ros2_sims_ws/install/rosidl_runtime_rs:/home/user/ros2_ws/install/line_nagivation:/home/user/ros2_ws/install/apriltag_nagivation:/opt/ros/humble _=/usr/bin/env /usr/bin/cmake --build /home/user/simulation_ws/build/tortoisebot_slam -- -j8 -l8
[2.598s] Invoking command in '/home/user/simulation_ws/build/tortoisebot_slam': CMAKE_PREFIX_PATH=${CMAKE_PREFIX_PATH}:/home/user/simulation_ws/install/tortoisebot_localization:/home/user/simulation_ws/install/tortoisebot_control:/home/user/simulation_ws/install/ros2_aruco:/home/simulations/ros2_sims_ws/install/rclrs_tests:/home/simulations/ros2_sims_ws/install/examples_rclrs_minimal_client_service:/home/simulations/ros2_sims_ws/install/sensor_msgs_py:/home/simulations/ros2_sims_ws/install/examples_rclrs_minimal_pub_sub:/home/simulations/ros2_sims_ws/install/examples_rclrs_message_demo:/home/simulations/ros2_sims_ws/install/rclrs:/home/simulations/ros2_sims_ws/install/rosidl_runtime_rs:/home/user/ros2_ws/install/line_nagivation:/home/user/ros2_ws/install/apriltag_nagivation:/opt/ros/humble _=/usr/bin/env /usr/bin/cmake --install /home/user/simulation_ws/build/tortoisebot_slam
[2.693s] -- Install configuration: ""
[2.693s] -- Up-to-date: /home/user/simulation_ws/install/tortoisebot_slam/share/tortoisebot_slam/launch
[2.693s] -- Up-to-date: /home/user/simulation_ws/install/tortoisebot_slam/share/tortoisebot_slam/launch/cartographer.launch.py
[2.693s] -- Up-to-date: /home/user/simulation_ws/install/tortoisebot_slam/share/tortoisebot_slam/config
[2.694s] -- Up-to-date: /home/user/simulation_ws/install/tortoisebot_slam/share/tortoisebot_slam/config/ekf.yaml
[2.694s] -- Up-to-date: /home/user/simulation_ws/install/tortoisebot_slam/share/tortoisebot_slam/config/2d_localization.lua
[2.694s] -- Up-to-date: /home/user/simulation_ws/install/tortoisebot_slam/share/tortoisebot_slam/config/2d_slam.lua
[2.694s] -- Up-to-date: /home/user/simulation_ws/install/tortoisebot_slam/share/ament_index/resource_index/package_run_dependencies/tortoisebot_slam
[2.694s] -- Up-to-date: /home/user/simulation_ws/install/tortoisebot_slam/share/ament_index/resource_index/parent_prefix_path/tortoisebot_slam
[2.694s] -- Up-to-date: /home/user/simulation_ws/install/tortoisebot_slam/share/tortoisebot_slam/environment/ament_prefix_path.sh
[2.694s] -- Up-to-date: /home/user/simulation_ws/install/tortoisebot_slam/share/tortoisebot_slam/environment/ament_prefix_path.dsv
[2.705s] -- Up-to-date: /home/user/simulation_ws/install/tortoisebot_slam/share/tortoisebot_slam/environment/path.sh
[2.706s] -- Up-to-date: /home/user/simulation_ws/install/tortoisebot_slam/share/tortoisebot_slam/environment/path.dsv
[2.706s] -- Up-to-date: /home/user/simulation_ws/install/tortoisebot_slam/share/tortoisebot_slam/local_setup.bash
[2.706s] -- Up-to-date: /home/user/simulation_ws/install/tortoisebot_slam/share/tortoisebot_slam/local_setup.sh
[2.706s] -- Up-to-date: /home/user/simulation_ws/install/tortoisebot_slam/share/tortoisebot_slam/local_setup.zsh
[2.706s] -- Up-to-date: /home/user/simulation_ws/install/tortoisebot_slam/share/tortoisebot_slam/local_setup.dsv
[2.706s] -- Installing: /home/user/simulation_ws/install/tortoisebot_slam/share/tortoisebot_slam/package.dsv
[2.706s] -- Up-to-date: /home/user/simulation_ws/install/tortoisebot_slam/share/ament_index/resource_index/packages/tortoisebot_slam
[2.706s] -- Up-to-date: /home/user/simulation_ws/install/tortoisebot_slam/share/tortoisebot_slam/cmake/tortoisebot_slamConfig.cmake
[2.706s] -- Up-to-date: /home/user/simulation_ws/install/tortoisebot_slam/share/tortoisebot_slam/cmake/tortoisebot_slamConfig-version.cmake
[2.706s] -- Up-to-date: /home/user/simulation_ws/install/tortoisebot_slam/share/tortoisebot_slam/package.xml
[2.789s] Invoked command in '/home/user/simulation_ws/build/tortoisebot_slam' returned '0': CMAKE_PREFIX_PATH=${CMAKE_PREFIX_PATH}:/home/user/simulation_ws/install/tortoisebot_localization:/home/user/simulation_ws/install/tortoisebot_control:/home/user/simulation_ws/install/ros2_aruco:/home/simulations/ros2_sims_ws/install/rclrs_tests:/home/simulations/ros2_sims_ws/install/examples_rclrs_minimal_client_service:/home/simulations/ros2_sims_ws/install/sensor_msgs_py:/home/simulations/ros2_sims_ws/install/examples_rclrs_minimal_pub_sub:/home/simulations/ros2_sims_ws/install/examples_rclrs_message_demo:/home/simulations/ros2_sims_ws/install/rclrs:/home/simulations/ros2_sims_ws/install/rosidl_runtime_rs:/home/user/ros2_ws/install/line_nagivation:/home/user/ros2_ws/install/apriltag_nagivation:/opt/ros/humble _=/usr/bin/env /usr/bin/cmake --install /home/user/simulation_ws/build/tortoisebot_slam
