[0.580s] Invoking command in '/home/kishoreyogaraj/ros2_ws/build/my_robot_controller': PYTHONPATH=/home/kishoreyogaraj/ros2_ws/build/my_robot_controller/prefix_override:/home/kishoreyogaraj/ros2_ws/install/my_robot_controller/lib/python3.10/site-packages:${PYTHONPATH} /usr/bin/python3 -W ignore:setup.py install is deprecated setup.py develop --editable --build-directory /home/kishoreyogaraj/ros2_ws/build/my_robot_controller/build --no-deps symlink_data --force
[0.833s] running develop
[0.977s] running egg_info
[0.977s] writing my_robot_controller.egg-info/PKG-INFO
[0.977s] writing dependency_links to my_robot_controller.egg-info/dependency_links.txt
[0.977s] writing entry points to my_robot_controller.egg-info/entry_points.txt
[0.977s] writing requirements to my_robot_controller.egg-info/requires.txt
[0.977s] writing top-level names to my_robot_controller.egg-info/top_level.txt
[0.979s] reading manifest file 'my_robot_controller.egg-info/SOURCES.txt'
[0.979s] writing manifest file 'my_robot_controller.egg-info/SOURCES.txt'
[0.981s] running build_ext
[0.981s] Creating /home/kishoreyogaraj/ros2_ws/install/my_robot_controller/lib/python3.10/site-packages/my-robot-controller.egg-link (link to .)
[0.981s] Installing draw_circle script to /home/kishoreyogaraj/ros2_ws/install/my_robot_controller/lib/my_robot_controller
[0.982s] Installing test_node script to /home/kishoreyogaraj/ros2_ws/install/my_robot_controller/lib/my_robot_controller
[0.982s] 
[0.982s] Installed /home/kishoreyogaraj/ros2_ws/build/my_robot_controller
[0.982s] running symlink_data
[0.982s] symbolically linking /home/kishoreyogaraj/ros2_ws/build/my_robot_controller/resource/my_robot_controller -> /home/kishoreyogaraj/ros2_ws/install/my_robot_controller/share/ament_index/resource_index/packages
[0.982s] symbolically linking /home/kishoreyogaraj/ros2_ws/build/my_robot_controller/package.xml -> /home/kishoreyogaraj/ros2_ws/install/my_robot_controller/share/my_robot_controller
[1.010s] Invoked command in '/home/kishoreyogaraj/ros2_ws/build/my_robot_controller' returned '0': PYTHONPATH=/home/kishoreyogaraj/ros2_ws/build/my_robot_controller/prefix_override:/home/kishoreyogaraj/ros2_ws/install/my_robot_controller/lib/python3.10/site-packages:${PYTHONPATH} /usr/bin/python3 -W ignore:setup.py install is deprecated setup.py develop --editable --build-directory /home/kishoreyogaraj/ros2_ws/build/my_robot_controller/build --no-deps symlink_data --force
