[0.857s] Invoking command in '/home/user/simulation_ws/build/tortoisebot_bringup': CMAKE_PREFIX_PATH=${CMAKE_PREFIX_PATH}:/home/user/simulation_ws/install/tortoisebot_localization:/home/user/simulation_ws/install/tortoisebot_control:/home/user/simulation_ws/install/ros2_aruco:/home/simulations/ros2_sims_ws/install/rclrs_tests:/home/simulations/ros2_sims_ws/install/examples_rclrs_minimal_client_service:/home/simulations/ros2_sims_ws/install/sensor_msgs_py:/home/simulations/ros2_sims_ws/install/examples_rclrs_minimal_pub_sub:/home/simulations/ros2_sims_ws/install/examples_rclrs_message_demo:/home/simulations/ros2_sims_ws/install/rclrs:/home/simulations/ros2_sims_ws/install/rosidl_runtime_rs:/opt/ros/humble _=/usr/bin/env /usr/bin/cmake /home/user/simulation_ws/src/tortoisebot/tortoisebot_bringup -DCMAKE_INSTALL_PREFIX=/home/user/simulation_ws/install/tortoisebot_bringup
[1.548s] -- The C compiler identification is GNU 11.3.0
[1.548s] -- The CXX compiler identification is GNU 11.3.0
[1.548s] -- Detecting C compiler ABI info
[1.752s] -- Detecting C compiler ABI info - done
[1.785s] -- Check for working C compiler: /usr/bin/cc - skipped
[1.786s] -- Detecting C compile features
[1.788s] -- Detecting C compile features - done
[1.798s] -- Detecting CXX compiler ABI info
[2.476s] -- Detecting CXX compiler ABI info - done
[2.522s] -- Check for working CXX compiler: /usr/bin/c++ - skipped
[2.523s] -- Detecting CXX compile features
[2.524s] -- Detecting CXX compile features - done
[2.577s] -- Found ament_cmake: 1.3.4 (/opt/ros/humble/share/ament_cmake/cmake)
[4.410s] -- Found Python3: /usr/bin/python3.10 (found version "3.10.6") found components: Interpreter 
[6.000s] -- Found ament_lint_auto: 0.12.6 (/opt/ros/humble/share/ament_lint_auto/cmake)
[7.285s] -- Added test 'copyright' to check source files copyright and LICENSE
[7.309s] -- Added test 'flake8' to check Python code syntax and style conventions
[7.311s] -- Added test 'lint_cmake' to check CMake code style
[7.327s] -- Added test 'pep257' to check Python code against some of the docstring style conventions in PEP 257
[7.382s] -- Added test 'xmllint' to check XML markup files
[7.391s] -- Configuring done
[7.414s] -- Generating done
[7.437s] -- Build files have been written to: /home/user/simulation_ws/build/tortoisebot_bringup
[7.503s] Invoked command in '/home/user/simulation_ws/build/tortoisebot_bringup' returned '0': CMAKE_PREFIX_PATH=${CMAKE_PREFIX_PATH}:/home/user/simulation_ws/install/tortoisebot_localization:/home/user/simulation_ws/install/tortoisebot_control:/home/user/simulation_ws/install/ros2_aruco:/home/simulations/ros2_sims_ws/install/rclrs_tests:/home/simulations/ros2_sims_ws/install/examples_rclrs_minimal_client_service:/home/simulations/ros2_sims_ws/install/sensor_msgs_py:/home/simulations/ros2_sims_ws/install/examples_rclrs_minimal_pub_sub:/home/simulations/ros2_sims_ws/install/examples_rclrs_message_demo:/home/simulations/ros2_sims_ws/install/rclrs:/home/simulations/ros2_sims_ws/install/rosidl_runtime_rs:/opt/ros/humble _=/usr/bin/env /usr/bin/cmake /home/user/simulation_ws/src/tortoisebot/tortoisebot_bringup -DCMAKE_INSTALL_PREFIX=/home/user/simulation_ws/install/tortoisebot_bringup
[7.504s] Invoking command in '/home/user/simulation_ws/build/tortoisebot_bringup': CMAKE_PREFIX_PATH=${CMAKE_PREFIX_PATH}:/home/user/simulation_ws/install/tortoisebot_localization:/home/user/simulation_ws/install/tortoisebot_control:/home/user/simulation_ws/install/ros2_aruco:/home/simulations/ros2_sims_ws/install/rclrs_tests:/home/simulations/ros2_sims_ws/install/examples_rclrs_minimal_client_service:/home/simulations/ros2_sims_ws/install/sensor_msgs_py:/home/simulations/ros2_sims_ws/install/examples_rclrs_minimal_pub_sub:/home/simulations/ros2_sims_ws/install/examples_rclrs_message_demo:/home/simulations/ros2_sims_ws/install/rclrs:/home/simulations/ros2_sims_ws/install/rosidl_runtime_rs:/opt/ros/humble _=/usr/bin/env /usr/bin/cmake --build /home/user/simulation_ws/build/tortoisebot_bringup -- -j8 -l8
[8.382s] Invoked command in '/home/user/simulation_ws/build/tortoisebot_bringup' returned '0': CMAKE_PREFIX_PATH=${CMAKE_PREFIX_PATH}:/home/user/simulation_ws/install/tortoisebot_localization:/home/user/simulation_ws/install/tortoisebot_control:/home/user/simulation_ws/install/ros2_aruco:/home/simulations/ros2_sims_ws/install/rclrs_tests:/home/simulations/ros2_sims_ws/install/examples_rclrs_minimal_client_service:/home/simulations/ros2_sims_ws/install/sensor_msgs_py:/home/simulations/ros2_sims_ws/install/examples_rclrs_minimal_pub_sub:/home/simulations/ros2_sims_ws/install/examples_rclrs_message_demo:/home/simulations/ros2_sims_ws/install/rclrs:/home/simulations/ros2_sims_ws/install/rosidl_runtime_rs:/opt/ros/humble _=/usr/bin/env /usr/bin/cmake --build /home/user/simulation_ws/build/tortoisebot_bringup -- -j8 -l8
[8.907s] Invoking command in '/home/user/simulation_ws/build/tortoisebot_bringup': CMAKE_PREFIX_PATH=${CMAKE_PREFIX_PATH}:/home/user/simulation_ws/install/tortoisebot_localization:/home/user/simulation_ws/install/tortoisebot_control:/home/user/simulation_ws/install/ros2_aruco:/home/simulations/ros2_sims_ws/install/rclrs_tests:/home/simulations/ros2_sims_ws/install/examples_rclrs_minimal_client_service:/home/simulations/ros2_sims_ws/install/sensor_msgs_py:/home/simulations/ros2_sims_ws/install/examples_rclrs_minimal_pub_sub:/home/simulations/ros2_sims_ws/install/examples_rclrs_message_demo:/home/simulations/ros2_sims_ws/install/rclrs:/home/simulations/ros2_sims_ws/install/rosidl_runtime_rs:/opt/ros/humble _=/usr/bin/env /usr/bin/cmake --install /home/user/simulation_ws/build/tortoisebot_bringup
[8.953s] -- Install configuration: ""
[8.953s] -- Installing: /home/user/simulation_ws/install/tortoisebot_bringup/share/tortoisebot_bringup/launch
[8.953s] -- Installing: /home/user/simulation_ws/install/tortoisebot_bringup/share/tortoisebot_bringup/launch/simulation.launch.py
[8.954s] -- Installing: /home/user/simulation_ws/install/tortoisebot_bringup/share/tortoisebot_bringup/launch/minimal_sim.launch.py
[8.954s] -- Installing: /home/user/simulation_ws/install/tortoisebot_bringup/share/tortoisebot_bringup/launch/autobringup.launch.py
[8.954s] -- Installing: /home/user/simulation_ws/install/tortoisebot_bringup/share/tortoisebot_bringup/launch/bringup.launch.py
[8.954s] -- Installing: /home/user/simulation_ws/install/tortoisebot_bringup/share/tortoisebot_bringup/launch/bringup_mapping.launch.py
[8.954s] -- Installing: /home/user/simulation_ws/install/tortoisebot_bringup/share/tortoisebot_bringup/maps
[8.954s] -- Installing: /home/user/simulation_ws/install/tortoisebot_bringup/share/tortoisebot_bringup/maps/room2.yaml
[8.954s] -- Installing: /home/user/simulation_ws/install/tortoisebot_bringup/share/tortoisebot_bringup/maps/room2.pgm
[9.003s] -- Installing: /home/user/simulation_ws/install/tortoisebot_bringup/share/tortoisebot_bringup/maps/tortoisebot_default_world.yaml
[9.003s] -- Installing: /home/user/simulation_ws/install/tortoisebot_bringup/share/tortoisebot_bringup/maps/tortoisebot_default_world.pgm
[9.003s] -- Installing: /home/user/simulation_ws/install/tortoisebot_bringup/share/ament_index/resource_index/package_run_dependencies/tortoisebot_bringup
[9.003s] -- Installing: /home/user/simulation_ws/install/tortoisebot_bringup/share/ament_index/resource_index/parent_prefix_path/tortoisebot_bringup
[9.003s] -- Installing: /home/user/simulation_ws/install/tortoisebot_bringup/share/tortoisebot_bringup/environment/ament_prefix_path.sh
[9.003s] -- Installing: /home/user/simulation_ws/install/tortoisebot_bringup/share/tortoisebot_bringup/environment/ament_prefix_path.dsv
[9.004s] -- Installing: /home/user/simulation_ws/install/tortoisebot_bringup/share/tortoisebot_bringup/environment/path.sh
[9.004s] -- Installing: /home/user/simulation_ws/install/tortoisebot_bringup/share/tortoisebot_bringup/environment/path.dsv
[9.010s] -- Installing: /home/user/simulation_ws/install/tortoisebot_bringup/share/tortoisebot_bringup/local_setup.bash
[9.011s] -- Installing: /home/user/simulation_ws/install/tortoisebot_bringup/share/tortoisebot_bringup/local_setup.sh
[9.011s] -- Installing: /home/user/simulation_ws/install/tortoisebot_bringup/share/tortoisebot_bringup/local_setup.zsh
[9.011s] -- Installing: /home/user/simulation_ws/install/tortoisebot_bringup/share/tortoisebot_bringup/local_setup.dsv
[9.011s] -- Installing: /home/user/simulation_ws/install/tortoisebot_bringup/share/tortoisebot_bringup/package.dsv
[9.011s] -- Installing: /home/user/simulation_ws/install/tortoisebot_bringup/share/ament_index/resource_index/packages/tortoisebot_bringup
[9.011s] -- Installing: /home/user/simulation_ws/install/tortoisebot_bringup/share/tortoisebot_bringup/cmake/tortoisebot_bringupConfig.cmake
[9.011s] -- Installing: /home/user/simulation_ws/install/tortoisebot_bringup/share/tortoisebot_bringup/cmake/tortoisebot_bringupConfig-version.cmake
[9.012s] -- Installing: /home/user/simulation_ws/install/tortoisebot_bringup/share/tortoisebot_bringup/package.xml
[9.031s] Invoked command in '/home/user/simulation_ws/build/tortoisebot_bringup' returned '0': CMAKE_PREFIX_PATH=${CMAKE_PREFIX_PATH}:/home/user/simulation_ws/install/tortoisebot_localization:/home/user/simulation_ws/install/tortoisebot_control:/home/user/simulation_ws/install/ros2_aruco:/home/simulations/ros2_sims_ws/install/rclrs_tests:/home/simulations/ros2_sims_ws/install/examples_rclrs_minimal_client_service:/home/simulations/ros2_sims_ws/install/sensor_msgs_py:/home/simulations/ros2_sims_ws/install/examples_rclrs_minimal_pub_sub:/home/simulations/ros2_sims_ws/install/examples_rclrs_message_demo:/home/simulations/ros2_sims_ws/install/rclrs:/home/simulations/ros2_sims_ws/install/rosidl_runtime_rs:/opt/ros/humble _=/usr/bin/env /usr/bin/cmake --install /home/user/simulation_ws/build/tortoisebot_bringup
