[13.885s] Invoking command in '/home/user/simulation_ws/src/tortoisebot/ros2_aruco/ros2_aruco': PYTHONPATH=/home/user/simulation_ws/build/ros2_aruco/prefix_override:/home/user/simulation_ws/install/ros2_aruco/lib/python3.10/site-packages:${PYTHONPATH} _=/usr/bin/env /usr/bin/python3 setup.py egg_info --egg-base ../../../../build/ros2_aruco build --build-base /home/user/simulation_ws/build/ros2_aruco/build install --record /home/user/simulation_ws/build/ros2_aruco/install.log --single-version-externally-managed
[16.458s] running egg_info
[16.475s] writing ../../../../build/ros2_aruco/ros2_aruco.egg-info/PKG-INFO
[16.479s] writing dependency_links to ../../../../build/ros2_aruco/ros2_aruco.egg-info/dependency_links.txt
[16.479s] writing entry points to ../../../../build/ros2_aruco/ros2_aruco.egg-info/entry_points.txt
[16.481s] writing requirements to ../../../../build/ros2_aruco/ros2_aruco.egg-info/requires.txt
[16.497s] writing top-level names to ../../../../build/ros2_aruco/ros2_aruco.egg-info/top_level.txt
[16.497s] reading manifest file '../../../../build/ros2_aruco/ros2_aruco.egg-info/SOURCES.txt'
[16.497s] writing manifest file '../../../../build/ros2_aruco/ros2_aruco.egg-info/SOURCES.txt'
[16.498s] running build
[16.498s] running build_py
[16.498s] running install
[16.499s] /usr/lib/python3/dist-packages/setuptools/command/install.py:34: SetuptoolsDeprecationWarning: setup.py install is deprecated. Use build and pip and other standards-based tools.
[16.499s]   warnings.warn(
[16.501s] running install_lib
[16.509s] running install_data
[16.509s] running install_egg_info
[16.509s] removing '/home/user/simulation_ws/install/ros2_aruco/lib/python3.10/site-packages/ros2_aruco-0.1.0-py3.10.egg-info' (and everything under it)
[16.529s] Copying ../../../../build/ros2_aruco/ros2_aruco.egg-info to /home/user/simulation_ws/install/ros2_aruco/lib/python3.10/site-packages/ros2_aruco-0.1.0-py3.10.egg-info
[16.545s] running install_scripts
[16.578s] Installing aruco_generate_marker script to /home/user/simulation_ws/install/ros2_aruco/lib/ros2_aruco
[16.578s] Installing aruco_node script to /home/user/simulation_ws/install/ros2_aruco/lib/ros2_aruco
[16.579s] writing list of installed files to '/home/user/simulation_ws/build/ros2_aruco/install.log'
[16.750s] Invoked command in '/home/user/simulation_ws/src/tortoisebot/ros2_aruco/ros2_aruco' returned '0': PYTHONPATH=/home/user/simulation_ws/build/ros2_aruco/prefix_override:/home/user/simulation_ws/install/ros2_aruco/lib/python3.10/site-packages:${PYTHONPATH} _=/usr/bin/env /usr/bin/python3 setup.py egg_info --egg-base ../../../../build/ros2_aruco build --build-base /home/user/simulation_ws/build/ros2_aruco/build install --record /home/user/simulation_ws/build/ros2_aruco/install.log --single-version-externally-managed
