[1.623s] Invoking command in '/home/user/simulation_ws/build/ros2_aruco_interfaces': CMAKE_PREFIX_PATH=${CMAKE_PREFIX_PATH}:/home/user/simulation_ws/install/tortoisebot_localization:/home/user/simulation_ws/install/tortoisebot_control:/home/user/simulation_ws/install/ros2_aruco:/home/simulations/ros2_sims_ws/install/rclrs_tests:/home/simulations/ros2_sims_ws/install/examples_rclrs_minimal_client_service:/home/simulations/ros2_sims_ws/install/sensor_msgs_py:/home/simulations/ros2_sims_ws/install/examples_rclrs_minimal_pub_sub:/home/simulations/ros2_sims_ws/install/examples_rclrs_message_demo:/home/simulations/ros2_sims_ws/install/rclrs:/home/simulations/ros2_sims_ws/install/rosidl_runtime_rs:/opt/ros/humble _=/usr/bin/env /usr/bin/cmake --build /home/user/simulation_ws/build/ros2_aruco_interfaces -- -j8 -l8
[3.217s] [  3%] [34m[1mGenerating Rust code for ROS interfaces[0m
[3.500s] [  3%] Built target ament_cmake_python_copy_ros2_aruco_interfaces
[3.500s] [  6%] Built target ros2_aruco_interfaces__cpp
[3.512s] [ 15%] Built target ros2_aruco_interfaces__rosidl_generator_c
[4.002s] [ 25%] Built target ros2_aruco_interfaces__rosidl_typesupport_cpp
[4.122s] [ 34%] Built target ros2_aruco_interfaces__rosidl_typesupport_fastrtps_cpp
[4.198s] [ 43%] Built target ros2_aruco_interfaces__rosidl_typesupport_fastrtps_c
[4.209s] [ 53%] Built target ros2_aruco_interfaces__rosidl_typesupport_introspection_c
[4.319s] [ 62%] Built target ros2_aruco_interfaces__rosidl_typesupport_introspection_cpp
[4.403s] [ 71%] Built target ros2_aruco_interfaces__rosidl_typesupport_c
[5.727s] [ 71%] Built target ros2_aruco_interfaces__rs
[6.023s] running egg_info
[6.023s] writing ros2_aruco_interfaces.egg-info/PKG-INFO
[6.099s] writing dependency_links to ros2_aruco_interfaces.egg-info/dependency_links.txt
[6.099s] writing top-level names to ros2_aruco_interfaces.egg-info/top_level.txt
[6.100s] reading manifest file 'ros2_aruco_interfaces.egg-info/SOURCES.txt'
[6.101s] writing manifest file 'ros2_aruco_interfaces.egg-info/SOURCES.txt'
[6.217s] [ 71%] Built target ros2_aruco_interfaces
[6.510s] [ 71%] Built target ament_cmake_python_build_ros2_aruco_interfaces_egg
[6.708s] [ 75%] Built target ros2_aruco_interfaces__py
[7.309s] [ 81%] Built target ros2_aruco_interfaces__rosidl_generator_py
[7.705s] [ 87%] Built target ros2_aruco_interfaces__rosidl_typesupport_fastrtps_c__pyext
[7.729s] [ 93%] Built target ros2_aruco_interfaces__rosidl_typesupport_introspection_c__pyext
[7.834s] [100%] Built target ros2_aruco_interfaces__rosidl_typesupport_c__pyext
[8.130s] Invoked command in '/home/user/simulation_ws/build/ros2_aruco_interfaces' returned '0': CMAKE_PREFIX_PATH=${CMAKE_PREFIX_PATH}:/home/user/simulation_ws/install/tortoisebot_localization:/home/user/simulation_ws/install/tortoisebot_control:/home/user/simulation_ws/install/ros2_aruco:/home/simulations/ros2_sims_ws/install/rclrs_tests:/home/simulations/ros2_sims_ws/install/examples_rclrs_minimal_client_service:/home/simulations/ros2_sims_ws/install/sensor_msgs_py:/home/simulations/ros2_sims_ws/install/examples_rclrs_minimal_pub_sub:/home/simulations/ros2_sims_ws/install/examples_rclrs_message_demo:/home/simulations/ros2_sims_ws/install/rclrs:/home/simulations/ros2_sims_ws/install/rosidl_runtime_rs:/opt/ros/humble _=/usr/bin/env /usr/bin/cmake --build /home/user/simulation_ws/build/ros2_aruco_interfaces -- -j8 -l8
[10.303s] Invoking command in '/home/user/simulation_ws/build/ros2_aruco_interfaces': CMAKE_PREFIX_PATH=${CMAKE_PREFIX_PATH}:/home/user/simulation_ws/install/tortoisebot_localization:/home/user/simulation_ws/install/tortoisebot_control:/home/user/simulation_ws/install/ros2_aruco:/home/simulations/ros2_sims_ws/install/rclrs_tests:/home/simulations/ros2_sims_ws/install/examples_rclrs_minimal_client_service:/home/simulations/ros2_sims_ws/install/sensor_msgs_py:/home/simulations/ros2_sims_ws/install/examples_rclrs_minimal_pub_sub:/home/simulations/ros2_sims_ws/install/examples_rclrs_message_demo:/home/simulations/ros2_sims_ws/install/rclrs:/home/simulations/ros2_sims_ws/install/rosidl_runtime_rs:/opt/ros/humble _=/usr/bin/env /usr/bin/cmake --install /home/user/simulation_ws/build/ros2_aruco_interfaces
[10.411s] -- Install configuration: ""
[10.411s] -- Up-to-date: /home/user/simulation_ws/install/ros2_aruco_interfaces/share/ament_index/resource_index/rosidl_interfaces/ros2_aruco_interfaces
[10.412s] -- Up-to-date: /home/user/simulation_ws/install/ros2_aruco_interfaces/include/ros2_aruco_interfaces/ros2_aruco_interfaces
[10.412s] -- Up-to-date: /home/user/simulation_ws/install/ros2_aruco_interfaces/include/ros2_aruco_interfaces/ros2_aruco_interfaces/msg
[10.412s] -- Up-to-date: /home/user/simulation_ws/install/ros2_aruco_interfaces/include/ros2_aruco_interfaces/ros2_aruco_interfaces/msg/detail
[10.412s] -- Up-to-date: /home/user/simulation_ws/install/ros2_aruco_interfaces/include/ros2_aruco_interfaces/ros2_aruco_interfaces/msg/detail/aruco_markers__struct.h
[10.412s] -- Up-to-date: /home/user/simulation_ws/install/ros2_aruco_interfaces/include/ros2_aruco_interfaces/ros2_aruco_interfaces/msg/detail/aruco_markers__type_support.h
[10.413s] -- Up-to-date: /home/user/simulation_ws/install/ros2_aruco_interfaces/include/ros2_aruco_interfaces/ros2_aruco_interfaces/msg/detail/aruco_markers__functions.h
[10.413s] -- Up-to-date: /home/user/simulation_ws/install/ros2_aruco_interfaces/include/ros2_aruco_interfaces/ros2_aruco_interfaces/msg/detail/aruco_markers__functions.c
[10.413s] -- Up-to-date: /home/user/simulation_ws/install/ros2_aruco_interfaces/include/ros2_aruco_interfaces/ros2_aruco_interfaces/msg/rosidl_generator_c__visibility_control.h
[10.413s] -- Up-to-date: /home/user/simulation_ws/install/ros2_aruco_interfaces/include/ros2_aruco_interfaces/ros2_aruco_interfaces/msg/aruco_markers.h
[10.413s] -- Up-to-date: /home/user/simulation_ws/install/ros2_aruco_interfaces/share/ros2_aruco_interfaces/environment/library_path.sh
[10.413s] -- Up-to-date: /home/user/simulation_ws/install/ros2_aruco_interfaces/share/ros2_aruco_interfaces/environment/library_path.dsv
[10.413s] -- Up-to-date: /home/user/simulation_ws/install/ros2_aruco_interfaces/lib/libros2_aruco_interfaces__rosidl_generator_c.so
[10.413s] -- Up-to-date: /home/user/simulation_ws/install/ros2_aruco_interfaces/include/ros2_aruco_interfaces/ros2_aruco_interfaces
[10.415s] -- Up-to-date: /home/user/simulation_ws/install/ros2_aruco_interfaces/include/ros2_aruco_interfaces/ros2_aruco_interfaces/msg
[10.415s] -- Up-to-date: /home/user/simulation_ws/install/ros2_aruco_interfaces/include/ros2_aruco_interfaces/ros2_aruco_interfaces/msg/detail
[10.415s] -- Up-to-date: /home/user/simulation_ws/install/ros2_aruco_interfaces/include/ros2_aruco_interfaces/ros2_aruco_interfaces/msg/detail/aruco_markers__rosidl_typesupport_fastrtps_c.h
[10.415s] -- Up-to-date: /home/user/simulation_ws/install/ros2_aruco_interfaces/include/ros2_aruco_interfaces/ros2_aruco_interfaces/msg/rosidl_typesupport_fastrtps_c__visibility_control.h
[10.415s] -- Up-to-date: /home/user/simulation_ws/install/ros2_aruco_interfaces/lib/libros2_aruco_interfaces__rosidl_typesupport_fastrtps_c.so
[10.415s] -- Up-to-date: /home/user/simulation_ws/install/ros2_aruco_interfaces/include/ros2_aruco_interfaces/ros2_aruco_interfaces
[10.417s] -- Up-to-date: /home/user/simulation_ws/install/ros2_aruco_interfaces/include/ros2_aruco_interfaces/ros2_aruco_interfaces/msg
[10.418s] -- Up-to-date: /home/user/simulation_ws/install/ros2_aruco_interfaces/include/ros2_aruco_interfaces/ros2_aruco_interfaces/msg/detail
[10.418s] -- Up-to-date: /home/user/simulation_ws/install/ros2_aruco_interfaces/include/ros2_aruco_interfaces/ros2_aruco_interfaces/msg/detail/aruco_markers__builder.hpp
[10.418s] -- Up-to-date: /home/user/simulation_ws/install/ros2_aruco_interfaces/include/ros2_aruco_interfaces/ros2_aruco_interfaces/msg/detail/aruco_markers__traits.hpp
[10.418s] -- Up-to-date: /home/user/simulation_ws/install/ros2_aruco_interfaces/include/ros2_aruco_interfaces/ros2_aruco_interfaces/msg/detail/aruco_markers__struct.hpp
[10.418s] -- Up-to-date: /home/user/simulation_ws/install/ros2_aruco_interfaces/include/ros2_aruco_interfaces/ros2_aruco_interfaces/msg/aruco_markers.hpp
[10.420s] -- Up-to-date: /home/user/simulation_ws/install/ros2_aruco_interfaces/include/ros2_aruco_interfaces/ros2_aruco_interfaces
[10.420s] -- Up-to-date: /home/user/simulation_ws/install/ros2_aruco_interfaces/include/ros2_aruco_interfaces/ros2_aruco_interfaces/msg
[10.420s] -- Up-to-date: /home/user/simulation_ws/install/ros2_aruco_interfaces/include/ros2_aruco_interfaces/ros2_aruco_interfaces/msg/detail
[10.420s] -- Up-to-date: /home/user/simulation_ws/install/ros2_aruco_interfaces/include/ros2_aruco_interfaces/ros2_aruco_interfaces/msg/detail/aruco_markers__rosidl_typesupport_fastrtps_cpp.hpp
[10.420s] -- Up-to-date: /home/user/simulation_ws/install/ros2_aruco_interfaces/include/ros2_aruco_interfaces/ros2_aruco_interfaces/msg/detail/dds_fastrtps
[10.421s] -- Up-to-date: /home/user/simulation_ws/install/ros2_aruco_interfaces/include/ros2_aruco_interfaces/ros2_aruco_interfaces/msg/rosidl_typesupport_fastrtps_cpp__visibility_control.h
[10.421s] -- Up-to-date: /home/user/simulation_ws/install/ros2_aruco_interfaces/lib/libros2_aruco_interfaces__rosidl_typesupport_fastrtps_cpp.so
[10.421s] -- Up-to-date: /home/user/simulation_ws/install/ros2_aruco_interfaces/include/ros2_aruco_interfaces/ros2_aruco_interfaces
[10.421s] -- Up-to-date: /home/user/simulation_ws/install/ros2_aruco_interfaces/include/ros2_aruco_interfaces/ros2_aruco_interfaces/msg
[10.421s] -- Up-to-date: /home/user/simulation_ws/install/ros2_aruco_interfaces/include/ros2_aruco_interfaces/ros2_aruco_interfaces/msg/detail
[10.421s] -- Up-to-date: /home/user/simulation_ws/install/ros2_aruco_interfaces/include/ros2_aruco_interfaces/ros2_aruco_interfaces/msg/detail/aruco_markers__type_support.c
[10.421s] -- Up-to-date: /home/user/simulation_ws/install/ros2_aruco_interfaces/include/ros2_aruco_interfaces/ros2_aruco_interfaces/msg/detail/aruco_markers__rosidl_typesupport_introspection_c.h
[10.421s] -- Up-to-date: /home/user/simulation_ws/install/ros2_aruco_interfaces/include/ros2_aruco_interfaces/ros2_aruco_interfaces/msg/rosidl_typesupport_introspection_c__visibility_control.h
[10.421s] -- Up-to-date: /home/user/simulation_ws/install/ros2_aruco_interfaces/lib/libros2_aruco_interfaces__rosidl_typesupport_introspection_c.so
[10.421s] -- Up-to-date: /home/user/simulation_ws/install/ros2_aruco_interfaces/lib/libros2_aruco_interfaces__rosidl_typesupport_c.so
[10.422s] -- Up-to-date: /home/user/simulation_ws/install/ros2_aruco_interfaces/include/ros2_aruco_interfaces/ros2_aruco_interfaces
[10.422s] -- Up-to-date: /home/user/simulation_ws/install/ros2_aruco_interfaces/include/ros2_aruco_interfaces/ros2_aruco_interfaces/msg
[10.422s] -- Up-to-date: /home/user/simulation_ws/install/ros2_aruco_interfaces/include/ros2_aruco_interfaces/ros2_aruco_interfaces/msg/detail
[10.422s] -- Up-to-date: /home/user/simulation_ws/install/ros2_aruco_interfaces/include/ros2_aruco_interfaces/ros2_aruco_interfaces/msg/detail/aruco_markers__rosidl_typesupport_introspection_cpp.hpp
[10.422s] -- Up-to-date: /home/user/simulation_ws/install/ros2_aruco_interfaces/include/ros2_aruco_interfaces/ros2_aruco_interfaces/msg/detail/aruco_markers__type_support.cpp
[10.422s] -- Up-to-date: /home/user/simulation_ws/install/ros2_aruco_interfaces/lib/libros2_aruco_interfaces__rosidl_typesupport_introspection_cpp.so
[10.423s] -- Up-to-date: /home/user/simulation_ws/install/ros2_aruco_interfaces/lib/libros2_aruco_interfaces__rosidl_typesupport_cpp.so
[10.423s] -- Up-to-date: /home/user/simulation_ws/install/ros2_aruco_interfaces/share/ament_index/resource_index/rust_packages/ros2_aruco_interfaces
[10.423s] -- Up-to-date: /home/user/simulation_ws/install/ros2_aruco_interfaces/share/ros2_aruco_interfaces/rust
[10.424s] -- Installing: /home/user/simulation_ws/install/ros2_aruco_interfaces/share/ros2_aruco_interfaces/rust/Cargo.toml
[10.425s] -- Up-to-date: /home/user/simulation_ws/install/ros2_aruco_interfaces/share/ros2_aruco_interfaces/rust/src
[10.425s] -- Installing: /home/user/simulation_ws/install/ros2_aruco_interfaces/share/ros2_aruco_interfaces/rust/src/msg.rs
[10.425s] -- Installing: /home/user/simulation_ws/install/ros2_aruco_interfaces/share/ros2_aruco_interfaces/rust/src/lib.rs
[10.425s] -- Installing: /home/user/simulation_ws/install/ros2_aruco_interfaces/share/ros2_aruco_interfaces/rust/build.rs
[10.425s] -- Up-to-date: /home/user/simulation_ws/install/ros2_aruco_interfaces/share/ros2_aruco_interfaces/rust
[10.425s] -- Up-to-date: /home/user/simulation_ws/install/ros2_aruco_interfaces/share/ros2_aruco_interfaces/rust/Cargo.toml
[10.425s] -- Up-to-date: /home/user/simulation_ws/install/ros2_aruco_interfaces/share/ros2_aruco_interfaces/rust/src
[10.425s] -- Up-to-date: /home/user/simulation_ws/install/ros2_aruco_interfaces/share/ros2_aruco_interfaces/rust/src/msg.rs
[10.425s] -- Up-to-date: /home/user/simulation_ws/install/ros2_aruco_interfaces/share/ros2_aruco_interfaces/rust/src/lib.rs
[10.426s] -- Up-to-date: /home/user/simulation_ws/install/ros2_aruco_interfaces/share/ros2_aruco_interfaces/rust/build.rs
[10.426s] -- Up-to-date: /home/user/simulation_ws/install/ros2_aruco_interfaces/share/ros2_aruco_interfaces/rust
[10.426s] -- Up-to-date: /home/user/simulation_ws/install/ros2_aruco_interfaces/share/ros2_aruco_interfaces/rust/Cargo.toml
[10.426s] -- Up-to-date: /home/user/simulation_ws/install/ros2_aruco_interfaces/share/ros2_aruco_interfaces/rust/src
[10.426s] -- Up-to-date: /home/user/simulation_ws/install/ros2_aruco_interfaces/share/ros2_aruco_interfaces/rust/src/msg.rs
[10.426s] -- Up-to-date: /home/user/simulation_ws/install/ros2_aruco_interfaces/share/ros2_aruco_interfaces/rust/src/lib.rs
[10.426s] -- Up-to-date: /home/user/simulation_ws/install/ros2_aruco_interfaces/share/ros2_aruco_interfaces/rust/build.rs
[10.426s] -- Up-to-date: /home/user/simulation_ws/install/ros2_aruco_interfaces/share/ros2_aruco_interfaces/environment/pythonpath.sh
[10.427s] -- Up-to-date: /home/user/simulation_ws/install/ros2_aruco_interfaces/share/ros2_aruco_interfaces/environment/pythonpath.dsv
[10.427s] -- Up-to-date: /home/user/simulation_ws/install/ros2_aruco_interfaces/local/lib/python3.10/dist-packages/ros2_aruco_interfaces-0.1.0-py3.10.egg-info
[10.427s] -- Installing: /home/user/simulation_ws/install/ros2_aruco_interfaces/local/lib/python3.10/dist-packages/ros2_aruco_interfaces-0.1.0-py3.10.egg-info/PKG-INFO
[10.427s] -- Installing: /home/user/simulation_ws/install/ros2_aruco_interfaces/local/lib/python3.10/dist-packages/ros2_aruco_interfaces-0.1.0-py3.10.egg-info/top_level.txt
[10.427s] -- Installing: /home/user/simulation_ws/install/ros2_aruco_interfaces/local/lib/python3.10/dist-packages/ros2_aruco_interfaces-0.1.0-py3.10.egg-info/SOURCES.txt
[10.427s] -- Installing: /home/user/simulation_ws/install/ros2_aruco_interfaces/local/lib/python3.10/dist-packages/ros2_aruco_interfaces-0.1.0-py3.10.egg-info/dependency_links.txt
[10.427s] -- Up-to-date: /home/user/simulation_ws/install/ros2_aruco_interfaces/local/lib/python3.10/dist-packages/ros2_aruco_interfaces
[10.427s] -- Up-to-date: /home/user/simulation_ws/install/ros2_aruco_interfaces/local/lib/python3.10/dist-packages/ros2_aruco_interfaces/ros2_aruco_interfaces_s__rosidl_typesupport_introspection_c.cpython-310-x86_64-linux-gnu.so
[10.428s] -- Up-to-date: /home/user/simulation_ws/install/ros2_aruco_interfaces/local/lib/python3.10/dist-packages/ros2_aruco_interfaces/ros2_aruco_interfaces_s__rosidl_typesupport_c.cpython-310-x86_64-linux-gnu.so
[10.428s] -- Up-to-date: /home/user/simulation_ws/install/ros2_aruco_interfaces/local/lib/python3.10/dist-packages/ros2_aruco_interfaces/_ros2_aruco_interfaces_s.ep.rosidl_typesupport_c.c
[10.428s] -- Up-to-date: /home/user/simulation_ws/install/ros2_aruco_interfaces/local/lib/python3.10/dist-packages/ros2_aruco_interfaces/_ros2_aruco_interfaces_s.ep.rosidl_typesupport_fastrtps_c.c
[10.428s] -- Up-to-date: /home/user/simulation_ws/install/ros2_aruco_interfaces/local/lib/python3.10/dist-packages/ros2_aruco_interfaces/msg
[10.428s] -- Up-to-date: /home/user/simulation_ws/install/ros2_aruco_interfaces/local/lib/python3.10/dist-packages/ros2_aruco_interfaces/msg/__init__.py
[10.428s] -- Up-to-date: /home/user/simulation_ws/install/ros2_aruco_interfaces/local/lib/python3.10/dist-packages/ros2_aruco_interfaces/msg/_aruco_markers_s.c
[10.428s] -- Up-to-date: /home/user/simulation_ws/install/ros2_aruco_interfaces/local/lib/python3.10/dist-packages/ros2_aruco_interfaces/msg/_aruco_markers.py
[10.428s] -- Up-to-date: /home/user/simulation_ws/install/ros2_aruco_interfaces/local/lib/python3.10/dist-packages/ros2_aruco_interfaces/_ros2_aruco_interfaces_s.ep.rosidl_typesupport_introspection_c.c
[10.428s] -- Up-to-date: /home/user/simulation_ws/install/ros2_aruco_interfaces/local/lib/python3.10/dist-packages/ros2_aruco_interfaces/libros2_aruco_interfaces__rosidl_generator_py.so
[10.429s] -- Up-to-date: /home/user/simulation_ws/install/ros2_aruco_interfaces/local/lib/python3.10/dist-packages/ros2_aruco_interfaces/__init__.py
[10.429s] -- Up-to-date: /home/user/simulation_ws/install/ros2_aruco_interfaces/local/lib/python3.10/dist-packages/ros2_aruco_interfaces/ros2_aruco_interfaces_s__rosidl_typesupport_fastrtps_c.cpython-310-x86_64-linux-gnu.so
[10.701s] Listing '/home/user/simulation_ws/install/ros2_aruco_interfaces/local/lib/python3.10/dist-packages/ros2_aruco_interfaces'...
[10.701s] Listing '/home/user/simulation_ws/install/ros2_aruco_interfaces/local/lib/python3.10/dist-packages/ros2_aruco_interfaces/msg'...
[10.824s] -- Up-to-date: /home/user/simulation_ws/install/ros2_aruco_interfaces/local/lib/python3.10/dist-packages/ros2_aruco_interfaces/ros2_aruco_interfaces_s__rosidl_typesupport_fastrtps_c.cpython-310-x86_64-linux-gnu.so
[10.826s] -- Up-to-date: /home/user/simulation_ws/install/ros2_aruco_interfaces/local/lib/python3.10/dist-packages/ros2_aruco_interfaces/ros2_aruco_interfaces_s__rosidl_typesupport_introspection_c.cpython-310-x86_64-linux-gnu.so
[10.828s] -- Up-to-date: /home/user/simulation_ws/install/ros2_aruco_interfaces/local/lib/python3.10/dist-packages/ros2_aruco_interfaces/ros2_aruco_interfaces_s__rosidl_typesupport_c.cpython-310-x86_64-linux-gnu.so
[10.828s] -- Up-to-date: /home/user/simulation_ws/install/ros2_aruco_interfaces/lib/libros2_aruco_interfaces__rosidl_generator_py.so
[10.835s] -- Up-to-date: /home/user/simulation_ws/install/ros2_aruco_interfaces/share/ros2_aruco_interfaces/msg/ArucoMarkers.idl
[10.835s] -- Up-to-date: /home/user/simulation_ws/install/ros2_aruco_interfaces/share/ros2_aruco_interfaces/msg/ArucoMarkers.msg
[10.836s] -- Up-to-date: /home/user/simulation_ws/install/ros2_aruco_interfaces/share/ament_index/resource_index/package_run_dependencies/ros2_aruco_interfaces
[10.836s] -- Up-to-date: /home/user/simulation_ws/install/ros2_aruco_interfaces/share/ament_index/resource_index/parent_prefix_path/ros2_aruco_interfaces
[10.836s] -- Up-to-date: /home/user/simulation_ws/install/ros2_aruco_interfaces/share/ros2_aruco_interfaces/environment/ament_prefix_path.sh
[10.836s] -- Up-to-date: /home/user/simulation_ws/install/ros2_aruco_interfaces/share/ros2_aruco_interfaces/environment/ament_prefix_path.dsv
[10.836s] -- Up-to-date: /home/user/simulation_ws/install/ros2_aruco_interfaces/share/ros2_aruco_interfaces/environment/path.sh
[10.836s] -- Up-to-date: /home/user/simulation_ws/install/ros2_aruco_interfaces/share/ros2_aruco_interfaces/environment/path.dsv
[10.838s] -- Up-to-date: /home/user/simulation_ws/install/ros2_aruco_interfaces/share/ros2_aruco_interfaces/local_setup.bash
[10.898s] -- Up-to-date: /home/user/simulation_ws/install/ros2_aruco_interfaces/share/ros2_aruco_interfaces/local_setup.sh
[10.898s] -- Up-to-date: /home/user/simulation_ws/install/ros2_aruco_interfaces/share/ros2_aruco_interfaces/local_setup.zsh
[10.898s] -- Up-to-date: /home/user/simulation_ws/install/ros2_aruco_interfaces/share/ros2_aruco_interfaces/local_setup.dsv
[10.898s] -- Installing: /home/user/simulation_ws/install/ros2_aruco_interfaces/share/ros2_aruco_interfaces/package.dsv
[10.898s] -- Up-to-date: /home/user/simulation_ws/install/ros2_aruco_interfaces/share/ament_index/resource_index/packages/ros2_aruco_interfaces
[10.899s] -- Up-to-date: /home/user/simulation_ws/install/ros2_aruco_interfaces/share/ros2_aruco_interfaces/cmake/export_ros2_aruco_interfaces__rosidl_generator_cExport.cmake
[10.899s] -- Up-to-date: /home/user/simulation_ws/install/ros2_aruco_interfaces/share/ros2_aruco_interfaces/cmake/export_ros2_aruco_interfaces__rosidl_generator_cExport-noconfig.cmake
[10.899s] -- Up-to-date: /home/user/simulation_ws/install/ros2_aruco_interfaces/share/ros2_aruco_interfaces/cmake/export_ros2_aruco_interfaces__rosidl_typesupport_fastrtps_cExport.cmake
[10.899s] -- Up-to-date: /home/user/simulation_ws/install/ros2_aruco_interfaces/share/ros2_aruco_interfaces/cmake/export_ros2_aruco_interfaces__rosidl_typesupport_fastrtps_cExport-noconfig.cmake
[10.899s] -- Up-to-date: /home/user/simulation_ws/install/ros2_aruco_interfaces/share/ros2_aruco_interfaces/cmake/export_ros2_aruco_interfaces__rosidl_generator_cppExport.cmake
[10.899s] -- Up-to-date: /home/user/simulation_ws/install/ros2_aruco_interfaces/share/ros2_aruco_interfaces/cmake/export_ros2_aruco_interfaces__rosidl_typesupport_fastrtps_cppExport.cmake
[10.899s] -- Up-to-date: /home/user/simulation_ws/install/ros2_aruco_interfaces/share/ros2_aruco_interfaces/cmake/export_ros2_aruco_interfaces__rosidl_typesupport_fastrtps_cppExport-noconfig.cmake
[10.899s] -- Up-to-date: /home/user/simulation_ws/install/ros2_aruco_interfaces/share/ros2_aruco_interfaces/cmake/ros2_aruco_interfaces__rosidl_typesupport_introspection_cExport.cmake
[10.899s] -- Up-to-date: /home/user/simulation_ws/install/ros2_aruco_interfaces/share/ros2_aruco_interfaces/cmake/ros2_aruco_interfaces__rosidl_typesupport_introspection_cExport-noconfig.cmake
[10.900s] -- Up-to-date: /home/user/simulation_ws/install/ros2_aruco_interfaces/share/ros2_aruco_interfaces/cmake/ros2_aruco_interfaces__rosidl_typesupport_cExport.cmake
[10.900s] -- Up-to-date: /home/user/simulation_ws/install/ros2_aruco_interfaces/share/ros2_aruco_interfaces/cmake/ros2_aruco_interfaces__rosidl_typesupport_cExport-noconfig.cmake
[10.900s] -- Up-to-date: /home/user/simulation_ws/install/ros2_aruco_interfaces/share/ros2_aruco_interfaces/cmake/ros2_aruco_interfaces__rosidl_typesupport_introspection_cppExport.cmake
[10.923s] -- Up-to-date: /home/user/simulation_ws/install/ros2_aruco_interfaces/share/ros2_aruco_interfaces/cmake/ros2_aruco_interfaces__rosidl_typesupport_introspection_cppExport-noconfig.cmake
[10.924s] -- Up-to-date: /home/user/simulation_ws/install/ros2_aruco_interfaces/share/ros2_aruco_interfaces/cmake/ros2_aruco_interfaces__rosidl_typesupport_cppExport.cmake
[10.924s] -- Up-to-date: /home/user/simulation_ws/install/ros2_aruco_interfaces/share/ros2_aruco_interfaces/cmake/ros2_aruco_interfaces__rosidl_typesupport_cppExport-noconfig.cmake
[10.924s] -- Up-to-date: /home/user/simulation_ws/install/ros2_aruco_interfaces/share/ros2_aruco_interfaces/cmake/export_ros2_aruco_interfaces__rosidl_generator_pyExport.cmake
[10.931s] -- Up-to-date: /home/user/simulation_ws/install/ros2_aruco_interfaces/share/ros2_aruco_interfaces/cmake/export_ros2_aruco_interfaces__rosidl_generator_pyExport-noconfig.cmake
[10.931s] -- Up-to-date: /home/user/simulation_ws/install/ros2_aruco_interfaces/share/ros2_aruco_interfaces/cmake/rosidl_cmake-extras.cmake
[10.931s] -- Up-to-date: /home/user/simulation_ws/install/ros2_aruco_interfaces/share/ros2_aruco_interfaces/cmake/ament_cmake_export_dependencies-extras.cmake
[10.931s] -- Up-to-date: /home/user/simulation_ws/install/ros2_aruco_interfaces/share/ros2_aruco_interfaces/cmake/ament_cmake_export_include_directories-extras.cmake
[10.931s] -- Up-to-date: /home/user/simulation_ws/install/ros2_aruco_interfaces/share/ros2_aruco_interfaces/cmake/ament_cmake_export_libraries-extras.cmake
[10.931s] -- Up-to-date: /home/user/simulation_ws/install/ros2_aruco_interfaces/share/ros2_aruco_interfaces/cmake/ament_cmake_export_targets-extras.cmake
[10.932s] -- Up-to-date: /home/user/simulation_ws/install/ros2_aruco_interfaces/share/ros2_aruco_interfaces/cmake/rosidl_cmake_export_typesupport_targets-extras.cmake
[10.932s] -- Up-to-date: /home/user/simulation_ws/install/ros2_aruco_interfaces/share/ros2_aruco_interfaces/cmake/rosidl_cmake_export_typesupport_libraries-extras.cmake
[10.933s] -- Up-to-date: /home/user/simulation_ws/install/ros2_aruco_interfaces/share/ros2_aruco_interfaces/cmake/ros2_aruco_interfacesConfig.cmake
[10.933s] -- Up-to-date: /home/user/simulation_ws/install/ros2_aruco_interfaces/share/ros2_aruco_interfaces/cmake/ros2_aruco_interfacesConfig-version.cmake
[10.933s] -- Up-to-date: /home/user/simulation_ws/install/ros2_aruco_interfaces/share/ros2_aruco_interfaces/package.xml
[10.933s] Invoked command in '/home/user/simulation_ws/build/ros2_aruco_interfaces' returned '0': CMAKE_PREFIX_PATH=${CMAKE_PREFIX_PATH}:/home/user/simulation_ws/install/tortoisebot_localization:/home/user/simulation_ws/install/tortoisebot_control:/home/user/simulation_ws/install/ros2_aruco:/home/simulations/ros2_sims_ws/install/rclrs_tests:/home/simulations/ros2_sims_ws/install/examples_rclrs_minimal_client_service:/home/simulations/ros2_sims_ws/install/sensor_msgs_py:/home/simulations/ros2_sims_ws/install/examples_rclrs_minimal_pub_sub:/home/simulations/ros2_sims_ws/install/examples_rclrs_message_demo:/home/simulations/ros2_sims_ws/install/rclrs:/home/simulations/ros2_sims_ws/install/rosidl_runtime_rs:/opt/ros/humble _=/usr/bin/env /usr/bin/cmake --install /home/user/simulation_ws/build/ros2_aruco_interfaces
