[5.178s] Invoking command in '/home/user/simulation_ws/src/tortoisebot/tortoisebot_localization': PYTHONPATH=/home/user/simulation_ws/build/tortoisebot_localization/prefix_override:/home/user/simulation_ws/install/tortoisebot_localization/lib/python3.10/site-packages:${PYTHONPATH} _=/usr/bin/env /usr/bin/python3 setup.py egg_info --egg-base ../../../build/tortoisebot_localization build --build-base /home/user/simulation_ws/build/tortoisebot_localization/build install --record /home/user/simulation_ws/build/tortoisebot_localization/install.log --single-version-externally-managed
[6.221s] running egg_info
[6.222s] writing ../../../build/tortoisebot_localization/tortoisebot_localization.egg-info/PKG-INFO
[6.223s] writing dependency_links to ../../../build/tortoisebot_localization/tortoisebot_localization.egg-info/dependency_links.txt
[6.224s] writing entry points to ../../../build/tortoisebot_localization/tortoisebot_localization.egg-info/entry_points.txt
[6.224s] writing requirements to ../../../build/tortoisebot_localization/tortoisebot_localization.egg-info/requires.txt
[6.224s] writing top-level names to ../../../build/tortoisebot_localization/tortoisebot_localization.egg-info/top_level.txt
[6.231s] reading manifest file '../../../build/tortoisebot_localization/tortoisebot_localization.egg-info/SOURCES.txt'
[6.231s] writing manifest file '../../../build/tortoisebot_localization/tortoisebot_localization.egg-info/SOURCES.txt'
[6.231s] running build
[6.231s] running build_py
[6.231s] running install
[6.232s] running install_lib
[6.232s] running install_data
[6.232s] running install_egg_info
[6.232s] /usr/lib/python3/dist-packages/setuptools/command/install.py:34: SetuptoolsDeprecationWarning: setup.py install is deprecated. Use build and pip and other standards-based tools.
[6.232s]   warnings.warn(
[6.237s] removing '/home/user/simulation_ws/install/tortoisebot_localization/lib/python3.10/site-packages/tortoisebot_localization-0.0.0-py3.10.egg-info' (and everything under it)
[6.237s] Copying ../../../build/tortoisebot_localization/tortoisebot_localization.egg-info to /home/user/simulation_ws/install/tortoisebot_localization/lib/python3.10/site-packages/tortoisebot_localization-0.0.0-py3.10.egg-info
[6.237s] running install_scripts
[6.277s] writing list of installed files to '/home/user/simulation_ws/build/tortoisebot_localization/install.log'
[6.334s] Invoked command in '/home/user/simulation_ws/src/tortoisebot/tortoisebot_localization' returned '0': PYTHONPATH=/home/user/simulation_ws/build/tortoisebot_localization/prefix_override:/home/user/simulation_ws/install/tortoisebot_localization/lib/python3.10/site-packages:${PYTHONPATH} _=/usr/bin/env /usr/bin/python3 setup.py egg_info --egg-base ../../../build/tortoisebot_localization build --build-base /home/user/simulation_ws/build/tortoisebot_localization/build install --record /home/user/simulation_ws/build/tortoisebot_localization/install.log --single-version-externally-managed
