[0.751s] Invoking command in '/home/user/ros2_ws/build/turtlebot_bringup': CMAKE_PREFIX_PATH=${CMAKE_PREFIX_PATH}:/home/simulations/ros2_sims_ws/install/rclrs_tests:/home/simulations/ros2_sims_ws/install/examples_rclrs_minimal_client_service:/home/simulations/ros2_sims_ws/install/sensor_msgs_py:/home/simulations/ros2_sims_ws/install/examples_rclrs_minimal_pub_sub:/home/simulations/ros2_sims_ws/install/examples_rclrs_message_demo:/home/simulations/ros2_sims_ws/install/rclrs:/home/simulations/ros2_sims_ws/install/rosidl_runtime_rs:/home/user/ros2_ws/install/turtlebot3_teleop:/home/user/ros2_ws/install/turtlebot3_example:/opt/ros/humble _=/usr/bin/env /usr/bin/cmake --build /home/user/ros2_ws/build/turtlebot_bringup -- -j8 -l8
[1.858s] Invoked command in '/home/user/ros2_ws/build/turtlebot_bringup' returned '0': CMAKE_PREFIX_PATH=${CMAKE_PREFIX_PATH}:/home/simulations/ros2_sims_ws/install/rclrs_tests:/home/simulations/ros2_sims_ws/install/examples_rclrs_minimal_client_service:/home/simulations/ros2_sims_ws/install/sensor_msgs_py:/home/simulations/ros2_sims_ws/install/examples_rclrs_minimal_pub_sub:/home/simulations/ros2_sims_ws/install/examples_rclrs_message_demo:/home/simulations/ros2_sims_ws/install/rclrs:/home/simulations/ros2_sims_ws/install/rosidl_runtime_rs:/home/user/ros2_ws/install/turtlebot3_teleop:/home/user/ros2_ws/install/turtlebot3_example:/opt/ros/humble _=/usr/bin/env /usr/bin/cmake --build /home/user/ros2_ws/build/turtlebot_bringup -- -j8 -l8
[2.592s] Invoking command in '/home/user/ros2_ws/build/turtlebot_bringup': CMAKE_PREFIX_PATH=${CMAKE_PREFIX_PATH}:/home/simulations/ros2_sims_ws/install/rclrs_tests:/home/simulations/ros2_sims_ws/install/examples_rclrs_minimal_client_service:/home/simulations/ros2_sims_ws/install/sensor_msgs_py:/home/simulations/ros2_sims_ws/install/examples_rclrs_minimal_pub_sub:/home/simulations/ros2_sims_ws/install/examples_rclrs_message_demo:/home/simulations/ros2_sims_ws/install/rclrs:/home/simulations/ros2_sims_ws/install/rosidl_runtime_rs:/home/user/ros2_ws/install/turtlebot3_teleop:/home/user/ros2_ws/install/turtlebot3_example:/opt/ros/humble _=/usr/bin/env /usr/bin/cmake --install /home/user/ros2_ws/build/turtlebot_bringup
[2.772s] -- Install configuration: ""
[2.772s] -- Up-to-date: /home/user/ros2_ws/install/turtlebot_bringup/share/turtlebot_bringup//launch
[2.772s] -- Up-to-date: /home/user/ros2_ws/install/turtlebot_bringup/share/turtlebot_bringup//launch/turtlebot.launch
[2.772s] -- Up-to-date: /home/user/ros2_ws/install/turtlebot_bringup/share/ament_index/resource_index/package_run_dependencies/turtlebot_bringup
[2.773s] -- Up-to-date: /home/user/ros2_ws/install/turtlebot_bringup/share/ament_index/resource_index/parent_prefix_path/turtlebot_bringup
[2.773s] -- Up-to-date: /home/user/ros2_ws/install/turtlebot_bringup/share/turtlebot_bringup/environment/ament_prefix_path.sh
[2.773s] -- Up-to-date: /home/user/ros2_ws/install/turtlebot_bringup/share/turtlebot_bringup/environment/ament_prefix_path.dsv
[2.773s] -- Up-to-date: /home/user/ros2_ws/install/turtlebot_bringup/share/turtlebot_bringup/environment/path.sh
[2.773s] -- Up-to-date: /home/user/ros2_ws/install/turtlebot_bringup/share/turtlebot_bringup/environment/path.dsv
[2.773s] -- Up-to-date: /home/user/ros2_ws/install/turtlebot_bringup/share/turtlebot_bringup/local_setup.bash
[2.773s] -- Up-to-date: /home/user/ros2_ws/install/turtlebot_bringup/share/turtlebot_bringup/local_setup.sh
[2.773s] -- Up-to-date: /home/user/ros2_ws/install/turtlebot_bringup/share/turtlebot_bringup/local_setup.zsh
[2.774s] -- Up-to-date: /home/user/ros2_ws/install/turtlebot_bringup/share/turtlebot_bringup/local_setup.dsv
[2.774s] -- Installing: /home/user/ros2_ws/install/turtlebot_bringup/share/turtlebot_bringup/package.dsv
[2.774s] -- Up-to-date: /home/user/ros2_ws/install/turtlebot_bringup/share/ament_index/resource_index/packages/turtlebot_bringup
[2.774s] -- Up-to-date: /home/user/ros2_ws/install/turtlebot_bringup/share/turtlebot_bringup/cmake/turtlebot_bringupConfig.cmake
[2.775s] -- Up-to-date: /home/user/ros2_ws/install/turtlebot_bringup/share/turtlebot_bringup/cmake/turtlebot_bringupConfig-version.cmake
[2.777s] -- Up-to-date: /home/user/ros2_ws/install/turtlebot_bringup/share/turtlebot_bringup/package.xml
[2.792s] Invoked command in '/home/user/ros2_ws/build/turtlebot_bringup' returned '0': CMAKE_PREFIX_PATH=${CMAKE_PREFIX_PATH}:/home/simulations/ros2_sims_ws/install/rclrs_tests:/home/simulations/ros2_sims_ws/install/examples_rclrs_minimal_client_service:/home/simulations/ros2_sims_ws/install/sensor_msgs_py:/home/simulations/ros2_sims_ws/install/examples_rclrs_minimal_pub_sub:/home/simulations/ros2_sims_ws/install/examples_rclrs_message_demo:/home/simulations/ros2_sims_ws/install/rclrs:/home/simulations/ros2_sims_ws/install/rosidl_runtime_rs:/home/user/ros2_ws/install/turtlebot3_teleop:/home/user/ros2_ws/install/turtlebot3_example:/opt/ros/humble _=/usr/bin/env /usr/bin/cmake --install /home/user/ros2_ws/build/turtlebot_bringup
