running egg_info
creating ../../../build/tortoisebot_localization/tortoisebot_localization.egg-info
writing ../../../build/tortoisebot_localization/tortoisebot_localization.egg-info/PKG-INFO
writing dependency_links to ../../../build/tortoisebot_localization/tortoisebot_localization.egg-info/dependency_links.txt
writing entry points to ../../../build/tortoisebot_localization/tortoisebot_localization.egg-info/entry_points.txt
writing requirements to ../../../build/tortoisebot_localization/tortoisebot_localization.egg-info/requires.txt
writing top-level names to ../../../build/tortoisebot_localization/tortoisebot_localization.egg-info/top_level.txt
writing manifest file '../../../build/tortoisebot_localization/tortoisebot_localization.egg-info/SOURCES.txt'
reading manifest file '../../../build/tortoisebot_localization/tortoisebot_localization.egg-info/SOURCES.txt'
writing manifest file '../../../build/tortoisebot_localization/tortoisebot_localization.egg-info/SOURCES.txt'
running build
running build_py
creating /home/user/simulation_ws/build/tortoisebot_localization/build
creating /home/user/simulation_ws/build/tortoisebot_localization/build/lib
creating /home/user/simulation_ws/build/tortoisebot_localization/build/lib/tortoisebot_localization
copying tortoisebot_localization/__init__.py -> /home/user/simulation_ws/build/tortoisebot_localization/build/lib/tortoisebot_localization
running install
running install_lib
creating /home/user/simulation_ws/install/tortoisebot_localization/lib/python3.10/site-packages/tortoisebot_localization
copying /home/user/simulation_ws/build/tortoisebot_localization/build/lib/tortoisebot_localization/__init__.py -> /home/user/simulation_ws/install/tortoisebot_localization/lib/python3.10/site-packages/tortoisebot_localization
byte-compiling /home/user/simulation_ws/install/tortoisebot_localization/lib/python3.10/site-packages/tortoisebot_localization/__init__.py to __init__.cpython-310.pyc
running install_data
creating /home/user/simulation_ws/install/tortoisebot_localization/share/ament_index
creating /home/user/simulation_ws/install/tortoisebot_localization/share/ament_index/resource_index
creating /home/user/simulation_ws/install/tortoisebot_localization/share/ament_index/resource_index/packages
copying resource/tortoisebot_localization -> /home/user/simulation_ws/install/tortoisebot_localization/share/ament_index/resource_index/packages
copying package.xml -> /home/user/simulation_ws/install/tortoisebot_localization/share/tortoisebot_localization
creating /home/user/simulation_ws/install/tortoisebot_localization/share/tortoisebot_localization/launch
copying launch/localization.launch.py -> /home/user/simulation_ws/install/tortoisebot_localization/share/tortoisebot_localization/launch
creating /home/user/simulation_ws/install/tortoisebot_localization/share/tortoisebot_localization/config
copying config/warehouse_challenge_map_2.yaml -> /home/user/simulation_ws/install/tortoisebot_localization/share/tortoisebot_localization/config
copying config/amcl_config.yaml -> /home/user/simulation_ws/install/tortoisebot_localization/share/tortoisebot_localization/config
copying config/warehouse_challenge_map_2.pgm -> /home/user/simulation_ws/install/tortoisebot_localization/share/tortoisebot_localization/config
copying config/theconstruct_classroom.yaml -> /home/user/simulation_ws/install/tortoisebot_localization/share/tortoisebot_localization/config
copying config/warehouse_challenge_map_1.yaml -> /home/user/simulation_ws/install/tortoisebot_localization/share/tortoisebot_localization/config
copying config/warehouse_challenge_map_1.pgm -> /home/user/simulation_ws/install/tortoisebot_localization/share/tortoisebot_localization/config
copying config/theconstruct_classroom.pgm -> /home/user/simulation_ws/install/tortoisebot_localization/share/tortoisebot_localization/config
running install_egg_info
Copying ../../../build/tortoisebot_localization/tortoisebot_localization.egg-info to /home/user/simulation_ws/install/tortoisebot_localization/lib/python3.10/site-packages/tortoisebot_localization-0.0.0-py3.10.egg-info
running install_scripts
writing list of installed files to '/home/user/simulation_ws/build/tortoisebot_localization/install.log'
