[0.616s] Invoking command in '/home/kishoreyogaraj/ros2_wsa/src/talker_listener': PYTHONPATH=/home/kishoreyogaraj/ros2_wsa/build/talker_listener/prefix_override:/home/kishoreyogaraj/ros2_wsa/install/talker_listener/lib/python3.10/site-packages:${PYTHONPATH} /usr/bin/python3 -W ignore:setup.py install is deprecated setup.py egg_info --egg-base ../../build/talker_listener build --build-base /home/kishoreyogaraj/ros2_wsa/build/talker_listener/build install --record /home/kishoreyogaraj/ros2_wsa/build/talker_listener/install.log --single-version-externally-managed install_data
[0.860s] running egg_info
[0.861s] creating ../../build/talker_listener/talker_listener.egg-info
[0.861s] writing ../../build/talker_listener/talker_listener.egg-info/PKG-INFO
[0.862s] writing dependency_links to ../../build/talker_listener/talker_listener.egg-info/dependency_links.txt
[0.862s] writing entry points to ../../build/talker_listener/talker_listener.egg-info/entry_points.txt
[0.862s] writing requirements to ../../build/talker_listener/talker_listener.egg-info/requires.txt
[0.862s] writing top-level names to ../../build/talker_listener/talker_listener.egg-info/top_level.txt
[0.862s] writing manifest file '../../build/talker_listener/talker_listener.egg-info/SOURCES.txt'
[0.863s] reading manifest file '../../build/talker_listener/talker_listener.egg-info/SOURCES.txt'
[0.864s] writing manifest file '../../build/talker_listener/talker_listener.egg-info/SOURCES.txt'
[0.864s] running build
[0.865s] running build_py
[0.865s] creating /home/kishoreyogaraj/ros2_wsa/build/talker_listener/build
[0.865s] creating /home/kishoreyogaraj/ros2_wsa/build/talker_listener/build/lib
[0.865s] creating /home/kishoreyogaraj/ros2_wsa/build/talker_listener/build/lib/talker_listener
[0.865s] copying talker_listener/__init__.py -> /home/kishoreyogaraj/ros2_wsa/build/talker_listener/build/lib/talker_listener
[0.865s] copying talker_listener/talker_node.py -> /home/kishoreyogaraj/ros2_wsa/build/talker_listener/build/lib/talker_listener
[0.865s] running install
[0.865s] running install_lib
[0.866s] creating /home/kishoreyogaraj/ros2_wsa/install/talker_listener/lib/python3.10/site-packages/talker_listener
[0.866s] copying /home/kishoreyogaraj/ros2_wsa/build/talker_listener/build/lib/talker_listener/__init__.py -> /home/kishoreyogaraj/ros2_wsa/install/talker_listener/lib/python3.10/site-packages/talker_listener
[0.866s] copying /home/kishoreyogaraj/ros2_wsa/build/talker_listener/build/lib/talker_listener/talker_node.py -> /home/kishoreyogaraj/ros2_wsa/install/talker_listener/lib/python3.10/site-packages/talker_listener
[0.866s] byte-compiling /home/kishoreyogaraj/ros2_wsa/install/talker_listener/lib/python3.10/site-packages/talker_listener/__init__.py to __init__.cpython-310.pyc
[0.867s] byte-compiling /home/kishoreyogaraj/ros2_wsa/install/talker_listener/lib/python3.10/site-packages/talker_listener/talker_node.py to talker_node.cpython-310.pyc
[0.867s]   File "/home/kishoreyogaraj/ros2_wsa/install/talker_listener/lib/python3.10/site-packages/talker_listener/talker_node.py", line 2
[0.867s]     import rclpy.node import Node
[0.867s]                       ^^^^^^
[0.867s] SyntaxError: invalid syntax
[0.868s] 
[0.868s] running install_data
[0.868s] creating /home/kishoreyogaraj/ros2_wsa/install/talker_listener/share/ament_index
[0.868s] creating /home/kishoreyogaraj/ros2_wsa/install/talker_listener/share/ament_index/resource_index
[0.868s] creating /home/kishoreyogaraj/ros2_wsa/install/talker_listener/share/ament_index/resource_index/packages
[0.868s] copying resource/talker_listener -> /home/kishoreyogaraj/ros2_wsa/install/talker_listener/share/ament_index/resource_index/packages
[0.868s] copying package.xml -> /home/kishoreyogaraj/ros2_wsa/install/talker_listener/share/talker_listener
[0.868s] running install_egg_info
[0.869s] Copying ../../build/talker_listener/talker_listener.egg-info to /home/kishoreyogaraj/ros2_wsa/install/talker_listener/lib/python3.10/site-packages/talker_listener-0.0.0-py3.10.egg-info
[0.870s] running install_scripts
[0.887s] Installing talkerNode script to /home/kishoreyogaraj/ros2_wsa/install/talker_listener/lib/talker_listener
[0.887s] writing list of installed files to '/home/kishoreyogaraj/ros2_wsa/build/talker_listener/install.log'
[0.911s] Invoked command in '/home/kishoreyogaraj/ros2_wsa/src/talker_listener' returned '0': PYTHONPATH=/home/kishoreyogaraj/ros2_wsa/build/talker_listener/prefix_override:/home/kishoreyogaraj/ros2_wsa/install/talker_listener/lib/python3.10/site-packages:${PYTHONPATH} /usr/bin/python3 -W ignore:setup.py install is deprecated setup.py egg_info --egg-base ../../build/talker_listener build --build-base /home/kishoreyogaraj/ros2_wsa/build/talker_listener/build install --record /home/kishoreyogaraj/ros2_wsa/build/talker_listener/install.log --single-version-externally-managed install_data
