[16.224s] DEBUG:colcon:Command line arguments: ['/usr/bin/colcon', 'build', '--packages-select', 'turtlebot_bringup']
[16.224s] DEBUG:colcon:Parsed command line arguments: Namespace(log_base=None, log_level=None, verb_name='build', build_base='build', install_base='install', merge_install=False, symlink_install=False, test_result_base=None, continue_on_error=False, executor='parallel', parallel_workers=8, event_handlers=None, ignore_user_meta=False, metas=['./colcon.meta'], base_paths=['.'], packages_ignore=None, packages_ignore_regex=None, paths=None, packages_up_to=None, packages_up_to_regex=None, packages_above=None, packages_above_and_dependencies=None, packages_above_depth=None, packages_select_by_dep=None, packages_skip_by_dep=None, packages_skip_up_to=None, packages_select_build_failed=False, packages_skip_build_finished=False, packages_select_test_failures=False, packages_skip_test_passed=False, packages_select=['turtlebot_bringup'], packages_skip=None, packages_select_regex=None, packages_skip_regex=None, packages_start=None, packages_end=None, lookup_in_workspace=False, cargo_args=None, clean_build=False, cmake_args=None, cmake_target=None, cmake_target_skip_unavailable=False, cmake_clean_cache=False, cmake_clean_first=False, cmake_force_configure=False, ament_cmake_args=None, catkin_cmake_args=None, catkin_skip_building_tests=False, mixin_files=None, mixin=None, verb_parser=<colcon_mixin.mixin.mixin_argument.MixinArgumentDecorator object at 0x7fa1d2838bb0>, verb_extension=<colcon_core.verb.build.BuildVerb object at 0x7fa1d29bd9f0>, main=<bound method BuildVerb.main of <colcon_core.verb.build.BuildVerb object at 0x7fa1d29bd9f0>>, mixin_verb=('build',))
[17.827s] Level 1:colcon.colcon_core.package_discovery:discover_packages(colcon_meta) check parameters
[17.827s] Level 1:colcon.colcon_core.package_discovery:discover_packages(recursive) check parameters
[17.827s] Level 1:colcon.colcon_core.package_discovery:discover_packages(ignore) check parameters
[17.827s] Level 1:colcon.colcon_core.package_discovery:discover_packages(path) check parameters
[17.827s] Level 1:colcon.colcon_core.package_discovery:discover_packages(colcon_meta) discover
[17.828s] Level 1:colcon.colcon_core.package_discovery:discover_packages(recursive) discover
[17.828s] INFO:colcon.colcon_core.package_discovery:Crawling recursively for packages in '/home/user/ros2_ws'
[17.828s] Level 1:colcon.colcon_core.package_identification:_identify(.) by extensions ['ignore', 'ignore_ament_install']
[17.828s] Level 1:colcon.colcon_core.package_identification:_identify(.) by extension 'ignore'
[17.828s] Level 1:colcon.colcon_core.package_identification:_identify(.) by extension 'ignore_ament_install'
[17.828s] Level 1:colcon.colcon_core.package_identification:_identify(.) by extensions ['colcon_pkg']
[17.828s] Level 1:colcon.colcon_core.package_identification:_identify(.) by extension 'colcon_pkg'
[17.828s] Level 1:colcon.colcon_core.package_identification:_identify(.) by extensions ['colcon_meta']
[17.828s] Level 1:colcon.colcon_core.package_identification:_identify(.) by extension 'colcon_meta'
[17.828s] Level 1:colcon.colcon_core.package_identification:_identify(.) by extensions ['ament_cargo']
[17.828s] Level 1:colcon.colcon_core.package_identification:_identify(.) by extension 'ament_cargo'
[17.886s] Level 1:colcon.colcon_core.package_identification:_identify(.) by extensions ['ros']
[17.886s] Level 1:colcon.colcon_core.package_identification:_identify(.) by extension 'ros'
[17.995s] Level 1:colcon.colcon_core.package_identification:_identify(.) by extensions ['cargo', 'cmake', 'python']
[17.995s] Level 1:colcon.colcon_core.package_identification:_identify(.) by extension 'cargo'
[17.995s] Level 1:colcon.colcon_core.package_identification:_identify(.) by extension 'cmake'
[17.995s] Level 1:colcon.colcon_core.package_identification:_identify(.) by extension 'python'
[17.995s] Level 1:colcon.colcon_core.package_identification:_identify(.) by extensions ['python_setup_py']
[17.995s] Level 1:colcon.colcon_core.package_identification:_identify(.) by extension 'python_setup_py'
[17.996s] Level 1:colcon.colcon_core.package_identification:_identify(build) by extensions ['ignore', 'ignore_ament_install']
[17.996s] Level 1:colcon.colcon_core.package_identification:_identify(build) by extension 'ignore'
[17.996s] Level 1:colcon.colcon_core.package_identification:_identify(build) ignored
[17.996s] Level 1:colcon.colcon_core.package_identification:_identify(install) by extensions ['ignore', 'ignore_ament_install']
[17.996s] Level 1:colcon.colcon_core.package_identification:_identify(install) by extension 'ignore'
[17.996s] Level 1:colcon.colcon_core.package_identification:_identify(install) ignored
[17.997s] Level 1:colcon.colcon_core.package_identification:_identify(log) by extensions ['ignore', 'ignore_ament_install']
[17.997s] Level 1:colcon.colcon_core.package_identification:_identify(log) by extension 'ignore'
[17.997s] Level 1:colcon.colcon_core.package_identification:_identify(log) ignored
[17.997s] Level 1:colcon.colcon_core.package_identification:_identify(rosbags) by extensions ['ignore', 'ignore_ament_install']
[17.997s] Level 1:colcon.colcon_core.package_identification:_identify(rosbags) by extension 'ignore'
[17.997s] Level 1:colcon.colcon_core.package_identification:_identify(rosbags) by extension 'ignore_ament_install'
[17.998s] Level 1:colcon.colcon_core.package_identification:_identify(rosbags) by extensions ['colcon_pkg']
[17.998s] Level 1:colcon.colcon_core.package_identification:_identify(rosbags) by extension 'colcon_pkg'
[17.998s] Level 1:colcon.colcon_core.package_identification:_identify(rosbags) by extensions ['colcon_meta']
[17.998s] Level 1:colcon.colcon_core.package_identification:_identify(rosbags) by extension 'colcon_meta'
[17.998s] Level 1:colcon.colcon_core.package_identification:_identify(rosbags) by extensions ['ament_cargo']
[17.999s] Level 1:colcon.colcon_core.package_identification:_identify(rosbags) by extension 'ament_cargo'
[17.999s] Level 1:colcon.colcon_core.package_identification:_identify(rosbags) by extensions ['ros']
[17.999s] Level 1:colcon.colcon_core.package_identification:_identify(rosbags) by extension 'ros'
[18.000s] Level 1:colcon.colcon_core.package_identification:_identify(rosbags) by extensions ['cargo', 'cmake', 'python']
[18.000s] Level 1:colcon.colcon_core.package_identification:_identify(rosbags) by extension 'cargo'
[18.000s] Level 1:colcon.colcon_core.package_identification:_identify(rosbags) by extension 'cmake'
[18.000s] Level 1:colcon.colcon_core.package_identification:_identify(rosbags) by extension 'python'
[18.000s] Level 1:colcon.colcon_core.package_identification:_identify(rosbags) by extensions ['python_setup_py']
[18.000s] Level 1:colcon.colcon_core.package_identification:_identify(rosbags) by extension 'python_setup_py'
[18.001s] Level 1:colcon.colcon_core.package_identification:_identify(rosbags/turtlebot_test) by extensions ['ignore', 'ignore_ament_install']
[18.001s] Level 1:colcon.colcon_core.package_identification:_identify(rosbags/turtlebot_test) by extension 'ignore'
[18.002s] Level 1:colcon.colcon_core.package_identification:_identify(rosbags/turtlebot_test) by extension 'ignore_ament_install'
[18.002s] Level 1:colcon.colcon_core.package_identification:_identify(rosbags/turtlebot_test) by extensions ['colcon_pkg']
[18.003s] Level 1:colcon.colcon_core.package_identification:_identify(rosbags/turtlebot_test) by extension 'colcon_pkg'
[18.003s] Level 1:colcon.colcon_core.package_identification:_identify(rosbags/turtlebot_test) by extensions ['colcon_meta']
[18.004s] Level 1:colcon.colcon_core.package_identification:_identify(rosbags/turtlebot_test) by extension 'colcon_meta'
[18.005s] Level 1:colcon.colcon_core.package_identification:_identify(rosbags/turtlebot_test) by extensions ['ament_cargo']
[18.007s] Level 1:colcon.colcon_core.package_identification:_identify(rosbags/turtlebot_test) by extension 'ament_cargo'
[18.007s] Level 1:colcon.colcon_core.package_identification:_identify(rosbags/turtlebot_test) by extensions ['ros']
[18.007s] Level 1:colcon.colcon_core.package_identification:_identify(rosbags/turtlebot_test) by extension 'ros'
[18.007s] Level 1:colcon.colcon_core.package_identification:_identify(rosbags/turtlebot_test) by extensions ['cargo', 'cmake', 'python']
[18.007s] Level 1:colcon.colcon_core.package_identification:_identify(rosbags/turtlebot_test) by extension 'cargo'
[18.007s] Level 1:colcon.colcon_core.package_identification:_identify(rosbags/turtlebot_test) by extension 'cmake'
[18.007s] Level 1:colcon.colcon_core.package_identification:_identify(rosbags/turtlebot_test) by extension 'python'
[18.007s] Level 1:colcon.colcon_core.package_identification:_identify(rosbags/turtlebot_test) by extensions ['python_setup_py']
[18.007s] Level 1:colcon.colcon_core.package_identification:_identify(rosbags/turtlebot_test) by extension 'python_setup_py'
[18.008s] Level 1:colcon.colcon_core.package_identification:_identify(rosbags/turtlebot_test_2) by extensions ['ignore', 'ignore_ament_install']
[18.008s] Level 1:colcon.colcon_core.package_identification:_identify(rosbags/turtlebot_test_2) by extension 'ignore'
[18.008s] Level 1:colcon.colcon_core.package_identification:_identify(rosbags/turtlebot_test_2) by extension 'ignore_ament_install'
[18.008s] Level 1:colcon.colcon_core.package_identification:_identify(rosbags/turtlebot_test_2) by extensions ['colcon_pkg']
[18.008s] Level 1:colcon.colcon_core.package_identification:_identify(rosbags/turtlebot_test_2) by extension 'colcon_pkg'
[18.008s] Level 1:colcon.colcon_core.package_identification:_identify(rosbags/turtlebot_test_2) by extensions ['colcon_meta']
[18.008s] Level 1:colcon.colcon_core.package_identification:_identify(rosbags/turtlebot_test_2) by extension 'colcon_meta'
[18.008s] Level 1:colcon.colcon_core.package_identification:_identify(rosbags/turtlebot_test_2) by extensions ['ament_cargo']
[18.008s] Level 1:colcon.colcon_core.package_identification:_identify(rosbags/turtlebot_test_2) by extension 'ament_cargo'
[18.009s] Level 1:colcon.colcon_core.package_identification:_identify(rosbags/turtlebot_test_2) by extensions ['ros']
[18.009s] Level 1:colcon.colcon_core.package_identification:_identify(rosbags/turtlebot_test_2) by extension 'ros'
[18.009s] Level 1:colcon.colcon_core.package_identification:_identify(rosbags/turtlebot_test_2) by extensions ['cargo', 'cmake', 'python']
[18.009s] Level 1:colcon.colcon_core.package_identification:_identify(rosbags/turtlebot_test_2) by extension 'cargo'
[18.009s] Level 1:colcon.colcon_core.package_identification:_identify(rosbags/turtlebot_test_2) by extension 'cmake'
[18.009s] Level 1:colcon.colcon_core.package_identification:_identify(rosbags/turtlebot_test_2) by extension 'python'
[18.009s] Level 1:colcon.colcon_core.package_identification:_identify(rosbags/turtlebot_test_2) by extensions ['python_setup_py']
[18.009s] Level 1:colcon.colcon_core.package_identification:_identify(rosbags/turtlebot_test_2) by extension 'python_setup_py'
[18.009s] Level 1:colcon.colcon_core.package_identification:_identify(rosbags/turtlebot_test_3) by extensions ['ignore', 'ignore_ament_install']
[18.010s] Level 1:colcon.colcon_core.package_identification:_identify(rosbags/turtlebot_test_3) by extension 'ignore'
[18.011s] Level 1:colcon.colcon_core.package_identification:_identify(rosbags/turtlebot_test_3) by extension 'ignore_ament_install'
[18.012s] Level 1:colcon.colcon_core.package_identification:_identify(rosbags/turtlebot_test_3) by extensions ['colcon_pkg']
[18.012s] Level 1:colcon.colcon_core.package_identification:_identify(rosbags/turtlebot_test_3) by extension 'colcon_pkg'
[18.012s] Level 1:colcon.colcon_core.package_identification:_identify(rosbags/turtlebot_test_3) by extensions ['colcon_meta']
[18.012s] Level 1:colcon.colcon_core.package_identification:_identify(rosbags/turtlebot_test_3) by extension 'colcon_meta'
[18.012s] Level 1:colcon.colcon_core.package_identification:_identify(rosbags/turtlebot_test_3) by extensions ['ament_cargo']
[18.012s] Level 1:colcon.colcon_core.package_identification:_identify(rosbags/turtlebot_test_3) by extension 'ament_cargo'
[18.012s] Level 1:colcon.colcon_core.package_identification:_identify(rosbags/turtlebot_test_3) by extensions ['ros']
[18.012s] Level 1:colcon.colcon_core.package_identification:_identify(rosbags/turtlebot_test_3) by extension 'ros'
[18.012s] Level 1:colcon.colcon_core.package_identification:_identify(rosbags/turtlebot_test_3) by extensions ['cargo', 'cmake', 'python']
[18.012s] Level 1:colcon.colcon_core.package_identification:_identify(rosbags/turtlebot_test_3) by extension 'cargo'
[18.013s] Level 1:colcon.colcon_core.package_identification:_identify(rosbags/turtlebot_test_3) by extension 'cmake'
[18.013s] Level 1:colcon.colcon_core.package_identification:_identify(rosbags/turtlebot_test_3) by extension 'python'
[18.013s] Level 1:colcon.colcon_core.package_identification:_identify(rosbags/turtlebot_test_3) by extensions ['python_setup_py']
[18.013s] Level 1:colcon.colcon_core.package_identification:_identify(rosbags/turtlebot_test_3) by extension 'python_setup_py'
[18.013s] Level 1:colcon.colcon_core.package_identification:_identify(rosbags/turtlebot_test_4) by extensions ['ignore', 'ignore_ament_install']
[18.013s] Level 1:colcon.colcon_core.package_identification:_identify(rosbags/turtlebot_test_4) by extension 'ignore'
[18.013s] Level 1:colcon.colcon_core.package_identification:_identify(rosbags/turtlebot_test_4) by extension 'ignore_ament_install'
[18.013s] Level 1:colcon.colcon_core.package_identification:_identify(rosbags/turtlebot_test_4) by extensions ['colcon_pkg']
[18.013s] Level 1:colcon.colcon_core.package_identification:_identify(rosbags/turtlebot_test_4) by extension 'colcon_pkg'
[18.014s] Level 1:colcon.colcon_core.package_identification:_identify(rosbags/turtlebot_test_4) by extensions ['colcon_meta']
[18.014s] Level 1:colcon.colcon_core.package_identification:_identify(rosbags/turtlebot_test_4) by extension 'colcon_meta'
[18.014s] Level 1:colcon.colcon_core.package_identification:_identify(rosbags/turtlebot_test_4) by extensions ['ament_cargo']
[18.014s] Level 1:colcon.colcon_core.package_identification:_identify(rosbags/turtlebot_test_4) by extension 'ament_cargo'
[18.014s] Level 1:colcon.colcon_core.package_identification:_identify(rosbags/turtlebot_test_4) by extensions ['ros']
[18.014s] Level 1:colcon.colcon_core.package_identification:_identify(rosbags/turtlebot_test_4) by extension 'ros'
[18.014s] Level 1:colcon.colcon_core.package_identification:_identify(rosbags/turtlebot_test_4) by extensions ['cargo', 'cmake', 'python']
[18.014s] Level 1:colcon.colcon_core.package_identification:_identify(rosbags/turtlebot_test_4) by extension 'cargo'
[18.014s] Level 1:colcon.colcon_core.package_identification:_identify(rosbags/turtlebot_test_4) by extension 'cmake'
[18.014s] Level 1:colcon.colcon_core.package_identification:_identify(rosbags/turtlebot_test_4) by extension 'python'
[18.014s] Level 1:colcon.colcon_core.package_identification:_identify(rosbags/turtlebot_test_4) by extensions ['python_setup_py']
[18.014s] Level 1:colcon.colcon_core.package_identification:_identify(rosbags/turtlebot_test_4) by extension 'python_setup_py'
[18.015s] Level 1:colcon.colcon_core.package_identification:_identify(src) by extensions ['ignore', 'ignore_ament_install']
[18.015s] Level 1:colcon.colcon_core.package_identification:_identify(src) by extension 'ignore'
[18.015s] Level 1:colcon.colcon_core.package_identification:_identify(src) by extension 'ignore_ament_install'
[18.015s] Level 1:colcon.colcon_core.package_identification:_identify(src) by extensions ['colcon_pkg']
[18.015s] Level 1:colcon.colcon_core.package_identification:_identify(src) by extension 'colcon_pkg'
[18.015s] Level 1:colcon.colcon_core.package_identification:_identify(src) by extensions ['colcon_meta']
[18.015s] Level 1:colcon.colcon_core.package_identification:_identify(src) by extension 'colcon_meta'
[18.015s] Level 1:colcon.colcon_core.package_identification:_identify(src) by extensions ['ament_cargo']
[18.015s] Level 1:colcon.colcon_core.package_identification:_identify(src) by extension 'ament_cargo'
[18.016s] Level 1:colcon.colcon_core.package_identification:_identify(src) by extensions ['ros']
[18.016s] Level 1:colcon.colcon_core.package_identification:_identify(src) by extension 'ros'
[18.016s] Level 1:colcon.colcon_core.package_identification:_identify(src) by extensions ['cargo', 'cmake', 'python']
[18.016s] Level 1:colcon.colcon_core.package_identification:_identify(src) by extension 'cargo'
[18.016s] Level 1:colcon.colcon_core.package_identification:_identify(src) by extension 'cmake'
[18.016s] Level 1:colcon.colcon_core.package_identification:_identify(src) by extension 'python'
[18.016s] Level 1:colcon.colcon_core.package_identification:_identify(src) by extensions ['python_setup_py']
[18.016s] Level 1:colcon.colcon_core.package_identification:_identify(src) by extension 'python_setup_py'
[18.017s] Level 1:colcon.colcon_core.package_identification:_identify(src/DynamixelSDK) by extensions ['ignore', 'ignore_ament_install']
[18.017s] Level 1:colcon.colcon_core.package_identification:_identify(src/DynamixelSDK) by extension 'ignore'
[18.017s] Level 1:colcon.colcon_core.package_identification:_identify(src/DynamixelSDK) by extension 'ignore_ament_install'
[18.017s] Level 1:colcon.colcon_core.package_identification:_identify(src/DynamixelSDK) by extensions ['colcon_pkg']
[18.017s] Level 1:colcon.colcon_core.package_identification:_identify(src/DynamixelSDK) by extension 'colcon_pkg'
[18.017s] Level 1:colcon.colcon_core.package_identification:_identify(src/DynamixelSDK) by extensions ['colcon_meta']
[18.017s] Level 1:colcon.colcon_core.package_identification:_identify(src/DynamixelSDK) by extension 'colcon_meta'
[18.018s] Level 1:colcon.colcon_core.package_identification:_identify(src/DynamixelSDK) by extensions ['ament_cargo']
[18.018s] Level 1:colcon.colcon_core.package_identification:_identify(src/DynamixelSDK) by extension 'ament_cargo'
[18.018s] Level 1:colcon.colcon_core.package_identification:_identify(src/DynamixelSDK) by extensions ['ros']
[18.018s] Level 1:colcon.colcon_core.package_identification:_identify(src/DynamixelSDK) by extension 'ros'
[18.018s] Level 1:colcon.colcon_core.package_identification:_identify(src/DynamixelSDK) by extensions ['cargo', 'cmake', 'python']
[18.018s] Level 1:colcon.colcon_core.package_identification:_identify(src/DynamixelSDK) by extension 'cargo'
[18.018s] Level 1:colcon.colcon_core.package_identification:_identify(src/DynamixelSDK) by extension 'cmake'
[18.018s] Level 1:colcon.colcon_core.package_identification:_identify(src/DynamixelSDK) by extension 'python'
[18.018s] Level 1:colcon.colcon_core.package_identification:_identify(src/DynamixelSDK) by extensions ['python_setup_py']
[18.018s] Level 1:colcon.colcon_core.package_identification:_identify(src/DynamixelSDK) by extension 'python_setup_py'
[18.018s] Level 1:colcon.colcon_core.package_identification:_identify(src/DynamixelSDK/dynamixel_sdk) by extensions ['ignore', 'ignore_ament_install']
[18.019s] Level 1:colcon.colcon_core.package_identification:_identify(src/DynamixelSDK/dynamixel_sdk) by extension 'ignore'
[18.019s] Level 1:colcon.colcon_core.package_identification:_identify(src/DynamixelSDK/dynamixel_sdk) by extension 'ignore_ament_install'
[18.019s] Level 1:colcon.colcon_core.package_identification:_identify(src/DynamixelSDK/dynamixel_sdk) by extensions ['colcon_pkg']
[18.019s] Level 1:colcon.colcon_core.package_identification:_identify(src/DynamixelSDK/dynamixel_sdk) by extension 'colcon_pkg'
[18.019s] Level 1:colcon.colcon_core.package_identification:_identify(src/DynamixelSDK/dynamixel_sdk) by extensions ['colcon_meta']
[18.019s] Level 1:colcon.colcon_core.package_identification:_identify(src/DynamixelSDK/dynamixel_sdk) by extension 'colcon_meta'
[18.019s] Level 1:colcon.colcon_core.package_identification:_identify(src/DynamixelSDK/dynamixel_sdk) by extensions ['ament_cargo']
[18.019s] Level 1:colcon.colcon_core.package_identification:_identify(src/DynamixelSDK/dynamixel_sdk) by extension 'ament_cargo'
[18.019s] Level 1:colcon.colcon_core.package_identification:_identify(src/DynamixelSDK/dynamixel_sdk) by extensions ['ros']
[18.019s] Level 1:colcon.colcon_core.package_identification:_identify(src/DynamixelSDK/dynamixel_sdk) by extension 'ros'
[18.024s] DEBUG:colcon.colcon_core.package_identification:Package 'src/DynamixelSDK/dynamixel_sdk' with type 'ros.ament_cmake' and name 'dynamixel_sdk'
[18.024s] Level 1:colcon.colcon_core.package_identification:_identify(src/DynamixelSDK/dynamixel_sdk_custom_interfaces) by extensions ['ignore', 'ignore_ament_install']
[18.025s] Level 1:colcon.colcon_core.package_identification:_identify(src/DynamixelSDK/dynamixel_sdk_custom_interfaces) by extension 'ignore'
[18.025s] Level 1:colcon.colcon_core.package_identification:_identify(src/DynamixelSDK/dynamixel_sdk_custom_interfaces) by extension 'ignore_ament_install'
[18.025s] Level 1:colcon.colcon_core.package_identification:_identify(src/DynamixelSDK/dynamixel_sdk_custom_interfaces) by extensions ['colcon_pkg']
[18.025s] Level 1:colcon.colcon_core.package_identification:_identify(src/DynamixelSDK/dynamixel_sdk_custom_interfaces) by extension 'colcon_pkg'
[18.025s] Level 1:colcon.colcon_core.package_identification:_identify(src/DynamixelSDK/dynamixel_sdk_custom_interfaces) by extensions ['colcon_meta']
[18.025s] Level 1:colcon.colcon_core.package_identification:_identify(src/DynamixelSDK/dynamixel_sdk_custom_interfaces) by extension 'colcon_meta'
[18.025s] Level 1:colcon.colcon_core.package_identification:_identify(src/DynamixelSDK/dynamixel_sdk_custom_interfaces) by extensions ['ament_cargo']
[18.025s] Level 1:colcon.colcon_core.package_identification:_identify(src/DynamixelSDK/dynamixel_sdk_custom_interfaces) by extension 'ament_cargo'
[18.025s] Level 1:colcon.colcon_core.package_identification:_identify(src/DynamixelSDK/dynamixel_sdk_custom_interfaces) by extensions ['ros']
[18.026s] Level 1:colcon.colcon_core.package_identification:_identify(src/DynamixelSDK/dynamixel_sdk_custom_interfaces) by extension 'ros'
[18.027s] DEBUG:colcon.colcon_core.package_identification:Package 'src/DynamixelSDK/dynamixel_sdk_custom_interfaces' with type 'ros.ament_cmake' and name 'dynamixel_sdk_custom_interfaces'
[18.027s] Level 1:colcon.colcon_core.package_identification:_identify(src/DynamixelSDK/dynamixel_sdk_examples) by extensions ['ignore', 'ignore_ament_install']
[18.028s] Level 1:colcon.colcon_core.package_identification:_identify(src/DynamixelSDK/dynamixel_sdk_examples) by extension 'ignore'
[18.028s] Level 1:colcon.colcon_core.package_identification:_identify(src/DynamixelSDK/dynamixel_sdk_examples) by extension 'ignore_ament_install'
[18.028s] Level 1:colcon.colcon_core.package_identification:_identify(src/DynamixelSDK/dynamixel_sdk_examples) by extensions ['colcon_pkg']
[18.028s] Level 1:colcon.colcon_core.package_identification:_identify(src/DynamixelSDK/dynamixel_sdk_examples) by extension 'colcon_pkg'
[18.028s] Level 1:colcon.colcon_core.package_identification:_identify(src/DynamixelSDK/dynamixel_sdk_examples) by extensions ['colcon_meta']
[18.028s] Level 1:colcon.colcon_core.package_identification:_identify(src/DynamixelSDK/dynamixel_sdk_examples) by extension 'colcon_meta'
[18.028s] Level 1:colcon.colcon_core.package_identification:_identify(src/DynamixelSDK/dynamixel_sdk_examples) by extensions ['ament_cargo']
[18.028s] Level 1:colcon.colcon_core.package_identification:_identify(src/DynamixelSDK/dynamixel_sdk_examples) by extension 'ament_cargo'
[18.029s] Level 1:colcon.colcon_core.package_identification:_identify(src/DynamixelSDK/dynamixel_sdk_examples) by extensions ['ros']
[18.029s] Level 1:colcon.colcon_core.package_identification:_identify(src/DynamixelSDK/dynamixel_sdk_examples) by extension 'ros'
[18.032s] DEBUG:colcon.colcon_core.package_identification:Package 'src/DynamixelSDK/dynamixel_sdk_examples' with type 'ros.ament_cmake' and name 'dynamixel_sdk_examples'
[18.032s] Level 1:colcon.colcon_core.package_identification:_identify(src/turtlebot3) by extensions ['ignore', 'ignore_ament_install']
[18.033s] Level 1:colcon.colcon_core.package_identification:_identify(src/turtlebot3) by extension 'ignore'
[18.033s] Level 1:colcon.colcon_core.package_identification:_identify(src/turtlebot3) by extension 'ignore_ament_install'
[18.033s] Level 1:colcon.colcon_core.package_identification:_identify(src/turtlebot3) by extensions ['colcon_pkg']
[18.033s] Level 1:colcon.colcon_core.package_identification:_identify(src/turtlebot3) by extension 'colcon_pkg'
[18.033s] Level 1:colcon.colcon_core.package_identification:_identify(src/turtlebot3) by extensions ['colcon_meta']
[18.033s] Level 1:colcon.colcon_core.package_identification:_identify(src/turtlebot3) by extension 'colcon_meta'
[18.033s] Level 1:colcon.colcon_core.package_identification:_identify(src/turtlebot3) by extensions ['ament_cargo']
[18.034s] Level 1:colcon.colcon_core.package_identification:_identify(src/turtlebot3) by extension 'ament_cargo'
[18.034s] Level 1:colcon.colcon_core.package_identification:_identify(src/turtlebot3) by extensions ['ros']
[18.034s] Level 1:colcon.colcon_core.package_identification:_identify(src/turtlebot3) by extension 'ros'
[18.034s] Level 1:colcon.colcon_core.package_identification:_identify(src/turtlebot3) by extensions ['cargo', 'cmake', 'python']
[18.034s] Level 1:colcon.colcon_core.package_identification:_identify(src/turtlebot3) by extension 'cargo'
[18.035s] Level 1:colcon.colcon_core.package_identification:_identify(src/turtlebot3) by extension 'cmake'
[18.035s] Level 1:colcon.colcon_core.package_identification:_identify(src/turtlebot3) by extension 'python'
[18.035s] Level 1:colcon.colcon_core.package_identification:_identify(src/turtlebot3) by extensions ['python_setup_py']
[18.035s] Level 1:colcon.colcon_core.package_identification:_identify(src/turtlebot3) by extension 'python_setup_py'
[18.035s] Level 1:colcon.colcon_core.package_identification:_identify(src/turtlebot3/turtlebot3) by extensions ['ignore', 'ignore_ament_install']
[18.036s] Level 1:colcon.colcon_core.package_identification:_identify(src/turtlebot3/turtlebot3) by extension 'ignore'
[18.036s] Level 1:colcon.colcon_core.package_identification:_identify(src/turtlebot3/turtlebot3) by extension 'ignore_ament_install'
[18.036s] Level 1:colcon.colcon_core.package_identification:_identify(src/turtlebot3/turtlebot3) by extensions ['colcon_pkg']
[18.036s] Level 1:colcon.colcon_core.package_identification:_identify(src/turtlebot3/turtlebot3) by extension 'colcon_pkg'
[18.037s] Level 1:colcon.colcon_core.package_identification:_identify(src/turtlebot3/turtlebot3) by extensions ['colcon_meta']
[18.037s] Level 1:colcon.colcon_core.package_identification:_identify(src/turtlebot3/turtlebot3) by extension 'colcon_meta'
[18.037s] Level 1:colcon.colcon_core.package_identification:_identify(src/turtlebot3/turtlebot3) by extensions ['ament_cargo']
[18.037s] Level 1:colcon.colcon_core.package_identification:_identify(src/turtlebot3/turtlebot3) by extension 'ament_cargo'
[18.037s] Level 1:colcon.colcon_core.package_identification:_identify(src/turtlebot3/turtlebot3) by extensions ['ros']
[18.037s] Level 1:colcon.colcon_core.package_identification:_identify(src/turtlebot3/turtlebot3) by extension 'ros'
[18.039s] DEBUG:colcon.colcon_core.package_identification:Package 'src/turtlebot3/turtlebot3' with type 'ros.ament_cmake' and name 'turtlebot3'
[18.039s] Level 1:colcon.colcon_core.package_identification:_identify(src/turtlebot3/turtlebot3_bringup) by extensions ['ignore', 'ignore_ament_install']
[18.039s] Level 1:colcon.colcon_core.package_identification:_identify(src/turtlebot3/turtlebot3_bringup) by extension 'ignore'
[18.040s] Level 1:colcon.colcon_core.package_identification:_identify(src/turtlebot3/turtlebot3_bringup) by extension 'ignore_ament_install'
[18.040s] Level 1:colcon.colcon_core.package_identification:_identify(src/turtlebot3/turtlebot3_bringup) by extensions ['colcon_pkg']
[18.040s] Level 1:colcon.colcon_core.package_identification:_identify(src/turtlebot3/turtlebot3_bringup) by extension 'colcon_pkg'
[18.040s] Level 1:colcon.colcon_core.package_identification:_identify(src/turtlebot3/turtlebot3_bringup) by extensions ['colcon_meta']
[18.040s] Level 1:colcon.colcon_core.package_identification:_identify(src/turtlebot3/turtlebot3_bringup) by extension 'colcon_meta'
[18.086s] Level 1:colcon.colcon_core.package_identification:_identify(src/turtlebot3/turtlebot3_bringup) by extensions ['ament_cargo']
[18.086s] Level 1:colcon.colcon_core.package_identification:_identify(src/turtlebot3/turtlebot3_bringup) by extension 'ament_cargo'
[18.086s] Level 1:colcon.colcon_core.package_identification:_identify(src/turtlebot3/turtlebot3_bringup) by extensions ['ros']
[18.086s] Level 1:colcon.colcon_core.package_identification:_identify(src/turtlebot3/turtlebot3_bringup) by extension 'ros'
[18.087s] DEBUG:colcon.colcon_core.package_identification:Package 'src/turtlebot3/turtlebot3_bringup' with type 'ros.ament_cmake' and name 'turtlebot3_bringup'
[18.087s] Level 1:colcon.colcon_core.package_identification:_identify(src/turtlebot3/turtlebot3_cartographer) by extensions ['ignore', 'ignore_ament_install']
[18.087s] Level 1:colcon.colcon_core.package_identification:_identify(src/turtlebot3/turtlebot3_cartographer) by extension 'ignore'
[18.087s] Level 1:colcon.colcon_core.package_identification:_identify(src/turtlebot3/turtlebot3_cartographer) by extension 'ignore_ament_install'
[18.087s] Level 1:colcon.colcon_core.package_identification:_identify(src/turtlebot3/turtlebot3_cartographer) by extensions ['colcon_pkg']
[18.088s] Level 1:colcon.colcon_core.package_identification:_identify(src/turtlebot3/turtlebot3_cartographer) by extension 'colcon_pkg'
[18.088s] Level 1:colcon.colcon_core.package_identification:_identify(src/turtlebot3/turtlebot3_cartographer) by extensions ['colcon_meta']
[18.088s] Level 1:colcon.colcon_core.package_identification:_identify(src/turtlebot3/turtlebot3_cartographer) by extension 'colcon_meta'
[18.088s] Level 1:colcon.colcon_core.package_identification:_identify(src/turtlebot3/turtlebot3_cartographer) by extensions ['ament_cargo']
[18.088s] Level 1:colcon.colcon_core.package_identification:_identify(src/turtlebot3/turtlebot3_cartographer) by extension 'ament_cargo'
[18.088s] Level 1:colcon.colcon_core.package_identification:_identify(src/turtlebot3/turtlebot3_cartographer) by extensions ['ros']
[18.088s] Level 1:colcon.colcon_core.package_identification:_identify(src/turtlebot3/turtlebot3_cartographer) by extension 'ros'
[18.090s] DEBUG:colcon.colcon_core.package_identification:Package 'src/turtlebot3/turtlebot3_cartographer' with type 'ros.ament_cmake' and name 'turtlebot3_cartographer'
[18.090s] Level 1:colcon.colcon_core.package_identification:_identify(src/turtlebot3/turtlebot3_description) by extensions ['ignore', 'ignore_ament_install']
[18.090s] Level 1:colcon.colcon_core.package_identification:_identify(src/turtlebot3/turtlebot3_description) by extension 'ignore'
[18.090s] Level 1:colcon.colcon_core.package_identification:_identify(src/turtlebot3/turtlebot3_description) by extension 'ignore_ament_install'
[18.091s] Level 1:colcon.colcon_core.package_identification:_identify(src/turtlebot3/turtlebot3_description) by extensions ['colcon_pkg']
[18.091s] Level 1:colcon.colcon_core.package_identification:_identify(src/turtlebot3/turtlebot3_description) by extension 'colcon_pkg'
[18.091s] Level 1:colcon.colcon_core.package_identification:_identify(src/turtlebot3/turtlebot3_description) by extensions ['colcon_meta']
[18.091s] Level 1:colcon.colcon_core.package_identification:_identify(src/turtlebot3/turtlebot3_description) by extension 'colcon_meta'
[18.091s] Level 1:colcon.colcon_core.package_identification:_identify(src/turtlebot3/turtlebot3_description) by extensions ['ament_cargo']
[18.091s] Level 1:colcon.colcon_core.package_identification:_identify(src/turtlebot3/turtlebot3_description) by extension 'ament_cargo'
[18.091s] Level 1:colcon.colcon_core.package_identification:_identify(src/turtlebot3/turtlebot3_description) by extensions ['ros']
[18.091s] Level 1:colcon.colcon_core.package_identification:_identify(src/turtlebot3/turtlebot3_description) by extension 'ros'
[18.092s] DEBUG:colcon.colcon_core.package_identification:Package 'src/turtlebot3/turtlebot3_description' with type 'ros.ament_cmake' and name 'turtlebot3_description'
[18.094s] Level 1:colcon.colcon_core.package_identification:_identify(src/turtlebot3/turtlebot3_example) by extensions ['ignore', 'ignore_ament_install']
[18.094s] Level 1:colcon.colcon_core.package_identification:_identify(src/turtlebot3/turtlebot3_example) by extension 'ignore'
[18.095s] Level 1:colcon.colcon_core.package_identification:_identify(src/turtlebot3/turtlebot3_example) by extension 'ignore_ament_install'
[18.095s] Level 1:colcon.colcon_core.package_identification:_identify(src/turtlebot3/turtlebot3_example) by extensions ['colcon_pkg']
[18.095s] Level 1:colcon.colcon_core.package_identification:_identify(src/turtlebot3/turtlebot3_example) by extension 'colcon_pkg'
[18.095s] Level 1:colcon.colcon_core.package_identification:_identify(src/turtlebot3/turtlebot3_example) by extensions ['colcon_meta']
[18.095s] Level 1:colcon.colcon_core.package_identification:_identify(src/turtlebot3/turtlebot3_example) by extension 'colcon_meta'
[18.095s] Level 1:colcon.colcon_core.package_identification:_identify(src/turtlebot3/turtlebot3_example) by extensions ['ament_cargo']
[18.095s] Level 1:colcon.colcon_core.package_identification:_identify(src/turtlebot3/turtlebot3_example) by extension 'ament_cargo'
[18.095s] Level 1:colcon.colcon_core.package_identification:_identify(src/turtlebot3/turtlebot3_example) by extensions ['ros']
[18.095s] Level 1:colcon.colcon_core.package_identification:_identify(src/turtlebot3/turtlebot3_example) by extension 'ros'
[18.097s] DEBUG:colcon.colcon_core.package_identification:Package 'src/turtlebot3/turtlebot3_example' with type 'ros.ament_python' and name 'turtlebot3_example'
[18.098s] Level 1:colcon.colcon_core.package_identification:_identify(src/turtlebot3/turtlebot3_navigation2) by extensions ['ignore', 'ignore_ament_install']
[18.098s] Level 1:colcon.colcon_core.package_identification:_identify(src/turtlebot3/turtlebot3_navigation2) by extension 'ignore'
[18.098s] Level 1:colcon.colcon_core.package_identification:_identify(src/turtlebot3/turtlebot3_navigation2) by extension 'ignore_ament_install'
[18.098s] Level 1:colcon.colcon_core.package_identification:_identify(src/turtlebot3/turtlebot3_navigation2) by extensions ['colcon_pkg']
[18.099s] Level 1:colcon.colcon_core.package_identification:_identify(src/turtlebot3/turtlebot3_navigation2) by extension 'colcon_pkg'
[18.099s] Level 1:colcon.colcon_core.package_identification:_identify(src/turtlebot3/turtlebot3_navigation2) by extensions ['colcon_meta']
[18.099s] Level 1:colcon.colcon_core.package_identification:_identify(src/turtlebot3/turtlebot3_navigation2) by extension 'colcon_meta'
[18.099s] Level 1:colcon.colcon_core.package_identification:_identify(src/turtlebot3/turtlebot3_navigation2) by extensions ['ament_cargo']
[18.099s] Level 1:colcon.colcon_core.package_identification:_identify(src/turtlebot3/turtlebot3_navigation2) by extension 'ament_cargo'
[18.099s] Level 1:colcon.colcon_core.package_identification:_identify(src/turtlebot3/turtlebot3_navigation2) by extensions ['ros']
[18.099s] Level 1:colcon.colcon_core.package_identification:_identify(src/turtlebot3/turtlebot3_navigation2) by extension 'ros'
[18.100s] DEBUG:colcon.colcon_core.package_identification:Package 'src/turtlebot3/turtlebot3_navigation2' with type 'ros.ament_cmake' and name 'turtlebot3_navigation2'
[18.101s] Level 1:colcon.colcon_core.package_identification:_identify(src/turtlebot3/turtlebot3_node) by extensions ['ignore', 'ignore_ament_install']
[18.101s] Level 1:colcon.colcon_core.package_identification:_identify(src/turtlebot3/turtlebot3_node) by extension 'ignore'
[18.101s] Level 1:colcon.colcon_core.package_identification:_identify(src/turtlebot3/turtlebot3_node) by extension 'ignore_ament_install'
[18.101s] Level 1:colcon.colcon_core.package_identification:_identify(src/turtlebot3/turtlebot3_node) by extensions ['colcon_pkg']
[18.102s] Level 1:colcon.colcon_core.package_identification:_identify(src/turtlebot3/turtlebot3_node) by extension 'colcon_pkg'
[18.102s] Level 1:colcon.colcon_core.package_identification:_identify(src/turtlebot3/turtlebot3_node) by extensions ['colcon_meta']
[18.102s] Level 1:colcon.colcon_core.package_identification:_identify(src/turtlebot3/turtlebot3_node) by extension 'colcon_meta'
[18.102s] Level 1:colcon.colcon_core.package_identification:_identify(src/turtlebot3/turtlebot3_node) by extensions ['ament_cargo']
[18.102s] Level 1:colcon.colcon_core.package_identification:_identify(src/turtlebot3/turtlebot3_node) by extension 'ament_cargo'
[18.102s] Level 1:colcon.colcon_core.package_identification:_identify(src/turtlebot3/turtlebot3_node) by extensions ['ros']
[18.102s] Level 1:colcon.colcon_core.package_identification:_identify(src/turtlebot3/turtlebot3_node) by extension 'ros'
[18.106s] DEBUG:colcon.colcon_core.package_identification:Package 'src/turtlebot3/turtlebot3_node' with type 'ros.ament_cmake' and name 'turtlebot3_node'
[18.106s] Level 1:colcon.colcon_core.package_identification:_identify(src/turtlebot3/turtlebot3_teleop) by extensions ['ignore', 'ignore_ament_install']
[18.106s] Level 1:colcon.colcon_core.package_identification:_identify(src/turtlebot3/turtlebot3_teleop) by extension 'ignore'
[18.106s] Level 1:colcon.colcon_core.package_identification:_identify(src/turtlebot3/turtlebot3_teleop) by extension 'ignore_ament_install'
[18.107s] Level 1:colcon.colcon_core.package_identification:_identify(src/turtlebot3/turtlebot3_teleop) by extensions ['colcon_pkg']
[18.107s] Level 1:colcon.colcon_core.package_identification:_identify(src/turtlebot3/turtlebot3_teleop) by extension 'colcon_pkg'
[18.107s] Level 1:colcon.colcon_core.package_identification:_identify(src/turtlebot3/turtlebot3_teleop) by extensions ['colcon_meta']
[18.107s] Level 1:colcon.colcon_core.package_identification:_identify(src/turtlebot3/turtlebot3_teleop) by extension 'colcon_meta'
[18.107s] Level 1:colcon.colcon_core.package_identification:_identify(src/turtlebot3/turtlebot3_teleop) by extensions ['ament_cargo']
[18.107s] Level 1:colcon.colcon_core.package_identification:_identify(src/turtlebot3/turtlebot3_teleop) by extension 'ament_cargo'
[18.107s] Level 1:colcon.colcon_core.package_identification:_identify(src/turtlebot3/turtlebot3_teleop) by extensions ['ros']
[18.107s] Level 1:colcon.colcon_core.package_identification:_identify(src/turtlebot3/turtlebot3_teleop) by extension 'ros'
[18.108s] DEBUG:colcon.colcon_core.package_identification:Package 'src/turtlebot3/turtlebot3_teleop' with type 'ros.ament_python' and name 'turtlebot3_teleop'
[18.109s] Level 1:colcon.colcon_core.package_identification:_identify(src/turtlebot3_msgs) by extensions ['ignore', 'ignore_ament_install']
[18.109s] Level 1:colcon.colcon_core.package_identification:_identify(src/turtlebot3_msgs) by extension 'ignore'
[18.109s] Level 1:colcon.colcon_core.package_identification:_identify(src/turtlebot3_msgs) by extension 'ignore_ament_install'
[18.109s] Level 1:colcon.colcon_core.package_identification:_identify(src/turtlebot3_msgs) by extensions ['colcon_pkg']
[18.109s] Level 1:colcon.colcon_core.package_identification:_identify(src/turtlebot3_msgs) by extension 'colcon_pkg'
[18.110s] Level 1:colcon.colcon_core.package_identification:_identify(src/turtlebot3_msgs) by extensions ['colcon_meta']
[18.110s] Level 1:colcon.colcon_core.package_identification:_identify(src/turtlebot3_msgs) by extension 'colcon_meta'
[18.110s] Level 1:colcon.colcon_core.package_identification:_identify(src/turtlebot3_msgs) by extensions ['ament_cargo']
[18.110s] Level 1:colcon.colcon_core.package_identification:_identify(src/turtlebot3_msgs) by extension 'ament_cargo'
[18.110s] Level 1:colcon.colcon_core.package_identification:_identify(src/turtlebot3_msgs) by extensions ['ros']
[18.110s] Level 1:colcon.colcon_core.package_identification:_identify(src/turtlebot3_msgs) by extension 'ros'
[18.112s] DEBUG:colcon.colcon_core.package_identification:Package 'src/turtlebot3_msgs' with type 'ros.ament_cmake' and name 'turtlebot3_msgs'
[18.112s] Level 1:colcon.colcon_core.package_identification:_identify(src/turtlebot3_simulations) by extensions ['ignore', 'ignore_ament_install']
[18.112s] Level 1:colcon.colcon_core.package_identification:_identify(src/turtlebot3_simulations) by extension 'ignore'
[18.113s] Level 1:colcon.colcon_core.package_identification:_identify(src/turtlebot3_simulations) by extension 'ignore_ament_install'
[18.113s] Level 1:colcon.colcon_core.package_identification:_identify(src/turtlebot3_simulations) by extensions ['colcon_pkg']
[18.113s] Level 1:colcon.colcon_core.package_identification:_identify(src/turtlebot3_simulations) by extension 'colcon_pkg'
[18.114s] Level 1:colcon.colcon_core.package_identification:_identify(src/turtlebot3_simulations) by extensions ['colcon_meta']
[18.114s] Level 1:colcon.colcon_core.package_identification:_identify(src/turtlebot3_simulations) by extension 'colcon_meta'
[18.114s] Level 1:colcon.colcon_core.package_identification:_identify(src/turtlebot3_simulations) by extensions ['ament_cargo']
[18.114s] Level 1:colcon.colcon_core.package_identification:_identify(src/turtlebot3_simulations) by extension 'ament_cargo'
[18.114s] Level 1:colcon.colcon_core.package_identification:_identify(src/turtlebot3_simulations) by extensions ['ros']
[18.114s] Level 1:colcon.colcon_core.package_identification:_identify(src/turtlebot3_simulations) by extension 'ros'
[18.114s] Level 1:colcon.colcon_core.package_identification:_identify(src/turtlebot3_simulations) by extensions ['cargo', 'cmake', 'python']
[18.114s] Level 1:colcon.colcon_core.package_identification:_identify(src/turtlebot3_simulations) by extension 'cargo'
[18.114s] Level 1:colcon.colcon_core.package_identification:_identify(src/turtlebot3_simulations) by extension 'cmake'
[18.114s] Level 1:colcon.colcon_core.package_identification:_identify(src/turtlebot3_simulations) by extension 'python'
[18.114s] Level 1:colcon.colcon_core.package_identification:_identify(src/turtlebot3_simulations) by extensions ['python_setup_py']
[18.115s] Level 1:colcon.colcon_core.package_identification:_identify(src/turtlebot3_simulations) by extension 'python_setup_py'
[18.115s] Level 1:colcon.colcon_core.package_identification:_identify(src/turtlebot3_simulations/turtlebot3_fake_node) by extensions ['ignore', 'ignore_ament_install']
[18.115s] Level 1:colcon.colcon_core.package_identification:_identify(src/turtlebot3_simulations/turtlebot3_fake_node) by extension 'ignore'
[18.115s] Level 1:colcon.colcon_core.package_identification:_identify(src/turtlebot3_simulations/turtlebot3_fake_node) by extension 'ignore_ament_install'
[18.115s] Level 1:colcon.colcon_core.package_identification:_identify(src/turtlebot3_simulations/turtlebot3_fake_node) by extensions ['colcon_pkg']
[18.115s] Level 1:colcon.colcon_core.package_identification:_identify(src/turtlebot3_simulations/turtlebot3_fake_node) by extension 'colcon_pkg'
[18.116s] Level 1:colcon.colcon_core.package_identification:_identify(src/turtlebot3_simulations/turtlebot3_fake_node) by extensions ['colcon_meta']
[18.116s] Level 1:colcon.colcon_core.package_identification:_identify(src/turtlebot3_simulations/turtlebot3_fake_node) by extension 'colcon_meta'
[18.116s] Level 1:colcon.colcon_core.package_identification:_identify(src/turtlebot3_simulations/turtlebot3_fake_node) by extensions ['ament_cargo']
[18.116s] Level 1:colcon.colcon_core.package_identification:_identify(src/turtlebot3_simulations/turtlebot3_fake_node) by extension 'ament_cargo'
[18.116s] Level 1:colcon.colcon_core.package_identification:_identify(src/turtlebot3_simulations/turtlebot3_fake_node) by extensions ['ros']
[18.116s] Level 1:colcon.colcon_core.package_identification:_identify(src/turtlebot3_simulations/turtlebot3_fake_node) by extension 'ros'
[18.120s] DEBUG:colcon.colcon_core.package_identification:Package 'src/turtlebot3_simulations/turtlebot3_fake_node' with type 'ros.ament_cmake' and name 'turtlebot3_fake_node'
[18.120s] Level 1:colcon.colcon_core.package_identification:_identify(src/turtlebot3_simulations/turtlebot3_gazebo) by extensions ['ignore', 'ignore_ament_install']
[18.120s] Level 1:colcon.colcon_core.package_identification:_identify(src/turtlebot3_simulations/turtlebot3_gazebo) by extension 'ignore'
[18.120s] Level 1:colcon.colcon_core.package_identification:_identify(src/turtlebot3_simulations/turtlebot3_gazebo) by extension 'ignore_ament_install'
[18.120s] Level 1:colcon.colcon_core.package_identification:_identify(src/turtlebot3_simulations/turtlebot3_gazebo) by extensions ['colcon_pkg']
[18.120s] Level 1:colcon.colcon_core.package_identification:_identify(src/turtlebot3_simulations/turtlebot3_gazebo) by extension 'colcon_pkg'
[18.121s] Level 1:colcon.colcon_core.package_identification:_identify(src/turtlebot3_simulations/turtlebot3_gazebo) by extensions ['colcon_meta']
[18.121s] Level 1:colcon.colcon_core.package_identification:_identify(src/turtlebot3_simulations/turtlebot3_gazebo) by extension 'colcon_meta'
[18.121s] Level 1:colcon.colcon_core.package_identification:_identify(src/turtlebot3_simulations/turtlebot3_gazebo) by extensions ['ament_cargo']
[18.121s] Level 1:colcon.colcon_core.package_identification:_identify(src/turtlebot3_simulations/turtlebot3_gazebo) by extension 'ament_cargo'
[18.121s] Level 1:colcon.colcon_core.package_identification:_identify(src/turtlebot3_simulations/turtlebot3_gazebo) by extensions ['ros']
[18.121s] Level 1:colcon.colcon_core.package_identification:_identify(src/turtlebot3_simulations/turtlebot3_gazebo) by extension 'ros'
[18.126s] DEBUG:colcon.colcon_core.package_identification:Package 'src/turtlebot3_simulations/turtlebot3_gazebo' with type 'ros.ament_cmake' and name 'turtlebot3_gazebo'
[18.126s] Level 1:colcon.colcon_core.package_identification:_identify(src/turtlebot3_simulations/turtlebot3_simulations) by extensions ['ignore', 'ignore_ament_install']
[18.126s] Level 1:colcon.colcon_core.package_identification:_identify(src/turtlebot3_simulations/turtlebot3_simulations) by extension 'ignore'
[18.126s] Level 1:colcon.colcon_core.package_identification:_identify(src/turtlebot3_simulations/turtlebot3_simulations) by extension 'ignore_ament_install'
[18.126s] Level 1:colcon.colcon_core.package_identification:_identify(src/turtlebot3_simulations/turtlebot3_simulations) by extensions ['colcon_pkg']
[18.126s] Level 1:colcon.colcon_core.package_identification:_identify(src/turtlebot3_simulations/turtlebot3_simulations) by extension 'colcon_pkg'
[18.126s] Level 1:colcon.colcon_core.package_identification:_identify(src/turtlebot3_simulations/turtlebot3_simulations) by extensions ['colcon_meta']
[18.126s] Level 1:colcon.colcon_core.package_identification:_identify(src/turtlebot3_simulations/turtlebot3_simulations) by extension 'colcon_meta'
[18.126s] Level 1:colcon.colcon_core.package_identification:_identify(src/turtlebot3_simulations/turtlebot3_simulations) by extensions ['ament_cargo']
[18.127s] Level 1:colcon.colcon_core.package_identification:_identify(src/turtlebot3_simulations/turtlebot3_simulations) by extension 'ament_cargo'
[18.127s] Level 1:colcon.colcon_core.package_identification:_identify(src/turtlebot3_simulations/turtlebot3_simulations) by extensions ['ros']
[18.127s] Level 1:colcon.colcon_core.package_identification:_identify(src/turtlebot3_simulations/turtlebot3_simulations) by extension 'ros'
[18.128s] DEBUG:colcon.colcon_core.package_identification:Package 'src/turtlebot3_simulations/turtlebot3_simulations' with type 'ros.ament_cmake' and name 'turtlebot3_simulations'
[18.128s] Level 1:colcon.colcon_core.package_identification:_identify(src/turtlebot_bringup) by extensions ['ignore', 'ignore_ament_install']
[18.128s] Level 1:colcon.colcon_core.package_identification:_identify(src/turtlebot_bringup) by extension 'ignore'
[18.128s] Level 1:colcon.colcon_core.package_identification:_identify(src/turtlebot_bringup) by extension 'ignore_ament_install'
[18.128s] Level 1:colcon.colcon_core.package_identification:_identify(src/turtlebot_bringup) by extensions ['colcon_pkg']
[18.128s] Level 1:colcon.colcon_core.package_identification:_identify(src/turtlebot_bringup) by extension 'colcon_pkg'
[18.128s] Level 1:colcon.colcon_core.package_identification:_identify(src/turtlebot_bringup) by extensions ['colcon_meta']
[18.128s] Level 1:colcon.colcon_core.package_identification:_identify(src/turtlebot_bringup) by extension 'colcon_meta'
[18.128s] Level 1:colcon.colcon_core.package_identification:_identify(src/turtlebot_bringup) by extensions ['ament_cargo']
[18.129s] Level 1:colcon.colcon_core.package_identification:_identify(src/turtlebot_bringup) by extension 'ament_cargo'
[18.129s] Level 1:colcon.colcon_core.package_identification:_identify(src/turtlebot_bringup) by extensions ['ros']
[18.129s] Level 1:colcon.colcon_core.package_identification:_identify(src/turtlebot_bringup) by extension 'ros'
[18.129s] DEBUG:colcon.colcon_core.package_identification:Package 'src/turtlebot_bringup' with type 'ros.ament_cmake' and name 'turtlebot_bringup'
[18.130s] Level 1:colcon.colcon_core.package_discovery:discover_packages(recursive) using defaults
[18.130s] Level 1:colcon.colcon_core.package_discovery:discover_packages(ignore) discover
[18.130s] Level 1:colcon.colcon_core.package_discovery:discover_packages(ignore) using defaults
[18.130s] Level 1:colcon.colcon_core.package_discovery:discover_packages(path) discover
[18.130s] Level 1:colcon.colcon_core.package_discovery:discover_packages(path) using defaults
[18.489s] INFO:colcon.colcon_core.package_selection:Skipping not selected package 'dynamixel_sdk' in 'src/DynamixelSDK/dynamixel_sdk'
[18.489s] INFO:colcon.colcon_core.package_selection:Skipping not selected package 'dynamixel_sdk_custom_interfaces' in 'src/DynamixelSDK/dynamixel_sdk_custom_interfaces'
[18.489s] INFO:colcon.colcon_core.package_selection:Skipping not selected package 'turtlebot3_cartographer' in 'src/turtlebot3/turtlebot3_cartographer'
[18.496s] INFO:colcon.colcon_core.package_selection:Skipping not selected package 'turtlebot3_description' in 'src/turtlebot3/turtlebot3_description'
[18.496s] INFO:colcon.colcon_core.package_selection:Skipping not selected package 'turtlebot3_gazebo' in 'src/turtlebot3_simulations/turtlebot3_gazebo'
[18.496s] INFO:colcon.colcon_core.package_selection:Skipping not selected package 'turtlebot3_msgs' in 'src/turtlebot3_msgs'
[18.496s] INFO:colcon.colcon_core.package_selection:Skipping not selected package 'turtlebot3_navigation2' in 'src/turtlebot3/turtlebot3_navigation2'
[18.496s] INFO:colcon.colcon_core.package_selection:Skipping not selected package 'turtlebot3_teleop' in 'src/turtlebot3/turtlebot3_teleop'
[18.496s] INFO:colcon.colcon_core.package_selection:Skipping not selected package 'dynamixel_sdk_examples' in 'src/DynamixelSDK/dynamixel_sdk_examples'
[18.496s] INFO:colcon.colcon_core.package_selection:Skipping not selected package 'turtlebot3_example' in 'src/turtlebot3/turtlebot3_example'
[18.496s] INFO:colcon.colcon_core.package_selection:Skipping not selected package 'turtlebot3_fake_node' in 'src/turtlebot3_simulations/turtlebot3_fake_node'
[18.496s] INFO:colcon.colcon_core.package_selection:Skipping not selected package 'turtlebot3_node' in 'src/turtlebot3/turtlebot3_node'
[18.496s] INFO:colcon.colcon_core.package_selection:Skipping not selected package 'turtlebot3_bringup' in 'src/turtlebot3/turtlebot3_bringup'
[18.496s] INFO:colcon.colcon_core.package_selection:Skipping not selected package 'turtlebot3_simulations' in 'src/turtlebot3_simulations/turtlebot3_simulations'
[18.496s] INFO:colcon.colcon_core.package_selection:Skipping not selected package 'turtlebot3' in 'src/turtlebot3/turtlebot3'
[18.507s] Level 5:colcon.colcon_core.verb:set package 'turtlebot_bringup' build argument 'lookup_in_workspace' from command line to 'False'
[18.507s] Level 5:colcon.colcon_core.verb:set package 'turtlebot_bringup' build argument 'cargo_args' from command line to 'None'
[18.507s] Level 5:colcon.colcon_core.verb:set package 'turtlebot_bringup' build argument 'clean_build' from command line to 'False'
[18.507s] Level 5:colcon.colcon_core.verb:set package 'turtlebot_bringup' build argument 'cmake_args' from command line to 'None'
[18.507s] Level 5:colcon.colcon_core.verb:set package 'turtlebot_bringup' build argument 'cmake_target' from command line to 'None'
[18.507s] Level 5:colcon.colcon_core.verb:set package 'turtlebot_bringup' build argument 'cmake_target_skip_unavailable' from command line to 'False'
[18.507s] Level 5:colcon.colcon_core.verb:set package 'turtlebot_bringup' build argument 'cmake_clean_cache' from command line to 'False'
[18.507s] Level 5:colcon.colcon_core.verb:set package 'turtlebot_bringup' build argument 'cmake_clean_first' from command line to 'False'
[18.507s] Level 5:colcon.colcon_core.verb:set package 'turtlebot_bringup' build argument 'cmake_force_configure' from command line to 'False'
[18.507s] Level 5:colcon.colcon_core.verb:set package 'turtlebot_bringup' build argument 'ament_cmake_args' from command line to 'None'
[18.507s] Level 5:colcon.colcon_core.verb:set package 'turtlebot_bringup' build argument 'catkin_cmake_args' from command line to 'None'
[18.507s] Level 5:colcon.colcon_core.verb:set package 'turtlebot_bringup' build argument 'catkin_skip_building_tests' from command line to 'False'
[18.507s] DEBUG:colcon.colcon_core.verb:Building package 'turtlebot_bringup' with the following arguments: {'ament_cmake_args': None, 'build_base': '/home/user/ros2_ws/build/turtlebot_bringup', 'cargo_args': None, 'catkin_cmake_args': None, 'catkin_skip_building_tests': False, 'clean_build': False, 'cmake_args': None, 'cmake_clean_cache': False, 'cmake_clean_first': False, 'cmake_force_configure': False, 'cmake_target': None, 'cmake_target_skip_unavailable': False, 'install_base': '/home/user/ros2_ws/install/turtlebot_bringup', 'lookup_in_workspace': False, 'merge_install': False, 'path': '/home/user/ros2_ws/src/turtlebot_bringup', 'symlink_install': False, 'test_result_base': None}
[18.509s] INFO:colcon.colcon_core.executor:Executing jobs using 'parallel' executor
[18.517s] DEBUG:colcon.colcon_parallel_executor.executor.parallel:run_until_complete
[18.517s] INFO:colcon.colcon_ros.task.ament_cmake.build:Building ROS package in '/home/user/ros2_ws/src/turtlebot_bringup' with build type 'ament_cmake'
[18.518s] INFO:colcon.colcon_cmake.task.cmake.build:Building CMake package in '/home/user/ros2_ws/src/turtlebot_bringup'
[18.686s] INFO:colcon.colcon_core.plugin_system:Skipping extension 'colcon_core.shell.bat': Not used on non-Windows systems
[18.686s] INFO:colcon.colcon_core.shell:Skip shell extension 'powershell' for command environment: Not usable outside of PowerShell
[18.686s] DEBUG:colcon.colcon_core.shell:Skip shell extension 'dsv' for command environment
[18.705s] WARNING:colcon.colcon_ros.prefix_path.ament:The path '/home/user/ros2_ws/install/turtlebot_bringup' in the environment variable AMENT_PREFIX_PATH doesn't exist
[18.708s] WARNING:colcon.colcon_ros.prefix_path.catkin:The path '/home/user/ros2_ws/install/turtlebot_bringup' in the environment variable CMAKE_PREFIX_PATH doesn't exist
[19.121s] DEBUG:colcon.colcon_core.event_handler.log_command:Invoking command in '/home/user/ros2_ws/build/turtlebot_bringup': CMAKE_PREFIX_PATH=${CMAKE_PREFIX_PATH}:/home/simulations/ros2_sims_ws/install/rclrs_tests:/home/simulations/ros2_sims_ws/install/examples_rclrs_minimal_client_service:/home/simulations/ros2_sims_ws/install/sensor_msgs_py:/home/simulations/ros2_sims_ws/install/examples_rclrs_minimal_pub_sub:/home/simulations/ros2_sims_ws/install/examples_rclrs_message_demo:/home/simulations/ros2_sims_ws/install/rclrs:/home/simulations/ros2_sims_ws/install/rosidl_runtime_rs:/home/user/ros2_ws/install/turtlebot3_teleop:/home/user/ros2_ws/install/turtlebot3_example:/opt/ros/humble _=/usr/bin/env /usr/bin/cmake /home/user/ros2_ws/src/turtlebot_bringup -DCMAKE_INSTALL_PREFIX=/home/user/ros2_ws/install/turtlebot_bringup
[41.690s] DEBUG:colcon.colcon_core.event_handler.log_command:Invoked command in '/home/user/ros2_ws/build/turtlebot_bringup' returned '0': CMAKE_PREFIX_PATH=${CMAKE_PREFIX_PATH}:/home/simulations/ros2_sims_ws/install/rclrs_tests:/home/simulations/ros2_sims_ws/install/examples_rclrs_minimal_client_service:/home/simulations/ros2_sims_ws/install/sensor_msgs_py:/home/simulations/ros2_sims_ws/install/examples_rclrs_minimal_pub_sub:/home/simulations/ros2_sims_ws/install/examples_rclrs_message_demo:/home/simulations/ros2_sims_ws/install/rclrs:/home/simulations/ros2_sims_ws/install/rosidl_runtime_rs:/home/user/ros2_ws/install/turtlebot3_teleop:/home/user/ros2_ws/install/turtlebot3_example:/opt/ros/humble _=/usr/bin/env /usr/bin/cmake /home/user/ros2_ws/src/turtlebot_bringup -DCMAKE_INSTALL_PREFIX=/home/user/ros2_ws/install/turtlebot_bringup
[41.706s] DEBUG:colcon.colcon_core.event_handler.log_command:Invoking command in '/home/user/ros2_ws/build/turtlebot_bringup': CMAKE_PREFIX_PATH=${CMAKE_PREFIX_PATH}:/home/simulations/ros2_sims_ws/install/rclrs_tests:/home/simulations/ros2_sims_ws/install/examples_rclrs_minimal_client_service:/home/simulations/ros2_sims_ws/install/sensor_msgs_py:/home/simulations/ros2_sims_ws/install/examples_rclrs_minimal_pub_sub:/home/simulations/ros2_sims_ws/install/examples_rclrs_message_demo:/home/simulations/ros2_sims_ws/install/rclrs:/home/simulations/ros2_sims_ws/install/rosidl_runtime_rs:/home/user/ros2_ws/install/turtlebot3_teleop:/home/user/ros2_ws/install/turtlebot3_example:/opt/ros/humble _=/usr/bin/env /usr/bin/cmake --build /home/user/ros2_ws/build/turtlebot_bringup -- -j8 -l8
[42.095s] DEBUG:colcon.colcon_core.event_handler.log_command:Invoked command in '/home/user/ros2_ws/build/turtlebot_bringup' returned '0': CMAKE_PREFIX_PATH=${CMAKE_PREFIX_PATH}:/home/simulations/ros2_sims_ws/install/rclrs_tests:/home/simulations/ros2_sims_ws/install/examples_rclrs_minimal_client_service:/home/simulations/ros2_sims_ws/install/sensor_msgs_py:/home/simulations/ros2_sims_ws/install/examples_rclrs_minimal_pub_sub:/home/simulations/ros2_sims_ws/install/examples_rclrs_message_demo:/home/simulations/ros2_sims_ws/install/rclrs:/home/simulations/ros2_sims_ws/install/rosidl_runtime_rs:/home/user/ros2_ws/install/turtlebot3_teleop:/home/user/ros2_ws/install/turtlebot3_example:/opt/ros/humble _=/usr/bin/env /usr/bin/cmake --build /home/user/ros2_ws/build/turtlebot_bringup -- -j8 -l8
[42.606s] DEBUG:colcon.colcon_core.event_handler.log_command:Invoking command in '/home/user/ros2_ws/build/turtlebot_bringup': CMAKE_PREFIX_PATH=${CMAKE_PREFIX_PATH}:/home/simulations/ros2_sims_ws/install/rclrs_tests:/home/simulations/ros2_sims_ws/install/examples_rclrs_minimal_client_service:/home/simulations/ros2_sims_ws/install/sensor_msgs_py:/home/simulations/ros2_sims_ws/install/examples_rclrs_minimal_pub_sub:/home/simulations/ros2_sims_ws/install/examples_rclrs_message_demo:/home/simulations/ros2_sims_ws/install/rclrs:/home/simulations/ros2_sims_ws/install/rosidl_runtime_rs:/home/user/ros2_ws/install/turtlebot3_teleop:/home/user/ros2_ws/install/turtlebot3_example:/opt/ros/humble _=/usr/bin/env /usr/bin/cmake --install /home/user/ros2_ws/build/turtlebot_bringup
[42.696s] Level 1:colcon.colcon_core.environment:create_environment_scripts_only(turtlebot_bringup)
[42.696s] DEBUG:colcon.colcon_core.event_handler.log_command:Invoked command in '/home/user/ros2_ws/build/turtlebot_bringup' returned '0': CMAKE_PREFIX_PATH=${CMAKE_PREFIX_PATH}:/home/simulations/ros2_sims_ws/install/rclrs_tests:/home/simulations/ros2_sims_ws/install/examples_rclrs_minimal_client_service:/home/simulations/ros2_sims_ws/install/sensor_msgs_py:/home/simulations/ros2_sims_ws/install/examples_rclrs_minimal_pub_sub:/home/simulations/ros2_sims_ws/install/examples_rclrs_message_demo:/home/simulations/ros2_sims_ws/install/rclrs:/home/simulations/ros2_sims_ws/install/rosidl_runtime_rs:/home/user/ros2_ws/install/turtlebot3_teleop:/home/user/ros2_ws/install/turtlebot3_example:/opt/ros/humble _=/usr/bin/env /usr/bin/cmake --install /home/user/ros2_ws/build/turtlebot_bringup
[42.724s] Level 1:colcon.colcon_core.environment:checking '/home/user/ros2_ws/install/turtlebot_bringup' for CMake module files
[42.725s] Level 1:colcon.colcon_core.environment:checking '/home/user/ros2_ws/install/turtlebot_bringup' for CMake config files
[42.725s] Level 1:colcon.colcon_core.shell:create_environment_hook('turtlebot_bringup', 'cmake_prefix_path')
[42.737s] INFO:colcon.colcon_core.shell:Creating environment hook '/home/user/ros2_ws/install/turtlebot_bringup/share/turtlebot_bringup/hook/cmake_prefix_path.ps1'
[42.789s] INFO:colcon.colcon_core.shell:Creating environment descriptor '/home/user/ros2_ws/install/turtlebot_bringup/share/turtlebot_bringup/hook/cmake_prefix_path.dsv'
[42.795s] INFO:colcon.colcon_core.shell:Creating environment hook '/home/user/ros2_ws/install/turtlebot_bringup/share/turtlebot_bringup/hook/cmake_prefix_path.sh'
[42.810s] Level 1:colcon.colcon_core.environment:checking '/home/user/ros2_ws/install/turtlebot_bringup/bin'
[42.810s] Level 1:colcon.colcon_core.environment:checking '/home/user/ros2_ws/install/turtlebot_bringup/lib/pkgconfig/turtlebot_bringup.pc'
[42.817s] Level 1:colcon.colcon_core.environment:checking '/home/user/ros2_ws/install/turtlebot_bringup/lib/python3.10/site-packages'
[42.890s] Level 1:colcon.colcon_core.environment:checking '/home/user/ros2_ws/install/turtlebot_bringup/bin'
[42.893s] INFO:colcon.colcon_core.shell:Creating package script '/home/user/ros2_ws/install/turtlebot_bringup/share/turtlebot_bringup/package.ps1'
[42.989s] INFO:colcon.colcon_core.shell:Creating package descriptor '/home/user/ros2_ws/install/turtlebot_bringup/share/turtlebot_bringup/package.dsv'
[42.994s] INFO:colcon.colcon_core.shell:Creating package script '/home/user/ros2_ws/install/turtlebot_bringup/share/turtlebot_bringup/package.sh'
[42.997s] INFO:colcon.colcon_core.shell:Creating package script '/home/user/ros2_ws/install/turtlebot_bringup/share/turtlebot_bringup/package.bash'
[43.007s] INFO:colcon.colcon_core.shell:Creating package script '/home/user/ros2_ws/install/turtlebot_bringup/share/turtlebot_bringup/package.zsh'
[43.010s] Level 1:colcon.colcon_core.environment:create_file_with_runtime_dependencies(/home/user/ros2_ws/install/turtlebot_bringup/share/colcon-core/packages/turtlebot_bringup)
[43.599s] Level 1:colcon.colcon_core.environment:create_environment_scripts_only(turtlebot_bringup)
[43.603s] Level 1:colcon.colcon_core.environment:checking '/home/user/ros2_ws/install/turtlebot_bringup' for CMake module files
[43.604s] Level 1:colcon.colcon_core.environment:checking '/home/user/ros2_ws/install/turtlebot_bringup' for CMake config files
[43.605s] Level 1:colcon.colcon_core.shell:create_environment_hook('turtlebot_bringup', 'cmake_prefix_path')
[43.610s] INFO:colcon.colcon_core.shell:Creating environment hook '/home/user/ros2_ws/install/turtlebot_bringup/share/turtlebot_bringup/hook/cmake_prefix_path.ps1'
[43.611s] INFO:colcon.colcon_core.shell:Creating environment descriptor '/home/user/ros2_ws/install/turtlebot_bringup/share/turtlebot_bringup/hook/cmake_prefix_path.dsv'
[43.612s] INFO:colcon.colcon_core.shell:Creating environment hook '/home/user/ros2_ws/install/turtlebot_bringup/share/turtlebot_bringup/hook/cmake_prefix_path.sh'
[43.613s] Level 1:colcon.colcon_core.environment:checking '/home/user/ros2_ws/install/turtlebot_bringup/bin'
[43.614s] Level 1:colcon.colcon_core.environment:checking '/home/user/ros2_ws/install/turtlebot_bringup/lib/pkgconfig/turtlebot_bringup.pc'
[43.614s] Level 1:colcon.colcon_core.environment:checking '/home/user/ros2_ws/install/turtlebot_bringup/lib/python3.10/site-packages'
[43.614s] Level 1:colcon.colcon_core.environment:checking '/home/user/ros2_ws/install/turtlebot_bringup/bin'
[43.617s] INFO:colcon.colcon_core.shell:Creating package script '/home/user/ros2_ws/install/turtlebot_bringup/share/turtlebot_bringup/package.ps1'
[43.618s] INFO:colcon.colcon_core.shell:Creating package descriptor '/home/user/ros2_ws/install/turtlebot_bringup/share/turtlebot_bringup/package.dsv'
[43.619s] INFO:colcon.colcon_core.shell:Creating package script '/home/user/ros2_ws/install/turtlebot_bringup/share/turtlebot_bringup/package.sh'
[43.620s] INFO:colcon.colcon_core.shell:Creating package script '/home/user/ros2_ws/install/turtlebot_bringup/share/turtlebot_bringup/package.bash'
[43.620s] INFO:colcon.colcon_core.shell:Creating package script '/home/user/ros2_ws/install/turtlebot_bringup/share/turtlebot_bringup/package.zsh'
[43.621s] Level 1:colcon.colcon_core.environment:create_file_with_runtime_dependencies(/home/user/ros2_ws/install/turtlebot_bringup/share/colcon-core/packages/turtlebot_bringup)
[43.624s] DEBUG:colcon.colcon_parallel_executor.executor.parallel:closing loop
[43.625s] DEBUG:colcon.colcon_parallel_executor.executor.parallel:loop closed
[43.625s] DEBUG:colcon.colcon_parallel_executor.executor.parallel:run_until_complete finished with '0'
[43.625s] DEBUG:colcon.colcon_core.event_reactor:joining thread
[43.820s] INFO:colcon.colcon_core.plugin_system:Skipping extension 'colcon_notification.desktop_notification.notify_send': Could not find 'notify-send'
[43.820s] INFO:colcon.colcon_core.plugin_system:Skipping extension 'colcon_notification.desktop_notification.terminal_notifier': Not used on non-Darwin systems
[43.820s] INFO:colcon.colcon_core.plugin_system:Skipping extension 'colcon_notification.desktop_notification.win32': Not used on non-Windows systems
[43.820s] INFO:colcon.colcon_notification.desktop_notification:Sending desktop notification using 'notify2'
[43.892s] DEBUG:colcon.colcon_notification.desktop_notification.notify2:Failed to initialize notify2: org.freedesktop.DBus.Error.Spawn.ExecFailed: /usr/bin/dbus-launch terminated abnormally without any error message
[43.893s] DEBUG:colcon.colcon_core.event_reactor:joined thread
[43.898s] INFO:colcon.colcon_core.shell:Creating prefix script '/home/user/ros2_ws/install/local_setup.ps1'
[43.901s] INFO:colcon.colcon_core.shell:Creating prefix util module '/home/user/ros2_ws/install/_local_setup_util_ps1.py'
[43.905s] INFO:colcon.colcon_core.shell:Creating prefix chain script '/home/user/ros2_ws/install/setup.ps1'
[43.930s] INFO:colcon.colcon_core.shell:Creating prefix script '/home/user/ros2_ws/install/local_setup.sh'
[43.931s] INFO:colcon.colcon_core.shell:Creating prefix util module '/home/user/ros2_ws/install/_local_setup_util_sh.py'
[43.932s] INFO:colcon.colcon_core.shell:Creating prefix chain script '/home/user/ros2_ws/install/setup.sh'
[43.990s] INFO:colcon.colcon_core.shell:Creating prefix script '/home/user/ros2_ws/install/local_setup.bash'
[43.992s] INFO:colcon.colcon_core.shell:Creating prefix chain script '/home/user/ros2_ws/install/setup.bash'
[44.000s] INFO:colcon.colcon_core.shell:Creating prefix script '/home/user/ros2_ws/install/local_setup.zsh'
[44.002s] INFO:colcon.colcon_core.shell:Creating prefix chain script '/home/user/ros2_ws/install/setup.zsh'
