[1.402s] Invoking command in '/home/user/simulation_ws/build/tortoisebot_firmware': CMAKE_PREFIX_PATH=${CMAKE_PREFIX_PATH}:/home/user/simulation_ws/install/tortoisebot_localization:/home/user/simulation_ws/install/tortoisebot_control:/home/user/simulation_ws/install/ros2_aruco:/home/simulations/ros2_sims_ws/install/rclrs_tests:/home/simulations/ros2_sims_ws/install/examples_rclrs_minimal_client_service:/home/simulations/ros2_sims_ws/install/sensor_msgs_py:/home/simulations/ros2_sims_ws/install/examples_rclrs_minimal_pub_sub:/home/simulations/ros2_sims_ws/install/examples_rclrs_message_demo:/home/simulations/ros2_sims_ws/install/rclrs:/home/simulations/ros2_sims_ws/install/rosidl_runtime_rs:/home/user/ros2_ws/install/opencv_tests:/opt/ros/humble _=/usr/bin/env /usr/bin/cmake --build /home/user/simulation_ws/build/tortoisebot_firmware -- -j8 -l8
[1.745s] Built target ament_cmake_python_copy_tortoisebot_firmware
[2.407s] running egg_info
[2.407s] writing tortoisebot_firmware.egg-info/PKG-INFO
[2.411s] writing dependency_links to tortoisebot_firmware.egg-info/dependency_links.txt
[2.412s] writing top-level names to tortoisebot_firmware.egg-info/top_level.txt
[2.412s] reading manifest file 'tortoisebot_firmware.egg-info/SOURCES.txt'
[2.412s] writing manifest file 'tortoisebot_firmware.egg-info/SOURCES.txt'
[2.594s] Built target ament_cmake_python_build_tortoisebot_firmware_egg
[2.622s] Invoked command in '/home/user/simulation_ws/build/tortoisebot_firmware' returned '0': CMAKE_PREFIX_PATH=${CMAKE_PREFIX_PATH}:/home/user/simulation_ws/install/tortoisebot_localization:/home/user/simulation_ws/install/tortoisebot_control:/home/user/simulation_ws/install/ros2_aruco:/home/simulations/ros2_sims_ws/install/rclrs_tests:/home/simulations/ros2_sims_ws/install/examples_rclrs_minimal_client_service:/home/simulations/ros2_sims_ws/install/sensor_msgs_py:/home/simulations/ros2_sims_ws/install/examples_rclrs_minimal_pub_sub:/home/simulations/ros2_sims_ws/install/examples_rclrs_message_demo:/home/simulations/ros2_sims_ws/install/rclrs:/home/simulations/ros2_sims_ws/install/rosidl_runtime_rs:/home/user/ros2_ws/install/opencv_tests:/opt/ros/humble _=/usr/bin/env /usr/bin/cmake --build /home/user/simulation_ws/build/tortoisebot_firmware -- -j8 -l8
[3.096s] Invoking command in '/home/user/simulation_ws/build/tortoisebot_firmware': CMAKE_PREFIX_PATH=${CMAKE_PREFIX_PATH}:/home/user/simulation_ws/install/tortoisebot_localization:/home/user/simulation_ws/install/tortoisebot_control:/home/user/simulation_ws/install/ros2_aruco:/home/simulations/ros2_sims_ws/install/rclrs_tests:/home/simulations/ros2_sims_ws/install/examples_rclrs_minimal_client_service:/home/simulations/ros2_sims_ws/install/sensor_msgs_py:/home/simulations/ros2_sims_ws/install/examples_rclrs_minimal_pub_sub:/home/simulations/ros2_sims_ws/install/examples_rclrs_message_demo:/home/simulations/ros2_sims_ws/install/rclrs:/home/simulations/ros2_sims_ws/install/rosidl_runtime_rs:/home/user/ros2_ws/install/opencv_tests:/opt/ros/humble _=/usr/bin/env /usr/bin/cmake --install /home/user/simulation_ws/build/tortoisebot_firmware
[3.116s] -- Install configuration: ""
[3.116s] -- Up-to-date: /home/user/simulation_ws/install/tortoisebot_firmware/share/tortoisebot_firmware/environment/pythonpath.sh
[3.116s] -- Up-to-date: /home/user/simulation_ws/install/tortoisebot_firmware/share/tortoisebot_firmware/environment/pythonpath.dsv
[3.117s] -- Up-to-date: /home/user/simulation_ws/install/tortoisebot_firmware/local/lib/python3.10/dist-packages/tortoisebot_firmware-0.0.0-py3.10.egg-info
[3.117s] -- Installing: /home/user/simulation_ws/install/tortoisebot_firmware/local/lib/python3.10/dist-packages/tortoisebot_firmware-0.0.0-py3.10.egg-info/PKG-INFO
[3.124s] -- Installing: /home/user/simulation_ws/install/tortoisebot_firmware/local/lib/python3.10/dist-packages/tortoisebot_firmware-0.0.0-py3.10.egg-info/top_level.txt
[3.125s] -- Installing: /home/user/simulation_ws/install/tortoisebot_firmware/local/lib/python3.10/dist-packages/tortoisebot_firmware-0.0.0-py3.10.egg-info/SOURCES.txt
[3.125s] -- Installing: /home/user/simulation_ws/install/tortoisebot_firmware/local/lib/python3.10/dist-packages/tortoisebot_firmware-0.0.0-py3.10.egg-info/dependency_links.txt
[3.125s] -- Up-to-date: /home/user/simulation_ws/install/tortoisebot_firmware/local/lib/python3.10/dist-packages/tortoisebot_firmware
[3.190s] -- Up-to-date: /home/user/simulation_ws/install/tortoisebot_firmware/local/lib/python3.10/dist-packages/tortoisebot_firmware/__init__.py
[3.401s] Listing '/home/user/simulation_ws/install/tortoisebot_firmware/local/lib/python3.10/dist-packages/tortoisebot_firmware'...
[3.417s] -- Up-to-date: /home/user/simulation_ws/install/tortoisebot_firmware/lib/tortoisebot_firmware/differential.py
[3.417s] -- Up-to-date: /home/user/simulation_ws/install/tortoisebot_firmware/share/ament_index/resource_index/package_run_dependencies/tortoisebot_firmware
[3.417s] -- Up-to-date: /home/user/simulation_ws/install/tortoisebot_firmware/share/ament_index/resource_index/parent_prefix_path/tortoisebot_firmware
[3.417s] -- Up-to-date: /home/user/simulation_ws/install/tortoisebot_firmware/share/tortoisebot_firmware/environment/ament_prefix_path.sh
[3.417s] -- Up-to-date: /home/user/simulation_ws/install/tortoisebot_firmware/share/tortoisebot_firmware/environment/ament_prefix_path.dsv
[3.418s] -- Up-to-date: /home/user/simulation_ws/install/tortoisebot_firmware/share/tortoisebot_firmware/environment/path.sh
[3.418s] -- Up-to-date: /home/user/simulation_ws/install/tortoisebot_firmware/share/tortoisebot_firmware/environment/path.dsv
[3.418s] -- Up-to-date: /home/user/simulation_ws/install/tortoisebot_firmware/share/tortoisebot_firmware/local_setup.bash
[3.418s] -- Up-to-date: /home/user/simulation_ws/install/tortoisebot_firmware/share/tortoisebot_firmware/local_setup.sh
[3.418s] -- Up-to-date: /home/user/simulation_ws/install/tortoisebot_firmware/share/tortoisebot_firmware/local_setup.zsh
[3.418s] -- Up-to-date: /home/user/simulation_ws/install/tortoisebot_firmware/share/tortoisebot_firmware/local_setup.dsv
[3.418s] -- Installing: /home/user/simulation_ws/install/tortoisebot_firmware/share/tortoisebot_firmware/package.dsv
[3.419s] -- Up-to-date: /home/user/simulation_ws/install/tortoisebot_firmware/share/ament_index/resource_index/packages/tortoisebot_firmware
[3.419s] -- Up-to-date: /home/user/simulation_ws/install/tortoisebot_firmware/share/tortoisebot_firmware/cmake/tortoisebot_firmwareConfig.cmake
[3.419s] -- Up-to-date: /home/user/simulation_ws/install/tortoisebot_firmware/share/tortoisebot_firmware/cmake/tortoisebot_firmwareConfig-version.cmake
[3.419s] -- Up-to-date: /home/user/simulation_ws/install/tortoisebot_firmware/share/tortoisebot_firmware/package.xml
[3.594s] Invoked command in '/home/user/simulation_ws/build/tortoisebot_firmware' returned '0': CMAKE_PREFIX_PATH=${CMAKE_PREFIX_PATH}:/home/user/simulation_ws/install/tortoisebot_localization:/home/user/simulation_ws/install/tortoisebot_control:/home/user/simulation_ws/install/ros2_aruco:/home/simulations/ros2_sims_ws/install/rclrs_tests:/home/simulations/ros2_sims_ws/install/examples_rclrs_minimal_client_service:/home/simulations/ros2_sims_ws/install/sensor_msgs_py:/home/simulations/ros2_sims_ws/install/examples_rclrs_minimal_pub_sub:/home/simulations/ros2_sims_ws/install/examples_rclrs_message_demo:/home/simulations/ros2_sims_ws/install/rclrs:/home/simulations/ros2_sims_ws/install/rosidl_runtime_rs:/home/user/ros2_ws/install/opencv_tests:/opt/ros/humble _=/usr/bin/env /usr/bin/cmake --install /home/user/simulation_ws/build/tortoisebot_firmware
