[1.885s] Invoking command in '/home/user/simulation_ws/build/tortoisebot_bringup': CMAKE_PREFIX_PATH=${CMAKE_PREFIX_PATH}:/home/user/simulation_ws/install/tortoisebot_localization:/home/user/simulation_ws/install/tortoisebot_control:/home/user/simulation_ws/install/ros2_aruco:/home/simulations/ros2_sims_ws/install/rclrs_tests:/home/simulations/ros2_sims_ws/install/examples_rclrs_minimal_client_service:/home/simulations/ros2_sims_ws/install/sensor_msgs_py:/home/simulations/ros2_sims_ws/install/examples_rclrs_minimal_pub_sub:/home/simulations/ros2_sims_ws/install/examples_rclrs_message_demo:/home/simulations/ros2_sims_ws/install/rclrs:/home/simulations/ros2_sims_ws/install/rosidl_runtime_rs:/home/user/ros2_ws/install/opencv_tests:/opt/ros/humble _=/usr/bin/env /usr/bin/cmake --build /home/user/simulation_ws/build/tortoisebot_bringup -- -j8 -l8
[5.266s] Invoked command in '/home/user/simulation_ws/build/tortoisebot_bringup' returned '0': CMAKE_PREFIX_PATH=${CMAKE_PREFIX_PATH}:/home/user/simulation_ws/install/tortoisebot_localization:/home/user/simulation_ws/install/tortoisebot_control:/home/user/simulation_ws/install/ros2_aruco:/home/simulations/ros2_sims_ws/install/rclrs_tests:/home/simulations/ros2_sims_ws/install/examples_rclrs_minimal_client_service:/home/simulations/ros2_sims_ws/install/sensor_msgs_py:/home/simulations/ros2_sims_ws/install/examples_rclrs_minimal_pub_sub:/home/simulations/ros2_sims_ws/install/examples_rclrs_message_demo:/home/simulations/ros2_sims_ws/install/rclrs:/home/simulations/ros2_sims_ws/install/rosidl_runtime_rs:/home/user/ros2_ws/install/opencv_tests:/opt/ros/humble _=/usr/bin/env /usr/bin/cmake --build /home/user/simulation_ws/build/tortoisebot_bringup -- -j8 -l8
[6.193s] Invoking command in '/home/user/simulation_ws/build/tortoisebot_bringup': CMAKE_PREFIX_PATH=${CMAKE_PREFIX_PATH}:/home/user/simulation_ws/install/tortoisebot_localization:/home/user/simulation_ws/install/tortoisebot_control:/home/user/simulation_ws/install/ros2_aruco:/home/simulations/ros2_sims_ws/install/rclrs_tests:/home/simulations/ros2_sims_ws/install/examples_rclrs_minimal_client_service:/home/simulations/ros2_sims_ws/install/sensor_msgs_py:/home/simulations/ros2_sims_ws/install/examples_rclrs_minimal_pub_sub:/home/simulations/ros2_sims_ws/install/examples_rclrs_message_demo:/home/simulations/ros2_sims_ws/install/rclrs:/home/simulations/ros2_sims_ws/install/rosidl_runtime_rs:/home/user/ros2_ws/install/opencv_tests:/opt/ros/humble _=/usr/bin/env /usr/bin/cmake --install /home/user/simulation_ws/build/tortoisebot_bringup
[6.478s] -- Install configuration: ""
[6.480s] -- Up-to-date: /home/user/simulation_ws/install/tortoisebot_bringup/share/tortoisebot_bringup/launch
[6.480s] -- Up-to-date: /home/user/simulation_ws/install/tortoisebot_bringup/share/tortoisebot_bringup/launch/simulation.launch.py
[6.480s] -- Up-to-date: /home/user/simulation_ws/install/tortoisebot_bringup/share/tortoisebot_bringup/launch/minimal_sim.launch.py
[6.481s] -- Up-to-date: /home/user/simulation_ws/install/tortoisebot_bringup/share/tortoisebot_bringup/launch/autobringup.launch.py
[6.481s] -- Up-to-date: /home/user/simulation_ws/install/tortoisebot_bringup/share/tortoisebot_bringup/launch/bringup.launch.py
[6.481s] -- Up-to-date: /home/user/simulation_ws/install/tortoisebot_bringup/share/tortoisebot_bringup/launch/bringup_mapping.launch.py
[6.481s] -- Up-to-date: /home/user/simulation_ws/install/tortoisebot_bringup/share/tortoisebot_bringup/maps
[6.482s] -- Up-to-date: /home/user/simulation_ws/install/tortoisebot_bringup/share/tortoisebot_bringup/maps/room2.yaml
[6.482s] -- Up-to-date: /home/user/simulation_ws/install/tortoisebot_bringup/share/tortoisebot_bringup/maps/room2.pgm
[6.482s] -- Up-to-date: /home/user/simulation_ws/install/tortoisebot_bringup/share/tortoisebot_bringup/maps/tortoisebot_default_world.yaml
[6.483s] -- Up-to-date: /home/user/simulation_ws/install/tortoisebot_bringup/share/tortoisebot_bringup/maps/tortoisebot_default_world.pgm
[6.483s] -- Up-to-date: /home/user/simulation_ws/install/tortoisebot_bringup/share/ament_index/resource_index/package_run_dependencies/tortoisebot_bringup
[6.483s] -- Up-to-date: /home/user/simulation_ws/install/tortoisebot_bringup/share/ament_index/resource_index/parent_prefix_path/tortoisebot_bringup
[6.483s] -- Up-to-date: /home/user/simulation_ws/install/tortoisebot_bringup/share/tortoisebot_bringup/environment/ament_prefix_path.sh
[6.483s] -- Up-to-date: /home/user/simulation_ws/install/tortoisebot_bringup/share/tortoisebot_bringup/environment/ament_prefix_path.dsv
[6.484s] -- Up-to-date: /home/user/simulation_ws/install/tortoisebot_bringup/share/tortoisebot_bringup/environment/path.sh
[6.484s] -- Up-to-date: /home/user/simulation_ws/install/tortoisebot_bringup/share/tortoisebot_bringup/environment/path.dsv
[6.484s] -- Up-to-date: /home/user/simulation_ws/install/tortoisebot_bringup/share/tortoisebot_bringup/local_setup.bash
[6.485s] -- Up-to-date: /home/user/simulation_ws/install/tortoisebot_bringup/share/tortoisebot_bringup/local_setup.sh
[6.485s] -- Up-to-date: /home/user/simulation_ws/install/tortoisebot_bringup/share/tortoisebot_bringup/local_setup.zsh
[6.486s] -- Up-to-date: /home/user/simulation_ws/install/tortoisebot_bringup/share/tortoisebot_bringup/local_setup.dsv
[6.486s] -- Installing: /home/user/simulation_ws/install/tortoisebot_bringup/share/tortoisebot_bringup/package.dsv
[6.486s] -- Up-to-date: /home/user/simulation_ws/install/tortoisebot_bringup/share/ament_index/resource_index/packages/tortoisebot_bringup
[6.487s] -- Up-to-date: /home/user/simulation_ws/install/tortoisebot_bringup/share/tortoisebot_bringup/cmake/tortoisebot_bringupConfig.cmake
[6.487s] -- Up-to-date: /home/user/simulation_ws/install/tortoisebot_bringup/share/tortoisebot_bringup/cmake/tortoisebot_bringupConfig-version.cmake
[6.487s] -- Up-to-date: /home/user/simulation_ws/install/tortoisebot_bringup/share/tortoisebot_bringup/package.xml
[6.563s] Invoked command in '/home/user/simulation_ws/build/tortoisebot_bringup' returned '0': CMAKE_PREFIX_PATH=${CMAKE_PREFIX_PATH}:/home/user/simulation_ws/install/tortoisebot_localization:/home/user/simulation_ws/install/tortoisebot_control:/home/user/simulation_ws/install/ros2_aruco:/home/simulations/ros2_sims_ws/install/rclrs_tests:/home/simulations/ros2_sims_ws/install/examples_rclrs_minimal_client_service:/home/simulations/ros2_sims_ws/install/sensor_msgs_py:/home/simulations/ros2_sims_ws/install/examples_rclrs_minimal_pub_sub:/home/simulations/ros2_sims_ws/install/examples_rclrs_message_demo:/home/simulations/ros2_sims_ws/install/rclrs:/home/simulations/ros2_sims_ws/install/rosidl_runtime_rs:/home/user/ros2_ws/install/opencv_tests:/opt/ros/humble _=/usr/bin/env /usr/bin/cmake --install /home/user/simulation_ws/build/tortoisebot_bringup
