[1.716s] Invoking command in '/home/user/ros2_ws/build/turtlebot_bringup': CMAKE_PREFIX_PATH=${CMAKE_PREFIX_PATH}:/home/simulations/ros2_sims_ws/install/rclrs_tests:/home/simulations/ros2_sims_ws/install/examples_rclrs_minimal_client_service:/home/simulations/ros2_sims_ws/install/sensor_msgs_py:/home/simulations/ros2_sims_ws/install/examples_rclrs_minimal_pub_sub:/home/simulations/ros2_sims_ws/install/examples_rclrs_message_demo:/home/simulations/ros2_sims_ws/install/rclrs:/home/simulations/ros2_sims_ws/install/rosidl_runtime_rs:/home/user/ros2_ws/install/turtlebot3_teleop:/home/user/ros2_ws/install/turtlebot3_example:/opt/ros/humble _=/usr/bin/env /usr/bin/cmake --build /home/user/ros2_ws/build/turtlebot_bringup -- -j8 -l8
[2.846s] Invoked command in '/home/user/ros2_ws/build/turtlebot_bringup' returned '0': CMAKE_PREFIX_PATH=${CMAKE_PREFIX_PATH}:/home/simulations/ros2_sims_ws/install/rclrs_tests:/home/simulations/ros2_sims_ws/install/examples_rclrs_minimal_client_service:/home/simulations/ros2_sims_ws/install/sensor_msgs_py:/home/simulations/ros2_sims_ws/install/examples_rclrs_minimal_pub_sub:/home/simulations/ros2_sims_ws/install/examples_rclrs_message_demo:/home/simulations/ros2_sims_ws/install/rclrs:/home/simulations/ros2_sims_ws/install/rosidl_runtime_rs:/home/user/ros2_ws/install/turtlebot3_teleop:/home/user/ros2_ws/install/turtlebot3_example:/opt/ros/humble _=/usr/bin/env /usr/bin/cmake --build /home/user/ros2_ws/build/turtlebot_bringup -- -j8 -l8
[4.328s] Invoking command in '/home/user/ros2_ws/build/turtlebot_bringup': CMAKE_PREFIX_PATH=${CMAKE_PREFIX_PATH}:/home/simulations/ros2_sims_ws/install/rclrs_tests:/home/simulations/ros2_sims_ws/install/examples_rclrs_minimal_client_service:/home/simulations/ros2_sims_ws/install/sensor_msgs_py:/home/simulations/ros2_sims_ws/install/examples_rclrs_minimal_pub_sub:/home/simulations/ros2_sims_ws/install/examples_rclrs_message_demo:/home/simulations/ros2_sims_ws/install/rclrs:/home/simulations/ros2_sims_ws/install/rosidl_runtime_rs:/home/user/ros2_ws/install/turtlebot3_teleop:/home/user/ros2_ws/install/turtlebot3_example:/opt/ros/humble _=/usr/bin/env /usr/bin/cmake --install /home/user/ros2_ws/build/turtlebot_bringup
[4.740s] -- Install configuration: ""
[4.740s] -- Up-to-date: /home/user/ros2_ws/install/turtlebot_bringup/share/turtlebot_bringup//launch
[4.748s] -- Installing: /home/user/ros2_ws/install/turtlebot_bringup/share/turtlebot_bringup//launch/turtlebot.launch
[4.802s] -- Up-to-date: /home/user/ros2_ws/install/turtlebot_bringup/share/ament_index/resource_index/package_run_dependencies/turtlebot_bringup
[4.802s] -- Up-to-date: /home/user/ros2_ws/install/turtlebot_bringup/share/ament_index/resource_index/parent_prefix_path/turtlebot_bringup
[4.802s] -- Up-to-date: /home/user/ros2_ws/install/turtlebot_bringup/share/turtlebot_bringup/environment/ament_prefix_path.sh
[4.802s] -- Up-to-date: /home/user/ros2_ws/install/turtlebot_bringup/share/turtlebot_bringup/environment/ament_prefix_path.dsv
[4.802s] -- Up-to-date: /home/user/ros2_ws/install/turtlebot_bringup/share/turtlebot_bringup/environment/path.sh
[4.802s] -- Up-to-date: /home/user/ros2_ws/install/turtlebot_bringup/share/turtlebot_bringup/environment/path.dsv
[4.802s] -- Up-to-date: /home/user/ros2_ws/install/turtlebot_bringup/share/turtlebot_bringup/local_setup.bash
[4.802s] -- Up-to-date: /home/user/ros2_ws/install/turtlebot_bringup/share/turtlebot_bringup/local_setup.sh
[4.803s] -- Up-to-date: /home/user/ros2_ws/install/turtlebot_bringup/share/turtlebot_bringup/local_setup.zsh
[4.803s] -- Up-to-date: /home/user/ros2_ws/install/turtlebot_bringup/share/turtlebot_bringup/local_setup.dsv
[4.805s] -- Installing: /home/user/ros2_ws/install/turtlebot_bringup/share/turtlebot_bringup/package.dsv
[4.844s] -- Up-to-date: /home/user/ros2_ws/install/turtlebot_bringup/share/ament_index/resource_index/packages/turtlebot_bringup
[4.898s] -- Up-to-date: /home/user/ros2_ws/install/turtlebot_bringup/share/turtlebot_bringup/cmake/turtlebot_bringupConfig.cmake
[4.898s] -- Up-to-date: /home/user/ros2_ws/install/turtlebot_bringup/share/turtlebot_bringup/cmake/turtlebot_bringupConfig-version.cmake
[4.899s] -- Up-to-date: /home/user/ros2_ws/install/turtlebot_bringup/share/turtlebot_bringup/package.xml
[4.900s] Invoked command in '/home/user/ros2_ws/build/turtlebot_bringup' returned '0': CMAKE_PREFIX_PATH=${CMAKE_PREFIX_PATH}:/home/simulations/ros2_sims_ws/install/rclrs_tests:/home/simulations/ros2_sims_ws/install/examples_rclrs_minimal_client_service:/home/simulations/ros2_sims_ws/install/sensor_msgs_py:/home/simulations/ros2_sims_ws/install/examples_rclrs_minimal_pub_sub:/home/simulations/ros2_sims_ws/install/examples_rclrs_message_demo:/home/simulations/ros2_sims_ws/install/rclrs:/home/simulations/ros2_sims_ws/install/rosidl_runtime_rs:/home/user/ros2_ws/install/turtlebot3_teleop:/home/user/ros2_ws/install/turtlebot3_example:/opt/ros/humble _=/usr/bin/env /usr/bin/cmake --install /home/user/ros2_ws/build/turtlebot_bringup
