[0.114s] DEBUG:colcon:Command line arguments: ['/usr/bin/colcon', 'build']
[0.114s] DEBUG:colcon:Parsed command line arguments: Namespace(log_base=None, log_level=None, verb_name='build', build_base='build', install_base='install', merge_install=False, symlink_install=False, test_result_base=None, continue_on_error=False, executor='parallel', parallel_workers=8, event_handlers=None, ignore_user_meta=False, metas=['./colcon.meta'], base_paths=['.'], packages_ignore=None, packages_ignore_regex=None, paths=None, packages_up_to=None, packages_up_to_regex=None, packages_above=None, packages_above_and_dependencies=None, packages_above_depth=None, packages_select_by_dep=None, packages_skip_by_dep=None, packages_skip_up_to=None, packages_select_build_failed=False, packages_skip_build_finished=False, packages_select_test_failures=False, packages_skip_test_passed=False, packages_select=None, packages_skip=None, packages_select_regex=None, packages_skip_regex=None, packages_start=None, packages_end=None, allow_overriding=[], cmake_args=None, cmake_target=None, cmake_target_skip_unavailable=False, cmake_clean_cache=False, cmake_clean_first=False, cmake_force_configure=False, ament_cmake_args=None, catkin_cmake_args=None, catkin_skip_building_tests=False, verb_parser=<colcon_defaults.argument_parser.defaults.DefaultArgumentsDecorator object at 0x79d18eb28730>, verb_extension=<colcon_core.verb.build.BuildVerb object at 0x79d18eb28220>, main=<bound method BuildVerb.main of <colcon_core.verb.build.BuildVerb object at 0x79d18eb28220>>)
[0.298s] Level 1:colcon.colcon_core.package_discovery:discover_packages(colcon_meta) check parameters
[0.299s] Level 1:colcon.colcon_core.package_discovery:discover_packages(recursive) check parameters
[0.299s] Level 1:colcon.colcon_core.package_discovery:discover_packages(ignore) check parameters
[0.299s] Level 1:colcon.colcon_core.package_discovery:discover_packages(path) check parameters
[0.299s] Level 1:colcon.colcon_core.package_discovery:discover_packages(colcon_meta) discover
[0.299s] Level 1:colcon.colcon_core.package_discovery:discover_packages(recursive) discover
[0.299s] INFO:colcon.colcon_core.package_discovery:Crawling recursively for packages in '/home/kishoreyogaraj/ros2_wsa'
[0.299s] Level 1:colcon.colcon_core.package_identification:_identify(.) by extensions ['ignore', 'ignore_ament_install']
[0.299s] Level 1:colcon.colcon_core.package_identification:_identify(.) by extension 'ignore'
[0.299s] Level 1:colcon.colcon_core.package_identification:_identify(.) by extension 'ignore_ament_install'
[0.299s] Level 1:colcon.colcon_core.package_identification:_identify(.) by extensions ['colcon_pkg']
[0.299s] Level 1:colcon.colcon_core.package_identification:_identify(.) by extension 'colcon_pkg'
[0.299s] Level 1:colcon.colcon_core.package_identification:_identify(.) by extensions ['colcon_meta']
[0.299s] Level 1:colcon.colcon_core.package_identification:_identify(.) by extension 'colcon_meta'
[0.299s] Level 1:colcon.colcon_core.package_identification:_identify(.) by extensions ['ros']
[0.299s] Level 1:colcon.colcon_core.package_identification:_identify(.) by extension 'ros'
[0.309s] Level 1:colcon.colcon_core.package_identification:_identify(.) by extensions ['cmake', 'python']
[0.309s] Level 1:colcon.colcon_core.package_identification:_identify(.) by extension 'cmake'
[0.310s] Level 1:colcon.colcon_core.package_identification:_identify(.) by extension 'python'
[0.310s] Level 1:colcon.colcon_core.package_identification:_identify(.) by extensions ['python_setup_py']
[0.310s] Level 1:colcon.colcon_core.package_identification:_identify(.) by extension 'python_setup_py'
[0.310s] Level 1:colcon.colcon_core.package_identification:_identify(build) by extensions ['ignore', 'ignore_ament_install']
[0.310s] Level 1:colcon.colcon_core.package_identification:_identify(build) by extension 'ignore'
[0.310s] Level 1:colcon.colcon_core.package_identification:_identify(build) ignored
[0.310s] Level 1:colcon.colcon_core.package_identification:_identify(install) by extensions ['ignore', 'ignore_ament_install']
[0.310s] Level 1:colcon.colcon_core.package_identification:_identify(install) by extension 'ignore'
[0.310s] Level 1:colcon.colcon_core.package_identification:_identify(install) ignored
[0.310s] Level 1:colcon.colcon_core.package_identification:_identify(log) by extensions ['ignore', 'ignore_ament_install']
[0.310s] Level 1:colcon.colcon_core.package_identification:_identify(log) by extension 'ignore'
[0.311s] Level 1:colcon.colcon_core.package_identification:_identify(log) ignored
[0.311s] Level 1:colcon.colcon_core.package_identification:_identify(src) by extensions ['ignore', 'ignore_ament_install']
[0.311s] Level 1:colcon.colcon_core.package_identification:_identify(src) by extension 'ignore'
[0.311s] Level 1:colcon.colcon_core.package_identification:_identify(src) by extension 'ignore_ament_install'
[0.311s] Level 1:colcon.colcon_core.package_identification:_identify(src) by extensions ['colcon_pkg']
[0.311s] Level 1:colcon.colcon_core.package_identification:_identify(src) by extension 'colcon_pkg'
[0.311s] Level 1:colcon.colcon_core.package_identification:_identify(src) by extensions ['colcon_meta']
[0.311s] Level 1:colcon.colcon_core.package_identification:_identify(src) by extension 'colcon_meta'
[0.311s] Level 1:colcon.colcon_core.package_identification:_identify(src) by extensions ['ros']
[0.311s] Level 1:colcon.colcon_core.package_identification:_identify(src) by extension 'ros'
[0.311s] Level 1:colcon.colcon_core.package_identification:_identify(src) by extensions ['cmake', 'python']
[0.311s] Level 1:colcon.colcon_core.package_identification:_identify(src) by extension 'cmake'
[0.311s] Level 1:colcon.colcon_core.package_identification:_identify(src) by extension 'python'
[0.311s] Level 1:colcon.colcon_core.package_identification:_identify(src) by extensions ['python_setup_py']
[0.311s] Level 1:colcon.colcon_core.package_identification:_identify(src) by extension 'python_setup_py'
[0.311s] Level 1:colcon.colcon_core.package_identification:_identify(src/talker_listener) by extensions ['ignore', 'ignore_ament_install']
[0.311s] Level 1:colcon.colcon_core.package_identification:_identify(src/talker_listener) by extension 'ignore'
[0.311s] Level 1:colcon.colcon_core.package_identification:_identify(src/talker_listener) by extension 'ignore_ament_install'
[0.311s] Level 1:colcon.colcon_core.package_identification:_identify(src/talker_listener) by extensions ['colcon_pkg']
[0.312s] Level 1:colcon.colcon_core.package_identification:_identify(src/talker_listener) by extension 'colcon_pkg'
[0.312s] Level 1:colcon.colcon_core.package_identification:_identify(src/talker_listener) by extensions ['colcon_meta']
[0.312s] Level 1:colcon.colcon_core.package_identification:_identify(src/talker_listener) by extension 'colcon_meta'
[0.312s] Level 1:colcon.colcon_core.package_identification:_identify(src/talker_listener) by extensions ['ros']
[0.312s] Level 1:colcon.colcon_core.package_identification:_identify(src/talker_listener) by extension 'ros'
[0.314s] DEBUG:colcon.colcon_core.package_identification:Package 'src/talker_listener' with type 'ros.ament_python' and name 'talker_listener'
[0.314s] Level 1:colcon.colcon_core.package_discovery:discover_packages(recursive) using defaults
[0.314s] Level 1:colcon.colcon_core.package_discovery:discover_packages(ignore) discover
[0.314s] Level 1:colcon.colcon_core.package_discovery:discover_packages(ignore) using defaults
[0.314s] Level 1:colcon.colcon_core.package_discovery:discover_packages(path) discover
[0.314s] Level 1:colcon.colcon_core.package_discovery:discover_packages(path) using defaults
[0.342s] Level 1:colcon.colcon_core.package_discovery:discover_packages(prefix_path) check parameters
[0.342s] Level 1:colcon.colcon_core.package_discovery:discover_packages(prefix_path) discover
[0.345s] DEBUG:colcon.colcon_installed_package_information.package_discovery:Found 1 installed packages in /home/kishoreyogaraj/ros2_wsa/install
[0.345s] DEBUG:colcon.colcon_installed_package_information.package_discovery:Found 2 installed packages in /home/kishoreyogaraj/ros2_workspace/install
[0.346s] DEBUG:colcon.colcon_installed_package_information.package_discovery:Found 1 installed packages in /home/kishoreyogaraj/ros2_ws/install
[0.346s] DEBUG:colcon.colcon_installed_package_information.package_discovery:Found 1 installed packages in /home/kishoreyogaraj/install
[0.347s] DEBUG:colcon.colcon_installed_package_information.package_discovery:Found 275 installed packages in /opt/ros/humble
[0.349s] Level 1:colcon.colcon_core.package_discovery:discover_packages(prefix_path) using defaults
[0.388s] Level 5:colcon.colcon_core.verb:set package 'talker_listener' build argument 'cmake_args' from command line to 'None'
[0.388s] Level 5:colcon.colcon_core.verb:set package 'talker_listener' build argument 'cmake_target' from command line to 'None'
[0.388s] Level 5:colcon.colcon_core.verb:set package 'talker_listener' build argument 'cmake_target_skip_unavailable' from command line to 'False'
[0.388s] Level 5:colcon.colcon_core.verb:set package 'talker_listener' build argument 'cmake_clean_cache' from command line to 'False'
[0.388s] Level 5:colcon.colcon_core.verb:set package 'talker_listener' build argument 'cmake_clean_first' from command line to 'False'
[0.388s] Level 5:colcon.colcon_core.verb:set package 'talker_listener' build argument 'cmake_force_configure' from command line to 'False'
[0.388s] Level 5:colcon.colcon_core.verb:set package 'talker_listener' build argument 'ament_cmake_args' from command line to 'None'
[0.388s] Level 5:colcon.colcon_core.verb:set package 'talker_listener' build argument 'catkin_cmake_args' from command line to 'None'
[0.388s] Level 5:colcon.colcon_core.verb:set package 'talker_listener' build argument 'catkin_skip_building_tests' from command line to 'False'
[0.388s] DEBUG:colcon.colcon_core.verb:Building package 'talker_listener' with the following arguments: {'ament_cmake_args': None, 'build_base': '/home/kishoreyogaraj/ros2_wsa/build/talker_listener', 'catkin_cmake_args': None, 'catkin_skip_building_tests': False, 'cmake_args': None, 'cmake_clean_cache': False, 'cmake_clean_first': False, 'cmake_force_configure': False, 'cmake_target': None, 'cmake_target_skip_unavailable': False, 'install_base': '/home/kishoreyogaraj/ros2_wsa/install/talker_listener', 'merge_install': False, 'path': '/home/kishoreyogaraj/ros2_wsa/src/talker_listener', 'symlink_install': False, 'test_result_base': None}
[0.388s] INFO:colcon.colcon_core.executor:Executing jobs using 'parallel' executor
[0.389s] DEBUG:colcon.colcon_parallel_executor.executor.parallel:run_until_complete
[0.390s] INFO:colcon.colcon_ros.task.ament_python.build:Building ROS package in '/home/kishoreyogaraj/ros2_wsa/src/talker_listener' with build type 'ament_python'
[0.390s] Level 1:colcon.colcon_core.shell:create_environment_hook('talker_listener', 'ament_prefix_path')
[0.393s] INFO:colcon.colcon_core.plugin_system:Skipping extension 'colcon_core.shell.bat': Not used on non-Windows systems
[0.393s] INFO:colcon.colcon_core.shell:Creating environment hook '/home/kishoreyogaraj/ros2_wsa/install/talker_listener/share/talker_listener/hook/ament_prefix_path.ps1'
[0.394s] INFO:colcon.colcon_core.shell:Creating environment descriptor '/home/kishoreyogaraj/ros2_wsa/install/talker_listener/share/talker_listener/hook/ament_prefix_path.dsv'
[0.394s] INFO:colcon.colcon_core.shell:Creating environment hook '/home/kishoreyogaraj/ros2_wsa/install/talker_listener/share/talker_listener/hook/ament_prefix_path.sh'
[0.395s] INFO:colcon.colcon_core.shell:Skip shell extension 'powershell' for command environment: Not usable outside of PowerShell
[0.395s] DEBUG:colcon.colcon_core.shell:Skip shell extension 'dsv' for command environment
[0.672s] INFO:colcon.colcon_core.task.python.build:Building Python package in '/home/kishoreyogaraj/ros2_wsa/src/talker_listener'
[0.672s] INFO:colcon.colcon_core.shell:Skip shell extension 'powershell' for command environment: Not usable outside of PowerShell
[0.672s] DEBUG:colcon.colcon_core.shell:Skip shell extension 'dsv' for command environment
[1.057s] DEBUG:colcon.colcon_core.event_handler.log_command:Invoking command in '/home/kishoreyogaraj/ros2_wsa/src/talker_listener': PYTHONPATH=/home/kishoreyogaraj/ros2_wsa/build/talker_listener/prefix_override:/home/kishoreyogaraj/ros2_wsa/install/talker_listener/lib/python3.10/site-packages:${PYTHONPATH} /usr/bin/python3 -W ignore:setup.py install is deprecated setup.py egg_info --egg-base ../../build/talker_listener build --build-base /home/kishoreyogaraj/ros2_wsa/build/talker_listener/build install --record /home/kishoreyogaraj/ros2_wsa/build/talker_listener/install.log --single-version-externally-managed install_data
[1.368s] DEBUG:colcon.colcon_core.event_handler.log_command:Invoked command in '/home/kishoreyogaraj/ros2_wsa/src/talker_listener' returned '0': PYTHONPATH=/home/kishoreyogaraj/ros2_wsa/build/talker_listener/prefix_override:/home/kishoreyogaraj/ros2_wsa/install/talker_listener/lib/python3.10/site-packages:${PYTHONPATH} /usr/bin/python3 -W ignore:setup.py install is deprecated setup.py egg_info --egg-base ../../build/talker_listener build --build-base /home/kishoreyogaraj/ros2_wsa/build/talker_listener/build install --record /home/kishoreyogaraj/ros2_wsa/build/talker_listener/install.log --single-version-externally-managed install_data
[1.372s] Level 1:colcon.colcon_core.environment:checking '/home/kishoreyogaraj/ros2_wsa/install/talker_listener' for CMake module files
[1.372s] Level 1:colcon.colcon_core.environment:checking '/home/kishoreyogaraj/ros2_wsa/install/talker_listener' for CMake config files
[1.373s] Level 1:colcon.colcon_core.environment:checking '/home/kishoreyogaraj/ros2_wsa/install/talker_listener/lib'
[1.373s] Level 1:colcon.colcon_core.environment:checking '/home/kishoreyogaraj/ros2_wsa/install/talker_listener/bin'
[1.373s] Level 1:colcon.colcon_core.environment:checking '/home/kishoreyogaraj/ros2_wsa/install/talker_listener/lib/pkgconfig/talker_listener.pc'
[1.373s] Level 1:colcon.colcon_core.environment:checking '/home/kishoreyogaraj/ros2_wsa/install/talker_listener/lib/python3.10/site-packages'
[1.373s] Level 1:colcon.colcon_core.shell:create_environment_hook('talker_listener', 'pythonpath')
[1.373s] INFO:colcon.colcon_core.shell:Creating environment hook '/home/kishoreyogaraj/ros2_wsa/install/talker_listener/share/talker_listener/hook/pythonpath.ps1'
[1.374s] INFO:colcon.colcon_core.shell:Creating environment descriptor '/home/kishoreyogaraj/ros2_wsa/install/talker_listener/share/talker_listener/hook/pythonpath.dsv'
[1.374s] INFO:colcon.colcon_core.shell:Creating environment hook '/home/kishoreyogaraj/ros2_wsa/install/talker_listener/share/talker_listener/hook/pythonpath.sh'
[1.375s] Level 1:colcon.colcon_core.environment:checking '/home/kishoreyogaraj/ros2_wsa/install/talker_listener/bin'
[1.375s] Level 1:colcon.colcon_core.environment:create_environment_scripts_only(talker_listener)
[1.375s] INFO:colcon.colcon_core.shell:Creating package script '/home/kishoreyogaraj/ros2_wsa/install/talker_listener/share/talker_listener/package.ps1'
[1.376s] INFO:colcon.colcon_core.shell:Creating package descriptor '/home/kishoreyogaraj/ros2_wsa/install/talker_listener/share/talker_listener/package.dsv'
[1.377s] INFO:colcon.colcon_core.shell:Creating package script '/home/kishoreyogaraj/ros2_wsa/install/talker_listener/share/talker_listener/package.sh'
[1.378s] INFO:colcon.colcon_core.shell:Creating package script '/home/kishoreyogaraj/ros2_wsa/install/talker_listener/share/talker_listener/package.bash'
[1.378s] INFO:colcon.colcon_core.shell:Creating package script '/home/kishoreyogaraj/ros2_wsa/install/talker_listener/share/talker_listener/package.zsh'
[1.379s] Level 1:colcon.colcon_core.environment:create_file_with_runtime_dependencies(/home/kishoreyogaraj/ros2_wsa/install/talker_listener/share/colcon-core/packages/talker_listener)
[1.380s] DEBUG:colcon.colcon_parallel_executor.executor.parallel:closing loop
[1.380s] DEBUG:colcon.colcon_parallel_executor.executor.parallel:loop closed
[1.380s] DEBUG:colcon.colcon_parallel_executor.executor.parallel:run_until_complete finished with '0'
[1.380s] DEBUG:colcon.colcon_core.event_reactor:joining thread
[1.388s] INFO:colcon.colcon_core.plugin_system:Skipping extension 'colcon_notification.desktop_notification.terminal_notifier': Not used on non-Darwin systems
[1.389s] INFO:colcon.colcon_core.plugin_system:Skipping extension 'colcon_notification.desktop_notification.win32': Not used on non-Windows systems
[1.389s] INFO:colcon.colcon_notification.desktop_notification:Sending desktop notification using 'notify2'
[1.401s] DEBUG:colcon.colcon_core.event_reactor:joined thread
[1.401s] INFO:colcon.colcon_core.shell:Creating prefix script '/home/kishoreyogaraj/ros2_wsa/install/local_setup.ps1'
[1.402s] INFO:colcon.colcon_core.shell:Creating prefix util module '/home/kishoreyogaraj/ros2_wsa/install/_local_setup_util_ps1.py'
[1.403s] INFO:colcon.colcon_core.shell:Creating prefix chain script '/home/kishoreyogaraj/ros2_wsa/install/setup.ps1'
[1.405s] INFO:colcon.colcon_core.shell:Creating prefix script '/home/kishoreyogaraj/ros2_wsa/install/local_setup.sh'
[1.405s] INFO:colcon.colcon_core.shell:Creating prefix util module '/home/kishoreyogaraj/ros2_wsa/install/_local_setup_util_sh.py'
[1.406s] INFO:colcon.colcon_core.shell:Creating prefix chain script '/home/kishoreyogaraj/ros2_wsa/install/setup.sh'
[1.407s] INFO:colcon.colcon_core.shell:Creating prefix script '/home/kishoreyogaraj/ros2_wsa/install/local_setup.bash'
[1.408s] INFO:colcon.colcon_core.shell:Creating prefix chain script '/home/kishoreyogaraj/ros2_wsa/install/setup.bash'
[1.410s] INFO:colcon.colcon_core.shell:Creating prefix script '/home/kishoreyogaraj/ros2_wsa/install/local_setup.zsh'
[1.411s] INFO:colcon.colcon_core.shell:Creating prefix chain script '/home/kishoreyogaraj/ros2_wsa/install/setup.zsh'
