[0.594s] Invoking command in '/home/kishoreyogaraj/ros2_ws/build/my_robot_controller': PYTHONPATH=/home/kishoreyogaraj/ros2_ws/build/my_robot_controller/prefix_override:/home/kishoreyogaraj/ros2_ws/install/my_robot_controller/lib/python3.10/site-packages:${PYTHONPATH} /usr/bin/python3 -W ignore:setup.py install is deprecated setup.py develop --editable --build-directory /home/kishoreyogaraj/ros2_ws/build/my_robot_controller/build --no-deps symlink_data --force
[0.890s] running develop
[1.041s] running egg_info
[1.041s] writing my_robot_controller.egg-info/PKG-INFO
[1.041s] writing dependency_links to my_robot_controller.egg-info/dependency_links.txt
[1.042s] writing entry points to my_robot_controller.egg-info/entry_points.txt
[1.042s] writing requirements to my_robot_controller.egg-info/requires.txt
[1.042s] writing top-level names to my_robot_controller.egg-info/top_level.txt
[1.043s] reading manifest file 'my_robot_controller.egg-info/SOURCES.txt'
[1.044s] writing manifest file 'my_robot_controller.egg-info/SOURCES.txt'
[1.046s] running build_ext
[1.046s] Creating /home/kishoreyogaraj/ros2_ws/install/my_robot_controller/lib/python3.10/site-packages/my-robot-controller.egg-link (link to .)
[1.047s] Installing draw_circle script to /home/kishoreyogaraj/ros2_ws/install/my_robot_controller/lib/my_robot_controller
[1.047s] Installing pose_subscriber script to /home/kishoreyogaraj/ros2_ws/install/my_robot_controller/lib/my_robot_controller
[1.048s] Installing test_node script to /home/kishoreyogaraj/ros2_ws/install/my_robot_controller/lib/my_robot_controller
[1.048s] 
[1.048s] Installed /home/kishoreyogaraj/ros2_ws/build/my_robot_controller
[1.048s] running symlink_data
[1.048s] symbolically linking /home/kishoreyogaraj/ros2_ws/build/my_robot_controller/resource/my_robot_controller -> /home/kishoreyogaraj/ros2_ws/install/my_robot_controller/share/ament_index/resource_index/packages
[1.048s] symbolically linking /home/kishoreyogaraj/ros2_ws/build/my_robot_controller/package.xml -> /home/kishoreyogaraj/ros2_ws/install/my_robot_controller/share/my_robot_controller
[1.078s] Invoked command in '/home/kishoreyogaraj/ros2_ws/build/my_robot_controller' returned '0': PYTHONPATH=/home/kishoreyogaraj/ros2_ws/build/my_robot_controller/prefix_override:/home/kishoreyogaraj/ros2_ws/install/my_robot_controller/lib/python3.10/site-packages:${PYTHONPATH} /usr/bin/python3 -W ignore:setup.py install is deprecated setup.py develop --editable --build-directory /home/kishoreyogaraj/ros2_ws/build/my_robot_controller/build --no-deps symlink_data --force
