[1.872s] Invoking command in '/home/user/simulation_ws/build/ros2_aruco_interfaces': CMAKE_PREFIX_PATH=${CMAKE_PREFIX_PATH}:/home/user/simulation_ws/install/tortoisebot_localization:/home/user/simulation_ws/install/tortoisebot_control:/home/user/simulation_ws/install/ros2_aruco:/home/simulations/ros2_sims_ws/install/rclrs_tests:/home/simulations/ros2_sims_ws/install/examples_rclrs_minimal_client_service:/home/simulations/ros2_sims_ws/install/sensor_msgs_py:/home/simulations/ros2_sims_ws/install/examples_rclrs_minimal_pub_sub:/home/simulations/ros2_sims_ws/install/examples_rclrs_message_demo:/home/simulations/ros2_sims_ws/install/rclrs:/home/simulations/ros2_sims_ws/install/rosidl_runtime_rs:/home/user/ros2_ws/install/opencv_tests:/opt/ros/humble _=/usr/bin/env /usr/bin/cmake --build /home/user/simulation_ws/build/ros2_aruco_interfaces -- -j8 -l8
[3.861s] [  3%] [34m[1mGenerating Rust code for ROS interfaces[0m
[5.754s] [  3%] Built target ros2_aruco_interfaces__rs
[6.379s] [  3%] Built target ament_cmake_python_copy_ros2_aruco_interfaces
[6.683s] [  6%] Built target ros2_aruco_interfaces__cpp
[8.987s] running egg_info
[8.987s] writing ros2_aruco_interfaces.egg-info/PKG-INFO
[8.987s] writing dependency_links to ros2_aruco_interfaces.egg-info/dependency_links.txt
[8.988s] writing top-level names to ros2_aruco_interfaces.egg-info/top_level.txt
[8.988s] reading manifest file 'ros2_aruco_interfaces.egg-info/SOURCES.txt'
[8.988s] writing manifest file 'ros2_aruco_interfaces.egg-info/SOURCES.txt'
[9.099s] [  6%] Built target ament_cmake_python_build_ros2_aruco_interfaces_egg
[9.471s] [ 15%] Built target ros2_aruco_interfaces__rosidl_typesupport_cpp
[9.801s] [ 25%] Built target ros2_aruco_interfaces__rosidl_typesupport_introspection_cpp
[9.977s] [ 34%] Built target ros2_aruco_interfaces__rosidl_typesupport_fastrtps_cpp
[10.273s] [ 43%] Built target ros2_aruco_interfaces__rosidl_generator_c
[10.653s] [ 53%] Built target ros2_aruco_interfaces__rosidl_typesupport_fastrtps_c
[11.074s] [ 62%] Built target ros2_aruco_interfaces__rosidl_typesupport_c
[11.368s] [ 71%] Built target ros2_aruco_interfaces__rosidl_typesupport_introspection_c
[11.758s] [ 71%] Built target ros2_aruco_interfaces
[12.173s] [ 75%] Built target ros2_aruco_interfaces__py
[12.555s] [ 81%] Built target ros2_aruco_interfaces__rosidl_generator_py
[12.757s] [ 87%] Built target ros2_aruco_interfaces__rosidl_typesupport_fastrtps_c__pyext
[12.970s] [ 93%] Built target ros2_aruco_interfaces__rosidl_typesupport_c__pyext
[13.090s] [100%] Built target ros2_aruco_interfaces__rosidl_typesupport_introspection_c__pyext
[13.168s] Invoked command in '/home/user/simulation_ws/build/ros2_aruco_interfaces' returned '0': CMAKE_PREFIX_PATH=${CMAKE_PREFIX_PATH}:/home/user/simulation_ws/install/tortoisebot_localization:/home/user/simulation_ws/install/tortoisebot_control:/home/user/simulation_ws/install/ros2_aruco:/home/simulations/ros2_sims_ws/install/rclrs_tests:/home/simulations/ros2_sims_ws/install/examples_rclrs_minimal_client_service:/home/simulations/ros2_sims_ws/install/sensor_msgs_py:/home/simulations/ros2_sims_ws/install/examples_rclrs_minimal_pub_sub:/home/simulations/ros2_sims_ws/install/examples_rclrs_message_demo:/home/simulations/ros2_sims_ws/install/rclrs:/home/simulations/ros2_sims_ws/install/rosidl_runtime_rs:/home/user/ros2_ws/install/opencv_tests:/opt/ros/humble _=/usr/bin/env /usr/bin/cmake --build /home/user/simulation_ws/build/ros2_aruco_interfaces -- -j8 -l8
[14.181s] Invoking command in '/home/user/simulation_ws/build/ros2_aruco_interfaces': CMAKE_PREFIX_PATH=${CMAKE_PREFIX_PATH}:/home/user/simulation_ws/install/tortoisebot_localization:/home/user/simulation_ws/install/tortoisebot_control:/home/user/simulation_ws/install/ros2_aruco:/home/simulations/ros2_sims_ws/install/rclrs_tests:/home/simulations/ros2_sims_ws/install/examples_rclrs_minimal_client_service:/home/simulations/ros2_sims_ws/install/sensor_msgs_py:/home/simulations/ros2_sims_ws/install/examples_rclrs_minimal_pub_sub:/home/simulations/ros2_sims_ws/install/examples_rclrs_message_demo:/home/simulations/ros2_sims_ws/install/rclrs:/home/simulations/ros2_sims_ws/install/rosidl_runtime_rs:/home/user/ros2_ws/install/opencv_tests:/opt/ros/humble _=/usr/bin/env /usr/bin/cmake --install /home/user/simulation_ws/build/ros2_aruco_interfaces
[14.258s] -- Install configuration: ""
[14.258s] -- Up-to-date: /home/user/simulation_ws/install/ros2_aruco_interfaces/share/ament_index/resource_index/rosidl_interfaces/ros2_aruco_interfaces
[14.259s] -- Up-to-date: /home/user/simulation_ws/install/ros2_aruco_interfaces/include/ros2_aruco_interfaces/ros2_aruco_interfaces
[14.260s] -- Up-to-date: /home/user/simulation_ws/install/ros2_aruco_interfaces/include/ros2_aruco_interfaces/ros2_aruco_interfaces/msg
[14.260s] -- Up-to-date: /home/user/simulation_ws/install/ros2_aruco_interfaces/include/ros2_aruco_interfaces/ros2_aruco_interfaces/msg/detail
[14.261s] -- Up-to-date: /home/user/simulation_ws/install/ros2_aruco_interfaces/include/ros2_aruco_interfaces/ros2_aruco_interfaces/msg/detail/aruco_markers__struct.h
[14.261s] -- Up-to-date: /home/user/simulation_ws/install/ros2_aruco_interfaces/include/ros2_aruco_interfaces/ros2_aruco_interfaces/msg/detail/aruco_markers__type_support.h
[14.261s] -- Up-to-date: /home/user/simulation_ws/install/ros2_aruco_interfaces/include/ros2_aruco_interfaces/ros2_aruco_interfaces/msg/detail/aruco_markers__functions.h
[14.261s] -- Up-to-date: /home/user/simulation_ws/install/ros2_aruco_interfaces/include/ros2_aruco_interfaces/ros2_aruco_interfaces/msg/detail/aruco_markers__functions.c
[14.262s] -- Up-to-date: /home/user/simulation_ws/install/ros2_aruco_interfaces/include/ros2_aruco_interfaces/ros2_aruco_interfaces/msg/rosidl_generator_c__visibility_control.h
[14.262s] -- Up-to-date: /home/user/simulation_ws/install/ros2_aruco_interfaces/include/ros2_aruco_interfaces/ros2_aruco_interfaces/msg/aruco_markers.h
[14.262s] -- Up-to-date: /home/user/simulation_ws/install/ros2_aruco_interfaces/share/ros2_aruco_interfaces/environment/library_path.sh
[14.262s] -- Up-to-date: /home/user/simulation_ws/install/ros2_aruco_interfaces/share/ros2_aruco_interfaces/environment/library_path.dsv
[14.263s] -- Up-to-date: /home/user/simulation_ws/install/ros2_aruco_interfaces/lib/libros2_aruco_interfaces__rosidl_generator_c.so
[14.263s] -- Up-to-date: /home/user/simulation_ws/install/ros2_aruco_interfaces/include/ros2_aruco_interfaces/ros2_aruco_interfaces
[14.263s] -- Up-to-date: /home/user/simulation_ws/install/ros2_aruco_interfaces/include/ros2_aruco_interfaces/ros2_aruco_interfaces/msg
[14.263s] -- Up-to-date: /home/user/simulation_ws/install/ros2_aruco_interfaces/include/ros2_aruco_interfaces/ros2_aruco_interfaces/msg/detail
[14.263s] -- Up-to-date: /home/user/simulation_ws/install/ros2_aruco_interfaces/include/ros2_aruco_interfaces/ros2_aruco_interfaces/msg/detail/aruco_markers__rosidl_typesupport_fastrtps_c.h
[14.263s] -- Up-to-date: /home/user/simulation_ws/install/ros2_aruco_interfaces/include/ros2_aruco_interfaces/ros2_aruco_interfaces/msg/rosidl_typesupport_fastrtps_c__visibility_control.h
[14.264s] -- Up-to-date: /home/user/simulation_ws/install/ros2_aruco_interfaces/lib/libros2_aruco_interfaces__rosidl_typesupport_fastrtps_c.so
[14.264s] -- Up-to-date: /home/user/simulation_ws/install/ros2_aruco_interfaces/include/ros2_aruco_interfaces/ros2_aruco_interfaces
[14.264s] -- Up-to-date: /home/user/simulation_ws/install/ros2_aruco_interfaces/include/ros2_aruco_interfaces/ros2_aruco_interfaces/msg
[14.265s] -- Up-to-date: /home/user/simulation_ws/install/ros2_aruco_interfaces/include/ros2_aruco_interfaces/ros2_aruco_interfaces/msg/detail
[14.265s] -- Up-to-date: /home/user/simulation_ws/install/ros2_aruco_interfaces/include/ros2_aruco_interfaces/ros2_aruco_interfaces/msg/detail/aruco_markers__builder.hpp
[14.265s] -- Up-to-date: /home/user/simulation_ws/install/ros2_aruco_interfaces/include/ros2_aruco_interfaces/ros2_aruco_interfaces/msg/detail/aruco_markers__traits.hpp
[14.265s] -- Up-to-date: /home/user/simulation_ws/install/ros2_aruco_interfaces/include/ros2_aruco_interfaces/ros2_aruco_interfaces/msg/detail/aruco_markers__struct.hpp
[14.265s] -- Up-to-date: /home/user/simulation_ws/install/ros2_aruco_interfaces/include/ros2_aruco_interfaces/ros2_aruco_interfaces/msg/aruco_markers.hpp
[14.265s] -- Up-to-date: /home/user/simulation_ws/install/ros2_aruco_interfaces/include/ros2_aruco_interfaces/ros2_aruco_interfaces
[14.266s] -- Up-to-date: /home/user/simulation_ws/install/ros2_aruco_interfaces/include/ros2_aruco_interfaces/ros2_aruco_interfaces/msg
[14.266s] -- Up-to-date: /home/user/simulation_ws/install/ros2_aruco_interfaces/include/ros2_aruco_interfaces/ros2_aruco_interfaces/msg/detail
[14.266s] -- Up-to-date: /home/user/simulation_ws/install/ros2_aruco_interfaces/include/ros2_aruco_interfaces/ros2_aruco_interfaces/msg/detail/aruco_markers__rosidl_typesupport_fastrtps_cpp.hpp
[14.266s] -- Up-to-date: /home/user/simulation_ws/install/ros2_aruco_interfaces/include/ros2_aruco_interfaces/ros2_aruco_interfaces/msg/detail/dds_fastrtps
[14.269s] -- Up-to-date: /home/user/simulation_ws/install/ros2_aruco_interfaces/include/ros2_aruco_interfaces/ros2_aruco_interfaces/msg/rosidl_typesupport_fastrtps_cpp__visibility_control.h
[14.269s] -- Up-to-date: /home/user/simulation_ws/install/ros2_aruco_interfaces/lib/libros2_aruco_interfaces__rosidl_typesupport_fastrtps_cpp.so
[14.269s] -- Up-to-date: /home/user/simulation_ws/install/ros2_aruco_interfaces/include/ros2_aruco_interfaces/ros2_aruco_interfaces
[14.269s] -- Up-to-date: /home/user/simulation_ws/install/ros2_aruco_interfaces/include/ros2_aruco_interfaces/ros2_aruco_interfaces/msg
[14.269s] -- Up-to-date: /home/user/simulation_ws/install/ros2_aruco_interfaces/include/ros2_aruco_interfaces/ros2_aruco_interfaces/msg/detail
[14.269s] -- Up-to-date: /home/user/simulation_ws/install/ros2_aruco_interfaces/include/ros2_aruco_interfaces/ros2_aruco_interfaces/msg/detail/aruco_markers__type_support.c
[14.269s] -- Up-to-date: /home/user/simulation_ws/install/ros2_aruco_interfaces/include/ros2_aruco_interfaces/ros2_aruco_interfaces/msg/detail/aruco_markers__rosidl_typesupport_introspection_c.h
[14.269s] -- Up-to-date: /home/user/simulation_ws/install/ros2_aruco_interfaces/include/ros2_aruco_interfaces/ros2_aruco_interfaces/msg/rosidl_typesupport_introspection_c__visibility_control.h
[14.270s] -- Up-to-date: /home/user/simulation_ws/install/ros2_aruco_interfaces/lib/libros2_aruco_interfaces__rosidl_typesupport_introspection_c.so
[14.270s] -- Up-to-date: /home/user/simulation_ws/install/ros2_aruco_interfaces/lib/libros2_aruco_interfaces__rosidl_typesupport_c.so
[14.270s] -- Up-to-date: /home/user/simulation_ws/install/ros2_aruco_interfaces/include/ros2_aruco_interfaces/ros2_aruco_interfaces
[14.270s] -- Up-to-date: /home/user/simulation_ws/install/ros2_aruco_interfaces/include/ros2_aruco_interfaces/ros2_aruco_interfaces/msg
[14.270s] -- Up-to-date: /home/user/simulation_ws/install/ros2_aruco_interfaces/include/ros2_aruco_interfaces/ros2_aruco_interfaces/msg/detail
[14.271s] -- Up-to-date: /home/user/simulation_ws/install/ros2_aruco_interfaces/include/ros2_aruco_interfaces/ros2_aruco_interfaces/msg/detail/aruco_markers__rosidl_typesupport_introspection_cpp.hpp
[14.271s] -- Up-to-date: /home/user/simulation_ws/install/ros2_aruco_interfaces/include/ros2_aruco_interfaces/ros2_aruco_interfaces/msg/detail/aruco_markers__type_support.cpp
[14.271s] -- Up-to-date: /home/user/simulation_ws/install/ros2_aruco_interfaces/lib/libros2_aruco_interfaces__rosidl_typesupport_introspection_cpp.so
[14.272s] -- Up-to-date: /home/user/simulation_ws/install/ros2_aruco_interfaces/lib/libros2_aruco_interfaces__rosidl_typesupport_cpp.so
[14.272s] -- Up-to-date: /home/user/simulation_ws/install/ros2_aruco_interfaces/share/ament_index/resource_index/rust_packages/ros2_aruco_interfaces
[14.272s] -- Up-to-date: /home/user/simulation_ws/install/ros2_aruco_interfaces/share/ros2_aruco_interfaces/rust
[14.272s] -- Installing: /home/user/simulation_ws/install/ros2_aruco_interfaces/share/ros2_aruco_interfaces/rust/Cargo.toml
[14.272s] -- Up-to-date: /home/user/simulation_ws/install/ros2_aruco_interfaces/share/ros2_aruco_interfaces/rust/src
[14.272s] -- Installing: /home/user/simulation_ws/install/ros2_aruco_interfaces/share/ros2_aruco_interfaces/rust/src/msg.rs
[14.272s] -- Installing: /home/user/simulation_ws/install/ros2_aruco_interfaces/share/ros2_aruco_interfaces/rust/src/lib.rs
[14.272s] -- Installing: /home/user/simulation_ws/install/ros2_aruco_interfaces/share/ros2_aruco_interfaces/rust/build.rs
[14.272s] -- Up-to-date: /home/user/simulation_ws/install/ros2_aruco_interfaces/share/ros2_aruco_interfaces/rust
[14.273s] -- Up-to-date: /home/user/simulation_ws/install/ros2_aruco_interfaces/share/ros2_aruco_interfaces/rust/Cargo.toml
[14.273s] -- Up-to-date: /home/user/simulation_ws/install/ros2_aruco_interfaces/share/ros2_aruco_interfaces/rust/src
[14.273s] -- Up-to-date: /home/user/simulation_ws/install/ros2_aruco_interfaces/share/ros2_aruco_interfaces/rust/src/msg.rs
[14.273s] -- Up-to-date: /home/user/simulation_ws/install/ros2_aruco_interfaces/share/ros2_aruco_interfaces/rust/src/lib.rs
[14.273s] -- Up-to-date: /home/user/simulation_ws/install/ros2_aruco_interfaces/share/ros2_aruco_interfaces/rust/build.rs
[14.273s] -- Up-to-date: /home/user/simulation_ws/install/ros2_aruco_interfaces/share/ros2_aruco_interfaces/rust
[14.273s] -- Up-to-date: /home/user/simulation_ws/install/ros2_aruco_interfaces/share/ros2_aruco_interfaces/rust/Cargo.toml
[14.273s] -- Up-to-date: /home/user/simulation_ws/install/ros2_aruco_interfaces/share/ros2_aruco_interfaces/rust/src
[14.273s] -- Up-to-date: /home/user/simulation_ws/install/ros2_aruco_interfaces/share/ros2_aruco_interfaces/rust/src/msg.rs
[14.274s] -- Up-to-date: /home/user/simulation_ws/install/ros2_aruco_interfaces/share/ros2_aruco_interfaces/rust/src/lib.rs
[14.274s] -- Up-to-date: /home/user/simulation_ws/install/ros2_aruco_interfaces/share/ros2_aruco_interfaces/rust/build.rs
[14.274s] -- Up-to-date: /home/user/simulation_ws/install/ros2_aruco_interfaces/share/ros2_aruco_interfaces/environment/pythonpath.sh
[14.274s] -- Up-to-date: /home/user/simulation_ws/install/ros2_aruco_interfaces/share/ros2_aruco_interfaces/environment/pythonpath.dsv
[14.274s] -- Up-to-date: /home/user/simulation_ws/install/ros2_aruco_interfaces/local/lib/python3.10/dist-packages/ros2_aruco_interfaces-0.1.0-py3.10.egg-info
[14.274s] -- Installing: /home/user/simulation_ws/install/ros2_aruco_interfaces/local/lib/python3.10/dist-packages/ros2_aruco_interfaces-0.1.0-py3.10.egg-info/PKG-INFO
[14.274s] -- Installing: /home/user/simulation_ws/install/ros2_aruco_interfaces/local/lib/python3.10/dist-packages/ros2_aruco_interfaces-0.1.0-py3.10.egg-info/top_level.txt
[14.274s] -- Installing: /home/user/simulation_ws/install/ros2_aruco_interfaces/local/lib/python3.10/dist-packages/ros2_aruco_interfaces-0.1.0-py3.10.egg-info/SOURCES.txt
[14.274s] -- Installing: /home/user/simulation_ws/install/ros2_aruco_interfaces/local/lib/python3.10/dist-packages/ros2_aruco_interfaces-0.1.0-py3.10.egg-info/dependency_links.txt
[14.274s] -- Up-to-date: /home/user/simulation_ws/install/ros2_aruco_interfaces/local/lib/python3.10/dist-packages/ros2_aruco_interfaces
[14.275s] -- Up-to-date: /home/user/simulation_ws/install/ros2_aruco_interfaces/local/lib/python3.10/dist-packages/ros2_aruco_interfaces/ros2_aruco_interfaces_s__rosidl_typesupport_introspection_c.cpython-310-x86_64-linux-gnu.so
[14.275s] -- Up-to-date: /home/user/simulation_ws/install/ros2_aruco_interfaces/local/lib/python3.10/dist-packages/ros2_aruco_interfaces/ros2_aruco_interfaces_s__rosidl_typesupport_c.cpython-310-x86_64-linux-gnu.so
[14.275s] -- Up-to-date: /home/user/simulation_ws/install/ros2_aruco_interfaces/local/lib/python3.10/dist-packages/ros2_aruco_interfaces/_ros2_aruco_interfaces_s.ep.rosidl_typesupport_c.c
[14.275s] -- Up-to-date: /home/user/simulation_ws/install/ros2_aruco_interfaces/local/lib/python3.10/dist-packages/ros2_aruco_interfaces/_ros2_aruco_interfaces_s.ep.rosidl_typesupport_fastrtps_c.c
[14.275s] -- Up-to-date: /home/user/simulation_ws/install/ros2_aruco_interfaces/local/lib/python3.10/dist-packages/ros2_aruco_interfaces/msg
[14.275s] -- Up-to-date: /home/user/simulation_ws/install/ros2_aruco_interfaces/local/lib/python3.10/dist-packages/ros2_aruco_interfaces/msg/__init__.py
[14.275s] -- Up-to-date: /home/user/simulation_ws/install/ros2_aruco_interfaces/local/lib/python3.10/dist-packages/ros2_aruco_interfaces/msg/_aruco_markers_s.c
[14.275s] -- Up-to-date: /home/user/simulation_ws/install/ros2_aruco_interfaces/local/lib/python3.10/dist-packages/ros2_aruco_interfaces/msg/_aruco_markers.py
[14.275s] -- Up-to-date: /home/user/simulation_ws/install/ros2_aruco_interfaces/local/lib/python3.10/dist-packages/ros2_aruco_interfaces/_ros2_aruco_interfaces_s.ep.rosidl_typesupport_introspection_c.c
[14.276s] -- Up-to-date: /home/user/simulation_ws/install/ros2_aruco_interfaces/local/lib/python3.10/dist-packages/ros2_aruco_interfaces/libros2_aruco_interfaces__rosidl_generator_py.so
[14.276s] -- Up-to-date: /home/user/simulation_ws/install/ros2_aruco_interfaces/local/lib/python3.10/dist-packages/ros2_aruco_interfaces/__init__.py
[14.276s] -- Up-to-date: /home/user/simulation_ws/install/ros2_aruco_interfaces/local/lib/python3.10/dist-packages/ros2_aruco_interfaces/ros2_aruco_interfaces_s__rosidl_typesupport_fastrtps_c.cpython-310-x86_64-linux-gnu.so
[14.475s] Listing '/home/user/simulation_ws/install/ros2_aruco_interfaces/local/lib/python3.10/dist-packages/ros2_aruco_interfaces'...
[14.475s] Listing '/home/user/simulation_ws/install/ros2_aruco_interfaces/local/lib/python3.10/dist-packages/ros2_aruco_interfaces/msg'...
[14.482s] -- Up-to-date: /home/user/simulation_ws/install/ros2_aruco_interfaces/local/lib/python3.10/dist-packages/ros2_aruco_interfaces/ros2_aruco_interfaces_s__rosidl_typesupport_fastrtps_c.cpython-310-x86_64-linux-gnu.so
[14.483s] -- Up-to-date: /home/user/simulation_ws/install/ros2_aruco_interfaces/local/lib/python3.10/dist-packages/ros2_aruco_interfaces/ros2_aruco_interfaces_s__rosidl_typesupport_introspection_c.cpython-310-x86_64-linux-gnu.so
[14.485s] -- Up-to-date: /home/user/simulation_ws/install/ros2_aruco_interfaces/local/lib/python3.10/dist-packages/ros2_aruco_interfaces/ros2_aruco_interfaces_s__rosidl_typesupport_c.cpython-310-x86_64-linux-gnu.so
[14.485s] -- Up-to-date: /home/user/simulation_ws/install/ros2_aruco_interfaces/lib/libros2_aruco_interfaces__rosidl_generator_py.so
[14.486s] -- Up-to-date: /home/user/simulation_ws/install/ros2_aruco_interfaces/share/ros2_aruco_interfaces/msg/ArucoMarkers.idl
[14.486s] -- Up-to-date: /home/user/simulation_ws/install/ros2_aruco_interfaces/share/ros2_aruco_interfaces/msg/ArucoMarkers.msg
[14.486s] -- Up-to-date: /home/user/simulation_ws/install/ros2_aruco_interfaces/share/ament_index/resource_index/package_run_dependencies/ros2_aruco_interfaces
[14.486s] -- Up-to-date: /home/user/simulation_ws/install/ros2_aruco_interfaces/share/ament_index/resource_index/parent_prefix_path/ros2_aruco_interfaces
[14.486s] -- Up-to-date: /home/user/simulation_ws/install/ros2_aruco_interfaces/share/ros2_aruco_interfaces/environment/ament_prefix_path.sh
[14.486s] -- Up-to-date: /home/user/simulation_ws/install/ros2_aruco_interfaces/share/ros2_aruco_interfaces/environment/ament_prefix_path.dsv
[14.487s] -- Up-to-date: /home/user/simulation_ws/install/ros2_aruco_interfaces/share/ros2_aruco_interfaces/environment/path.sh
[14.487s] -- Up-to-date: /home/user/simulation_ws/install/ros2_aruco_interfaces/share/ros2_aruco_interfaces/environment/path.dsv
[14.487s] -- Up-to-date: /home/user/simulation_ws/install/ros2_aruco_interfaces/share/ros2_aruco_interfaces/local_setup.bash
[14.488s] -- Up-to-date: /home/user/simulation_ws/install/ros2_aruco_interfaces/share/ros2_aruco_interfaces/local_setup.sh
[14.488s] -- Up-to-date: /home/user/simulation_ws/install/ros2_aruco_interfaces/share/ros2_aruco_interfaces/local_setup.zsh
[14.489s] -- Up-to-date: /home/user/simulation_ws/install/ros2_aruco_interfaces/share/ros2_aruco_interfaces/local_setup.dsv
[14.489s] -- Installing: /home/user/simulation_ws/install/ros2_aruco_interfaces/share/ros2_aruco_interfaces/package.dsv
[14.489s] -- Up-to-date: /home/user/simulation_ws/install/ros2_aruco_interfaces/share/ament_index/resource_index/packages/ros2_aruco_interfaces
[14.490s] -- Up-to-date: /home/user/simulation_ws/install/ros2_aruco_interfaces/share/ros2_aruco_interfaces/cmake/export_ros2_aruco_interfaces__rosidl_generator_cExport.cmake
[14.490s] -- Up-to-date: /home/user/simulation_ws/install/ros2_aruco_interfaces/share/ros2_aruco_interfaces/cmake/export_ros2_aruco_interfaces__rosidl_generator_cExport-noconfig.cmake
[14.490s] -- Up-to-date: /home/user/simulation_ws/install/ros2_aruco_interfaces/share/ros2_aruco_interfaces/cmake/export_ros2_aruco_interfaces__rosidl_typesupport_fastrtps_cExport.cmake
[14.490s] -- Up-to-date: /home/user/simulation_ws/install/ros2_aruco_interfaces/share/ros2_aruco_interfaces/cmake/export_ros2_aruco_interfaces__rosidl_typesupport_fastrtps_cExport-noconfig.cmake
[14.490s] -- Up-to-date: /home/user/simulation_ws/install/ros2_aruco_interfaces/share/ros2_aruco_interfaces/cmake/export_ros2_aruco_interfaces__rosidl_generator_cppExport.cmake
[14.491s] -- Up-to-date: /home/user/simulation_ws/install/ros2_aruco_interfaces/share/ros2_aruco_interfaces/cmake/export_ros2_aruco_interfaces__rosidl_typesupport_fastrtps_cppExport.cmake
[14.491s] -- Up-to-date: /home/user/simulation_ws/install/ros2_aruco_interfaces/share/ros2_aruco_interfaces/cmake/export_ros2_aruco_interfaces__rosidl_typesupport_fastrtps_cppExport-noconfig.cmake
[14.491s] -- Up-to-date: /home/user/simulation_ws/install/ros2_aruco_interfaces/share/ros2_aruco_interfaces/cmake/ros2_aruco_interfaces__rosidl_typesupport_introspection_cExport.cmake
[14.491s] -- Up-to-date: /home/user/simulation_ws/install/ros2_aruco_interfaces/share/ros2_aruco_interfaces/cmake/ros2_aruco_interfaces__rosidl_typesupport_introspection_cExport-noconfig.cmake
[14.491s] -- Up-to-date: /home/user/simulation_ws/install/ros2_aruco_interfaces/share/ros2_aruco_interfaces/cmake/ros2_aruco_interfaces__rosidl_typesupport_cExport.cmake
[14.491s] -- Up-to-date: /home/user/simulation_ws/install/ros2_aruco_interfaces/share/ros2_aruco_interfaces/cmake/ros2_aruco_interfaces__rosidl_typesupport_cExport-noconfig.cmake
[14.491s] -- Up-to-date: /home/user/simulation_ws/install/ros2_aruco_interfaces/share/ros2_aruco_interfaces/cmake/ros2_aruco_interfaces__rosidl_typesupport_introspection_cppExport.cmake
[14.492s] -- Up-to-date: /home/user/simulation_ws/install/ros2_aruco_interfaces/share/ros2_aruco_interfaces/cmake/ros2_aruco_interfaces__rosidl_typesupport_introspection_cppExport-noconfig.cmake
[14.492s] -- Up-to-date: /home/user/simulation_ws/install/ros2_aruco_interfaces/share/ros2_aruco_interfaces/cmake/ros2_aruco_interfaces__rosidl_typesupport_cppExport.cmake
[14.492s] -- Up-to-date: /home/user/simulation_ws/install/ros2_aruco_interfaces/share/ros2_aruco_interfaces/cmake/ros2_aruco_interfaces__rosidl_typesupport_cppExport-noconfig.cmake
[14.492s] -- Up-to-date: /home/user/simulation_ws/install/ros2_aruco_interfaces/share/ros2_aruco_interfaces/cmake/export_ros2_aruco_interfaces__rosidl_generator_pyExport.cmake
[14.492s] -- Up-to-date: /home/user/simulation_ws/install/ros2_aruco_interfaces/share/ros2_aruco_interfaces/cmake/export_ros2_aruco_interfaces__rosidl_generator_pyExport-noconfig.cmake
[14.492s] -- Up-to-date: /home/user/simulation_ws/install/ros2_aruco_interfaces/share/ros2_aruco_interfaces/cmake/rosidl_cmake-extras.cmake
[14.493s] -- Up-to-date: /home/user/simulation_ws/install/ros2_aruco_interfaces/share/ros2_aruco_interfaces/cmake/ament_cmake_export_dependencies-extras.cmake
[14.500s] -- Up-to-date: /home/user/simulation_ws/install/ros2_aruco_interfaces/share/ros2_aruco_interfaces/cmake/ament_cmake_export_include_directories-extras.cmake
[14.556s] -- Up-to-date: /home/user/simulation_ws/install/ros2_aruco_interfaces/share/ros2_aruco_interfaces/cmake/ament_cmake_export_libraries-extras.cmake
[14.557s] -- Up-to-date: /home/user/simulation_ws/install/ros2_aruco_interfaces/share/ros2_aruco_interfaces/cmake/ament_cmake_export_targets-extras.cmake
[14.557s] -- Up-to-date: /home/user/simulation_ws/install/ros2_aruco_interfaces/share/ros2_aruco_interfaces/cmake/rosidl_cmake_export_typesupport_targets-extras.cmake
[14.558s] -- Up-to-date: /home/user/simulation_ws/install/ros2_aruco_interfaces/share/ros2_aruco_interfaces/cmake/rosidl_cmake_export_typesupport_libraries-extras.cmake
[14.558s] -- Up-to-date: /home/user/simulation_ws/install/ros2_aruco_interfaces/share/ros2_aruco_interfaces/cmake/ros2_aruco_interfacesConfig.cmake
[14.558s] -- Up-to-date: /home/user/simulation_ws/install/ros2_aruco_interfaces/share/ros2_aruco_interfaces/cmake/ros2_aruco_interfacesConfig-version.cmake
[14.558s] -- Up-to-date: /home/user/simulation_ws/install/ros2_aruco_interfaces/share/ros2_aruco_interfaces/package.xml
[14.558s] Invoked command in '/home/user/simulation_ws/build/ros2_aruco_interfaces' returned '0': CMAKE_PREFIX_PATH=${CMAKE_PREFIX_PATH}:/home/user/simulation_ws/install/tortoisebot_localization:/home/user/simulation_ws/install/tortoisebot_control:/home/user/simulation_ws/install/ros2_aruco:/home/simulations/ros2_sims_ws/install/rclrs_tests:/home/simulations/ros2_sims_ws/install/examples_rclrs_minimal_client_service:/home/simulations/ros2_sims_ws/install/sensor_msgs_py:/home/simulations/ros2_sims_ws/install/examples_rclrs_minimal_pub_sub:/home/simulations/ros2_sims_ws/install/examples_rclrs_message_demo:/home/simulations/ros2_sims_ws/install/rclrs:/home/simulations/ros2_sims_ws/install/rosidl_runtime_rs:/home/user/ros2_ws/install/opencv_tests:/opt/ros/humble _=/usr/bin/env /usr/bin/cmake --install /home/user/simulation_ws/build/ros2_aruco_interfaces
