[0.654s] DEBUG:colcon:Command line arguments: ['/usr/bin/colcon', 'build', '--packages-select', 'tortoisebot_gazebo']
[0.654s] DEBUG:colcon:Parsed command line arguments: Namespace(log_base=None, log_level=None, verb_name='build', build_base='build', install_base='install', merge_install=False, symlink_install=False, test_result_base=None, continue_on_error=False, executor='parallel', parallel_workers=8, event_handlers=None, ignore_user_meta=False, metas=['./colcon.meta'], base_paths=['.'], packages_ignore=None, packages_ignore_regex=None, paths=None, packages_up_to=None, packages_up_to_regex=None, packages_above=None, packages_above_and_dependencies=None, packages_above_depth=None, packages_select_by_dep=None, packages_skip_by_dep=None, packages_skip_up_to=None, packages_select_build_failed=False, packages_skip_build_finished=False, packages_select_test_failures=False, packages_skip_test_passed=False, packages_select=['tortoisebot_gazebo'], packages_skip=None, packages_select_regex=None, packages_skip_regex=None, packages_start=None, packages_end=None, lookup_in_workspace=False, cargo_args=None, clean_build=False, cmake_args=None, cmake_target=None, cmake_target_skip_unavailable=False, cmake_clean_cache=False, cmake_clean_first=False, cmake_force_configure=False, ament_cmake_args=None, catkin_cmake_args=None, catkin_skip_building_tests=False, mixin_files=None, mixin=None, verb_parser=<colcon_mixin.mixin.mixin_argument.MixinArgumentDecorator object at 0x7f34f652cb80>, verb_extension=<colcon_core.verb.build.BuildVerb object at 0x7f34f6f00400>, main=<bound method BuildVerb.main of <colcon_core.verb.build.BuildVerb object at 0x7f34f6f00400>>, mixin_verb=('build',))
[0.693s] Level 1:colcon.colcon_core.package_discovery:discover_packages(colcon_meta) check parameters
[0.693s] Level 1:colcon.colcon_core.package_discovery:discover_packages(recursive) check parameters
[0.693s] Level 1:colcon.colcon_core.package_discovery:discover_packages(ignore) check parameters
[0.693s] Level 1:colcon.colcon_core.package_discovery:discover_packages(path) check parameters
[0.693s] Level 1:colcon.colcon_core.package_discovery:discover_packages(colcon_meta) discover
[0.693s] Level 1:colcon.colcon_core.package_discovery:discover_packages(recursive) discover
[0.693s] INFO:colcon.colcon_core.package_discovery:Crawling recursively for packages in '/home/user/simulation_ws'
[0.693s] Level 1:colcon.colcon_core.package_identification:_identify(.) by extensions ['ignore', 'ignore_ament_install']
[0.693s] Level 1:colcon.colcon_core.package_identification:_identify(.) by extension 'ignore'
[0.693s] Level 1:colcon.colcon_core.package_identification:_identify(.) by extension 'ignore_ament_install'
[0.694s] Level 1:colcon.colcon_core.package_identification:_identify(.) by extensions ['colcon_pkg']
[0.694s] Level 1:colcon.colcon_core.package_identification:_identify(.) by extension 'colcon_pkg'
[0.694s] Level 1:colcon.colcon_core.package_identification:_identify(.) by extensions ['colcon_meta']
[0.694s] Level 1:colcon.colcon_core.package_identification:_identify(.) by extension 'colcon_meta'
[0.694s] Level 1:colcon.colcon_core.package_identification:_identify(.) by extensions ['ament_cargo']
[0.694s] Level 1:colcon.colcon_core.package_identification:_identify(.) by extension 'ament_cargo'
[0.694s] Level 1:colcon.colcon_core.package_identification:_identify(.) by extensions ['ros']
[0.694s] Level 1:colcon.colcon_core.package_identification:_identify(.) by extension 'ros'
[0.710s] Level 1:colcon.colcon_core.package_identification:_identify(.) by extensions ['cargo', 'cmake', 'python']
[0.710s] Level 1:colcon.colcon_core.package_identification:_identify(.) by extension 'cargo'
[0.710s] Level 1:colcon.colcon_core.package_identification:_identify(.) by extension 'cmake'
[0.710s] Level 1:colcon.colcon_core.package_identification:_identify(.) by extension 'python'
[0.710s] Level 1:colcon.colcon_core.package_identification:_identify(.) by extensions ['python_setup_py']
[0.710s] Level 1:colcon.colcon_core.package_identification:_identify(.) by extension 'python_setup_py'
[0.711s] Level 1:colcon.colcon_core.package_identification:_identify(build) by extensions ['ignore', 'ignore_ament_install']
[0.711s] Level 1:colcon.colcon_core.package_identification:_identify(build) by extension 'ignore'
[0.711s] Level 1:colcon.colcon_core.package_identification:_identify(build) ignored
[0.711s] Level 1:colcon.colcon_core.package_identification:_identify(install) by extensions ['ignore', 'ignore_ament_install']
[0.711s] Level 1:colcon.colcon_core.package_identification:_identify(install) by extension 'ignore'
[0.711s] Level 1:colcon.colcon_core.package_identification:_identify(install) ignored
[0.711s] Level 1:colcon.colcon_core.package_identification:_identify(log) by extensions ['ignore', 'ignore_ament_install']
[0.712s] Level 1:colcon.colcon_core.package_identification:_identify(log) by extension 'ignore'
[0.712s] Level 1:colcon.colcon_core.package_identification:_identify(log) ignored
[0.712s] Level 1:colcon.colcon_core.package_identification:_identify(src) by extensions ['ignore', 'ignore_ament_install']
[0.712s] Level 1:colcon.colcon_core.package_identification:_identify(src) by extension 'ignore'
[0.712s] Level 1:colcon.colcon_core.package_identification:_identify(src) by extension 'ignore_ament_install'
[0.712s] Level 1:colcon.colcon_core.package_identification:_identify(src) by extensions ['colcon_pkg']
[0.712s] Level 1:colcon.colcon_core.package_identification:_identify(src) by extension 'colcon_pkg'
[0.712s] Level 1:colcon.colcon_core.package_identification:_identify(src) by extensions ['colcon_meta']
[0.712s] Level 1:colcon.colcon_core.package_identification:_identify(src) by extension 'colcon_meta'
[0.712s] Level 1:colcon.colcon_core.package_identification:_identify(src) by extensions ['ament_cargo']
[0.712s] Level 1:colcon.colcon_core.package_identification:_identify(src) by extension 'ament_cargo'
[0.712s] Level 1:colcon.colcon_core.package_identification:_identify(src) by extensions ['ros']
[0.712s] Level 1:colcon.colcon_core.package_identification:_identify(src) by extension 'ros'
[0.712s] Level 1:colcon.colcon_core.package_identification:_identify(src) by extensions ['cargo', 'cmake', 'python']
[0.712s] Level 1:colcon.colcon_core.package_identification:_identify(src) by extension 'cargo'
[0.712s] Level 1:colcon.colcon_core.package_identification:_identify(src) by extension 'cmake'
[0.713s] Level 1:colcon.colcon_core.package_identification:_identify(src) by extension 'python'
[0.713s] Level 1:colcon.colcon_core.package_identification:_identify(src) by extensions ['python_setup_py']
[0.713s] Level 1:colcon.colcon_core.package_identification:_identify(src) by extension 'python_setup_py'
[0.713s] Level 1:colcon.colcon_core.package_identification:_identify(src/tortoisebot) by extensions ['ignore', 'ignore_ament_install']
[0.713s] Level 1:colcon.colcon_core.package_identification:_identify(src/tortoisebot) by extension 'ignore'
[0.713s] Level 1:colcon.colcon_core.package_identification:_identify(src/tortoisebot) by extension 'ignore_ament_install'
[0.713s] Level 1:colcon.colcon_core.package_identification:_identify(src/tortoisebot) by extensions ['colcon_pkg']
[0.713s] Level 1:colcon.colcon_core.package_identification:_identify(src/tortoisebot) by extension 'colcon_pkg'
[0.713s] Level 1:colcon.colcon_core.package_identification:_identify(src/tortoisebot) by extensions ['colcon_meta']
[0.713s] Level 1:colcon.colcon_core.package_identification:_identify(src/tortoisebot) by extension 'colcon_meta'
[0.713s] Level 1:colcon.colcon_core.package_identification:_identify(src/tortoisebot) by extensions ['ament_cargo']
[0.713s] Level 1:colcon.colcon_core.package_identification:_identify(src/tortoisebot) by extension 'ament_cargo'
[0.713s] Level 1:colcon.colcon_core.package_identification:_identify(src/tortoisebot) by extensions ['ros']
[0.713s] Level 1:colcon.colcon_core.package_identification:_identify(src/tortoisebot) by extension 'ros'
[0.713s] Level 1:colcon.colcon_core.package_identification:_identify(src/tortoisebot) by extensions ['cargo', 'cmake', 'python']
[0.713s] Level 1:colcon.colcon_core.package_identification:_identify(src/tortoisebot) by extension 'cargo'
[0.714s] Level 1:colcon.colcon_core.package_identification:_identify(src/tortoisebot) by extension 'cmake'
[0.714s] Level 1:colcon.colcon_core.package_identification:_identify(src/tortoisebot) by extension 'python'
[0.714s] Level 1:colcon.colcon_core.package_identification:_identify(src/tortoisebot) by extensions ['python_setup_py']
[0.714s] Level 1:colcon.colcon_core.package_identification:_identify(src/tortoisebot) by extension 'python_setup_py'
[0.714s] Level 1:colcon.colcon_core.package_identification:_identify(src/tortoisebot/docker) by extensions ['ignore', 'ignore_ament_install']
[0.714s] Level 1:colcon.colcon_core.package_identification:_identify(src/tortoisebot/docker) by extension 'ignore'
[0.714s] Level 1:colcon.colcon_core.package_identification:_identify(src/tortoisebot/docker) by extension 'ignore_ament_install'
[0.714s] Level 1:colcon.colcon_core.package_identification:_identify(src/tortoisebot/docker) by extensions ['colcon_pkg']
[0.714s] Level 1:colcon.colcon_core.package_identification:_identify(src/tortoisebot/docker) by extension 'colcon_pkg'
[0.714s] Level 1:colcon.colcon_core.package_identification:_identify(src/tortoisebot/docker) by extensions ['colcon_meta']
[0.714s] Level 1:colcon.colcon_core.package_identification:_identify(src/tortoisebot/docker) by extension 'colcon_meta'
[0.714s] Level 1:colcon.colcon_core.package_identification:_identify(src/tortoisebot/docker) by extensions ['ament_cargo']
[0.714s] Level 1:colcon.colcon_core.package_identification:_identify(src/tortoisebot/docker) by extension 'ament_cargo'
[0.714s] Level 1:colcon.colcon_core.package_identification:_identify(src/tortoisebot/docker) by extensions ['ros']
[0.714s] Level 1:colcon.colcon_core.package_identification:_identify(src/tortoisebot/docker) by extension 'ros'
[0.715s] Level 1:colcon.colcon_core.package_identification:_identify(src/tortoisebot/docker) by extensions ['cargo', 'cmake', 'python']
[0.715s] Level 1:colcon.colcon_core.package_identification:_identify(src/tortoisebot/docker) by extension 'cargo'
[0.715s] Level 1:colcon.colcon_core.package_identification:_identify(src/tortoisebot/docker) by extension 'cmake'
[0.715s] Level 1:colcon.colcon_core.package_identification:_identify(src/tortoisebot/docker) by extension 'python'
[0.715s] Level 1:colcon.colcon_core.package_identification:_identify(src/tortoisebot/docker) by extensions ['python_setup_py']
[0.715s] Level 1:colcon.colcon_core.package_identification:_identify(src/tortoisebot/docker) by extension 'python_setup_py'
[0.715s] Level 1:colcon.colcon_core.package_identification:_identify(src/tortoisebot/docker/tortoisebot_ros1_docker) by extensions ['ignore', 'ignore_ament_install']
[0.715s] Level 1:colcon.colcon_core.package_identification:_identify(src/tortoisebot/docker/tortoisebot_ros1_docker) by extension 'ignore'
[0.715s] Level 1:colcon.colcon_core.package_identification:_identify(src/tortoisebot/docker/tortoisebot_ros1_docker) by extension 'ignore_ament_install'
[0.715s] Level 1:colcon.colcon_core.package_identification:_identify(src/tortoisebot/docker/tortoisebot_ros1_docker) by extensions ['colcon_pkg']
[0.715s] Level 1:colcon.colcon_core.package_identification:_identify(src/tortoisebot/docker/tortoisebot_ros1_docker) by extension 'colcon_pkg'
[0.715s] Level 1:colcon.colcon_core.package_identification:_identify(src/tortoisebot/docker/tortoisebot_ros1_docker) by extensions ['colcon_meta']
[0.715s] Level 1:colcon.colcon_core.package_identification:_identify(src/tortoisebot/docker/tortoisebot_ros1_docker) by extension 'colcon_meta'
[0.715s] Level 1:colcon.colcon_core.package_identification:_identify(src/tortoisebot/docker/tortoisebot_ros1_docker) by extensions ['ament_cargo']
[0.715s] Level 1:colcon.colcon_core.package_identification:_identify(src/tortoisebot/docker/tortoisebot_ros1_docker) by extension 'ament_cargo'
[0.715s] Level 1:colcon.colcon_core.package_identification:_identify(src/tortoisebot/docker/tortoisebot_ros1_docker) by extensions ['ros']
[0.715s] Level 1:colcon.colcon_core.package_identification:_identify(src/tortoisebot/docker/tortoisebot_ros1_docker) by extension 'ros'
[0.716s] Level 1:colcon.colcon_core.package_identification:_identify(src/tortoisebot/docker/tortoisebot_ros1_docker) by extensions ['cargo', 'cmake', 'python']
[0.716s] Level 1:colcon.colcon_core.package_identification:_identify(src/tortoisebot/docker/tortoisebot_ros1_docker) by extension 'cargo'
[0.716s] Level 1:colcon.colcon_core.package_identification:_identify(src/tortoisebot/docker/tortoisebot_ros1_docker) by extension 'cmake'
[0.716s] Level 1:colcon.colcon_core.package_identification:_identify(src/tortoisebot/docker/tortoisebot_ros1_docker) by extension 'python'
[0.716s] Level 1:colcon.colcon_core.package_identification:_identify(src/tortoisebot/docker/tortoisebot_ros1_docker) by extensions ['python_setup_py']
[0.716s] Level 1:colcon.colcon_core.package_identification:_identify(src/tortoisebot/docker/tortoisebot_ros1_docker) by extension 'python_setup_py'
[0.716s] Level 1:colcon.colcon_core.package_identification:_identify(src/tortoisebot/docker/tortoisebot_ros2_docker) by extensions ['ignore', 'ignore_ament_install']
[0.716s] Level 1:colcon.colcon_core.package_identification:_identify(src/tortoisebot/docker/tortoisebot_ros2_docker) by extension 'ignore'
[0.716s] Level 1:colcon.colcon_core.package_identification:_identify(src/tortoisebot/docker/tortoisebot_ros2_docker) by extension 'ignore_ament_install'
[0.716s] Level 1:colcon.colcon_core.package_identification:_identify(src/tortoisebot/docker/tortoisebot_ros2_docker) by extensions ['colcon_pkg']
[0.716s] Level 1:colcon.colcon_core.package_identification:_identify(src/tortoisebot/docker/tortoisebot_ros2_docker) by extension 'colcon_pkg'
[0.716s] Level 1:colcon.colcon_core.package_identification:_identify(src/tortoisebot/docker/tortoisebot_ros2_docker) by extensions ['colcon_meta']
[0.716s] Level 1:colcon.colcon_core.package_identification:_identify(src/tortoisebot/docker/tortoisebot_ros2_docker) by extension 'colcon_meta'
[0.716s] Level 1:colcon.colcon_core.package_identification:_identify(src/tortoisebot/docker/tortoisebot_ros2_docker) by extensions ['ament_cargo']
[0.717s] Level 1:colcon.colcon_core.package_identification:_identify(src/tortoisebot/docker/tortoisebot_ros2_docker) by extension 'ament_cargo'
[0.717s] Level 1:colcon.colcon_core.package_identification:_identify(src/tortoisebot/docker/tortoisebot_ros2_docker) by extensions ['ros']
[0.717s] Level 1:colcon.colcon_core.package_identification:_identify(src/tortoisebot/docker/tortoisebot_ros2_docker) by extension 'ros'
[0.717s] Level 1:colcon.colcon_core.package_identification:_identify(src/tortoisebot/docker/tortoisebot_ros2_docker) by extensions ['cargo', 'cmake', 'python']
[0.717s] Level 1:colcon.colcon_core.package_identification:_identify(src/tortoisebot/docker/tortoisebot_ros2_docker) by extension 'cargo'
[0.717s] Level 1:colcon.colcon_core.package_identification:_identify(src/tortoisebot/docker/tortoisebot_ros2_docker) by extension 'cmake'
[0.717s] Level 1:colcon.colcon_core.package_identification:_identify(src/tortoisebot/docker/tortoisebot_ros2_docker) by extension 'python'
[0.717s] Level 1:colcon.colcon_core.package_identification:_identify(src/tortoisebot/docker/tortoisebot_ros2_docker) by extensions ['python_setup_py']
[0.717s] Level 1:colcon.colcon_core.package_identification:_identify(src/tortoisebot/docker/tortoisebot_ros2_docker) by extension 'python_setup_py'
[0.717s] Level 1:colcon.colcon_core.package_identification:_identify(src/tortoisebot/ros2_aruco) by extensions ['ignore', 'ignore_ament_install']
[0.717s] Level 1:colcon.colcon_core.package_identification:_identify(src/tortoisebot/ros2_aruco) by extension 'ignore'
[0.717s] Level 1:colcon.colcon_core.package_identification:_identify(src/tortoisebot/ros2_aruco) by extension 'ignore_ament_install'
[0.717s] Level 1:colcon.colcon_core.package_identification:_identify(src/tortoisebot/ros2_aruco) by extensions ['colcon_pkg']
[0.717s] Level 1:colcon.colcon_core.package_identification:_identify(src/tortoisebot/ros2_aruco) by extension 'colcon_pkg'
[0.717s] Level 1:colcon.colcon_core.package_identification:_identify(src/tortoisebot/ros2_aruco) by extensions ['colcon_meta']
[0.718s] Level 1:colcon.colcon_core.package_identification:_identify(src/tortoisebot/ros2_aruco) by extension 'colcon_meta'
[0.718s] Level 1:colcon.colcon_core.package_identification:_identify(src/tortoisebot/ros2_aruco) by extensions ['ament_cargo']
[0.718s] Level 1:colcon.colcon_core.package_identification:_identify(src/tortoisebot/ros2_aruco) by extension 'ament_cargo'
[0.718s] Level 1:colcon.colcon_core.package_identification:_identify(src/tortoisebot/ros2_aruco) by extensions ['ros']
[0.718s] Level 1:colcon.colcon_core.package_identification:_identify(src/tortoisebot/ros2_aruco) by extension 'ros'
[0.718s] Level 1:colcon.colcon_core.package_identification:_identify(src/tortoisebot/ros2_aruco) by extensions ['cargo', 'cmake', 'python']
[0.718s] Level 1:colcon.colcon_core.package_identification:_identify(src/tortoisebot/ros2_aruco) by extension 'cargo'
[0.718s] Level 1:colcon.colcon_core.package_identification:_identify(src/tortoisebot/ros2_aruco) by extension 'cmake'
[0.718s] Level 1:colcon.colcon_core.package_identification:_identify(src/tortoisebot/ros2_aruco) by extension 'python'
[0.718s] Level 1:colcon.colcon_core.package_identification:_identify(src/tortoisebot/ros2_aruco) by extensions ['python_setup_py']
[0.718s] Level 1:colcon.colcon_core.package_identification:_identify(src/tortoisebot/ros2_aruco) by extension 'python_setup_py'
[0.718s] Level 1:colcon.colcon_core.package_identification:_identify(src/tortoisebot/ros2_aruco/generated_tags) by extensions ['ignore', 'ignore_ament_install']
[0.718s] Level 1:colcon.colcon_core.package_identification:_identify(src/tortoisebot/ros2_aruco/generated_tags) by extension 'ignore'
[0.718s] Level 1:colcon.colcon_core.package_identification:_identify(src/tortoisebot/ros2_aruco/generated_tags) by extension 'ignore_ament_install'
[0.719s] Level 1:colcon.colcon_core.package_identification:_identify(src/tortoisebot/ros2_aruco/generated_tags) by extensions ['colcon_pkg']
[0.719s] Level 1:colcon.colcon_core.package_identification:_identify(src/tortoisebot/ros2_aruco/generated_tags) by extension 'colcon_pkg'
[0.719s] Level 1:colcon.colcon_core.package_identification:_identify(src/tortoisebot/ros2_aruco/generated_tags) by extensions ['colcon_meta']
[0.719s] Level 1:colcon.colcon_core.package_identification:_identify(src/tortoisebot/ros2_aruco/generated_tags) by extension 'colcon_meta'
[0.719s] Level 1:colcon.colcon_core.package_identification:_identify(src/tortoisebot/ros2_aruco/generated_tags) by extensions ['ament_cargo']
[0.719s] Level 1:colcon.colcon_core.package_identification:_identify(src/tortoisebot/ros2_aruco/generated_tags) by extension 'ament_cargo'
[0.719s] Level 1:colcon.colcon_core.package_identification:_identify(src/tortoisebot/ros2_aruco/generated_tags) by extensions ['ros']
[0.719s] Level 1:colcon.colcon_core.package_identification:_identify(src/tortoisebot/ros2_aruco/generated_tags) by extension 'ros'
[0.719s] Level 1:colcon.colcon_core.package_identification:_identify(src/tortoisebot/ros2_aruco/generated_tags) by extensions ['cargo', 'cmake', 'python']
[0.719s] Level 1:colcon.colcon_core.package_identification:_identify(src/tortoisebot/ros2_aruco/generated_tags) by extension 'cargo'
[0.719s] Level 1:colcon.colcon_core.package_identification:_identify(src/tortoisebot/ros2_aruco/generated_tags) by extension 'cmake'
[0.719s] Level 1:colcon.colcon_core.package_identification:_identify(src/tortoisebot/ros2_aruco/generated_tags) by extension 'python'
[0.719s] Level 1:colcon.colcon_core.package_identification:_identify(src/tortoisebot/ros2_aruco/generated_tags) by extensions ['python_setup_py']
[0.719s] Level 1:colcon.colcon_core.package_identification:_identify(src/tortoisebot/ros2_aruco/generated_tags) by extension 'python_setup_py'
[0.719s] Level 1:colcon.colcon_core.package_identification:_identify(src/tortoisebot/ros2_aruco/ros2_aruco) by extensions ['ignore', 'ignore_ament_install']
[0.720s] Level 1:colcon.colcon_core.package_identification:_identify(src/tortoisebot/ros2_aruco/ros2_aruco) by extension 'ignore'
[0.720s] Level 1:colcon.colcon_core.package_identification:_identify(src/tortoisebot/ros2_aruco/ros2_aruco) by extension 'ignore_ament_install'
[0.720s] Level 1:colcon.colcon_core.package_identification:_identify(src/tortoisebot/ros2_aruco/ros2_aruco) by extensions ['colcon_pkg']
[0.720s] Level 1:colcon.colcon_core.package_identification:_identify(src/tortoisebot/ros2_aruco/ros2_aruco) by extension 'colcon_pkg'
[0.720s] Level 1:colcon.colcon_core.package_identification:_identify(src/tortoisebot/ros2_aruco/ros2_aruco) by extensions ['colcon_meta']
[0.720s] Level 1:colcon.colcon_core.package_identification:_identify(src/tortoisebot/ros2_aruco/ros2_aruco) by extension 'colcon_meta'
[0.720s] Level 1:colcon.colcon_core.package_identification:_identify(src/tortoisebot/ros2_aruco/ros2_aruco) by extensions ['ament_cargo']
[0.720s] Level 1:colcon.colcon_core.package_identification:_identify(src/tortoisebot/ros2_aruco/ros2_aruco) by extension 'ament_cargo'
[0.720s] Level 1:colcon.colcon_core.package_identification:_identify(src/tortoisebot/ros2_aruco/ros2_aruco) by extensions ['ros']
[0.720s] Level 1:colcon.colcon_core.package_identification:_identify(src/tortoisebot/ros2_aruco/ros2_aruco) by extension 'ros'
[0.724s] DEBUG:colcon.colcon_core.package_identification:Package 'src/tortoisebot/ros2_aruco/ros2_aruco' with type 'ros.ament_python' and name 'ros2_aruco'
[0.724s] Level 1:colcon.colcon_core.package_identification:_identify(src/tortoisebot/ros2_aruco/ros2_aruco_interfaces) by extensions ['ignore', 'ignore_ament_install']
[0.724s] Level 1:colcon.colcon_core.package_identification:_identify(src/tortoisebot/ros2_aruco/ros2_aruco_interfaces) by extension 'ignore'
[0.724s] Level 1:colcon.colcon_core.package_identification:_identify(src/tortoisebot/ros2_aruco/ros2_aruco_interfaces) by extension 'ignore_ament_install'
[0.724s] Level 1:colcon.colcon_core.package_identification:_identify(src/tortoisebot/ros2_aruco/ros2_aruco_interfaces) by extensions ['colcon_pkg']
[0.724s] Level 1:colcon.colcon_core.package_identification:_identify(src/tortoisebot/ros2_aruco/ros2_aruco_interfaces) by extension 'colcon_pkg'
[0.724s] Level 1:colcon.colcon_core.package_identification:_identify(src/tortoisebot/ros2_aruco/ros2_aruco_interfaces) by extensions ['colcon_meta']
[0.724s] Level 1:colcon.colcon_core.package_identification:_identify(src/tortoisebot/ros2_aruco/ros2_aruco_interfaces) by extension 'colcon_meta'
[0.724s] Level 1:colcon.colcon_core.package_identification:_identify(src/tortoisebot/ros2_aruco/ros2_aruco_interfaces) by extensions ['ament_cargo']
[0.724s] Level 1:colcon.colcon_core.package_identification:_identify(src/tortoisebot/ros2_aruco/ros2_aruco_interfaces) by extension 'ament_cargo'
[0.725s] Level 1:colcon.colcon_core.package_identification:_identify(src/tortoisebot/ros2_aruco/ros2_aruco_interfaces) by extensions ['ros']
[0.725s] Level 1:colcon.colcon_core.package_identification:_identify(src/tortoisebot/ros2_aruco/ros2_aruco_interfaces) by extension 'ros'
[0.725s] DEBUG:colcon.colcon_core.package_identification:Package 'src/tortoisebot/ros2_aruco/ros2_aruco_interfaces' with type 'ros.ament_cmake' and name 'ros2_aruco_interfaces'
[0.726s] Level 1:colcon.colcon_core.package_identification:_identify(src/tortoisebot/tortoisebot_bringup) by extensions ['ignore', 'ignore_ament_install']
[0.726s] Level 1:colcon.colcon_core.package_identification:_identify(src/tortoisebot/tortoisebot_bringup) by extension 'ignore'
[0.726s] Level 1:colcon.colcon_core.package_identification:_identify(src/tortoisebot/tortoisebot_bringup) by extension 'ignore_ament_install'
[0.726s] Level 1:colcon.colcon_core.package_identification:_identify(src/tortoisebot/tortoisebot_bringup) by extensions ['colcon_pkg']
[0.726s] Level 1:colcon.colcon_core.package_identification:_identify(src/tortoisebot/tortoisebot_bringup) by extension 'colcon_pkg'
[0.726s] Level 1:colcon.colcon_core.package_identification:_identify(src/tortoisebot/tortoisebot_bringup) by extensions ['colcon_meta']
[0.726s] Level 1:colcon.colcon_core.package_identification:_identify(src/tortoisebot/tortoisebot_bringup) by extension 'colcon_meta'
[0.726s] Level 1:colcon.colcon_core.package_identification:_identify(src/tortoisebot/tortoisebot_bringup) by extensions ['ament_cargo']
[0.726s] Level 1:colcon.colcon_core.package_identification:_identify(src/tortoisebot/tortoisebot_bringup) by extension 'ament_cargo'
[0.726s] Level 1:colcon.colcon_core.package_identification:_identify(src/tortoisebot/tortoisebot_bringup) by extensions ['ros']
[0.726s] Level 1:colcon.colcon_core.package_identification:_identify(src/tortoisebot/tortoisebot_bringup) by extension 'ros'
[0.727s] DEBUG:colcon.colcon_core.package_identification:Package 'src/tortoisebot/tortoisebot_bringup' with type 'ros.ament_cmake' and name 'tortoisebot_bringup'
[0.727s] Level 1:colcon.colcon_core.package_identification:_identify(src/tortoisebot/tortoisebot_control) by extensions ['ignore', 'ignore_ament_install']
[0.727s] Level 1:colcon.colcon_core.package_identification:_identify(src/tortoisebot/tortoisebot_control) by extension 'ignore'
[0.727s] Level 1:colcon.colcon_core.package_identification:_identify(src/tortoisebot/tortoisebot_control) by extension 'ignore_ament_install'
[0.728s] Level 1:colcon.colcon_core.package_identification:_identify(src/tortoisebot/tortoisebot_control) by extensions ['colcon_pkg']
[0.728s] Level 1:colcon.colcon_core.package_identification:_identify(src/tortoisebot/tortoisebot_control) by extension 'colcon_pkg'
[0.728s] Level 1:colcon.colcon_core.package_identification:_identify(src/tortoisebot/tortoisebot_control) by extensions ['colcon_meta']
[0.728s] Level 1:colcon.colcon_core.package_identification:_identify(src/tortoisebot/tortoisebot_control) by extension 'colcon_meta'
[0.728s] Level 1:colcon.colcon_core.package_identification:_identify(src/tortoisebot/tortoisebot_control) by extensions ['ament_cargo']
[0.728s] Level 1:colcon.colcon_core.package_identification:_identify(src/tortoisebot/tortoisebot_control) by extension 'ament_cargo'
[0.728s] Level 1:colcon.colcon_core.package_identification:_identify(src/tortoisebot/tortoisebot_control) by extensions ['ros']
[0.728s] Level 1:colcon.colcon_core.package_identification:_identify(src/tortoisebot/tortoisebot_control) by extension 'ros'
[0.729s] DEBUG:colcon.colcon_core.package_identification:Package 'src/tortoisebot/tortoisebot_control' with type 'ros.ament_python' and name 'tortoisebot_control'
[0.729s] Level 1:colcon.colcon_core.package_identification:_identify(src/tortoisebot/tortoisebot_description) by extensions ['ignore', 'ignore_ament_install']
[0.729s] Level 1:colcon.colcon_core.package_identification:_identify(src/tortoisebot/tortoisebot_description) by extension 'ignore'
[0.729s] Level 1:colcon.colcon_core.package_identification:_identify(src/tortoisebot/tortoisebot_description) by extension 'ignore_ament_install'
[0.729s] Level 1:colcon.colcon_core.package_identification:_identify(src/tortoisebot/tortoisebot_description) by extensions ['colcon_pkg']
[0.729s] Level 1:colcon.colcon_core.package_identification:_identify(src/tortoisebot/tortoisebot_description) by extension 'colcon_pkg'
[0.729s] Level 1:colcon.colcon_core.package_identification:_identify(src/tortoisebot/tortoisebot_description) by extensions ['colcon_meta']
[0.730s] Level 1:colcon.colcon_core.package_identification:_identify(src/tortoisebot/tortoisebot_description) by extension 'colcon_meta'
[0.730s] Level 1:colcon.colcon_core.package_identification:_identify(src/tortoisebot/tortoisebot_description) by extensions ['ament_cargo']
[0.730s] Level 1:colcon.colcon_core.package_identification:_identify(src/tortoisebot/tortoisebot_description) by extension 'ament_cargo'
[0.730s] Level 1:colcon.colcon_core.package_identification:_identify(src/tortoisebot/tortoisebot_description) by extensions ['ros']
[0.730s] Level 1:colcon.colcon_core.package_identification:_identify(src/tortoisebot/tortoisebot_description) by extension 'ros'
[0.731s] DEBUG:colcon.colcon_core.package_identification:Package 'src/tortoisebot/tortoisebot_description' with type 'ros.ament_cmake' and name 'tortoisebot_description'
[0.731s] Level 1:colcon.colcon_core.package_identification:_identify(src/tortoisebot/tortoisebot_firmware) by extensions ['ignore', 'ignore_ament_install']
[0.731s] Level 1:colcon.colcon_core.package_identification:_identify(src/tortoisebot/tortoisebot_firmware) by extension 'ignore'
[0.731s] Level 1:colcon.colcon_core.package_identification:_identify(src/tortoisebot/tortoisebot_firmware) by extension 'ignore_ament_install'
[0.731s] Level 1:colcon.colcon_core.package_identification:_identify(src/tortoisebot/tortoisebot_firmware) by extensions ['colcon_pkg']
[0.731s] Level 1:colcon.colcon_core.package_identification:_identify(src/tortoisebot/tortoisebot_firmware) by extension 'colcon_pkg'
[0.731s] Level 1:colcon.colcon_core.package_identification:_identify(src/tortoisebot/tortoisebot_firmware) by extensions ['colcon_meta']
[0.731s] Level 1:colcon.colcon_core.package_identification:_identify(src/tortoisebot/tortoisebot_firmware) by extension 'colcon_meta'
[0.732s] Level 1:colcon.colcon_core.package_identification:_identify(src/tortoisebot/tortoisebot_firmware) by extensions ['ament_cargo']
[0.732s] Level 1:colcon.colcon_core.package_identification:_identify(src/tortoisebot/tortoisebot_firmware) by extension 'ament_cargo'
[0.732s] Level 1:colcon.colcon_core.package_identification:_identify(src/tortoisebot/tortoisebot_firmware) by extensions ['ros']
[0.732s] Level 1:colcon.colcon_core.package_identification:_identify(src/tortoisebot/tortoisebot_firmware) by extension 'ros'
[0.733s] DEBUG:colcon.colcon_core.package_identification:Package 'src/tortoisebot/tortoisebot_firmware' with type 'ros.ament_cmake' and name 'tortoisebot_firmware'
[0.733s] Level 1:colcon.colcon_core.package_identification:_identify(src/tortoisebot/tortoisebot_gazebo) by extensions ['ignore', 'ignore_ament_install']
[0.733s] Level 1:colcon.colcon_core.package_identification:_identify(src/tortoisebot/tortoisebot_gazebo) by extension 'ignore'
[0.733s] Level 1:colcon.colcon_core.package_identification:_identify(src/tortoisebot/tortoisebot_gazebo) by extension 'ignore_ament_install'
[0.733s] Level 1:colcon.colcon_core.package_identification:_identify(src/tortoisebot/tortoisebot_gazebo) by extensions ['colcon_pkg']
[0.733s] Level 1:colcon.colcon_core.package_identification:_identify(src/tortoisebot/tortoisebot_gazebo) by extension 'colcon_pkg'
[0.733s] Level 1:colcon.colcon_core.package_identification:_identify(src/tortoisebot/tortoisebot_gazebo) by extensions ['colcon_meta']
[0.733s] Level 1:colcon.colcon_core.package_identification:_identify(src/tortoisebot/tortoisebot_gazebo) by extension 'colcon_meta'
[0.733s] Level 1:colcon.colcon_core.package_identification:_identify(src/tortoisebot/tortoisebot_gazebo) by extensions ['ament_cargo']
[0.734s] Level 1:colcon.colcon_core.package_identification:_identify(src/tortoisebot/tortoisebot_gazebo) by extension 'ament_cargo'
[0.734s] Level 1:colcon.colcon_core.package_identification:_identify(src/tortoisebot/tortoisebot_gazebo) by extensions ['ros']
[0.734s] Level 1:colcon.colcon_core.package_identification:_identify(src/tortoisebot/tortoisebot_gazebo) by extension 'ros'
[0.734s] DEBUG:colcon.colcon_core.package_identification:Package 'src/tortoisebot/tortoisebot_gazebo' with type 'ros.ament_cmake' and name 'tortoisebot_gazebo'
[0.734s] Level 1:colcon.colcon_core.package_identification:_identify(src/tortoisebot/tortoisebot_localization) by extensions ['ignore', 'ignore_ament_install']
[0.734s] Level 1:colcon.colcon_core.package_identification:_identify(src/tortoisebot/tortoisebot_localization) by extension 'ignore'
[0.735s] Level 1:colcon.colcon_core.package_identification:_identify(src/tortoisebot/tortoisebot_localization) by extension 'ignore_ament_install'
[0.735s] Level 1:colcon.colcon_core.package_identification:_identify(src/tortoisebot/tortoisebot_localization) by extensions ['colcon_pkg']
[0.735s] Level 1:colcon.colcon_core.package_identification:_identify(src/tortoisebot/tortoisebot_localization) by extension 'colcon_pkg'
[0.735s] Level 1:colcon.colcon_core.package_identification:_identify(src/tortoisebot/tortoisebot_localization) by extensions ['colcon_meta']
[0.735s] Level 1:colcon.colcon_core.package_identification:_identify(src/tortoisebot/tortoisebot_localization) by extension 'colcon_meta'
[0.735s] Level 1:colcon.colcon_core.package_identification:_identify(src/tortoisebot/tortoisebot_localization) by extensions ['ament_cargo']
[0.735s] Level 1:colcon.colcon_core.package_identification:_identify(src/tortoisebot/tortoisebot_localization) by extension 'ament_cargo'
[0.735s] Level 1:colcon.colcon_core.package_identification:_identify(src/tortoisebot/tortoisebot_localization) by extensions ['ros']
[0.735s] Level 1:colcon.colcon_core.package_identification:_identify(src/tortoisebot/tortoisebot_localization) by extension 'ros'
[0.736s] DEBUG:colcon.colcon_core.package_identification:Package 'src/tortoisebot/tortoisebot_localization' with type 'ros.ament_python' and name 'tortoisebot_localization'
[0.736s] Level 1:colcon.colcon_core.package_identification:_identify(src/tortoisebot/tortoisebot_navigation) by extensions ['ignore', 'ignore_ament_install']
[0.736s] Level 1:colcon.colcon_core.package_identification:_identify(src/tortoisebot/tortoisebot_navigation) by extension 'ignore'
[0.736s] Level 1:colcon.colcon_core.package_identification:_identify(src/tortoisebot/tortoisebot_navigation) by extension 'ignore_ament_install'
[0.736s] Level 1:colcon.colcon_core.package_identification:_identify(src/tortoisebot/tortoisebot_navigation) by extensions ['colcon_pkg']
[0.736s] Level 1:colcon.colcon_core.package_identification:_identify(src/tortoisebot/tortoisebot_navigation) by extension 'colcon_pkg'
[0.736s] Level 1:colcon.colcon_core.package_identification:_identify(src/tortoisebot/tortoisebot_navigation) by extensions ['colcon_meta']
[0.736s] Level 1:colcon.colcon_core.package_identification:_identify(src/tortoisebot/tortoisebot_navigation) by extension 'colcon_meta'
[0.736s] Level 1:colcon.colcon_core.package_identification:_identify(src/tortoisebot/tortoisebot_navigation) by extensions ['ament_cargo']
[0.736s] Level 1:colcon.colcon_core.package_identification:_identify(src/tortoisebot/tortoisebot_navigation) by extension 'ament_cargo'
[0.736s] Level 1:colcon.colcon_core.package_identification:_identify(src/tortoisebot/tortoisebot_navigation) by extensions ['ros']
[0.736s] Level 1:colcon.colcon_core.package_identification:_identify(src/tortoisebot/tortoisebot_navigation) by extension 'ros'
[0.737s] DEBUG:colcon.colcon_core.package_identification:Package 'src/tortoisebot/tortoisebot_navigation' with type 'ros.ament_cmake' and name 'tortoisebot_navigation'
[0.737s] Level 1:colcon.colcon_core.package_identification:_identify(src/tortoisebot/tortoisebot_slam) by extensions ['ignore', 'ignore_ament_install']
[0.737s] Level 1:colcon.colcon_core.package_identification:_identify(src/tortoisebot/tortoisebot_slam) by extension 'ignore'
[0.737s] Level 1:colcon.colcon_core.package_identification:_identify(src/tortoisebot/tortoisebot_slam) by extension 'ignore_ament_install'
[0.737s] Level 1:colcon.colcon_core.package_identification:_identify(src/tortoisebot/tortoisebot_slam) by extensions ['colcon_pkg']
[0.737s] Level 1:colcon.colcon_core.package_identification:_identify(src/tortoisebot/tortoisebot_slam) by extension 'colcon_pkg'
[0.738s] Level 1:colcon.colcon_core.package_identification:_identify(src/tortoisebot/tortoisebot_slam) by extensions ['colcon_meta']
[0.738s] Level 1:colcon.colcon_core.package_identification:_identify(src/tortoisebot/tortoisebot_slam) by extension 'colcon_meta'
[0.738s] Level 1:colcon.colcon_core.package_identification:_identify(src/tortoisebot/tortoisebot_slam) by extensions ['ament_cargo']
[0.738s] Level 1:colcon.colcon_core.package_identification:_identify(src/tortoisebot/tortoisebot_slam) by extension 'ament_cargo'
[0.738s] Level 1:colcon.colcon_core.package_identification:_identify(src/tortoisebot/tortoisebot_slam) by extensions ['ros']
[0.738s] Level 1:colcon.colcon_core.package_identification:_identify(src/tortoisebot/tortoisebot_slam) by extension 'ros'
[0.738s] DEBUG:colcon.colcon_core.package_identification:Package 'src/tortoisebot/tortoisebot_slam' with type 'ros.ament_cmake' and name 'tortoisebot_slam'
[0.739s] Level 1:colcon.colcon_core.package_identification:_identify(src/tortoisebot/ydlidar-ros2) by extensions ['ignore', 'ignore_ament_install']
[0.739s] Level 1:colcon.colcon_core.package_identification:_identify(src/tortoisebot/ydlidar-ros2) by extension 'ignore'
[0.739s] Level 1:colcon.colcon_core.package_identification:_identify(src/tortoisebot/ydlidar-ros2) by extension 'ignore_ament_install'
[0.739s] Level 1:colcon.colcon_core.package_identification:_identify(src/tortoisebot/ydlidar-ros2) by extensions ['colcon_pkg']
[0.739s] Level 1:colcon.colcon_core.package_identification:_identify(src/tortoisebot/ydlidar-ros2) by extension 'colcon_pkg'
[0.739s] Level 1:colcon.colcon_core.package_identification:_identify(src/tortoisebot/ydlidar-ros2) by extensions ['colcon_meta']
[0.739s] Level 1:colcon.colcon_core.package_identification:_identify(src/tortoisebot/ydlidar-ros2) by extension 'colcon_meta'
[0.739s] Level 1:colcon.colcon_core.package_identification:_identify(src/tortoisebot/ydlidar-ros2) by extensions ['ament_cargo']
[0.739s] Level 1:colcon.colcon_core.package_identification:_identify(src/tortoisebot/ydlidar-ros2) by extension 'ament_cargo'
[0.739s] Level 1:colcon.colcon_core.package_identification:_identify(src/tortoisebot/ydlidar-ros2) by extensions ['ros']
[0.739s] Level 1:colcon.colcon_core.package_identification:_identify(src/tortoisebot/ydlidar-ros2) by extension 'ros'
[0.739s] Level 1:colcon.colcon_core.package_identification:_identify(src/tortoisebot/ydlidar-ros2) by extensions ['cargo', 'cmake', 'python']
[0.739s] Level 1:colcon.colcon_core.package_identification:_identify(src/tortoisebot/ydlidar-ros2) by extension 'cargo'
[0.739s] Level 1:colcon.colcon_core.package_identification:_identify(src/tortoisebot/ydlidar-ros2) by extension 'cmake'
[0.739s] Level 1:colcon.colcon_core.package_identification:_identify(src/tortoisebot/ydlidar-ros2) by extension 'python'
[0.739s] Level 1:colcon.colcon_core.package_identification:_identify(src/tortoisebot/ydlidar-ros2) by extensions ['python_setup_py']
[0.740s] Level 1:colcon.colcon_core.package_identification:_identify(src/tortoisebot/ydlidar-ros2) by extension 'python_setup_py'
[0.740s] Level 1:colcon.colcon_core.package_identification:_identify(src/tortoisebot/ydlidar-ros2/params) by extensions ['ignore', 'ignore_ament_install']
[0.740s] Level 1:colcon.colcon_core.package_identification:_identify(src/tortoisebot/ydlidar-ros2/params) by extension 'ignore'
[0.740s] Level 1:colcon.colcon_core.package_identification:_identify(src/tortoisebot/ydlidar-ros2/params) by extension 'ignore_ament_install'
[0.740s] Level 1:colcon.colcon_core.package_identification:_identify(src/tortoisebot/ydlidar-ros2/params) by extensions ['colcon_pkg']
[0.740s] Level 1:colcon.colcon_core.package_identification:_identify(src/tortoisebot/ydlidar-ros2/params) by extension 'colcon_pkg'
[0.740s] Level 1:colcon.colcon_core.package_identification:_identify(src/tortoisebot/ydlidar-ros2/params) by extensions ['colcon_meta']
[0.740s] Level 1:colcon.colcon_core.package_identification:_identify(src/tortoisebot/ydlidar-ros2/params) by extension 'colcon_meta'
[0.740s] Level 1:colcon.colcon_core.package_identification:_identify(src/tortoisebot/ydlidar-ros2/params) by extensions ['ament_cargo']
[0.740s] Level 1:colcon.colcon_core.package_identification:_identify(src/tortoisebot/ydlidar-ros2/params) by extension 'ament_cargo'
[0.740s] Level 1:colcon.colcon_core.package_identification:_identify(src/tortoisebot/ydlidar-ros2/params) by extensions ['ros']
[0.740s] Level 1:colcon.colcon_core.package_identification:_identify(src/tortoisebot/ydlidar-ros2/params) by extension 'ros'
[0.741s] Level 1:colcon.colcon_core.package_identification:_identify(src/tortoisebot/ydlidar-ros2/params) by extensions ['cargo', 'cmake', 'python']
[0.741s] Level 1:colcon.colcon_core.package_identification:_identify(src/tortoisebot/ydlidar-ros2/params) by extension 'cargo'
[0.741s] Level 1:colcon.colcon_core.package_identification:_identify(src/tortoisebot/ydlidar-ros2/params) by extension 'cmake'
[0.741s] Level 1:colcon.colcon_core.package_identification:_identify(src/tortoisebot/ydlidar-ros2/params) by extension 'python'
[0.741s] Level 1:colcon.colcon_core.package_identification:_identify(src/tortoisebot/ydlidar-ros2/params) by extensions ['python_setup_py']
[0.741s] Level 1:colcon.colcon_core.package_identification:_identify(src/tortoisebot/ydlidar-ros2/params) by extension 'python_setup_py'
[0.741s] Level 1:colcon.colcon_core.package_identification:_identify(src/tortoisebot/ydlidar_ros2_driver) by extensions ['ignore', 'ignore_ament_install']
[0.741s] Level 1:colcon.colcon_core.package_identification:_identify(src/tortoisebot/ydlidar_ros2_driver) by extension 'ignore'
[0.741s] Level 1:colcon.colcon_core.package_identification:_identify(src/tortoisebot/ydlidar_ros2_driver) by extension 'ignore_ament_install'
[0.741s] Level 1:colcon.colcon_core.package_identification:_identify(src/tortoisebot/ydlidar_ros2_driver) by extensions ['colcon_pkg']
[0.741s] Level 1:colcon.colcon_core.package_identification:_identify(src/tortoisebot/ydlidar_ros2_driver) by extension 'colcon_pkg'
[0.741s] Level 1:colcon.colcon_core.package_identification:_identify(src/tortoisebot/ydlidar_ros2_driver) by extensions ['colcon_meta']
[0.741s] Level 1:colcon.colcon_core.package_identification:_identify(src/tortoisebot/ydlidar_ros2_driver) by extension 'colcon_meta'
[0.741s] Level 1:colcon.colcon_core.package_identification:_identify(src/tortoisebot/ydlidar_ros2_driver) by extensions ['ament_cargo']
[0.741s] Level 1:colcon.colcon_core.package_identification:_identify(src/tortoisebot/ydlidar_ros2_driver) by extension 'ament_cargo'
[0.742s] Level 1:colcon.colcon_core.package_identification:_identify(src/tortoisebot/ydlidar_ros2_driver) by extensions ['ros']
[0.742s] Level 1:colcon.colcon_core.package_identification:_identify(src/tortoisebot/ydlidar_ros2_driver) by extension 'ros'
[0.742s] DEBUG:colcon.colcon_core.package_identification:Package 'src/tortoisebot/ydlidar_ros2_driver' with type 'ros.ament_cmake' and name 'ydlidar_ros2_driver'
[0.742s] Level 1:colcon.colcon_core.package_discovery:discover_packages(recursive) using defaults
[0.743s] Level 1:colcon.colcon_core.package_discovery:discover_packages(ignore) discover
[0.743s] Level 1:colcon.colcon_core.package_discovery:discover_packages(ignore) using defaults
[0.743s] Level 1:colcon.colcon_core.package_discovery:discover_packages(path) discover
[0.743s] Level 1:colcon.colcon_core.package_discovery:discover_packages(path) using defaults
[0.778s] INFO:colcon.colcon_core.package_selection:Skipping not selected package 'ros2_aruco' in 'src/tortoisebot/ros2_aruco/ros2_aruco'
[0.778s] INFO:colcon.colcon_core.package_selection:Skipping not selected package 'ros2_aruco_interfaces' in 'src/tortoisebot/ros2_aruco/ros2_aruco_interfaces'
[0.778s] INFO:colcon.colcon_core.package_selection:Skipping not selected package 'tortoisebot_bringup' in 'src/tortoisebot/tortoisebot_bringup'
[0.778s] INFO:colcon.colcon_core.package_selection:Skipping not selected package 'tortoisebot_control' in 'src/tortoisebot/tortoisebot_control'
[0.778s] INFO:colcon.colcon_core.package_selection:Skipping not selected package 'tortoisebot_description' in 'src/tortoisebot/tortoisebot_description'
[0.778s] INFO:colcon.colcon_core.package_selection:Skipping not selected package 'tortoisebot_firmware' in 'src/tortoisebot/tortoisebot_firmware'
[0.778s] INFO:colcon.colcon_core.package_selection:Skipping not selected package 'tortoisebot_localization' in 'src/tortoisebot/tortoisebot_localization'
[0.778s] INFO:colcon.colcon_core.package_selection:Skipping not selected package 'tortoisebot_navigation' in 'src/tortoisebot/tortoisebot_navigation'
[0.778s] INFO:colcon.colcon_core.package_selection:Skipping not selected package 'tortoisebot_slam' in 'src/tortoisebot/tortoisebot_slam'
[0.779s] INFO:colcon.colcon_core.package_selection:Skipping not selected package 'ydlidar_ros2_driver' in 'src/tortoisebot/ydlidar_ros2_driver'
[0.783s] Level 5:colcon.colcon_core.verb:set package 'tortoisebot_gazebo' build argument 'lookup_in_workspace' from command line to 'False'
[0.783s] Level 5:colcon.colcon_core.verb:set package 'tortoisebot_gazebo' build argument 'cargo_args' from command line to 'None'
[0.783s] Level 5:colcon.colcon_core.verb:set package 'tortoisebot_gazebo' build argument 'clean_build' from command line to 'False'
[0.783s] Level 5:colcon.colcon_core.verb:set package 'tortoisebot_gazebo' build argument 'cmake_args' from command line to 'None'
[0.783s] Level 5:colcon.colcon_core.verb:set package 'tortoisebot_gazebo' build argument 'cmake_target' from command line to 'None'
[0.783s] Level 5:colcon.colcon_core.verb:set package 'tortoisebot_gazebo' build argument 'cmake_target_skip_unavailable' from command line to 'False'
[0.783s] Level 5:colcon.colcon_core.verb:set package 'tortoisebot_gazebo' build argument 'cmake_clean_cache' from command line to 'False'
[0.783s] Level 5:colcon.colcon_core.verb:set package 'tortoisebot_gazebo' build argument 'cmake_clean_first' from command line to 'False'
[0.783s] Level 5:colcon.colcon_core.verb:set package 'tortoisebot_gazebo' build argument 'cmake_force_configure' from command line to 'False'
[0.783s] Level 5:colcon.colcon_core.verb:set package 'tortoisebot_gazebo' build argument 'ament_cmake_args' from command line to 'None'
[0.783s] Level 5:colcon.colcon_core.verb:set package 'tortoisebot_gazebo' build argument 'catkin_cmake_args' from command line to 'None'
[0.783s] Level 5:colcon.colcon_core.verb:set package 'tortoisebot_gazebo' build argument 'catkin_skip_building_tests' from command line to 'False'
[0.783s] DEBUG:colcon.colcon_core.verb:Building package 'tortoisebot_gazebo' with the following arguments: {'ament_cmake_args': None, 'build_base': '/home/user/simulation_ws/build/tortoisebot_gazebo', 'cargo_args': None, 'catkin_cmake_args': None, 'catkin_skip_building_tests': False, 'clean_build': False, 'cmake_args': None, 'cmake_clean_cache': False, 'cmake_clean_first': False, 'cmake_force_configure': False, 'cmake_target': None, 'cmake_target_skip_unavailable': False, 'install_base': '/home/user/simulation_ws/install/tortoisebot_gazebo', 'lookup_in_workspace': False, 'merge_install': False, 'path': '/home/user/simulation_ws/src/tortoisebot/tortoisebot_gazebo', 'symlink_install': False, 'test_result_base': None}
[0.784s] INFO:colcon.colcon_core.executor:Executing jobs using 'parallel' executor
[0.790s] DEBUG:colcon.colcon_parallel_executor.executor.parallel:run_until_complete
[0.791s] INFO:colcon.colcon_ros.task.ament_cmake.build:Building ROS package in '/home/user/simulation_ws/src/tortoisebot/tortoisebot_gazebo' with build type 'ament_cmake'
[0.791s] INFO:colcon.colcon_cmake.task.cmake.build:Building CMake package in '/home/user/simulation_ws/src/tortoisebot/tortoisebot_gazebo'
[0.799s] INFO:colcon.colcon_core.plugin_system:Skipping extension 'colcon_core.shell.bat': Not used on non-Windows systems
[0.800s] INFO:colcon.colcon_core.shell:Skip shell extension 'powershell' for command environment: Not usable outside of PowerShell
[0.800s] DEBUG:colcon.colcon_core.shell:Skip shell extension 'dsv' for command environment
[0.827s] DEBUG:colcon.colcon_core.event_handler.log_command:Invoking command in '/home/user/simulation_ws/build/tortoisebot_gazebo': CMAKE_PREFIX_PATH=${CMAKE_PREFIX_PATH}:/home/user/simulation_ws/install/tortoisebot_localization:/home/user/simulation_ws/install/tortoisebot_control:/home/user/simulation_ws/install/ros2_aruco:/home/simulations/ros2_sims_ws/install/rclrs_tests:/home/simulations/ros2_sims_ws/install/examples_rclrs_minimal_client_service:/home/simulations/ros2_sims_ws/install/sensor_msgs_py:/home/simulations/ros2_sims_ws/install/examples_rclrs_minimal_pub_sub:/home/simulations/ros2_sims_ws/install/examples_rclrs_message_demo:/home/simulations/ros2_sims_ws/install/rclrs:/home/simulations/ros2_sims_ws/install/rosidl_runtime_rs:/opt/ros/humble _=/usr/bin/env /usr/bin/cmake --build /home/user/simulation_ws/build/tortoisebot_gazebo -- -j8 -l8
[0.897s] DEBUG:colcon.colcon_core.event_handler.log_command:Invoked command in '/home/user/simulation_ws/build/tortoisebot_gazebo' returned '0': CMAKE_PREFIX_PATH=${CMAKE_PREFIX_PATH}:/home/user/simulation_ws/install/tortoisebot_localization:/home/user/simulation_ws/install/tortoisebot_control:/home/user/simulation_ws/install/ros2_aruco:/home/simulations/ros2_sims_ws/install/rclrs_tests:/home/simulations/ros2_sims_ws/install/examples_rclrs_minimal_client_service:/home/simulations/ros2_sims_ws/install/sensor_msgs_py:/home/simulations/ros2_sims_ws/install/examples_rclrs_minimal_pub_sub:/home/simulations/ros2_sims_ws/install/examples_rclrs_message_demo:/home/simulations/ros2_sims_ws/install/rclrs:/home/simulations/ros2_sims_ws/install/rosidl_runtime_rs:/opt/ros/humble _=/usr/bin/env /usr/bin/cmake --build /home/user/simulation_ws/build/tortoisebot_gazebo -- -j8 -l8
[0.968s] DEBUG:colcon.colcon_core.event_handler.log_command:Invoking command in '/home/user/simulation_ws/build/tortoisebot_gazebo': CMAKE_PREFIX_PATH=${CMAKE_PREFIX_PATH}:/home/user/simulation_ws/install/tortoisebot_localization:/home/user/simulation_ws/install/tortoisebot_control:/home/user/simulation_ws/install/ros2_aruco:/home/simulations/ros2_sims_ws/install/rclrs_tests:/home/simulations/ros2_sims_ws/install/examples_rclrs_minimal_client_service:/home/simulations/ros2_sims_ws/install/sensor_msgs_py:/home/simulations/ros2_sims_ws/install/examples_rclrs_minimal_pub_sub:/home/simulations/ros2_sims_ws/install/examples_rclrs_message_demo:/home/simulations/ros2_sims_ws/install/rclrs:/home/simulations/ros2_sims_ws/install/rosidl_runtime_rs:/opt/ros/humble _=/usr/bin/env /usr/bin/cmake --install /home/user/simulation_ws/build/tortoisebot_gazebo
[0.989s] Level 1:colcon.colcon_core.environment:create_environment_scripts_only(tortoisebot_gazebo)
[1.005s] Level 1:colcon.colcon_core.environment:checking '/home/user/simulation_ws/install/tortoisebot_gazebo' for CMake module files
[1.007s] Level 1:colcon.colcon_core.environment:checking '/home/user/simulation_ws/install/tortoisebot_gazebo' for CMake config files
[1.008s] DEBUG:colcon.colcon_core.event_handler.log_command:Invoked command in '/home/user/simulation_ws/build/tortoisebot_gazebo' returned '0': CMAKE_PREFIX_PATH=${CMAKE_PREFIX_PATH}:/home/user/simulation_ws/install/tortoisebot_localization:/home/user/simulation_ws/install/tortoisebot_control:/home/user/simulation_ws/install/ros2_aruco:/home/simulations/ros2_sims_ws/install/rclrs_tests:/home/simulations/ros2_sims_ws/install/examples_rclrs_minimal_client_service:/home/simulations/ros2_sims_ws/install/sensor_msgs_py:/home/simulations/ros2_sims_ws/install/examples_rclrs_minimal_pub_sub:/home/simulations/ros2_sims_ws/install/examples_rclrs_message_demo:/home/simulations/ros2_sims_ws/install/rclrs:/home/simulations/ros2_sims_ws/install/rosidl_runtime_rs:/opt/ros/humble _=/usr/bin/env /usr/bin/cmake --install /home/user/simulation_ws/build/tortoisebot_gazebo
[1.008s] Level 1:colcon.colcon_core.shell:create_environment_hook('tortoisebot_gazebo', 'cmake_prefix_path')
[1.011s] INFO:colcon.colcon_core.shell:Creating environment hook '/home/user/simulation_ws/install/tortoisebot_gazebo/share/tortoisebot_gazebo/hook/cmake_prefix_path.ps1'
[1.011s] INFO:colcon.colcon_core.shell:Creating environment descriptor '/home/user/simulation_ws/install/tortoisebot_gazebo/share/tortoisebot_gazebo/hook/cmake_prefix_path.dsv'
[1.012s] INFO:colcon.colcon_core.shell:Creating environment hook '/home/user/simulation_ws/install/tortoisebot_gazebo/share/tortoisebot_gazebo/hook/cmake_prefix_path.sh'
[1.013s] Level 1:colcon.colcon_core.environment:checking '/home/user/simulation_ws/install/tortoisebot_gazebo/bin'
[1.013s] Level 1:colcon.colcon_core.environment:checking '/home/user/simulation_ws/install/tortoisebot_gazebo/lib/pkgconfig/tortoisebot_gazebo.pc'
[1.016s] Level 1:colcon.colcon_core.environment:checking '/home/user/simulation_ws/install/tortoisebot_gazebo/lib/python3.10/site-packages'
[1.016s] Level 1:colcon.colcon_core.environment:checking '/home/user/simulation_ws/install/tortoisebot_gazebo/bin'
[1.018s] INFO:colcon.colcon_core.shell:Creating package script '/home/user/simulation_ws/install/tortoisebot_gazebo/share/tortoisebot_gazebo/package.ps1'
[1.019s] INFO:colcon.colcon_core.shell:Creating package descriptor '/home/user/simulation_ws/install/tortoisebot_gazebo/share/tortoisebot_gazebo/package.dsv'
[1.020s] INFO:colcon.colcon_core.shell:Creating package script '/home/user/simulation_ws/install/tortoisebot_gazebo/share/tortoisebot_gazebo/package.sh'
[1.021s] INFO:colcon.colcon_core.shell:Creating package script '/home/user/simulation_ws/install/tortoisebot_gazebo/share/tortoisebot_gazebo/package.bash'
[1.022s] INFO:colcon.colcon_core.shell:Creating package script '/home/user/simulation_ws/install/tortoisebot_gazebo/share/tortoisebot_gazebo/package.zsh'
[1.023s] Level 1:colcon.colcon_core.environment:create_file_with_runtime_dependencies(/home/user/simulation_ws/install/tortoisebot_gazebo/share/colcon-core/packages/tortoisebot_gazebo)
[1.081s] Level 1:colcon.colcon_core.environment:create_environment_scripts_only(tortoisebot_gazebo)
[1.084s] Level 1:colcon.colcon_core.environment:checking '/home/user/simulation_ws/install/tortoisebot_gazebo' for CMake module files
[1.085s] Level 1:colcon.colcon_core.environment:checking '/home/user/simulation_ws/install/tortoisebot_gazebo' for CMake config files
[1.085s] Level 1:colcon.colcon_core.shell:create_environment_hook('tortoisebot_gazebo', 'cmake_prefix_path')
[1.087s] INFO:colcon.colcon_core.shell:Creating environment hook '/home/user/simulation_ws/install/tortoisebot_gazebo/share/tortoisebot_gazebo/hook/cmake_prefix_path.ps1'
[1.088s] INFO:colcon.colcon_core.shell:Creating environment descriptor '/home/user/simulation_ws/install/tortoisebot_gazebo/share/tortoisebot_gazebo/hook/cmake_prefix_path.dsv'
[1.089s] INFO:colcon.colcon_core.shell:Creating environment hook '/home/user/simulation_ws/install/tortoisebot_gazebo/share/tortoisebot_gazebo/hook/cmake_prefix_path.sh'
[1.089s] Level 1:colcon.colcon_core.environment:checking '/home/user/simulation_ws/install/tortoisebot_gazebo/bin'
[1.089s] Level 1:colcon.colcon_core.environment:checking '/home/user/simulation_ws/install/tortoisebot_gazebo/lib/pkgconfig/tortoisebot_gazebo.pc'
[1.090s] Level 1:colcon.colcon_core.environment:checking '/home/user/simulation_ws/install/tortoisebot_gazebo/lib/python3.10/site-packages'
[1.090s] Level 1:colcon.colcon_core.environment:checking '/home/user/simulation_ws/install/tortoisebot_gazebo/bin'
[1.092s] INFO:colcon.colcon_core.shell:Creating package script '/home/user/simulation_ws/install/tortoisebot_gazebo/share/tortoisebot_gazebo/package.ps1'
[1.094s] INFO:colcon.colcon_core.shell:Creating package descriptor '/home/user/simulation_ws/install/tortoisebot_gazebo/share/tortoisebot_gazebo/package.dsv'
[1.094s] INFO:colcon.colcon_core.shell:Creating package script '/home/user/simulation_ws/install/tortoisebot_gazebo/share/tortoisebot_gazebo/package.sh'
[1.095s] INFO:colcon.colcon_core.shell:Creating package script '/home/user/simulation_ws/install/tortoisebot_gazebo/share/tortoisebot_gazebo/package.bash'
[1.095s] INFO:colcon.colcon_core.shell:Creating package script '/home/user/simulation_ws/install/tortoisebot_gazebo/share/tortoisebot_gazebo/package.zsh'
[1.096s] Level 1:colcon.colcon_core.environment:create_file_with_runtime_dependencies(/home/user/simulation_ws/install/tortoisebot_gazebo/share/colcon-core/packages/tortoisebot_gazebo)
[1.097s] DEBUG:colcon.colcon_parallel_executor.executor.parallel:closing loop
[1.097s] DEBUG:colcon.colcon_parallel_executor.executor.parallel:loop closed
[1.097s] DEBUG:colcon.colcon_parallel_executor.executor.parallel:run_until_complete finished with '0'
[1.097s] DEBUG:colcon.colcon_core.event_reactor:joining thread
[1.106s] INFO:colcon.colcon_core.plugin_system:Skipping extension 'colcon_notification.desktop_notification.notify_send': Could not find 'notify-send'
[1.106s] INFO:colcon.colcon_core.plugin_system:Skipping extension 'colcon_notification.desktop_notification.terminal_notifier': Not used on non-Darwin systems
[1.107s] INFO:colcon.colcon_core.plugin_system:Skipping extension 'colcon_notification.desktop_notification.win32': Not used on non-Windows systems
[1.107s] INFO:colcon.colcon_notification.desktop_notification:Sending desktop notification using 'notify2'
[1.109s] DEBUG:colcon.colcon_notification.desktop_notification.notify2:Failed to initialize notify2: org.freedesktop.DBus.Error.Spawn.ExecFailed: /usr/bin/dbus-launch terminated abnormally without any error message
[1.110s] DEBUG:colcon.colcon_core.event_reactor:joined thread
[1.113s] INFO:colcon.colcon_core.shell:Creating prefix script '/home/user/simulation_ws/install/local_setup.ps1'
[1.114s] INFO:colcon.colcon_core.shell:Creating prefix util module '/home/user/simulation_ws/install/_local_setup_util_ps1.py'
[1.116s] INFO:colcon.colcon_core.shell:Creating prefix chain script '/home/user/simulation_ws/install/setup.ps1'
[1.121s] INFO:colcon.colcon_core.shell:Creating prefix script '/home/user/simulation_ws/install/local_setup.sh'
[1.122s] INFO:colcon.colcon_core.shell:Creating prefix util module '/home/user/simulation_ws/install/_local_setup_util_sh.py'
[1.122s] INFO:colcon.colcon_core.shell:Creating prefix chain script '/home/user/simulation_ws/install/setup.sh'
[1.127s] INFO:colcon.colcon_core.shell:Creating prefix script '/home/user/simulation_ws/install/local_setup.bash'
[1.128s] INFO:colcon.colcon_core.shell:Creating prefix chain script '/home/user/simulation_ws/install/setup.bash'
[1.132s] INFO:colcon.colcon_core.shell:Creating prefix script '/home/user/simulation_ws/install/local_setup.zsh'
[1.133s] INFO:colcon.colcon_core.shell:Creating prefix chain script '/home/user/simulation_ws/install/setup.zsh'
