[11.796s] DEBUG:colcon:Command line arguments: ['/usr/bin/colcon', 'build', '--packages-select', 'tortoisebot_gazebo']
[11.796s] DEBUG:colcon:Parsed command line arguments: Namespace(log_base=None, log_level=None, verb_name='build', build_base='build', install_base='install', merge_install=False, symlink_install=False, test_result_base=None, continue_on_error=False, executor='parallel', parallel_workers=8, event_handlers=None, ignore_user_meta=False, metas=['./colcon.meta'], base_paths=['.'], packages_ignore=None, packages_ignore_regex=None, paths=None, packages_up_to=None, packages_up_to_regex=None, packages_above=None, packages_above_and_dependencies=None, packages_above_depth=None, packages_select_by_dep=None, packages_skip_by_dep=None, packages_skip_up_to=None, packages_select_build_failed=False, packages_skip_build_finished=False, packages_select_test_failures=False, packages_skip_test_passed=False, packages_select=['tortoisebot_gazebo'], packages_skip=None, packages_select_regex=None, packages_skip_regex=None, packages_start=None, packages_end=None, lookup_in_workspace=False, cargo_args=None, clean_build=False, cmake_args=None, cmake_target=None, cmake_target_skip_unavailable=False, cmake_clean_cache=False, cmake_clean_first=False, cmake_force_configure=False, ament_cmake_args=None, catkin_cmake_args=None, catkin_skip_building_tests=False, mixin_files=None, mixin=None, verb_parser=<colcon_mixin.mixin.mixin_argument.MixinArgumentDecorator object at 0x7f3fd79744f0>, verb_extension=<colcon_core.verb.build.BuildVerb object at 0x7f3fd7b07520>, main=<bound method BuildVerb.main of <colcon_core.verb.build.BuildVerb object at 0x7f3fd7b07520>>, mixin_verb=('build',))
[12.996s] Level 1:colcon.colcon_core.package_discovery:discover_packages(colcon_meta) check parameters
[12.996s] Level 1:colcon.colcon_core.package_discovery:discover_packages(recursive) check parameters
[12.996s] Level 1:colcon.colcon_core.package_discovery:discover_packages(ignore) check parameters
[12.996s] Level 1:colcon.colcon_core.package_discovery:discover_packages(path) check parameters
[12.996s] Level 1:colcon.colcon_core.package_discovery:discover_packages(colcon_meta) discover
[12.996s] Level 1:colcon.colcon_core.package_discovery:discover_packages(recursive) discover
[12.996s] INFO:colcon.colcon_core.package_discovery:Crawling recursively for packages in '/home/user/simulation_ws'
[12.997s] Level 1:colcon.colcon_core.package_identification:_identify(.) by extensions ['ignore', 'ignore_ament_install']
[12.997s] Level 1:colcon.colcon_core.package_identification:_identify(.) by extension 'ignore'
[12.997s] Level 1:colcon.colcon_core.package_identification:_identify(.) by extension 'ignore_ament_install'
[12.997s] Level 1:colcon.colcon_core.package_identification:_identify(.) by extensions ['colcon_pkg']
[12.997s] Level 1:colcon.colcon_core.package_identification:_identify(.) by extension 'colcon_pkg'
[12.997s] Level 1:colcon.colcon_core.package_identification:_identify(.) by extensions ['colcon_meta']
[12.997s] Level 1:colcon.colcon_core.package_identification:_identify(.) by extension 'colcon_meta'
[12.997s] Level 1:colcon.colcon_core.package_identification:_identify(.) by extensions ['ament_cargo']
[12.997s] Level 1:colcon.colcon_core.package_identification:_identify(.) by extension 'ament_cargo'
[12.997s] Level 1:colcon.colcon_core.package_identification:_identify(.) by extensions ['ros']
[12.998s] Level 1:colcon.colcon_core.package_identification:_identify(.) by extension 'ros'
[13.200s] Level 1:colcon.colcon_core.package_identification:_identify(.) by extensions ['cargo', 'cmake', 'python']
[13.200s] Level 1:colcon.colcon_core.package_identification:_identify(.) by extension 'cargo'
[13.200s] Level 1:colcon.colcon_core.package_identification:_identify(.) by extension 'cmake'
[13.201s] Level 1:colcon.colcon_core.package_identification:_identify(.) by extension 'python'
[13.201s] Level 1:colcon.colcon_core.package_identification:_identify(.) by extensions ['python_setup_py']
[13.201s] Level 1:colcon.colcon_core.package_identification:_identify(.) by extension 'python_setup_py'
[13.201s] Level 1:colcon.colcon_core.package_identification:_identify(build) by extensions ['ignore', 'ignore_ament_install']
[13.201s] Level 1:colcon.colcon_core.package_identification:_identify(build) by extension 'ignore'
[13.201s] Level 1:colcon.colcon_core.package_identification:_identify(build) ignored
[13.201s] Level 1:colcon.colcon_core.package_identification:_identify(install) by extensions ['ignore', 'ignore_ament_install']
[13.202s] Level 1:colcon.colcon_core.package_identification:_identify(install) by extension 'ignore'
[13.202s] Level 1:colcon.colcon_core.package_identification:_identify(install) ignored
[13.202s] Level 1:colcon.colcon_core.package_identification:_identify(log) by extensions ['ignore', 'ignore_ament_install']
[13.202s] Level 1:colcon.colcon_core.package_identification:_identify(log) by extension 'ignore'
[13.202s] Level 1:colcon.colcon_core.package_identification:_identify(log) ignored
[13.202s] Level 1:colcon.colcon_core.package_identification:_identify(src) by extensions ['ignore', 'ignore_ament_install']
[13.202s] Level 1:colcon.colcon_core.package_identification:_identify(src) by extension 'ignore'
[13.202s] Level 1:colcon.colcon_core.package_identification:_identify(src) by extension 'ignore_ament_install'
[13.202s] Level 1:colcon.colcon_core.package_identification:_identify(src) by extensions ['colcon_pkg']
[13.203s] Level 1:colcon.colcon_core.package_identification:_identify(src) by extension 'colcon_pkg'
[13.203s] Level 1:colcon.colcon_core.package_identification:_identify(src) by extensions ['colcon_meta']
[13.203s] Level 1:colcon.colcon_core.package_identification:_identify(src) by extension 'colcon_meta'
[13.203s] Level 1:colcon.colcon_core.package_identification:_identify(src) by extensions ['ament_cargo']
[13.203s] Level 1:colcon.colcon_core.package_identification:_identify(src) by extension 'ament_cargo'
[13.203s] Level 1:colcon.colcon_core.package_identification:_identify(src) by extensions ['ros']
[13.203s] Level 1:colcon.colcon_core.package_identification:_identify(src) by extension 'ros'
[13.203s] Level 1:colcon.colcon_core.package_identification:_identify(src) by extensions ['cargo', 'cmake', 'python']
[13.203s] Level 1:colcon.colcon_core.package_identification:_identify(src) by extension 'cargo'
[13.203s] Level 1:colcon.colcon_core.package_identification:_identify(src) by extension 'cmake'
[13.203s] Level 1:colcon.colcon_core.package_identification:_identify(src) by extension 'python'
[13.203s] Level 1:colcon.colcon_core.package_identification:_identify(src) by extensions ['python_setup_py']
[13.203s] Level 1:colcon.colcon_core.package_identification:_identify(src) by extension 'python_setup_py'
[13.204s] Level 1:colcon.colcon_core.package_identification:_identify(src/tortoisebot) by extensions ['ignore', 'ignore_ament_install']
[13.204s] Level 1:colcon.colcon_core.package_identification:_identify(src/tortoisebot) by extension 'ignore'
[13.204s] Level 1:colcon.colcon_core.package_identification:_identify(src/tortoisebot) by extension 'ignore_ament_install'
[13.204s] Level 1:colcon.colcon_core.package_identification:_identify(src/tortoisebot) by extensions ['colcon_pkg']
[13.204s] Level 1:colcon.colcon_core.package_identification:_identify(src/tortoisebot) by extension 'colcon_pkg'
[13.204s] Level 1:colcon.colcon_core.package_identification:_identify(src/tortoisebot) by extensions ['colcon_meta']
[13.204s] Level 1:colcon.colcon_core.package_identification:_identify(src/tortoisebot) by extension 'colcon_meta'
[13.204s] Level 1:colcon.colcon_core.package_identification:_identify(src/tortoisebot) by extensions ['ament_cargo']
[13.204s] Level 1:colcon.colcon_core.package_identification:_identify(src/tortoisebot) by extension 'ament_cargo'
[13.204s] Level 1:colcon.colcon_core.package_identification:_identify(src/tortoisebot) by extensions ['ros']
[13.205s] Level 1:colcon.colcon_core.package_identification:_identify(src/tortoisebot) by extension 'ros'
[13.205s] Level 1:colcon.colcon_core.package_identification:_identify(src/tortoisebot) by extensions ['cargo', 'cmake', 'python']
[13.205s] Level 1:colcon.colcon_core.package_identification:_identify(src/tortoisebot) by extension 'cargo'
[13.205s] Level 1:colcon.colcon_core.package_identification:_identify(src/tortoisebot) by extension 'cmake'
[13.205s] Level 1:colcon.colcon_core.package_identification:_identify(src/tortoisebot) by extension 'python'
[13.205s] Level 1:colcon.colcon_core.package_identification:_identify(src/tortoisebot) by extensions ['python_setup_py']
[13.205s] Level 1:colcon.colcon_core.package_identification:_identify(src/tortoisebot) by extension 'python_setup_py'
[13.205s] Level 1:colcon.colcon_core.package_identification:_identify(src/tortoisebot/docker) by extensions ['ignore', 'ignore_ament_install']
[13.205s] Level 1:colcon.colcon_core.package_identification:_identify(src/tortoisebot/docker) by extension 'ignore'
[13.205s] Level 1:colcon.colcon_core.package_identification:_identify(src/tortoisebot/docker) by extension 'ignore_ament_install'
[13.206s] Level 1:colcon.colcon_core.package_identification:_identify(src/tortoisebot/docker) by extensions ['colcon_pkg']
[13.206s] Level 1:colcon.colcon_core.package_identification:_identify(src/tortoisebot/docker) by extension 'colcon_pkg'
[13.206s] Level 1:colcon.colcon_core.package_identification:_identify(src/tortoisebot/docker) by extensions ['colcon_meta']
[13.206s] Level 1:colcon.colcon_core.package_identification:_identify(src/tortoisebot/docker) by extension 'colcon_meta'
[13.206s] Level 1:colcon.colcon_core.package_identification:_identify(src/tortoisebot/docker) by extensions ['ament_cargo']
[13.206s] Level 1:colcon.colcon_core.package_identification:_identify(src/tortoisebot/docker) by extension 'ament_cargo'
[13.206s] Level 1:colcon.colcon_core.package_identification:_identify(src/tortoisebot/docker) by extensions ['ros']
[13.206s] Level 1:colcon.colcon_core.package_identification:_identify(src/tortoisebot/docker) by extension 'ros'
[13.206s] Level 1:colcon.colcon_core.package_identification:_identify(src/tortoisebot/docker) by extensions ['cargo', 'cmake', 'python']
[13.206s] Level 1:colcon.colcon_core.package_identification:_identify(src/tortoisebot/docker) by extension 'cargo'
[13.206s] Level 1:colcon.colcon_core.package_identification:_identify(src/tortoisebot/docker) by extension 'cmake'
[13.207s] Level 1:colcon.colcon_core.package_identification:_identify(src/tortoisebot/docker) by extension 'python'
[13.207s] Level 1:colcon.colcon_core.package_identification:_identify(src/tortoisebot/docker) by extensions ['python_setup_py']
[13.207s] Level 1:colcon.colcon_core.package_identification:_identify(src/tortoisebot/docker) by extension 'python_setup_py'
[13.207s] Level 1:colcon.colcon_core.package_identification:_identify(src/tortoisebot/docker/tortoisebot_ros1_docker) by extensions ['ignore', 'ignore_ament_install']
[13.207s] Level 1:colcon.colcon_core.package_identification:_identify(src/tortoisebot/docker/tortoisebot_ros1_docker) by extension 'ignore'
[13.207s] Level 1:colcon.colcon_core.package_identification:_identify(src/tortoisebot/docker/tortoisebot_ros1_docker) by extension 'ignore_ament_install'
[13.207s] Level 1:colcon.colcon_core.package_identification:_identify(src/tortoisebot/docker/tortoisebot_ros1_docker) by extensions ['colcon_pkg']
[13.207s] Level 1:colcon.colcon_core.package_identification:_identify(src/tortoisebot/docker/tortoisebot_ros1_docker) by extension 'colcon_pkg'
[13.207s] Level 1:colcon.colcon_core.package_identification:_identify(src/tortoisebot/docker/tortoisebot_ros1_docker) by extensions ['colcon_meta']
[13.207s] Level 1:colcon.colcon_core.package_identification:_identify(src/tortoisebot/docker/tortoisebot_ros1_docker) by extension 'colcon_meta'
[13.208s] Level 1:colcon.colcon_core.package_identification:_identify(src/tortoisebot/docker/tortoisebot_ros1_docker) by extensions ['ament_cargo']
[13.208s] Level 1:colcon.colcon_core.package_identification:_identify(src/tortoisebot/docker/tortoisebot_ros1_docker) by extension 'ament_cargo'
[13.208s] Level 1:colcon.colcon_core.package_identification:_identify(src/tortoisebot/docker/tortoisebot_ros1_docker) by extensions ['ros']
[13.208s] Level 1:colcon.colcon_core.package_identification:_identify(src/tortoisebot/docker/tortoisebot_ros1_docker) by extension 'ros'
[13.208s] Level 1:colcon.colcon_core.package_identification:_identify(src/tortoisebot/docker/tortoisebot_ros1_docker) by extensions ['cargo', 'cmake', 'python']
[13.208s] Level 1:colcon.colcon_core.package_identification:_identify(src/tortoisebot/docker/tortoisebot_ros1_docker) by extension 'cargo'
[13.208s] Level 1:colcon.colcon_core.package_identification:_identify(src/tortoisebot/docker/tortoisebot_ros1_docker) by extension 'cmake'
[13.208s] Level 1:colcon.colcon_core.package_identification:_identify(src/tortoisebot/docker/tortoisebot_ros1_docker) by extension 'python'
[13.208s] Level 1:colcon.colcon_core.package_identification:_identify(src/tortoisebot/docker/tortoisebot_ros1_docker) by extensions ['python_setup_py']
[13.208s] Level 1:colcon.colcon_core.package_identification:_identify(src/tortoisebot/docker/tortoisebot_ros1_docker) by extension 'python_setup_py'
[13.208s] Level 1:colcon.colcon_core.package_identification:_identify(src/tortoisebot/docker/tortoisebot_ros2_docker) by extensions ['ignore', 'ignore_ament_install']
[13.209s] Level 1:colcon.colcon_core.package_identification:_identify(src/tortoisebot/docker/tortoisebot_ros2_docker) by extension 'ignore'
[13.209s] Level 1:colcon.colcon_core.package_identification:_identify(src/tortoisebot/docker/tortoisebot_ros2_docker) by extension 'ignore_ament_install'
[13.209s] Level 1:colcon.colcon_core.package_identification:_identify(src/tortoisebot/docker/tortoisebot_ros2_docker) by extensions ['colcon_pkg']
[13.209s] Level 1:colcon.colcon_core.package_identification:_identify(src/tortoisebot/docker/tortoisebot_ros2_docker) by extension 'colcon_pkg'
[13.209s] Level 1:colcon.colcon_core.package_identification:_identify(src/tortoisebot/docker/tortoisebot_ros2_docker) by extensions ['colcon_meta']
[13.209s] Level 1:colcon.colcon_core.package_identification:_identify(src/tortoisebot/docker/tortoisebot_ros2_docker) by extension 'colcon_meta'
[13.209s] Level 1:colcon.colcon_core.package_identification:_identify(src/tortoisebot/docker/tortoisebot_ros2_docker) by extensions ['ament_cargo']
[13.209s] Level 1:colcon.colcon_core.package_identification:_identify(src/tortoisebot/docker/tortoisebot_ros2_docker) by extension 'ament_cargo'
[13.209s] Level 1:colcon.colcon_core.package_identification:_identify(src/tortoisebot/docker/tortoisebot_ros2_docker) by extensions ['ros']
[13.209s] Level 1:colcon.colcon_core.package_identification:_identify(src/tortoisebot/docker/tortoisebot_ros2_docker) by extension 'ros'
[13.209s] Level 1:colcon.colcon_core.package_identification:_identify(src/tortoisebot/docker/tortoisebot_ros2_docker) by extensions ['cargo', 'cmake', 'python']
[13.209s] Level 1:colcon.colcon_core.package_identification:_identify(src/tortoisebot/docker/tortoisebot_ros2_docker) by extension 'cargo'
[13.210s] Level 1:colcon.colcon_core.package_identification:_identify(src/tortoisebot/docker/tortoisebot_ros2_docker) by extension 'cmake'
[13.210s] Level 1:colcon.colcon_core.package_identification:_identify(src/tortoisebot/docker/tortoisebot_ros2_docker) by extension 'python'
[13.210s] Level 1:colcon.colcon_core.package_identification:_identify(src/tortoisebot/docker/tortoisebot_ros2_docker) by extensions ['python_setup_py']
[13.210s] Level 1:colcon.colcon_core.package_identification:_identify(src/tortoisebot/docker/tortoisebot_ros2_docker) by extension 'python_setup_py'
[13.210s] Level 1:colcon.colcon_core.package_identification:_identify(src/tortoisebot/ros2_aruco) by extensions ['ignore', 'ignore_ament_install']
[13.210s] Level 1:colcon.colcon_core.package_identification:_identify(src/tortoisebot/ros2_aruco) by extension 'ignore'
[13.210s] Level 1:colcon.colcon_core.package_identification:_identify(src/tortoisebot/ros2_aruco) by extension 'ignore_ament_install'
[13.210s] Level 1:colcon.colcon_core.package_identification:_identify(src/tortoisebot/ros2_aruco) by extensions ['colcon_pkg']
[13.210s] Level 1:colcon.colcon_core.package_identification:_identify(src/tortoisebot/ros2_aruco) by extension 'colcon_pkg'
[13.210s] Level 1:colcon.colcon_core.package_identification:_identify(src/tortoisebot/ros2_aruco) by extensions ['colcon_meta']
[13.210s] Level 1:colcon.colcon_core.package_identification:_identify(src/tortoisebot/ros2_aruco) by extension 'colcon_meta'
[13.210s] Level 1:colcon.colcon_core.package_identification:_identify(src/tortoisebot/ros2_aruco) by extensions ['ament_cargo']
[13.211s] Level 1:colcon.colcon_core.package_identification:_identify(src/tortoisebot/ros2_aruco) by extension 'ament_cargo'
[13.211s] Level 1:colcon.colcon_core.package_identification:_identify(src/tortoisebot/ros2_aruco) by extensions ['ros']
[13.211s] Level 1:colcon.colcon_core.package_identification:_identify(src/tortoisebot/ros2_aruco) by extension 'ros'
[13.211s] Level 1:colcon.colcon_core.package_identification:_identify(src/tortoisebot/ros2_aruco) by extensions ['cargo', 'cmake', 'python']
[13.211s] Level 1:colcon.colcon_core.package_identification:_identify(src/tortoisebot/ros2_aruco) by extension 'cargo'
[13.211s] Level 1:colcon.colcon_core.package_identification:_identify(src/tortoisebot/ros2_aruco) by extension 'cmake'
[13.211s] Level 1:colcon.colcon_core.package_identification:_identify(src/tortoisebot/ros2_aruco) by extension 'python'
[13.211s] Level 1:colcon.colcon_core.package_identification:_identify(src/tortoisebot/ros2_aruco) by extensions ['python_setup_py']
[13.211s] Level 1:colcon.colcon_core.package_identification:_identify(src/tortoisebot/ros2_aruco) by extension 'python_setup_py'
[13.211s] Level 1:colcon.colcon_core.package_identification:_identify(src/tortoisebot/ros2_aruco/generated_tags) by extensions ['ignore', 'ignore_ament_install']
[13.212s] Level 1:colcon.colcon_core.package_identification:_identify(src/tortoisebot/ros2_aruco/generated_tags) by extension 'ignore'
[13.212s] Level 1:colcon.colcon_core.package_identification:_identify(src/tortoisebot/ros2_aruco/generated_tags) by extension 'ignore_ament_install'
[13.212s] Level 1:colcon.colcon_core.package_identification:_identify(src/tortoisebot/ros2_aruco/generated_tags) by extensions ['colcon_pkg']
[13.212s] Level 1:colcon.colcon_core.package_identification:_identify(src/tortoisebot/ros2_aruco/generated_tags) by extension 'colcon_pkg'
[13.212s] Level 1:colcon.colcon_core.package_identification:_identify(src/tortoisebot/ros2_aruco/generated_tags) by extensions ['colcon_meta']
[13.212s] Level 1:colcon.colcon_core.package_identification:_identify(src/tortoisebot/ros2_aruco/generated_tags) by extension 'colcon_meta'
[13.212s] Level 1:colcon.colcon_core.package_identification:_identify(src/tortoisebot/ros2_aruco/generated_tags) by extensions ['ament_cargo']
[13.213s] Level 1:colcon.colcon_core.package_identification:_identify(src/tortoisebot/ros2_aruco/generated_tags) by extension 'ament_cargo'
[13.213s] Level 1:colcon.colcon_core.package_identification:_identify(src/tortoisebot/ros2_aruco/generated_tags) by extensions ['ros']
[13.213s] Level 1:colcon.colcon_core.package_identification:_identify(src/tortoisebot/ros2_aruco/generated_tags) by extension 'ros'
[13.213s] Level 1:colcon.colcon_core.package_identification:_identify(src/tortoisebot/ros2_aruco/generated_tags) by extensions ['cargo', 'cmake', 'python']
[13.213s] Level 1:colcon.colcon_core.package_identification:_identify(src/tortoisebot/ros2_aruco/generated_tags) by extension 'cargo'
[13.213s] Level 1:colcon.colcon_core.package_identification:_identify(src/tortoisebot/ros2_aruco/generated_tags) by extension 'cmake'
[13.213s] Level 1:colcon.colcon_core.package_identification:_identify(src/tortoisebot/ros2_aruco/generated_tags) by extension 'python'
[13.213s] Level 1:colcon.colcon_core.package_identification:_identify(src/tortoisebot/ros2_aruco/generated_tags) by extensions ['python_setup_py']
[13.213s] Level 1:colcon.colcon_core.package_identification:_identify(src/tortoisebot/ros2_aruco/generated_tags) by extension 'python_setup_py'
[13.214s] Level 1:colcon.colcon_core.package_identification:_identify(src/tortoisebot/ros2_aruco/ros2_aruco) by extensions ['ignore', 'ignore_ament_install']
[13.214s] Level 1:colcon.colcon_core.package_identification:_identify(src/tortoisebot/ros2_aruco/ros2_aruco) by extension 'ignore'
[13.214s] Level 1:colcon.colcon_core.package_identification:_identify(src/tortoisebot/ros2_aruco/ros2_aruco) by extension 'ignore_ament_install'
[13.214s] Level 1:colcon.colcon_core.package_identification:_identify(src/tortoisebot/ros2_aruco/ros2_aruco) by extensions ['colcon_pkg']
[13.214s] Level 1:colcon.colcon_core.package_identification:_identify(src/tortoisebot/ros2_aruco/ros2_aruco) by extension 'colcon_pkg'
[13.214s] Level 1:colcon.colcon_core.package_identification:_identify(src/tortoisebot/ros2_aruco/ros2_aruco) by extensions ['colcon_meta']
[13.214s] Level 1:colcon.colcon_core.package_identification:_identify(src/tortoisebot/ros2_aruco/ros2_aruco) by extension 'colcon_meta'
[13.214s] Level 1:colcon.colcon_core.package_identification:_identify(src/tortoisebot/ros2_aruco/ros2_aruco) by extensions ['ament_cargo']
[13.214s] Level 1:colcon.colcon_core.package_identification:_identify(src/tortoisebot/ros2_aruco/ros2_aruco) by extension 'ament_cargo'
[13.214s] Level 1:colcon.colcon_core.package_identification:_identify(src/tortoisebot/ros2_aruco/ros2_aruco) by extensions ['ros']
[13.214s] Level 1:colcon.colcon_core.package_identification:_identify(src/tortoisebot/ros2_aruco/ros2_aruco) by extension 'ros'
[13.221s] DEBUG:colcon.colcon_core.package_identification:Package 'src/tortoisebot/ros2_aruco/ros2_aruco' with type 'ros.ament_python' and name 'ros2_aruco'
[13.221s] Level 1:colcon.colcon_core.package_identification:_identify(src/tortoisebot/ros2_aruco/ros2_aruco_interfaces) by extensions ['ignore', 'ignore_ament_install']
[13.221s] Level 1:colcon.colcon_core.package_identification:_identify(src/tortoisebot/ros2_aruco/ros2_aruco_interfaces) by extension 'ignore'
[13.221s] Level 1:colcon.colcon_core.package_identification:_identify(src/tortoisebot/ros2_aruco/ros2_aruco_interfaces) by extension 'ignore_ament_install'
[13.222s] Level 1:colcon.colcon_core.package_identification:_identify(src/tortoisebot/ros2_aruco/ros2_aruco_interfaces) by extensions ['colcon_pkg']
[13.222s] Level 1:colcon.colcon_core.package_identification:_identify(src/tortoisebot/ros2_aruco/ros2_aruco_interfaces) by extension 'colcon_pkg'
[13.222s] Level 1:colcon.colcon_core.package_identification:_identify(src/tortoisebot/ros2_aruco/ros2_aruco_interfaces) by extensions ['colcon_meta']
[13.222s] Level 1:colcon.colcon_core.package_identification:_identify(src/tortoisebot/ros2_aruco/ros2_aruco_interfaces) by extension 'colcon_meta'
[13.222s] Level 1:colcon.colcon_core.package_identification:_identify(src/tortoisebot/ros2_aruco/ros2_aruco_interfaces) by extensions ['ament_cargo']
[13.222s] Level 1:colcon.colcon_core.package_identification:_identify(src/tortoisebot/ros2_aruco/ros2_aruco_interfaces) by extension 'ament_cargo'
[13.222s] Level 1:colcon.colcon_core.package_identification:_identify(src/tortoisebot/ros2_aruco/ros2_aruco_interfaces) by extensions ['ros']
[13.222s] Level 1:colcon.colcon_core.package_identification:_identify(src/tortoisebot/ros2_aruco/ros2_aruco_interfaces) by extension 'ros'
[13.224s] DEBUG:colcon.colcon_core.package_identification:Package 'src/tortoisebot/ros2_aruco/ros2_aruco_interfaces' with type 'ros.ament_cmake' and name 'ros2_aruco_interfaces'
[13.224s] Level 1:colcon.colcon_core.package_identification:_identify(src/tortoisebot/tortoisebot_bringup) by extensions ['ignore', 'ignore_ament_install']
[13.224s] Level 1:colcon.colcon_core.package_identification:_identify(src/tortoisebot/tortoisebot_bringup) by extension 'ignore'
[13.224s] Level 1:colcon.colcon_core.package_identification:_identify(src/tortoisebot/tortoisebot_bringup) by extension 'ignore_ament_install'
[13.224s] Level 1:colcon.colcon_core.package_identification:_identify(src/tortoisebot/tortoisebot_bringup) by extensions ['colcon_pkg']
[13.224s] Level 1:colcon.colcon_core.package_identification:_identify(src/tortoisebot/tortoisebot_bringup) by extension 'colcon_pkg'
[13.225s] Level 1:colcon.colcon_core.package_identification:_identify(src/tortoisebot/tortoisebot_bringup) by extensions ['colcon_meta']
[13.225s] Level 1:colcon.colcon_core.package_identification:_identify(src/tortoisebot/tortoisebot_bringup) by extension 'colcon_meta'
[13.225s] Level 1:colcon.colcon_core.package_identification:_identify(src/tortoisebot/tortoisebot_bringup) by extensions ['ament_cargo']
[13.225s] Level 1:colcon.colcon_core.package_identification:_identify(src/tortoisebot/tortoisebot_bringup) by extension 'ament_cargo'
[13.225s] Level 1:colcon.colcon_core.package_identification:_identify(src/tortoisebot/tortoisebot_bringup) by extensions ['ros']
[13.225s] Level 1:colcon.colcon_core.package_identification:_identify(src/tortoisebot/tortoisebot_bringup) by extension 'ros'
[13.226s] DEBUG:colcon.colcon_core.package_identification:Package 'src/tortoisebot/tortoisebot_bringup' with type 'ros.ament_cmake' and name 'tortoisebot_bringup'
[13.226s] Level 1:colcon.colcon_core.package_identification:_identify(src/tortoisebot/tortoisebot_control) by extensions ['ignore', 'ignore_ament_install']
[13.226s] Level 1:colcon.colcon_core.package_identification:_identify(src/tortoisebot/tortoisebot_control) by extension 'ignore'
[13.226s] Level 1:colcon.colcon_core.package_identification:_identify(src/tortoisebot/tortoisebot_control) by extension 'ignore_ament_install'
[13.226s] Level 1:colcon.colcon_core.package_identification:_identify(src/tortoisebot/tortoisebot_control) by extensions ['colcon_pkg']
[13.226s] Level 1:colcon.colcon_core.package_identification:_identify(src/tortoisebot/tortoisebot_control) by extension 'colcon_pkg'
[13.226s] Level 1:colcon.colcon_core.package_identification:_identify(src/tortoisebot/tortoisebot_control) by extensions ['colcon_meta']
[13.226s] Level 1:colcon.colcon_core.package_identification:_identify(src/tortoisebot/tortoisebot_control) by extension 'colcon_meta'
[13.226s] Level 1:colcon.colcon_core.package_identification:_identify(src/tortoisebot/tortoisebot_control) by extensions ['ament_cargo']
[13.227s] Level 1:colcon.colcon_core.package_identification:_identify(src/tortoisebot/tortoisebot_control) by extension 'ament_cargo'
[13.227s] Level 1:colcon.colcon_core.package_identification:_identify(src/tortoisebot/tortoisebot_control) by extensions ['ros']
[13.227s] Level 1:colcon.colcon_core.package_identification:_identify(src/tortoisebot/tortoisebot_control) by extension 'ros'
[13.227s] DEBUG:colcon.colcon_core.package_identification:Package 'src/tortoisebot/tortoisebot_control' with type 'ros.ament_python' and name 'tortoisebot_control'
[13.228s] Level 1:colcon.colcon_core.package_identification:_identify(src/tortoisebot/tortoisebot_description) by extensions ['ignore', 'ignore_ament_install']
[13.228s] Level 1:colcon.colcon_core.package_identification:_identify(src/tortoisebot/tortoisebot_description) by extension 'ignore'
[13.228s] Level 1:colcon.colcon_core.package_identification:_identify(src/tortoisebot/tortoisebot_description) by extension 'ignore_ament_install'
[13.228s] Level 1:colcon.colcon_core.package_identification:_identify(src/tortoisebot/tortoisebot_description) by extensions ['colcon_pkg']
[13.228s] Level 1:colcon.colcon_core.package_identification:_identify(src/tortoisebot/tortoisebot_description) by extension 'colcon_pkg'
[13.228s] Level 1:colcon.colcon_core.package_identification:_identify(src/tortoisebot/tortoisebot_description) by extensions ['colcon_meta']
[13.228s] Level 1:colcon.colcon_core.package_identification:_identify(src/tortoisebot/tortoisebot_description) by extension 'colcon_meta'
[13.228s] Level 1:colcon.colcon_core.package_identification:_identify(src/tortoisebot/tortoisebot_description) by extensions ['ament_cargo']
[13.228s] Level 1:colcon.colcon_core.package_identification:_identify(src/tortoisebot/tortoisebot_description) by extension 'ament_cargo'
[13.229s] Level 1:colcon.colcon_core.package_identification:_identify(src/tortoisebot/tortoisebot_description) by extensions ['ros']
[13.229s] Level 1:colcon.colcon_core.package_identification:_identify(src/tortoisebot/tortoisebot_description) by extension 'ros'
[13.229s] DEBUG:colcon.colcon_core.package_identification:Package 'src/tortoisebot/tortoisebot_description' with type 'ros.ament_cmake' and name 'tortoisebot_description'
[13.230s] Level 1:colcon.colcon_core.package_identification:_identify(src/tortoisebot/tortoisebot_firmware) by extensions ['ignore', 'ignore_ament_install']
[13.230s] Level 1:colcon.colcon_core.package_identification:_identify(src/tortoisebot/tortoisebot_firmware) by extension 'ignore'
[13.230s] Level 1:colcon.colcon_core.package_identification:_identify(src/tortoisebot/tortoisebot_firmware) by extension 'ignore_ament_install'
[13.230s] Level 1:colcon.colcon_core.package_identification:_identify(src/tortoisebot/tortoisebot_firmware) by extensions ['colcon_pkg']
[13.230s] Level 1:colcon.colcon_core.package_identification:_identify(src/tortoisebot/tortoisebot_firmware) by extension 'colcon_pkg'
[13.230s] Level 1:colcon.colcon_core.package_identification:_identify(src/tortoisebot/tortoisebot_firmware) by extensions ['colcon_meta']
[13.230s] Level 1:colcon.colcon_core.package_identification:_identify(src/tortoisebot/tortoisebot_firmware) by extension 'colcon_meta'
[13.230s] Level 1:colcon.colcon_core.package_identification:_identify(src/tortoisebot/tortoisebot_firmware) by extensions ['ament_cargo']
[13.230s] Level 1:colcon.colcon_core.package_identification:_identify(src/tortoisebot/tortoisebot_firmware) by extension 'ament_cargo'
[13.230s] Level 1:colcon.colcon_core.package_identification:_identify(src/tortoisebot/tortoisebot_firmware) by extensions ['ros']
[13.230s] Level 1:colcon.colcon_core.package_identification:_identify(src/tortoisebot/tortoisebot_firmware) by extension 'ros'
[13.232s] DEBUG:colcon.colcon_core.package_identification:Package 'src/tortoisebot/tortoisebot_firmware' with type 'ros.ament_cmake' and name 'tortoisebot_firmware'
[13.232s] Level 1:colcon.colcon_core.package_identification:_identify(src/tortoisebot/tortoisebot_gazebo) by extensions ['ignore', 'ignore_ament_install']
[13.232s] Level 1:colcon.colcon_core.package_identification:_identify(src/tortoisebot/tortoisebot_gazebo) by extension 'ignore'
[13.232s] Level 1:colcon.colcon_core.package_identification:_identify(src/tortoisebot/tortoisebot_gazebo) by extension 'ignore_ament_install'
[13.232s] Level 1:colcon.colcon_core.package_identification:_identify(src/tortoisebot/tortoisebot_gazebo) by extensions ['colcon_pkg']
[13.232s] Level 1:colcon.colcon_core.package_identification:_identify(src/tortoisebot/tortoisebot_gazebo) by extension 'colcon_pkg'
[13.232s] Level 1:colcon.colcon_core.package_identification:_identify(src/tortoisebot/tortoisebot_gazebo) by extensions ['colcon_meta']
[13.233s] Level 1:colcon.colcon_core.package_identification:_identify(src/tortoisebot/tortoisebot_gazebo) by extension 'colcon_meta'
[13.233s] Level 1:colcon.colcon_core.package_identification:_identify(src/tortoisebot/tortoisebot_gazebo) by extensions ['ament_cargo']
[13.233s] Level 1:colcon.colcon_core.package_identification:_identify(src/tortoisebot/tortoisebot_gazebo) by extension 'ament_cargo'
[13.233s] Level 1:colcon.colcon_core.package_identification:_identify(src/tortoisebot/tortoisebot_gazebo) by extensions ['ros']
[13.233s] Level 1:colcon.colcon_core.package_identification:_identify(src/tortoisebot/tortoisebot_gazebo) by extension 'ros'
[13.234s] DEBUG:colcon.colcon_core.package_identification:Package 'src/tortoisebot/tortoisebot_gazebo' with type 'ros.ament_cmake' and name 'tortoisebot_gazebo'
[13.234s] Level 1:colcon.colcon_core.package_identification:_identify(src/tortoisebot/tortoisebot_localization) by extensions ['ignore', 'ignore_ament_install']
[13.234s] Level 1:colcon.colcon_core.package_identification:_identify(src/tortoisebot/tortoisebot_localization) by extension 'ignore'
[13.234s] Level 1:colcon.colcon_core.package_identification:_identify(src/tortoisebot/tortoisebot_localization) by extension 'ignore_ament_install'
[13.234s] Level 1:colcon.colcon_core.package_identification:_identify(src/tortoisebot/tortoisebot_localization) by extensions ['colcon_pkg']
[13.234s] Level 1:colcon.colcon_core.package_identification:_identify(src/tortoisebot/tortoisebot_localization) by extension 'colcon_pkg'
[13.234s] Level 1:colcon.colcon_core.package_identification:_identify(src/tortoisebot/tortoisebot_localization) by extensions ['colcon_meta']
[13.234s] Level 1:colcon.colcon_core.package_identification:_identify(src/tortoisebot/tortoisebot_localization) by extension 'colcon_meta'
[13.234s] Level 1:colcon.colcon_core.package_identification:_identify(src/tortoisebot/tortoisebot_localization) by extensions ['ament_cargo']
[13.234s] Level 1:colcon.colcon_core.package_identification:_identify(src/tortoisebot/tortoisebot_localization) by extension 'ament_cargo'
[13.235s] Level 1:colcon.colcon_core.package_identification:_identify(src/tortoisebot/tortoisebot_localization) by extensions ['ros']
[13.235s] Level 1:colcon.colcon_core.package_identification:_identify(src/tortoisebot/tortoisebot_localization) by extension 'ros'
[13.235s] DEBUG:colcon.colcon_core.package_identification:Package 'src/tortoisebot/tortoisebot_localization' with type 'ros.ament_python' and name 'tortoisebot_localization'
[13.236s] Level 1:colcon.colcon_core.package_identification:_identify(src/tortoisebot/tortoisebot_navigation) by extensions ['ignore', 'ignore_ament_install']
[13.236s] Level 1:colcon.colcon_core.package_identification:_identify(src/tortoisebot/tortoisebot_navigation) by extension 'ignore'
[13.236s] Level 1:colcon.colcon_core.package_identification:_identify(src/tortoisebot/tortoisebot_navigation) by extension 'ignore_ament_install'
[13.236s] Level 1:colcon.colcon_core.package_identification:_identify(src/tortoisebot/tortoisebot_navigation) by extensions ['colcon_pkg']
[13.236s] Level 1:colcon.colcon_core.package_identification:_identify(src/tortoisebot/tortoisebot_navigation) by extension 'colcon_pkg'
[13.236s] Level 1:colcon.colcon_core.package_identification:_identify(src/tortoisebot/tortoisebot_navigation) by extensions ['colcon_meta']
[13.236s] Level 1:colcon.colcon_core.package_identification:_identify(src/tortoisebot/tortoisebot_navigation) by extension 'colcon_meta'
[13.236s] Level 1:colcon.colcon_core.package_identification:_identify(src/tortoisebot/tortoisebot_navigation) by extensions ['ament_cargo']
[13.236s] Level 1:colcon.colcon_core.package_identification:_identify(src/tortoisebot/tortoisebot_navigation) by extension 'ament_cargo'
[13.236s] Level 1:colcon.colcon_core.package_identification:_identify(src/tortoisebot/tortoisebot_navigation) by extensions ['ros']
[13.236s] Level 1:colcon.colcon_core.package_identification:_identify(src/tortoisebot/tortoisebot_navigation) by extension 'ros'
[13.238s] DEBUG:colcon.colcon_core.package_identification:Package 'src/tortoisebot/tortoisebot_navigation' with type 'ros.ament_cmake' and name 'tortoisebot_navigation'
[13.238s] Level 1:colcon.colcon_core.package_identification:_identify(src/tortoisebot/tortoisebot_slam) by extensions ['ignore', 'ignore_ament_install']
[13.238s] Level 1:colcon.colcon_core.package_identification:_identify(src/tortoisebot/tortoisebot_slam) by extension 'ignore'
[13.238s] Level 1:colcon.colcon_core.package_identification:_identify(src/tortoisebot/tortoisebot_slam) by extension 'ignore_ament_install'
[13.238s] Level 1:colcon.colcon_core.package_identification:_identify(src/tortoisebot/tortoisebot_slam) by extensions ['colcon_pkg']
[13.238s] Level 1:colcon.colcon_core.package_identification:_identify(src/tortoisebot/tortoisebot_slam) by extension 'colcon_pkg'
[13.240s] Level 1:colcon.colcon_core.package_identification:_identify(src/tortoisebot/tortoisebot_slam) by extensions ['colcon_meta']
[13.240s] Level 1:colcon.colcon_core.package_identification:_identify(src/tortoisebot/tortoisebot_slam) by extension 'colcon_meta'
[13.240s] Level 1:colcon.colcon_core.package_identification:_identify(src/tortoisebot/tortoisebot_slam) by extensions ['ament_cargo']
[13.240s] Level 1:colcon.colcon_core.package_identification:_identify(src/tortoisebot/tortoisebot_slam) by extension 'ament_cargo'
[13.240s] Level 1:colcon.colcon_core.package_identification:_identify(src/tortoisebot/tortoisebot_slam) by extensions ['ros']
[13.240s] Level 1:colcon.colcon_core.package_identification:_identify(src/tortoisebot/tortoisebot_slam) by extension 'ros'
[13.241s] DEBUG:colcon.colcon_core.package_identification:Package 'src/tortoisebot/tortoisebot_slam' with type 'ros.ament_cmake' and name 'tortoisebot_slam'
[13.241s] Level 1:colcon.colcon_core.package_identification:_identify(src/tortoisebot/ydlidar-ros2) by extensions ['ignore', 'ignore_ament_install']
[13.241s] Level 1:colcon.colcon_core.package_identification:_identify(src/tortoisebot/ydlidar-ros2) by extension 'ignore'
[13.242s] Level 1:colcon.colcon_core.package_identification:_identify(src/tortoisebot/ydlidar-ros2) by extension 'ignore_ament_install'
[13.242s] Level 1:colcon.colcon_core.package_identification:_identify(src/tortoisebot/ydlidar-ros2) by extensions ['colcon_pkg']
[13.242s] Level 1:colcon.colcon_core.package_identification:_identify(src/tortoisebot/ydlidar-ros2) by extension 'colcon_pkg'
[13.242s] Level 1:colcon.colcon_core.package_identification:_identify(src/tortoisebot/ydlidar-ros2) by extensions ['colcon_meta']
[13.242s] Level 1:colcon.colcon_core.package_identification:_identify(src/tortoisebot/ydlidar-ros2) by extension 'colcon_meta'
[13.242s] Level 1:colcon.colcon_core.package_identification:_identify(src/tortoisebot/ydlidar-ros2) by extensions ['ament_cargo']
[13.242s] Level 1:colcon.colcon_core.package_identification:_identify(src/tortoisebot/ydlidar-ros2) by extension 'ament_cargo'
[13.242s] Level 1:colcon.colcon_core.package_identification:_identify(src/tortoisebot/ydlidar-ros2) by extensions ['ros']
[13.242s] Level 1:colcon.colcon_core.package_identification:_identify(src/tortoisebot/ydlidar-ros2) by extension 'ros'
[13.242s] Level 1:colcon.colcon_core.package_identification:_identify(src/tortoisebot/ydlidar-ros2) by extensions ['cargo', 'cmake', 'python']
[13.242s] Level 1:colcon.colcon_core.package_identification:_identify(src/tortoisebot/ydlidar-ros2) by extension 'cargo'
[13.242s] Level 1:colcon.colcon_core.package_identification:_identify(src/tortoisebot/ydlidar-ros2) by extension 'cmake'
[13.242s] Level 1:colcon.colcon_core.package_identification:_identify(src/tortoisebot/ydlidar-ros2) by extension 'python'
[13.242s] Level 1:colcon.colcon_core.package_identification:_identify(src/tortoisebot/ydlidar-ros2) by extensions ['python_setup_py']
[13.243s] Level 1:colcon.colcon_core.package_identification:_identify(src/tortoisebot/ydlidar-ros2) by extension 'python_setup_py'
[13.243s] Level 1:colcon.colcon_core.package_identification:_identify(src/tortoisebot/ydlidar-ros2/params) by extensions ['ignore', 'ignore_ament_install']
[13.243s] Level 1:colcon.colcon_core.package_identification:_identify(src/tortoisebot/ydlidar-ros2/params) by extension 'ignore'
[13.243s] Level 1:colcon.colcon_core.package_identification:_identify(src/tortoisebot/ydlidar-ros2/params) by extension 'ignore_ament_install'
[13.243s] Level 1:colcon.colcon_core.package_identification:_identify(src/tortoisebot/ydlidar-ros2/params) by extensions ['colcon_pkg']
[13.243s] Level 1:colcon.colcon_core.package_identification:_identify(src/tortoisebot/ydlidar-ros2/params) by extension 'colcon_pkg'
[13.243s] Level 1:colcon.colcon_core.package_identification:_identify(src/tortoisebot/ydlidar-ros2/params) by extensions ['colcon_meta']
[13.243s] Level 1:colcon.colcon_core.package_identification:_identify(src/tortoisebot/ydlidar-ros2/params) by extension 'colcon_meta'
[13.243s] Level 1:colcon.colcon_core.package_identification:_identify(src/tortoisebot/ydlidar-ros2/params) by extensions ['ament_cargo']
[13.243s] Level 1:colcon.colcon_core.package_identification:_identify(src/tortoisebot/ydlidar-ros2/params) by extension 'ament_cargo'
[13.243s] Level 1:colcon.colcon_core.package_identification:_identify(src/tortoisebot/ydlidar-ros2/params) by extensions ['ros']
[13.243s] Level 1:colcon.colcon_core.package_identification:_identify(src/tortoisebot/ydlidar-ros2/params) by extension 'ros'
[13.244s] Level 1:colcon.colcon_core.package_identification:_identify(src/tortoisebot/ydlidar-ros2/params) by extensions ['cargo', 'cmake', 'python']
[13.244s] Level 1:colcon.colcon_core.package_identification:_identify(src/tortoisebot/ydlidar-ros2/params) by extension 'cargo'
[13.244s] Level 1:colcon.colcon_core.package_identification:_identify(src/tortoisebot/ydlidar-ros2/params) by extension 'cmake'
[13.244s] Level 1:colcon.colcon_core.package_identification:_identify(src/tortoisebot/ydlidar-ros2/params) by extension 'python'
[13.244s] Level 1:colcon.colcon_core.package_identification:_identify(src/tortoisebot/ydlidar-ros2/params) by extensions ['python_setup_py']
[13.244s] Level 1:colcon.colcon_core.package_identification:_identify(src/tortoisebot/ydlidar-ros2/params) by extension 'python_setup_py'
[13.244s] Level 1:colcon.colcon_core.package_identification:_identify(src/tortoisebot/ydlidar_ros2_driver) by extensions ['ignore', 'ignore_ament_install']
[13.244s] Level 1:colcon.colcon_core.package_identification:_identify(src/tortoisebot/ydlidar_ros2_driver) by extension 'ignore'
[13.244s] Level 1:colcon.colcon_core.package_identification:_identify(src/tortoisebot/ydlidar_ros2_driver) by extension 'ignore_ament_install'
[13.244s] Level 1:colcon.colcon_core.package_identification:_identify(src/tortoisebot/ydlidar_ros2_driver) by extensions ['colcon_pkg']
[13.244s] Level 1:colcon.colcon_core.package_identification:_identify(src/tortoisebot/ydlidar_ros2_driver) by extension 'colcon_pkg'
[13.245s] Level 1:colcon.colcon_core.package_identification:_identify(src/tortoisebot/ydlidar_ros2_driver) by extensions ['colcon_meta']
[13.245s] Level 1:colcon.colcon_core.package_identification:_identify(src/tortoisebot/ydlidar_ros2_driver) by extension 'colcon_meta'
[13.245s] Level 1:colcon.colcon_core.package_identification:_identify(src/tortoisebot/ydlidar_ros2_driver) by extensions ['ament_cargo']
[13.245s] Level 1:colcon.colcon_core.package_identification:_identify(src/tortoisebot/ydlidar_ros2_driver) by extension 'ament_cargo'
[13.245s] Level 1:colcon.colcon_core.package_identification:_identify(src/tortoisebot/ydlidar_ros2_driver) by extensions ['ros']
[13.246s] Level 1:colcon.colcon_core.package_identification:_identify(src/tortoisebot/ydlidar_ros2_driver) by extension 'ros'
[13.247s] DEBUG:colcon.colcon_core.package_identification:Package 'src/tortoisebot/ydlidar_ros2_driver' with type 'ros.ament_cmake' and name 'ydlidar_ros2_driver'
[13.247s] Level 1:colcon.colcon_core.package_discovery:discover_packages(recursive) using defaults
[13.248s] Level 1:colcon.colcon_core.package_discovery:discover_packages(ignore) discover
[13.248s] Level 1:colcon.colcon_core.package_discovery:discover_packages(ignore) using defaults
[13.248s] Level 1:colcon.colcon_core.package_discovery:discover_packages(path) discover
[13.248s] Level 1:colcon.colcon_core.package_discovery:discover_packages(path) using defaults
[13.453s] INFO:colcon.colcon_core.package_selection:Skipping not selected package 'ros2_aruco' in 'src/tortoisebot/ros2_aruco/ros2_aruco'
[13.453s] INFO:colcon.colcon_core.package_selection:Skipping not selected package 'ros2_aruco_interfaces' in 'src/tortoisebot/ros2_aruco/ros2_aruco_interfaces'
[13.453s] INFO:colcon.colcon_core.package_selection:Skipping not selected package 'tortoisebot_bringup' in 'src/tortoisebot/tortoisebot_bringup'
[13.453s] INFO:colcon.colcon_core.package_selection:Skipping not selected package 'tortoisebot_control' in 'src/tortoisebot/tortoisebot_control'
[13.453s] INFO:colcon.colcon_core.package_selection:Skipping not selected package 'tortoisebot_description' in 'src/tortoisebot/tortoisebot_description'
[13.453s] INFO:colcon.colcon_core.package_selection:Skipping not selected package 'tortoisebot_firmware' in 'src/tortoisebot/tortoisebot_firmware'
[13.453s] INFO:colcon.colcon_core.package_selection:Skipping not selected package 'tortoisebot_localization' in 'src/tortoisebot/tortoisebot_localization'
[13.453s] INFO:colcon.colcon_core.package_selection:Skipping not selected package 'tortoisebot_navigation' in 'src/tortoisebot/tortoisebot_navigation'
[13.453s] INFO:colcon.colcon_core.package_selection:Skipping not selected package 'tortoisebot_slam' in 'src/tortoisebot/tortoisebot_slam'
[13.453s] INFO:colcon.colcon_core.package_selection:Skipping not selected package 'ydlidar_ros2_driver' in 'src/tortoisebot/ydlidar_ros2_driver'
[13.472s] Level 5:colcon.colcon_core.verb:set package 'tortoisebot_gazebo' build argument 'lookup_in_workspace' from command line to 'False'
[13.473s] Level 5:colcon.colcon_core.verb:set package 'tortoisebot_gazebo' build argument 'cargo_args' from command line to 'None'
[13.473s] Level 5:colcon.colcon_core.verb:set package 'tortoisebot_gazebo' build argument 'clean_build' from command line to 'False'
[13.473s] Level 5:colcon.colcon_core.verb:set package 'tortoisebot_gazebo' build argument 'cmake_args' from command line to 'None'
[13.473s] Level 5:colcon.colcon_core.verb:set package 'tortoisebot_gazebo' build argument 'cmake_target' from command line to 'None'
[13.473s] Level 5:colcon.colcon_core.verb:set package 'tortoisebot_gazebo' build argument 'cmake_target_skip_unavailable' from command line to 'False'
[13.473s] Level 5:colcon.colcon_core.verb:set package 'tortoisebot_gazebo' build argument 'cmake_clean_cache' from command line to 'False'
[13.473s] Level 5:colcon.colcon_core.verb:set package 'tortoisebot_gazebo' build argument 'cmake_clean_first' from command line to 'False'
[13.473s] Level 5:colcon.colcon_core.verb:set package 'tortoisebot_gazebo' build argument 'cmake_force_configure' from command line to 'False'
[13.473s] Level 5:colcon.colcon_core.verb:set package 'tortoisebot_gazebo' build argument 'ament_cmake_args' from command line to 'None'
[13.473s] Level 5:colcon.colcon_core.verb:set package 'tortoisebot_gazebo' build argument 'catkin_cmake_args' from command line to 'None'
[13.473s] Level 5:colcon.colcon_core.verb:set package 'tortoisebot_gazebo' build argument 'catkin_skip_building_tests' from command line to 'False'
[13.473s] DEBUG:colcon.colcon_core.verb:Building package 'tortoisebot_gazebo' with the following arguments: {'ament_cmake_args': None, 'build_base': '/home/user/simulation_ws/build/tortoisebot_gazebo', 'cargo_args': None, 'catkin_cmake_args': None, 'catkin_skip_building_tests': False, 'clean_build': False, 'cmake_args': None, 'cmake_clean_cache': False, 'cmake_clean_first': False, 'cmake_force_configure': False, 'cmake_target': None, 'cmake_target_skip_unavailable': False, 'install_base': '/home/user/simulation_ws/install/tortoisebot_gazebo', 'lookup_in_workspace': False, 'merge_install': False, 'path': '/home/user/simulation_ws/src/tortoisebot/tortoisebot_gazebo', 'symlink_install': False, 'test_result_base': None}
[13.475s] INFO:colcon.colcon_core.executor:Executing jobs using 'parallel' executor
[13.504s] DEBUG:colcon.colcon_parallel_executor.executor.parallel:run_until_complete
[13.513s] INFO:colcon.colcon_ros.task.ament_cmake.build:Building ROS package in '/home/user/simulation_ws/src/tortoisebot/tortoisebot_gazebo' with build type 'ament_cmake'
[13.513s] INFO:colcon.colcon_cmake.task.cmake.build:Building CMake package in '/home/user/simulation_ws/src/tortoisebot/tortoisebot_gazebo'
[13.609s] INFO:colcon.colcon_core.plugin_system:Skipping extension 'colcon_core.shell.bat': Not used on non-Windows systems
[13.610s] INFO:colcon.colcon_core.shell:Skip shell extension 'powershell' for command environment: Not usable outside of PowerShell
[13.610s] DEBUG:colcon.colcon_core.shell:Skip shell extension 'dsv' for command environment
[13.776s] DEBUG:colcon.colcon_core.event_handler.log_command:Invoking command in '/home/user/simulation_ws/build/tortoisebot_gazebo': CMAKE_PREFIX_PATH=${CMAKE_PREFIX_PATH}:/home/user/simulation_ws/install/tortoisebot_localization:/home/user/simulation_ws/install/tortoisebot_control:/home/user/simulation_ws/install/ros2_aruco:/home/simulations/ros2_sims_ws/install/rclrs_tests:/home/simulations/ros2_sims_ws/install/examples_rclrs_minimal_client_service:/home/simulations/ros2_sims_ws/install/sensor_msgs_py:/home/simulations/ros2_sims_ws/install/examples_rclrs_minimal_pub_sub:/home/simulations/ros2_sims_ws/install/examples_rclrs_message_demo:/home/simulations/ros2_sims_ws/install/rclrs:/home/simulations/ros2_sims_ws/install/rosidl_runtime_rs:/opt/ros/humble _=/usr/bin/env /usr/bin/cmake --build /home/user/simulation_ws/build/tortoisebot_gazebo -- -j8 -l8
[15.628s] DEBUG:colcon.colcon_core.event_handler.log_command:Invoked command in '/home/user/simulation_ws/build/tortoisebot_gazebo' returned '0': CMAKE_PREFIX_PATH=${CMAKE_PREFIX_PATH}:/home/user/simulation_ws/install/tortoisebot_localization:/home/user/simulation_ws/install/tortoisebot_control:/home/user/simulation_ws/install/ros2_aruco:/home/simulations/ros2_sims_ws/install/rclrs_tests:/home/simulations/ros2_sims_ws/install/examples_rclrs_minimal_client_service:/home/simulations/ros2_sims_ws/install/sensor_msgs_py:/home/simulations/ros2_sims_ws/install/examples_rclrs_minimal_pub_sub:/home/simulations/ros2_sims_ws/install/examples_rclrs_message_demo:/home/simulations/ros2_sims_ws/install/rclrs:/home/simulations/ros2_sims_ws/install/rosidl_runtime_rs:/opt/ros/humble _=/usr/bin/env /usr/bin/cmake --build /home/user/simulation_ws/build/tortoisebot_gazebo -- -j8 -l8
[15.849s] DEBUG:colcon.colcon_core.event_handler.log_command:Invoking command in '/home/user/simulation_ws/build/tortoisebot_gazebo': CMAKE_PREFIX_PATH=${CMAKE_PREFIX_PATH}:/home/user/simulation_ws/install/tortoisebot_localization:/home/user/simulation_ws/install/tortoisebot_control:/home/user/simulation_ws/install/ros2_aruco:/home/simulations/ros2_sims_ws/install/rclrs_tests:/home/simulations/ros2_sims_ws/install/examples_rclrs_minimal_client_service:/home/simulations/ros2_sims_ws/install/sensor_msgs_py:/home/simulations/ros2_sims_ws/install/examples_rclrs_minimal_pub_sub:/home/simulations/ros2_sims_ws/install/examples_rclrs_message_demo:/home/simulations/ros2_sims_ws/install/rclrs:/home/simulations/ros2_sims_ws/install/rosidl_runtime_rs:/opt/ros/humble _=/usr/bin/env /usr/bin/cmake --install /home/user/simulation_ws/build/tortoisebot_gazebo
[15.905s] Level 1:colcon.colcon_core.environment:create_environment_scripts_only(tortoisebot_gazebo)
[15.907s] DEBUG:colcon.colcon_core.event_handler.log_command:Invoked command in '/home/user/simulation_ws/build/tortoisebot_gazebo' returned '0': CMAKE_PREFIX_PATH=${CMAKE_PREFIX_PATH}:/home/user/simulation_ws/install/tortoisebot_localization:/home/user/simulation_ws/install/tortoisebot_control:/home/user/simulation_ws/install/ros2_aruco:/home/simulations/ros2_sims_ws/install/rclrs_tests:/home/simulations/ros2_sims_ws/install/examples_rclrs_minimal_client_service:/home/simulations/ros2_sims_ws/install/sensor_msgs_py:/home/simulations/ros2_sims_ws/install/examples_rclrs_minimal_pub_sub:/home/simulations/ros2_sims_ws/install/examples_rclrs_message_demo:/home/simulations/ros2_sims_ws/install/rclrs:/home/simulations/ros2_sims_ws/install/rosidl_runtime_rs:/opt/ros/humble _=/usr/bin/env /usr/bin/cmake --install /home/user/simulation_ws/build/tortoisebot_gazebo
[15.974s] Level 1:colcon.colcon_core.environment:checking '/home/user/simulation_ws/install/tortoisebot_gazebo' for CMake module files
[15.976s] Level 1:colcon.colcon_core.environment:checking '/home/user/simulation_ws/install/tortoisebot_gazebo' for CMake config files
[15.976s] Level 1:colcon.colcon_core.shell:create_environment_hook('tortoisebot_gazebo', 'cmake_prefix_path')
[15.979s] INFO:colcon.colcon_core.shell:Creating environment hook '/home/user/simulation_ws/install/tortoisebot_gazebo/share/tortoisebot_gazebo/hook/cmake_prefix_path.ps1'
[15.982s] INFO:colcon.colcon_core.shell:Creating environment descriptor '/home/user/simulation_ws/install/tortoisebot_gazebo/share/tortoisebot_gazebo/hook/cmake_prefix_path.dsv'
[15.984s] INFO:colcon.colcon_core.shell:Creating environment hook '/home/user/simulation_ws/install/tortoisebot_gazebo/share/tortoisebot_gazebo/hook/cmake_prefix_path.sh'
[15.990s] Level 1:colcon.colcon_core.environment:checking '/home/user/simulation_ws/install/tortoisebot_gazebo/bin'
[15.991s] Level 1:colcon.colcon_core.environment:checking '/home/user/simulation_ws/install/tortoisebot_gazebo/lib/pkgconfig/tortoisebot_gazebo.pc'
[16.009s] Level 1:colcon.colcon_core.environment:checking '/home/user/simulation_ws/install/tortoisebot_gazebo/lib/python3.10/site-packages'
[16.010s] Level 1:colcon.colcon_core.environment:checking '/home/user/simulation_ws/install/tortoisebot_gazebo/bin'
[16.016s] INFO:colcon.colcon_core.shell:Creating package script '/home/user/simulation_ws/install/tortoisebot_gazebo/share/tortoisebot_gazebo/package.ps1'
[16.024s] INFO:colcon.colcon_core.shell:Creating package descriptor '/home/user/simulation_ws/install/tortoisebot_gazebo/share/tortoisebot_gazebo/package.dsv'
[16.026s] INFO:colcon.colcon_core.shell:Creating package script '/home/user/simulation_ws/install/tortoisebot_gazebo/share/tortoisebot_gazebo/package.sh'
[16.028s] INFO:colcon.colcon_core.shell:Creating package script '/home/user/simulation_ws/install/tortoisebot_gazebo/share/tortoisebot_gazebo/package.bash'
[16.033s] INFO:colcon.colcon_core.shell:Creating package script '/home/user/simulation_ws/install/tortoisebot_gazebo/share/tortoisebot_gazebo/package.zsh'
[16.035s] Level 1:colcon.colcon_core.environment:create_file_with_runtime_dependencies(/home/user/simulation_ws/install/tortoisebot_gazebo/share/colcon-core/packages/tortoisebot_gazebo)
[16.190s] Level 1:colcon.colcon_core.environment:create_environment_scripts_only(tortoisebot_gazebo)
[16.196s] Level 1:colcon.colcon_core.environment:checking '/home/user/simulation_ws/install/tortoisebot_gazebo' for CMake module files
[16.201s] Level 1:colcon.colcon_core.environment:checking '/home/user/simulation_ws/install/tortoisebot_gazebo' for CMake config files
[16.202s] Level 1:colcon.colcon_core.shell:create_environment_hook('tortoisebot_gazebo', 'cmake_prefix_path')
[16.205s] INFO:colcon.colcon_core.shell:Creating environment hook '/home/user/simulation_ws/install/tortoisebot_gazebo/share/tortoisebot_gazebo/hook/cmake_prefix_path.ps1'
[16.206s] INFO:colcon.colcon_core.shell:Creating environment descriptor '/home/user/simulation_ws/install/tortoisebot_gazebo/share/tortoisebot_gazebo/hook/cmake_prefix_path.dsv'
[16.213s] INFO:colcon.colcon_core.shell:Creating environment hook '/home/user/simulation_ws/install/tortoisebot_gazebo/share/tortoisebot_gazebo/hook/cmake_prefix_path.sh'
[16.215s] Level 1:colcon.colcon_core.environment:checking '/home/user/simulation_ws/install/tortoisebot_gazebo/bin'
[16.215s] Level 1:colcon.colcon_core.environment:checking '/home/user/simulation_ws/install/tortoisebot_gazebo/lib/pkgconfig/tortoisebot_gazebo.pc'
[16.215s] Level 1:colcon.colcon_core.environment:checking '/home/user/simulation_ws/install/tortoisebot_gazebo/lib/python3.10/site-packages'
[16.216s] Level 1:colcon.colcon_core.environment:checking '/home/user/simulation_ws/install/tortoisebot_gazebo/bin'
[16.218s] INFO:colcon.colcon_core.shell:Creating package script '/home/user/simulation_ws/install/tortoisebot_gazebo/share/tortoisebot_gazebo/package.ps1'
[16.219s] INFO:colcon.colcon_core.shell:Creating package descriptor '/home/user/simulation_ws/install/tortoisebot_gazebo/share/tortoisebot_gazebo/package.dsv'
[16.220s] INFO:colcon.colcon_core.shell:Creating package script '/home/user/simulation_ws/install/tortoisebot_gazebo/share/tortoisebot_gazebo/package.sh'
[16.229s] INFO:colcon.colcon_core.shell:Creating package script '/home/user/simulation_ws/install/tortoisebot_gazebo/share/tortoisebot_gazebo/package.bash'
[16.230s] INFO:colcon.colcon_core.shell:Creating package script '/home/user/simulation_ws/install/tortoisebot_gazebo/share/tortoisebot_gazebo/package.zsh'
[16.231s] Level 1:colcon.colcon_core.environment:create_file_with_runtime_dependencies(/home/user/simulation_ws/install/tortoisebot_gazebo/share/colcon-core/packages/tortoisebot_gazebo)
[16.231s] DEBUG:colcon.colcon_parallel_executor.executor.parallel:closing loop
[16.233s] DEBUG:colcon.colcon_parallel_executor.executor.parallel:loop closed
[16.233s] DEBUG:colcon.colcon_parallel_executor.executor.parallel:run_until_complete finished with '0'
[16.233s] DEBUG:colcon.colcon_core.event_reactor:joining thread
[16.338s] INFO:colcon.colcon_core.plugin_system:Skipping extension 'colcon_notification.desktop_notification.notify_send': Could not find 'notify-send'
[16.338s] INFO:colcon.colcon_core.plugin_system:Skipping extension 'colcon_notification.desktop_notification.terminal_notifier': Not used on non-Darwin systems
[16.338s] INFO:colcon.colcon_core.plugin_system:Skipping extension 'colcon_notification.desktop_notification.win32': Not used on non-Windows systems
[16.339s] INFO:colcon.colcon_notification.desktop_notification:Sending desktop notification using 'notify2'
[16.342s] DEBUG:colcon.colcon_notification.desktop_notification.notify2:Failed to initialize notify2: org.freedesktop.DBus.Error.Spawn.ExecFailed: /usr/bin/dbus-launch terminated abnormally without any error message
[16.342s] DEBUG:colcon.colcon_core.event_reactor:joined thread
[16.375s] INFO:colcon.colcon_core.shell:Creating prefix script '/home/user/simulation_ws/install/local_setup.ps1'
[16.386s] INFO:colcon.colcon_core.shell:Creating prefix util module '/home/user/simulation_ws/install/_local_setup_util_ps1.py'
[16.389s] INFO:colcon.colcon_core.shell:Creating prefix chain script '/home/user/simulation_ws/install/setup.ps1'
[16.396s] INFO:colcon.colcon_core.shell:Creating prefix script '/home/user/simulation_ws/install/local_setup.sh'
[16.398s] INFO:colcon.colcon_core.shell:Creating prefix util module '/home/user/simulation_ws/install/_local_setup_util_sh.py'
[16.399s] INFO:colcon.colcon_core.shell:Creating prefix chain script '/home/user/simulation_ws/install/setup.sh'
[16.405s] INFO:colcon.colcon_core.shell:Creating prefix script '/home/user/simulation_ws/install/local_setup.bash'
[16.407s] INFO:colcon.colcon_core.shell:Creating prefix chain script '/home/user/simulation_ws/install/setup.bash'
[16.413s] INFO:colcon.colcon_core.shell:Creating prefix script '/home/user/simulation_ws/install/local_setup.zsh'
[16.416s] INFO:colcon.colcon_core.shell:Creating prefix chain script '/home/user/simulation_ws/install/setup.zsh'
