[0.097s] Invoking command in '/home/user/simulation_ws/build/tortoisebot_slam': CMAKE_PREFIX_PATH=${CMAKE_PREFIX_PATH}:/home/user/simulation_ws/install/tortoisebot_localization:/home/user/simulation_ws/install/tortoisebot_control:/home/user/simulation_ws/install/ros2_aruco:/home/simulations/ros2_sims_ws/install/rclrs_tests:/home/simulations/ros2_sims_ws/install/examples_rclrs_minimal_client_service:/home/simulations/ros2_sims_ws/install/sensor_msgs_py:/home/simulations/ros2_sims_ws/install/examples_rclrs_minimal_pub_sub:/home/simulations/ros2_sims_ws/install/examples_rclrs_message_demo:/home/simulations/ros2_sims_ws/install/rclrs:/home/simulations/ros2_sims_ws/install/rosidl_runtime_rs:/home/user/ros2_ws/install/opencv_tests:/opt/ros/humble _=/usr/bin/env /usr/bin/cmake --build /home/user/simulation_ws/build/tortoisebot_slam -- -j8 -l8
[0.482s] Invoked command in '/home/user/simulation_ws/build/tortoisebot_slam' returned '0': CMAKE_PREFIX_PATH=${CMAKE_PREFIX_PATH}:/home/user/simulation_ws/install/tortoisebot_localization:/home/user/simulation_ws/install/tortoisebot_control:/home/user/simulation_ws/install/ros2_aruco:/home/simulations/ros2_sims_ws/install/rclrs_tests:/home/simulations/ros2_sims_ws/install/examples_rclrs_minimal_client_service:/home/simulations/ros2_sims_ws/install/sensor_msgs_py:/home/simulations/ros2_sims_ws/install/examples_rclrs_minimal_pub_sub:/home/simulations/ros2_sims_ws/install/examples_rclrs_message_demo:/home/simulations/ros2_sims_ws/install/rclrs:/home/simulations/ros2_sims_ws/install/rosidl_runtime_rs:/home/user/ros2_ws/install/opencv_tests:/opt/ros/humble _=/usr/bin/env /usr/bin/cmake --build /home/user/simulation_ws/build/tortoisebot_slam -- -j8 -l8
[0.821s] Invoking command in '/home/user/simulation_ws/build/tortoisebot_slam': CMAKE_PREFIX_PATH=${CMAKE_PREFIX_PATH}:/home/user/simulation_ws/install/tortoisebot_localization:/home/user/simulation_ws/install/tortoisebot_control:/home/user/simulation_ws/install/ros2_aruco:/home/simulations/ros2_sims_ws/install/rclrs_tests:/home/simulations/ros2_sims_ws/install/examples_rclrs_minimal_client_service:/home/simulations/ros2_sims_ws/install/sensor_msgs_py:/home/simulations/ros2_sims_ws/install/examples_rclrs_minimal_pub_sub:/home/simulations/ros2_sims_ws/install/examples_rclrs_message_demo:/home/simulations/ros2_sims_ws/install/rclrs:/home/simulations/ros2_sims_ws/install/rosidl_runtime_rs:/home/user/ros2_ws/install/opencv_tests:/opt/ros/humble _=/usr/bin/env /usr/bin/cmake --install /home/user/simulation_ws/build/tortoisebot_slam
[0.889s] -- Install configuration: ""
[0.889s] -- Up-to-date: /home/user/simulation_ws/install/tortoisebot_slam/share/tortoisebot_slam/launch
[0.890s] -- Up-to-date: /home/user/simulation_ws/install/tortoisebot_slam/share/tortoisebot_slam/launch/cartographer.launch.py
[0.890s] -- Up-to-date: /home/user/simulation_ws/install/tortoisebot_slam/share/tortoisebot_slam/config
[0.890s] -- Up-to-date: /home/user/simulation_ws/install/tortoisebot_slam/share/tortoisebot_slam/config/ekf.yaml
[0.890s] -- Up-to-date: /home/user/simulation_ws/install/tortoisebot_slam/share/tortoisebot_slam/config/2d_localization.lua
[0.890s] -- Up-to-date: /home/user/simulation_ws/install/tortoisebot_slam/share/tortoisebot_slam/config/2d_slam.lua
[0.891s] -- Up-to-date: /home/user/simulation_ws/install/tortoisebot_slam/share/ament_index/resource_index/package_run_dependencies/tortoisebot_slam
[0.891s] -- Up-to-date: /home/user/simulation_ws/install/tortoisebot_slam/share/ament_index/resource_index/parent_prefix_path/tortoisebot_slam
[0.892s] -- Up-to-date: /home/user/simulation_ws/install/tortoisebot_slam/share/tortoisebot_slam/environment/ament_prefix_path.sh
[0.895s] -- Up-to-date: /home/user/simulation_ws/install/tortoisebot_slam/share/tortoisebot_slam/environment/ament_prefix_path.dsv
[0.895s] -- Up-to-date: /home/user/simulation_ws/install/tortoisebot_slam/share/tortoisebot_slam/environment/path.sh
[0.895s] -- Up-to-date: /home/user/simulation_ws/install/tortoisebot_slam/share/tortoisebot_slam/environment/path.dsv
[0.895s] -- Up-to-date: /home/user/simulation_ws/install/tortoisebot_slam/share/tortoisebot_slam/local_setup.bash
[0.896s] -- Up-to-date: /home/user/simulation_ws/install/tortoisebot_slam/share/tortoisebot_slam/local_setup.sh
[0.896s] -- Up-to-date: /home/user/simulation_ws/install/tortoisebot_slam/share/tortoisebot_slam/local_setup.zsh
[0.901s] -- Up-to-date: /home/user/simulation_ws/install/tortoisebot_slam/share/tortoisebot_slam/local_setup.dsv
[0.902s] -- Installing: /home/user/simulation_ws/install/tortoisebot_slam/share/tortoisebot_slam/package.dsv
[0.902s] -- Up-to-date: /home/user/simulation_ws/install/tortoisebot_slam/share/ament_index/resource_index/packages/tortoisebot_slam
[0.902s] -- Up-to-date: /home/user/simulation_ws/install/tortoisebot_slam/share/tortoisebot_slam/cmake/tortoisebot_slamConfig.cmake
[0.903s] -- Up-to-date: /home/user/simulation_ws/install/tortoisebot_slam/share/tortoisebot_slam/cmake/tortoisebot_slamConfig-version.cmake
[0.903s] -- Up-to-date: /home/user/simulation_ws/install/tortoisebot_slam/share/tortoisebot_slam/package.xml
[0.999s] Invoked command in '/home/user/simulation_ws/build/tortoisebot_slam' returned '0': CMAKE_PREFIX_PATH=${CMAKE_PREFIX_PATH}:/home/user/simulation_ws/install/tortoisebot_localization:/home/user/simulation_ws/install/tortoisebot_control:/home/user/simulation_ws/install/ros2_aruco:/home/simulations/ros2_sims_ws/install/rclrs_tests:/home/simulations/ros2_sims_ws/install/examples_rclrs_minimal_client_service:/home/simulations/ros2_sims_ws/install/sensor_msgs_py:/home/simulations/ros2_sims_ws/install/examples_rclrs_minimal_pub_sub:/home/simulations/ros2_sims_ws/install/examples_rclrs_message_demo:/home/simulations/ros2_sims_ws/install/rclrs:/home/simulations/ros2_sims_ws/install/rosidl_runtime_rs:/home/user/ros2_ws/install/opencv_tests:/opt/ros/humble _=/usr/bin/env /usr/bin/cmake --install /home/user/simulation_ws/build/tortoisebot_slam
