[0.572s] Invoking command in '/home/user/simulation_ws/build/tortoisebot_bringup': CMAKE_PREFIX_PATH=${CMAKE_PREFIX_PATH}:/home/user/ros2_ws/install/apriltag_nagivation:/home/user/simulation_ws/install/tortoisebot_localization:/home/user/simulation_ws/install/tortoisebot_control:/home/user/simulation_ws/install/ros2_aruco:/home/simulations/ros2_sims_ws/install/rclrs_tests:/home/simulations/ros2_sims_ws/install/examples_rclrs_minimal_client_service:/home/simulations/ros2_sims_ws/install/sensor_msgs_py:/home/simulations/ros2_sims_ws/install/examples_rclrs_minimal_pub_sub:/home/simulations/ros2_sims_ws/install/examples_rclrs_message_demo:/home/simulations/ros2_sims_ws/install/rclrs:/home/simulations/ros2_sims_ws/install/rosidl_runtime_rs:/home/user/ros2_ws/install/opencv_tests:/opt/ros/humble _=/usr/bin/env /usr/bin/cmake --build /home/user/simulation_ws/build/tortoisebot_bringup -- -j8 -l8
[1.131s] Invoked command in '/home/user/simulation_ws/build/tortoisebot_bringup' returned '0': CMAKE_PREFIX_PATH=${CMAKE_PREFIX_PATH}:/home/user/ros2_ws/install/apriltag_nagivation:/home/user/simulation_ws/install/tortoisebot_localization:/home/user/simulation_ws/install/tortoisebot_control:/home/user/simulation_ws/install/ros2_aruco:/home/simulations/ros2_sims_ws/install/rclrs_tests:/home/simulations/ros2_sims_ws/install/examples_rclrs_minimal_client_service:/home/simulations/ros2_sims_ws/install/sensor_msgs_py:/home/simulations/ros2_sims_ws/install/examples_rclrs_minimal_pub_sub:/home/simulations/ros2_sims_ws/install/examples_rclrs_message_demo:/home/simulations/ros2_sims_ws/install/rclrs:/home/simulations/ros2_sims_ws/install/rosidl_runtime_rs:/home/user/ros2_ws/install/opencv_tests:/opt/ros/humble _=/usr/bin/env /usr/bin/cmake --build /home/user/simulation_ws/build/tortoisebot_bringup -- -j8 -l8
[2.159s] Invoking command in '/home/user/simulation_ws/build/tortoisebot_bringup': CMAKE_PREFIX_PATH=${CMAKE_PREFIX_PATH}:/home/user/ros2_ws/install/apriltag_nagivation:/home/user/simulation_ws/install/tortoisebot_localization:/home/user/simulation_ws/install/tortoisebot_control:/home/user/simulation_ws/install/ros2_aruco:/home/simulations/ros2_sims_ws/install/rclrs_tests:/home/simulations/ros2_sims_ws/install/examples_rclrs_minimal_client_service:/home/simulations/ros2_sims_ws/install/sensor_msgs_py:/home/simulations/ros2_sims_ws/install/examples_rclrs_minimal_pub_sub:/home/simulations/ros2_sims_ws/install/examples_rclrs_message_demo:/home/simulations/ros2_sims_ws/install/rclrs:/home/simulations/ros2_sims_ws/install/rosidl_runtime_rs:/home/user/ros2_ws/install/opencv_tests:/opt/ros/humble _=/usr/bin/env /usr/bin/cmake --install /home/user/simulation_ws/build/tortoisebot_bringup
[2.239s] -- Install configuration: ""
[2.239s] -- Up-to-date: /home/user/simulation_ws/install/tortoisebot_bringup/share/tortoisebot_bringup/launch
[2.240s] -- Up-to-date: /home/user/simulation_ws/install/tortoisebot_bringup/share/tortoisebot_bringup/launch/simulation.launch.py
[2.243s] -- Up-to-date: /home/user/simulation_ws/install/tortoisebot_bringup/share/tortoisebot_bringup/launch/minimal_sim.launch.py
[2.243s] -- Up-to-date: /home/user/simulation_ws/install/tortoisebot_bringup/share/tortoisebot_bringup/launch/autobringup.launch.py
[2.244s] -- Up-to-date: /home/user/simulation_ws/install/tortoisebot_bringup/share/tortoisebot_bringup/launch/bringup.launch.py
[2.244s] -- Up-to-date: /home/user/simulation_ws/install/tortoisebot_bringup/share/tortoisebot_bringup/launch/bringup_mapping.launch.py
[2.245s] -- Up-to-date: /home/user/simulation_ws/install/tortoisebot_bringup/share/tortoisebot_bringup/maps
[2.245s] -- Up-to-date: /home/user/simulation_ws/install/tortoisebot_bringup/share/tortoisebot_bringup/maps/room2.yaml
[2.245s] -- Up-to-date: /home/user/simulation_ws/install/tortoisebot_bringup/share/tortoisebot_bringup/maps/room2.pgm
[2.245s] -- Up-to-date: /home/user/simulation_ws/install/tortoisebot_bringup/share/tortoisebot_bringup/maps/tortoisebot_default_world.yaml
[2.245s] -- Up-to-date: /home/user/simulation_ws/install/tortoisebot_bringup/share/tortoisebot_bringup/maps/tortoisebot_default_world.pgm
[2.246s] -- Up-to-date: /home/user/simulation_ws/install/tortoisebot_bringup/share/ament_index/resource_index/package_run_dependencies/tortoisebot_bringup
[2.246s] -- Up-to-date: /home/user/simulation_ws/install/tortoisebot_bringup/share/ament_index/resource_index/parent_prefix_path/tortoisebot_bringup
[2.246s] -- Up-to-date: /home/user/simulation_ws/install/tortoisebot_bringup/share/tortoisebot_bringup/environment/ament_prefix_path.sh
[2.247s] -- Up-to-date: /home/user/simulation_ws/install/tortoisebot_bringup/share/tortoisebot_bringup/environment/ament_prefix_path.dsv
[2.248s] -- Up-to-date: /home/user/simulation_ws/install/tortoisebot_bringup/share/tortoisebot_bringup/environment/path.sh
[2.248s] -- Up-to-date: /home/user/simulation_ws/install/tortoisebot_bringup/share/tortoisebot_bringup/environment/path.dsv
[2.248s] -- Up-to-date: /home/user/simulation_ws/install/tortoisebot_bringup/share/tortoisebot_bringup/local_setup.bash
[2.249s] -- Up-to-date: /home/user/simulation_ws/install/tortoisebot_bringup/share/tortoisebot_bringup/local_setup.sh
[2.249s] -- Up-to-date: /home/user/simulation_ws/install/tortoisebot_bringup/share/tortoisebot_bringup/local_setup.zsh
[2.249s] -- Up-to-date: /home/user/simulation_ws/install/tortoisebot_bringup/share/tortoisebot_bringup/local_setup.dsv
[2.249s] -- Installing: /home/user/simulation_ws/install/tortoisebot_bringup/share/tortoisebot_bringup/package.dsv
[2.250s] -- Up-to-date: /home/user/simulation_ws/install/tortoisebot_bringup/share/ament_index/resource_index/packages/tortoisebot_bringup
[2.250s] -- Up-to-date: /home/user/simulation_ws/install/tortoisebot_bringup/share/tortoisebot_bringup/cmake/tortoisebot_bringupConfig.cmake
[2.250s] -- Up-to-date: /home/user/simulation_ws/install/tortoisebot_bringup/share/tortoisebot_bringup/cmake/tortoisebot_bringupConfig-version.cmake
[2.251s] -- Up-to-date: /home/user/simulation_ws/install/tortoisebot_bringup/share/tortoisebot_bringup/package.xml
[2.257s] Invoked command in '/home/user/simulation_ws/build/tortoisebot_bringup' returned '0': CMAKE_PREFIX_PATH=${CMAKE_PREFIX_PATH}:/home/user/ros2_ws/install/apriltag_nagivation:/home/user/simulation_ws/install/tortoisebot_localization:/home/user/simulation_ws/install/tortoisebot_control:/home/user/simulation_ws/install/ros2_aruco:/home/simulations/ros2_sims_ws/install/rclrs_tests:/home/simulations/ros2_sims_ws/install/examples_rclrs_minimal_client_service:/home/simulations/ros2_sims_ws/install/sensor_msgs_py:/home/simulations/ros2_sims_ws/install/examples_rclrs_minimal_pub_sub:/home/simulations/ros2_sims_ws/install/examples_rclrs_message_demo:/home/simulations/ros2_sims_ws/install/rclrs:/home/simulations/ros2_sims_ws/install/rosidl_runtime_rs:/home/user/ros2_ws/install/opencv_tests:/opt/ros/humble _=/usr/bin/env /usr/bin/cmake --install /home/user/simulation_ws/build/tortoisebot_bringup
