[0.867s] Invoking command in '/home/user/simulation_ws/build/ros2_aruco_interfaces': CMAKE_PREFIX_PATH=${CMAKE_PREFIX_PATH}:/home/user/simulation_ws/install/tortoisebot_localization:/home/user/simulation_ws/install/tortoisebot_control:/home/user/simulation_ws/install/ros2_aruco:/home/simulations/ros2_sims_ws/install/rclrs_tests:/home/simulations/ros2_sims_ws/install/examples_rclrs_minimal_client_service:/home/simulations/ros2_sims_ws/install/sensor_msgs_py:/home/simulations/ros2_sims_ws/install/examples_rclrs_minimal_pub_sub:/home/simulations/ros2_sims_ws/install/examples_rclrs_message_demo:/home/simulations/ros2_sims_ws/install/rclrs:/home/simulations/ros2_sims_ws/install/rosidl_runtime_rs:/opt/ros/humble _=/usr/bin/env /usr/bin/cmake /home/user/simulation_ws/src/tortoisebot/ros2_aruco/ros2_aruco_interfaces -DCMAKE_INSTALL_PREFIX=/home/user/simulation_ws/install/ros2_aruco_interfaces
[1.555s] -- The C compiler identification is GNU 11.3.0
[1.555s] -- The CXX compiler identification is GNU 11.3.0
[1.555s] -- Detecting C compiler ABI info
[1.803s] -- Detecting C compiler ABI info - done
[1.839s] -- Check for working C compiler: /usr/bin/cc - skipped
[1.839s] -- Detecting C compile features
[1.840s] -- Detecting C compile features - done
[1.846s] -- Detecting CXX compiler ABI info
[2.361s] -- Detecting CXX compiler ABI info - done
[2.399s] -- Check for working CXX compiler: /usr/bin/c++ - skipped
[2.399s] -- Detecting CXX compile features
[2.401s] -- Detecting CXX compile features - done
[2.439s] -- Found ament_cmake: 1.3.4 (/opt/ros/humble/share/ament_cmake/cmake)
[4.063s] -- Found Python3: /usr/bin/python3.10 (found version "3.10.6") found components: Interpreter 
[5.306s] -- Found geometry_msgs: 4.2.3 (/home/simulations/ros2_sims_ws/install/geometry_msgs/share/geometry_msgs/cmake)
[6.103s] -- Found rosidl_generator_c: 3.1.4 (/opt/ros/humble/share/rosidl_generator_c/cmake)
[6.193s] -- Found rosidl_adapter: 3.1.4 (/opt/ros/humble/share/rosidl_adapter/cmake)
[6.303s] -- Found rosidl_generator_cpp: 3.1.4 (/opt/ros/humble/share/rosidl_generator_cpp/cmake)
[6.600s] -- Using all available rosidl_typesupport_c: rosidl_typesupport_fastrtps_c;rosidl_typesupport_introspection_c
[6.948s] -- Using all available rosidl_typesupport_cpp: rosidl_typesupport_fastrtps_cpp;rosidl_typesupport_introspection_cpp
[8.215s] -- Found rosidl_default_generators: 1.2.0 (/home/simulations/ros2_sims_ws/install/rosidl_default_generators/share/rosidl_default_generators/cmake)
[10.321s] -- Found ament_cmake_ros: 0.10.0 (/opt/ros/humble/share/ament_cmake_ros/cmake)
[12.810s] -- Using all available rosidl_typesupport_c: rosidl_typesupport_fastrtps_c;rosidl_typesupport_introspection_c
[13.824s] -- Using all available rosidl_typesupport_cpp: rosidl_typesupport_fastrtps_cpp;rosidl_typesupport_introspection_cpp
[13.902s] -- Found rmw_implementation_cmake: 6.1.1 (/opt/ros/humble/share/rmw_implementation_cmake/cmake)
[15.000s] -- Found OpenSSL: /usr/lib/x86_64-linux-gnu/libcrypto.so (found version "3.0.2")  
[15.131s] -- Found FastRTPS: /opt/ros/humble/include  
[15.637s] -- Found PythonInterp: /usr/bin/python3 (found suitable version "3.10.6", minimum required is "3.6") 
[15.659s] -- Found python_cmake_module: 0.10.0 (/opt/ros/humble/share/python_cmake_module/cmake)
[15.828s] -- Found PythonLibs: /usr/lib/x86_64-linux-gnu/libpython3.10.so (found suitable version "3.10.6", minimum required is "3.5") 
[15.829s] -- Using PYTHON_EXECUTABLE: /usr/bin/python3
[15.829s] -- Using PYTHON_INCLUDE_DIRS: /usr/include/python3.10
[15.829s] -- Using PYTHON_LIBRARIES: /usr/lib/x86_64-linux-gnu/libpython3.10.so
[15.900s] -- Found PythonExtra: .so  
[16.302s] -- Found ament_lint_auto: 0.12.6 (/opt/ros/humble/share/ament_lint_auto/cmake)
[16.532s] -- Added test 'copyright' to check source files copyright and LICENSE
[16.533s] -- Added test 'lint_cmake' to check CMake code style
[16.536s] -- Added test 'xmllint' to check XML markup files
[16.545s] -- Configuring done
[16.624s] -- Generating done
[16.635s] -- Build files have been written to: /home/user/simulation_ws/build/ros2_aruco_interfaces
[16.651s] Invoked command in '/home/user/simulation_ws/build/ros2_aruco_interfaces' returned '0': CMAKE_PREFIX_PATH=${CMAKE_PREFIX_PATH}:/home/user/simulation_ws/install/tortoisebot_localization:/home/user/simulation_ws/install/tortoisebot_control:/home/user/simulation_ws/install/ros2_aruco:/home/simulations/ros2_sims_ws/install/rclrs_tests:/home/simulations/ros2_sims_ws/install/examples_rclrs_minimal_client_service:/home/simulations/ros2_sims_ws/install/sensor_msgs_py:/home/simulations/ros2_sims_ws/install/examples_rclrs_minimal_pub_sub:/home/simulations/ros2_sims_ws/install/examples_rclrs_message_demo:/home/simulations/ros2_sims_ws/install/rclrs:/home/simulations/ros2_sims_ws/install/rosidl_runtime_rs:/opt/ros/humble _=/usr/bin/env /usr/bin/cmake /home/user/simulation_ws/src/tortoisebot/ros2_aruco/ros2_aruco_interfaces -DCMAKE_INSTALL_PREFIX=/home/user/simulation_ws/install/ros2_aruco_interfaces
[16.653s] Invoking command in '/home/user/simulation_ws/build/ros2_aruco_interfaces': CMAKE_PREFIX_PATH=${CMAKE_PREFIX_PATH}:/home/user/simulation_ws/install/tortoisebot_localization:/home/user/simulation_ws/install/tortoisebot_control:/home/user/simulation_ws/install/ros2_aruco:/home/simulations/ros2_sims_ws/install/rclrs_tests:/home/simulations/ros2_sims_ws/install/examples_rclrs_minimal_client_service:/home/simulations/ros2_sims_ws/install/sensor_msgs_py:/home/simulations/ros2_sims_ws/install/examples_rclrs_minimal_pub_sub:/home/simulations/ros2_sims_ws/install/examples_rclrs_message_demo:/home/simulations/ros2_sims_ws/install/rclrs:/home/simulations/ros2_sims_ws/install/rosidl_runtime_rs:/opt/ros/humble _=/usr/bin/env /usr/bin/cmake --build /home/user/simulation_ws/build/ros2_aruco_interfaces -- -j8 -l8
[16.822s] [  3%] [34m[1mGenerating Rust code for ROS interfaces[0m
[17.390s] [  3%] Built target ros2_aruco_interfaces__rs
[17.461s] [  3%] Built target ament_cmake_python_copy_ros2_aruco_interfaces
[17.506s] [  6%] [34m[1mGenerating C++ code for ROS interfaces[0m
[18.000s] [  6%] Built target ros2_aruco_interfaces__cpp
[18.459s] running egg_info
[18.460s] creating ros2_aruco_interfaces.egg-info
[18.460s] writing ros2_aruco_interfaces.egg-info/PKG-INFO
[18.461s] writing dependency_links to ros2_aruco_interfaces.egg-info/dependency_links.txt
[18.461s] writing top-level names to ros2_aruco_interfaces.egg-info/top_level.txt
[18.462s] writing manifest file 'ros2_aruco_interfaces.egg-info/SOURCES.txt'
[18.464s] reading manifest file 'ros2_aruco_interfaces.egg-info/SOURCES.txt'
[18.464s] writing manifest file 'ros2_aruco_interfaces.egg-info/SOURCES.txt'
[18.506s] [  6%] Built target ament_cmake_python_build_ros2_aruco_interfaces_egg
[18.538s] [  9%] [34m[1mGenerating C++ type support dispatch for ROS interfaces[0m
[18.966s] [ 12%] [32mBuilding CXX object CMakeFiles/ros2_aruco_interfaces__rosidl_typesupport_cpp.dir/rosidl_typesupport_cpp/ros2_aruco_interfaces/msg/aruco_markers__type_support.cpp.o[0m
[19.432s] [ 15%] [32m[1mLinking CXX shared library libros2_aruco_interfaces__rosidl_typesupport_cpp.so[0m
[19.496s] [ 15%] Built target ros2_aruco_interfaces__rosidl_typesupport_cpp
[19.524s] [ 18%] [34m[1mGenerating C++ introspection for ROS interfaces[0m
[19.935s] [ 21%] [32mBuilding CXX object CMakeFiles/ros2_aruco_interfaces__rosidl_typesupport_introspection_cpp.dir/rosidl_typesupport_introspection_cpp/ros2_aruco_interfaces/msg/detail/aruco_markers__type_support.cpp.o[0m
[20.592s] [ 25%] [32m[1mLinking CXX shared library libros2_aruco_interfaces__rosidl_typesupport_introspection_cpp.so[0m
[20.703s] [ 25%] Built target ros2_aruco_interfaces__rosidl_typesupport_introspection_cpp
[20.735s] [ 28%] [34m[1mGenerating C++ type support for eProsima Fast-RTPS[0m
[21.117s] [ 31%] [32mBuilding CXX object CMakeFiles/ros2_aruco_interfaces__rosidl_typesupport_fastrtps_cpp.dir/rosidl_typesupport_fastrtps_cpp/ros2_aruco_interfaces/msg/detail/dds_fastrtps/aruco_markers__type_support.cpp.o[0m
[21.751s] [ 34%] [32m[1mLinking CXX shared library libros2_aruco_interfaces__rosidl_typesupport_fastrtps_cpp.so[0m
[21.853s] [ 34%] Built target ros2_aruco_interfaces__rosidl_typesupport_fastrtps_cpp
[21.870s] [ 37%] [34m[1mGenerating C code for ROS interfaces[0m
[22.323s] [ 40%] [32mBuilding C object CMakeFiles/ros2_aruco_interfaces__rosidl_generator_c.dir/rosidl_generator_c/ros2_aruco_interfaces/msg/detail/aruco_markers__functions.c.o[0m
[22.416s] [ 43%] [32m[1mLinking C shared library libros2_aruco_interfaces__rosidl_generator_c.so[0m
[22.483s] [ 43%] Built target ros2_aruco_interfaces__rosidl_generator_c
[22.505s] [ 46%] [34m[1mGenerating C type support for eProsima Fast-RTPS[0m
[22.962s] [ 50%] [32mBuilding CXX object CMakeFiles/ros2_aruco_interfaces__rosidl_typesupport_fastrtps_c.dir/rosidl_typesupport_fastrtps_c/ros2_aruco_interfaces/msg/detail/aruco_markers__type_support_c.cpp.o[0m
[23.458s] [ 53%] [32m[1mLinking CXX shared library libros2_aruco_interfaces__rosidl_typesupport_fastrtps_c.so[0m
[23.568s] [ 53%] Built target ros2_aruco_interfaces__rosidl_typesupport_fastrtps_c
[23.586s] [ 56%] [34m[1mGenerating C type support dispatch for ROS interfaces[0m
[23.970s] [ 59%] [32mBuilding CXX object CMakeFiles/ros2_aruco_interfaces__rosidl_typesupport_c.dir/rosidl_typesupport_c/ros2_aruco_interfaces/msg/aruco_markers__type_support.cpp.o[0m
[24.025s] [ 62%] [32m[1mLinking CXX shared library libros2_aruco_interfaces__rosidl_typesupport_c.so[0m
[24.098s] [ 62%] Built target ros2_aruco_interfaces__rosidl_typesupport_c
[24.122s] [ 65%] [34m[1mGenerating C introspection for ROS interfaces[0m
[24.495s] [ 68%] [32mBuilding C object CMakeFiles/ros2_aruco_interfaces__rosidl_typesupport_introspection_c.dir/rosidl_typesupport_introspection_c/ros2_aruco_interfaces/msg/detail/aruco_markers__type_support.c.o[0m
[24.566s] [ 71%] [32m[1mLinking C shared library libros2_aruco_interfaces__rosidl_typesupport_introspection_c.so[0m
[24.629s] [ 71%] Built target ros2_aruco_interfaces__rosidl_typesupport_introspection_c
[24.670s] [ 71%] Built target ros2_aruco_interfaces
[24.715s] [ 75%] [34m[1mGenerating Python code for ROS interfaces[0m
[25.235s] [ 75%] Built target ros2_aruco_interfaces__py
[25.270s] [ 78%] [32mBuilding C object CMakeFiles/ros2_aruco_interfaces__rosidl_generator_py.dir/rosidl_generator_py/ros2_aruco_interfaces/msg/_aruco_markers_s.c.o[0m
[25.449s] [ 81%] [32m[1mLinking C shared library rosidl_generator_py/ros2_aruco_interfaces/libros2_aruco_interfaces__rosidl_generator_py.so[0m
[25.514s] [ 81%] Built target ros2_aruco_interfaces__rosidl_generator_py
[25.558s] [ 84%] [32mBuilding C object CMakeFiles/ros2_aruco_interfaces__rosidl_typesupport_fastrtps_c__pyext.dir/rosidl_generator_py/ros2_aruco_interfaces/_ros2_aruco_interfaces_s.ep.rosidl_typesupport_fastrtps_c.c.o[0m
[25.716s] [ 87%] [32m[1mLinking C shared library rosidl_generator_py/ros2_aruco_interfaces/ros2_aruco_interfaces_s__rosidl_typesupport_fastrtps_c.cpython-310-x86_64-linux-gnu.so[0m
[25.780s] [ 87%] Built target ros2_aruco_interfaces__rosidl_typesupport_fastrtps_c__pyext
[25.834s] [ 90%] [32mBuilding C object CMakeFiles/ros2_aruco_interfaces__rosidl_typesupport_c__pyext.dir/rosidl_generator_py/ros2_aruco_interfaces/_ros2_aruco_interfaces_s.ep.rosidl_typesupport_c.c.o[0m
[26.028s] [ 93%] [32m[1mLinking C shared library rosidl_generator_py/ros2_aruco_interfaces/ros2_aruco_interfaces_s__rosidl_typesupport_c.cpython-310-x86_64-linux-gnu.so[0m
[26.097s] [ 93%] Built target ros2_aruco_interfaces__rosidl_typesupport_c__pyext
[26.146s] [ 96%] [32mBuilding C object CMakeFiles/ros2_aruco_interfaces__rosidl_typesupport_introspection_c__pyext.dir/rosidl_generator_py/ros2_aruco_interfaces/_ros2_aruco_interfaces_s.ep.rosidl_typesupport_introspection_c.c.o[0m
[26.291s] [100%] [32m[1mLinking C shared library rosidl_generator_py/ros2_aruco_interfaces/ros2_aruco_interfaces_s__rosidl_typesupport_introspection_c.cpython-310-x86_64-linux-gnu.so[0m
[26.368s] [100%] Built target ros2_aruco_interfaces__rosidl_typesupport_introspection_c__pyext
