[0.225s] Invoking command in '/home/user/simulation_ws/build/ydlidar_ros2_driver': CMAKE_PREFIX_PATH=${CMAKE_PREFIX_PATH}:/home/user/simulation_ws/install/tortoisebot_localization:/home/user/simulation_ws/install/tortoisebot_control:/home/user/simulation_ws/install/ros2_aruco:/home/simulations/ros2_sims_ws/install/rclrs_tests:/home/simulations/ros2_sims_ws/install/examples_rclrs_minimal_client_service:/home/simulations/ros2_sims_ws/install/sensor_msgs_py:/home/simulations/ros2_sims_ws/install/examples_rclrs_minimal_pub_sub:/home/simulations/ros2_sims_ws/install/examples_rclrs_message_demo:/home/simulations/ros2_sims_ws/install/rclrs:/home/simulations/ros2_sims_ws/install/rosidl_runtime_rs:/home/user/ros2_ws/install/opencv_tests:/opt/ros/humble _=/usr/bin/env /usr/bin/cmake --build /home/user/simulation_ws/build/ydlidar_ros2_driver -- -j8 -l8
[0.517s] -- Found ament_cmake: 1.3.4 (/opt/ros/humble/share/ament_cmake/cmake)
[1.314s] -- Found rclcpp: 16.0.4 (/opt/ros/humble/share/rclcpp/cmake)
[1.491s] -- Found rosidl_generator_c: 3.1.4 (/opt/ros/humble/share/rosidl_generator_c/cmake)
[1.494s] -- Found rosidl_adapter: 3.1.4 (/opt/ros/humble/share/rosidl_adapter/cmake)
[1.505s] -- Found rosidl_generator_cpp: 3.1.4 (/opt/ros/humble/share/rosidl_generator_cpp/cmake)
[1.526s] -- Using all available rosidl_typesupport_c: rosidl_typesupport_fastrtps_c;rosidl_typesupport_introspection_c
[1.609s] -- Using all available rosidl_typesupport_cpp: rosidl_typesupport_fastrtps_cpp;rosidl_typesupport_introspection_cpp
[1.830s] -- Found rmw_implementation_cmake: 6.1.1 (/opt/ros/humble/share/rmw_implementation_cmake/cmake)
[1.888s] -- Found rmw_fastrtps_cpp: 6.2.2 (/opt/ros/humble/share/rmw_fastrtps_cpp/cmake)
[2.244s] -- Using RMW implementation 'rmw_fastrtps_cpp' as default
[2.492s] -- Found sensor_msgs: 4.2.3 (/home/simulations/ros2_sims_ws/install/sensor_msgs/share/sensor_msgs/cmake)
[2.662s] -- Found visualization_msgs: 4.2.3 (/home/simulations/ros2_sims_ws/install/visualization_msgs/share/visualization_msgs/cmake)
[2.831s] -- Found std_srvs: 4.2.3 (/home/simulations/ros2_sims_ws/install/std_srvs/share/std_srvs/cmake)
[2.883s] -- Found ament_lint_auto: 0.12.6 (/opt/ros/humble/share/ament_lint_auto/cmake)
[3.036s] -- Added test 'copyright' to check source files copyright and LICENSE
[3.039s] -- Added test 'cppcheck' to perform static code analysis on C / C++ code
[3.039s] -- Configured cppcheck include dirs: /home/user/simulation_ws/src/tortoisebot/ydlidar_ros2_driver/src
[3.039s] -- Configured cppcheck exclude dirs and/or files: 
[3.042s] -- Added test 'cpplint' to check C / C++ code against the Google style
[3.042s] -- Configured cpplint exclude dirs and/or files: 
[3.044s] -- Added test 'flake8' to check Python code syntax and style conventions
[3.046s] -- Added test 'lint_cmake' to check CMake code style
[3.047s] -- Added test 'pep257' to check Python code against some of the docstring style conventions in PEP 257
[3.049s] -- Added test 'uncrustify' to check C / C++ code style
[3.049s] -- Configured uncrustify additional arguments: 
[3.052s] -- Added test 'xmllint' to check XML markup files
[3.054s] -- Configuring done
[3.084s] -- Generating done
[3.087s] -- Build files have been written to: /home/user/simulation_ws/build/ydlidar_ros2_driver
[3.133s] [35m[1mConsolidate compiler generated dependencies of target ydlidar_ros2_driver_client[0m
[3.133s] [35m[1mConsolidate compiler generated dependencies of target ydlidar_ros2_driver_node[0m
[3.205s] [ 50%] Built target ydlidar_ros2_driver_client
[3.215s] [100%] Built target ydlidar_ros2_driver_node
[3.229s] Invoked command in '/home/user/simulation_ws/build/ydlidar_ros2_driver' returned '0': CMAKE_PREFIX_PATH=${CMAKE_PREFIX_PATH}:/home/user/simulation_ws/install/tortoisebot_localization:/home/user/simulation_ws/install/tortoisebot_control:/home/user/simulation_ws/install/ros2_aruco:/home/simulations/ros2_sims_ws/install/rclrs_tests:/home/simulations/ros2_sims_ws/install/examples_rclrs_minimal_client_service:/home/simulations/ros2_sims_ws/install/sensor_msgs_py:/home/simulations/ros2_sims_ws/install/examples_rclrs_minimal_pub_sub:/home/simulations/ros2_sims_ws/install/examples_rclrs_message_demo:/home/simulations/ros2_sims_ws/install/rclrs:/home/simulations/ros2_sims_ws/install/rosidl_runtime_rs:/home/user/ros2_ws/install/opencv_tests:/opt/ros/humble _=/usr/bin/env /usr/bin/cmake --build /home/user/simulation_ws/build/ydlidar_ros2_driver -- -j8 -l8
[3.299s] Invoking command in '/home/user/simulation_ws/build/ydlidar_ros2_driver': CMAKE_PREFIX_PATH=${CMAKE_PREFIX_PATH}:/home/user/simulation_ws/install/tortoisebot_localization:/home/user/simulation_ws/install/tortoisebot_control:/home/user/simulation_ws/install/ros2_aruco:/home/simulations/ros2_sims_ws/install/rclrs_tests:/home/simulations/ros2_sims_ws/install/examples_rclrs_minimal_client_service:/home/simulations/ros2_sims_ws/install/sensor_msgs_py:/home/simulations/ros2_sims_ws/install/examples_rclrs_minimal_pub_sub:/home/simulations/ros2_sims_ws/install/examples_rclrs_message_demo:/home/simulations/ros2_sims_ws/install/rclrs:/home/simulations/ros2_sims_ws/install/rosidl_runtime_rs:/home/user/ros2_ws/install/opencv_tests:/opt/ros/humble _=/usr/bin/env /usr/bin/cmake --install /home/user/simulation_ws/build/ydlidar_ros2_driver
[3.315s] -- Install configuration: ""
[3.315s] -- Up-to-date: /home/user/simulation_ws/install/ydlidar_ros2_driver/lib/ydlidar_ros2_driver/ydlidar_ros2_driver_node
[3.315s] -- Up-to-date: /home/user/simulation_ws/install/ydlidar_ros2_driver/lib/ydlidar_ros2_driver/ydlidar_ros2_driver_client
[3.315s] -- Up-to-date: /home/user/simulation_ws/install/ydlidar_ros2_driver/share/ydlidar_ros2_driver/launch
[3.315s] -- Up-to-date: /home/user/simulation_ws/install/ydlidar_ros2_driver/share/ydlidar_ros2_driver/launch/ydlidar_launch_view.py
[3.315s] -- Up-to-date: /home/user/simulation_ws/install/ydlidar_ros2_driver/share/ydlidar_ros2_driver/launch/ydlidar.py
[3.316s] -- Up-to-date: /home/user/simulation_ws/install/ydlidar_ros2_driver/share/ydlidar_ros2_driver/launch/ydlidar_launch.py
[3.316s] -- Up-to-date: /home/user/simulation_ws/install/ydlidar_ros2_driver/share/ydlidar_ros2_driver/params
[3.316s] -- Up-to-date: /home/user/simulation_ws/install/ydlidar_ros2_driver/share/ydlidar_ros2_driver/params/ydlidar.yaml
[3.316s] -- Up-to-date: /home/user/simulation_ws/install/ydlidar_ros2_driver/share/ydlidar_ros2_driver/startup
[3.316s] -- Up-to-date: /home/user/simulation_ws/install/ydlidar_ros2_driver/share/ydlidar_ros2_driver/startup/initenv.sh
[3.316s] -- Up-to-date: /home/user/simulation_ws/install/ydlidar_ros2_driver/share/ydlidar_ros2_driver/config
[3.316s] -- Up-to-date: /home/user/simulation_ws/install/ydlidar_ros2_driver/share/ydlidar_ros2_driver/config/ydlidar.rviz
[3.316s] -- Up-to-date: /home/user/simulation_ws/install/ydlidar_ros2_driver/share/ament_index/resource_index/package_run_dependencies/ydlidar_ros2_driver
[3.316s] -- Installing: /home/user/simulation_ws/install/ydlidar_ros2_driver/share/ament_index/resource_index/parent_prefix_path/ydlidar_ros2_driver
[3.316s] -- Up-to-date: /home/user/simulation_ws/install/ydlidar_ros2_driver/share/ydlidar_ros2_driver/environment/ament_prefix_path.sh
[3.317s] -- Installing: /home/user/simulation_ws/install/ydlidar_ros2_driver/share/ydlidar_ros2_driver/environment/ament_prefix_path.dsv
[3.317s] -- Up-to-date: /home/user/simulation_ws/install/ydlidar_ros2_driver/share/ydlidar_ros2_driver/environment/path.sh
[3.317s] -- Installing: /home/user/simulation_ws/install/ydlidar_ros2_driver/share/ydlidar_ros2_driver/environment/path.dsv
[3.317s] -- Up-to-date: /home/user/simulation_ws/install/ydlidar_ros2_driver/share/ydlidar_ros2_driver/local_setup.bash
[3.317s] -- Up-to-date: /home/user/simulation_ws/install/ydlidar_ros2_driver/share/ydlidar_ros2_driver/local_setup.sh
[3.317s] -- Up-to-date: /home/user/simulation_ws/install/ydlidar_ros2_driver/share/ydlidar_ros2_driver/local_setup.zsh
[3.317s] -- Installing: /home/user/simulation_ws/install/ydlidar_ros2_driver/share/ydlidar_ros2_driver/local_setup.dsv
[3.317s] -- Installing: /home/user/simulation_ws/install/ydlidar_ros2_driver/share/ydlidar_ros2_driver/package.dsv
[3.317s] -- Up-to-date: /home/user/simulation_ws/install/ydlidar_ros2_driver/share/ament_index/resource_index/packages/ydlidar_ros2_driver
[3.317s] -- Up-to-date: /home/user/simulation_ws/install/ydlidar_ros2_driver/share/ydlidar_ros2_driver/cmake/ydlidar_ros2_driverConfig.cmake
[3.317s] -- Up-to-date: /home/user/simulation_ws/install/ydlidar_ros2_driver/share/ydlidar_ros2_driver/cmake/ydlidar_ros2_driverConfig-version.cmake
[3.317s] -- Up-to-date: /home/user/simulation_ws/install/ydlidar_ros2_driver/share/ydlidar_ros2_driver/package.xml
[3.319s] Invoked command in '/home/user/simulation_ws/build/ydlidar_ros2_driver' returned '0': CMAKE_PREFIX_PATH=${CMAKE_PREFIX_PATH}:/home/user/simulation_ws/install/tortoisebot_localization:/home/user/simulation_ws/install/tortoisebot_control:/home/user/simulation_ws/install/ros2_aruco:/home/simulations/ros2_sims_ws/install/rclrs_tests:/home/simulations/ros2_sims_ws/install/examples_rclrs_minimal_client_service:/home/simulations/ros2_sims_ws/install/sensor_msgs_py:/home/simulations/ros2_sims_ws/install/examples_rclrs_minimal_pub_sub:/home/simulations/ros2_sims_ws/install/examples_rclrs_message_demo:/home/simulations/ros2_sims_ws/install/rclrs:/home/simulations/ros2_sims_ws/install/rosidl_runtime_rs:/home/user/ros2_ws/install/opencv_tests:/opt/ros/humble _=/usr/bin/env /usr/bin/cmake --install /home/user/simulation_ws/build/ydlidar_ros2_driver
