[4.636s] Invoking command in '/home/user/simulation_ws/src/tortoisebot/ros2_aruco/ros2_aruco': PYTHONPATH=/home/user/simulation_ws/build/ros2_aruco/prefix_override:/home/user/simulation_ws/install/ros2_aruco/lib/python3.10/site-packages:${PYTHONPATH} _=/usr/bin/env /usr/bin/python3 setup.py egg_info --egg-base ../../../../build/ros2_aruco build --build-base /home/user/simulation_ws/build/ros2_aruco/build install --record /home/user/simulation_ws/build/ros2_aruco/install.log --single-version-externally-managed
[6.474s] running egg_info
[6.475s] writing ../../../../build/ros2_aruco/ros2_aruco.egg-info/PKG-INFO
[6.475s] writing dependency_links to ../../../../build/ros2_aruco/ros2_aruco.egg-info/dependency_links.txt
[6.475s] writing entry points to ../../../../build/ros2_aruco/ros2_aruco.egg-info/entry_points.txt
[6.476s] writing requirements to ../../../../build/ros2_aruco/ros2_aruco.egg-info/requires.txt
[6.476s] writing top-level names to ../../../../build/ros2_aruco/ros2_aruco.egg-info/top_level.txt
[6.476s] reading manifest file '../../../../build/ros2_aruco/ros2_aruco.egg-info/SOURCES.txt'
[6.479s] writing manifest file '../../../../build/ros2_aruco/ros2_aruco.egg-info/SOURCES.txt'
[6.479s] running build
[6.479s] running build_py
[6.479s] running install
[6.480s] /usr/lib/python3/dist-packages/setuptools/command/install.py:34: SetuptoolsDeprecationWarning: setup.py install is deprecated. Use build and pip and other standards-based tools.
[6.480s]   warnings.warn(
[6.480s] running install_lib
[6.480s] running install_data
[6.480s] running install_egg_info
[6.480s] removing '/home/user/simulation_ws/install/ros2_aruco/lib/python3.10/site-packages/ros2_aruco-0.1.0-py3.10.egg-info' (and everything under it)
[6.480s] Copying ../../../../build/ros2_aruco/ros2_aruco.egg-info to /home/user/simulation_ws/install/ros2_aruco/lib/python3.10/site-packages/ros2_aruco-0.1.0-py3.10.egg-info
[6.480s] running install_scripts
[6.635s] Installing aruco_generate_marker script to /home/user/simulation_ws/install/ros2_aruco/lib/ros2_aruco
[6.640s] Installing aruco_node script to /home/user/simulation_ws/install/ros2_aruco/lib/ros2_aruco
[6.645s] writing list of installed files to '/home/user/simulation_ws/build/ros2_aruco/install.log'
[6.744s] Invoked command in '/home/user/simulation_ws/src/tortoisebot/ros2_aruco/ros2_aruco' returned '0': PYTHONPATH=/home/user/simulation_ws/build/ros2_aruco/prefix_override:/home/user/simulation_ws/install/ros2_aruco/lib/python3.10/site-packages:${PYTHONPATH} _=/usr/bin/env /usr/bin/python3 setup.py egg_info --egg-base ../../../../build/ros2_aruco build --build-base /home/user/simulation_ws/build/ros2_aruco/build install --record /home/user/simulation_ws/build/ros2_aruco/install.log --single-version-externally-managed
