[0.206s] Invoking command in '/home/user/ros2_ws/build/dynamixel_sdk': CMAKE_PREFIX_PATH=${CMAKE_PREFIX_PATH}:/home/user/ros2_ws/install/turtlebot3_teleop:/home/user/ros2_ws/install/turtlebot3_example:/home/simulations/ros2_sims_ws/install/rclrs_tests:/home/simulations/ros2_sims_ws/install/examples_rclrs_minimal_client_service:/home/simulations/ros2_sims_ws/install/sensor_msgs_py:/home/simulations/ros2_sims_ws/install/examples_rclrs_minimal_pub_sub:/home/simulations/ros2_sims_ws/install/examples_rclrs_message_demo:/home/simulations/ros2_sims_ws/install/rclrs:/home/simulations/ros2_sims_ws/install/rosidl_runtime_rs:/opt/ros/humble _=/usr/bin/env /usr/bin/cmake --build /home/user/ros2_ws/build/dynamixel_sdk -- -j8 -l8
[0.682s] [35m[1mConsolidate compiler generated dependencies of target dynamixel_sdk[0m
[0.762s] [100%] Built target dynamixel_sdk
[1.735s] Invoked command in '/home/user/ros2_ws/build/dynamixel_sdk' returned '0': CMAKE_PREFIX_PATH=${CMAKE_PREFIX_PATH}:/home/user/ros2_ws/install/turtlebot3_teleop:/home/user/ros2_ws/install/turtlebot3_example:/home/simulations/ros2_sims_ws/install/rclrs_tests:/home/simulations/ros2_sims_ws/install/examples_rclrs_minimal_client_service:/home/simulations/ros2_sims_ws/install/sensor_msgs_py:/home/simulations/ros2_sims_ws/install/examples_rclrs_minimal_pub_sub:/home/simulations/ros2_sims_ws/install/examples_rclrs_message_demo:/home/simulations/ros2_sims_ws/install/rclrs:/home/simulations/ros2_sims_ws/install/rosidl_runtime_rs:/opt/ros/humble _=/usr/bin/env /usr/bin/cmake --build /home/user/ros2_ws/build/dynamixel_sdk -- -j8 -l8
[2.657s] Invoking command in '/home/user/ros2_ws/build/dynamixel_sdk': CMAKE_PREFIX_PATH=${CMAKE_PREFIX_PATH}:/home/user/ros2_ws/install/turtlebot3_teleop:/home/user/ros2_ws/install/turtlebot3_example:/home/simulations/ros2_sims_ws/install/rclrs_tests:/home/simulations/ros2_sims_ws/install/examples_rclrs_minimal_client_service:/home/simulations/ros2_sims_ws/install/sensor_msgs_py:/home/simulations/ros2_sims_ws/install/examples_rclrs_minimal_pub_sub:/home/simulations/ros2_sims_ws/install/examples_rclrs_message_demo:/home/simulations/ros2_sims_ws/install/rclrs:/home/simulations/ros2_sims_ws/install/rosidl_runtime_rs:/opt/ros/humble _=/usr/bin/env /usr/bin/cmake --install /home/user/ros2_ws/build/dynamixel_sdk
[2.730s] -- Install configuration: ""
[2.730s] -- Up-to-date: /home/user/ros2_ws/install/dynamixel_sdk/include/
[2.730s] -- Up-to-date: /home/user/ros2_ws/install/dynamixel_sdk/include//dynamixel_sdk
[2.730s] -- Up-to-date: /home/user/ros2_ws/install/dynamixel_sdk/include//dynamixel_sdk/protocol1_packet_handler.h
[2.731s] -- Up-to-date: /home/user/ros2_ws/install/dynamixel_sdk/include//dynamixel_sdk/group_bulk_read.h
[2.731s] -- Up-to-date: /home/user/ros2_ws/install/dynamixel_sdk/include//dynamixel_sdk/group_sync_read.h
[2.731s] -- Up-to-date: /home/user/ros2_ws/install/dynamixel_sdk/include//dynamixel_sdk/port_handler_mac.h
[2.731s] -- Up-to-date: /home/user/ros2_ws/install/dynamixel_sdk/include//dynamixel_sdk/port_handler_arduino.h
[2.731s] -- Up-to-date: /home/user/ros2_ws/install/dynamixel_sdk/include//dynamixel_sdk/dynamixel_sdk.h
[2.731s] -- Up-to-date: /home/user/ros2_ws/install/dynamixel_sdk/include//dynamixel_sdk/packet_handler.h
[2.731s] -- Up-to-date: /home/user/ros2_ws/install/dynamixel_sdk/include//dynamixel_sdk/group_bulk_write.h
[2.731s] -- Up-to-date: /home/user/ros2_ws/install/dynamixel_sdk/include//dynamixel_sdk/protocol2_packet_handler.h
[2.731s] -- Up-to-date: /home/user/ros2_ws/install/dynamixel_sdk/include//dynamixel_sdk/port_handler_linux.h
[2.732s] -- Up-to-date: /home/user/ros2_ws/install/dynamixel_sdk/include//dynamixel_sdk/port_handler_windows.h
[2.732s] -- Up-to-date: /home/user/ros2_ws/install/dynamixel_sdk/include//dynamixel_sdk/group_sync_write.h
[2.732s] -- Up-to-date: /home/user/ros2_ws/install/dynamixel_sdk/include//dynamixel_sdk/port_handler.h
[2.739s] -- Up-to-date: /home/user/ros2_ws/install/dynamixel_sdk/lib/libdynamixel_sdk.so
[2.740s] -- Up-to-date: /home/user/ros2_ws/install/dynamixel_sdk/share/dynamixel_sdk/environment/library_path.sh
[2.740s] -- Up-to-date: /home/user/ros2_ws/install/dynamixel_sdk/share/dynamixel_sdk/environment/library_path.dsv
[2.740s] -- Up-to-date: /home/user/ros2_ws/install/dynamixel_sdk/share/ament_index/resource_index/package_run_dependencies/dynamixel_sdk
[2.740s] -- Up-to-date: /home/user/ros2_ws/install/dynamixel_sdk/share/ament_index/resource_index/parent_prefix_path/dynamixel_sdk
[2.740s] -- Up-to-date: /home/user/ros2_ws/install/dynamixel_sdk/share/dynamixel_sdk/environment/ament_prefix_path.sh
[2.740s] -- Up-to-date: /home/user/ros2_ws/install/dynamixel_sdk/share/dynamixel_sdk/environment/ament_prefix_path.dsv
[2.740s] -- Up-to-date: /home/user/ros2_ws/install/dynamixel_sdk/share/dynamixel_sdk/environment/path.sh
[2.740s] -- Up-to-date: /home/user/ros2_ws/install/dynamixel_sdk/share/dynamixel_sdk/environment/path.dsv
[2.741s] -- Up-to-date: /home/user/ros2_ws/install/dynamixel_sdk/share/dynamixel_sdk/local_setup.bash
[2.741s] -- Up-to-date: /home/user/ros2_ws/install/dynamixel_sdk/share/dynamixel_sdk/local_setup.sh
[2.741s] -- Up-to-date: /home/user/ros2_ws/install/dynamixel_sdk/share/dynamixel_sdk/local_setup.zsh
[2.741s] -- Up-to-date: /home/user/ros2_ws/install/dynamixel_sdk/share/dynamixel_sdk/local_setup.dsv
[2.741s] -- Installing: /home/user/ros2_ws/install/dynamixel_sdk/share/dynamixel_sdk/package.dsv
[2.742s] -- Up-to-date: /home/user/ros2_ws/install/dynamixel_sdk/share/ament_index/resource_index/packages/dynamixel_sdk
[2.742s] -- Up-to-date: /home/user/ros2_ws/install/dynamixel_sdk/share/dynamixel_sdk/cmake/ament_cmake_export_include_directories-extras.cmake
[2.743s] -- Up-to-date: /home/user/ros2_ws/install/dynamixel_sdk/share/dynamixel_sdk/cmake/ament_cmake_export_libraries-extras.cmake
[2.743s] -- Up-to-date: /home/user/ros2_ws/install/dynamixel_sdk/share/dynamixel_sdk/cmake/dynamixel_sdkConfig.cmake
[2.743s] -- Up-to-date: /home/user/ros2_ws/install/dynamixel_sdk/share/dynamixel_sdk/cmake/dynamixel_sdkConfig-version.cmake
[2.743s] -- Up-to-date: /home/user/ros2_ws/install/dynamixel_sdk/share/dynamixel_sdk/package.xml
[2.752s] Invoked command in '/home/user/ros2_ws/build/dynamixel_sdk' returned '0': CMAKE_PREFIX_PATH=${CMAKE_PREFIX_PATH}:/home/user/ros2_ws/install/turtlebot3_teleop:/home/user/ros2_ws/install/turtlebot3_example:/home/simulations/ros2_sims_ws/install/rclrs_tests:/home/simulations/ros2_sims_ws/install/examples_rclrs_minimal_client_service:/home/simulations/ros2_sims_ws/install/sensor_msgs_py:/home/simulations/ros2_sims_ws/install/examples_rclrs_minimal_pub_sub:/home/simulations/ros2_sims_ws/install/examples_rclrs_message_demo:/home/simulations/ros2_sims_ws/install/rclrs:/home/simulations/ros2_sims_ws/install/rosidl_runtime_rs:/opt/ros/humble _=/usr/bin/env /usr/bin/cmake --install /home/user/ros2_ws/build/dynamixel_sdk
