[0.197s] Invoking command in '/home/user/ros2_ws/build/turtlebot3_description': CMAKE_PREFIX_PATH=${CMAKE_PREFIX_PATH}:/home/user/ros2_ws/install/turtlebot3_teleop:/home/user/ros2_ws/install/turtlebot3_example:/home/simulations/ros2_sims_ws/install/rclrs_tests:/home/simulations/ros2_sims_ws/install/examples_rclrs_minimal_client_service:/home/simulations/ros2_sims_ws/install/sensor_msgs_py:/home/simulations/ros2_sims_ws/install/examples_rclrs_minimal_pub_sub:/home/simulations/ros2_sims_ws/install/examples_rclrs_message_demo:/home/simulations/ros2_sims_ws/install/rclrs:/home/simulations/ros2_sims_ws/install/rosidl_runtime_rs:/opt/ros/humble _=/usr/bin/env /usr/bin/cmake /home/user/ros2_ws/src/turtlebot3/turtlebot3_description -DCMAKE_INSTALL_PREFIX=/home/user/ros2_ws/install/turtlebot3_description
[0.809s] -- The C compiler identification is GNU 11.3.0
[1.202s] -- The CXX compiler identification is GNU 11.3.0
[1.243s] -- Detecting C compiler ABI info
[1.912s] -- Detecting C compiler ABI info - done
[1.988s] -- Check for working C compiler: /usr/bin/cc - skipped
[1.988s] -- Detecting C compile features
[1.992s] -- Detecting C compile features - done
[2.020s] -- Detecting CXX compiler ABI info
[2.704s] -- Detecting CXX compiler ABI info - done
[2.787s] -- Check for working CXX compiler: /usr/bin/c++ - skipped
[2.788s] -- Detecting CXX compile features
[2.790s] -- Detecting CXX compile features - done
[2.913s] -- Found ament_cmake: 1.3.4 (/opt/ros/humble/share/ament_cmake/cmake)
[4.629s] -- Found Python3: /usr/bin/python3.10 (found version "3.10.6") found components: Interpreter 
[6.382s] -- Found urdf: 2.6.0 (/opt/ros/humble/share/urdf/cmake)
[8.085s] -- Configuring done
[8.090s] -- Generating done
[8.092s] -- Build files have been written to: /home/user/ros2_ws/build/turtlebot3_description
[8.283s] Invoked command in '/home/user/ros2_ws/build/turtlebot3_description' returned '0': CMAKE_PREFIX_PATH=${CMAKE_PREFIX_PATH}:/home/user/ros2_ws/install/turtlebot3_teleop:/home/user/ros2_ws/install/turtlebot3_example:/home/simulations/ros2_sims_ws/install/rclrs_tests:/home/simulations/ros2_sims_ws/install/examples_rclrs_minimal_client_service:/home/simulations/ros2_sims_ws/install/sensor_msgs_py:/home/simulations/ros2_sims_ws/install/examples_rclrs_minimal_pub_sub:/home/simulations/ros2_sims_ws/install/examples_rclrs_message_demo:/home/simulations/ros2_sims_ws/install/rclrs:/home/simulations/ros2_sims_ws/install/rosidl_runtime_rs:/opt/ros/humble _=/usr/bin/env /usr/bin/cmake /home/user/ros2_ws/src/turtlebot3/turtlebot3_description -DCMAKE_INSTALL_PREFIX=/home/user/ros2_ws/install/turtlebot3_description
[8.285s] Invoking command in '/home/user/ros2_ws/build/turtlebot3_description': CMAKE_PREFIX_PATH=${CMAKE_PREFIX_PATH}:/home/user/ros2_ws/install/turtlebot3_teleop:/home/user/ros2_ws/install/turtlebot3_example:/home/simulations/ros2_sims_ws/install/rclrs_tests:/home/simulations/ros2_sims_ws/install/examples_rclrs_minimal_client_service:/home/simulations/ros2_sims_ws/install/sensor_msgs_py:/home/simulations/ros2_sims_ws/install/examples_rclrs_minimal_pub_sub:/home/simulations/ros2_sims_ws/install/examples_rclrs_message_demo:/home/simulations/ros2_sims_ws/install/rclrs:/home/simulations/ros2_sims_ws/install/rosidl_runtime_rs:/opt/ros/humble _=/usr/bin/env /usr/bin/cmake --build /home/user/ros2_ws/build/turtlebot3_description -- -j8 -l8
[8.602s] Invoked command in '/home/user/ros2_ws/build/turtlebot3_description' returned '0': CMAKE_PREFIX_PATH=${CMAKE_PREFIX_PATH}:/home/user/ros2_ws/install/turtlebot3_teleop:/home/user/ros2_ws/install/turtlebot3_example:/home/simulations/ros2_sims_ws/install/rclrs_tests:/home/simulations/ros2_sims_ws/install/examples_rclrs_minimal_client_service:/home/simulations/ros2_sims_ws/install/sensor_msgs_py:/home/simulations/ros2_sims_ws/install/examples_rclrs_minimal_pub_sub:/home/simulations/ros2_sims_ws/install/examples_rclrs_message_demo:/home/simulations/ros2_sims_ws/install/rclrs:/home/simulations/ros2_sims_ws/install/rosidl_runtime_rs:/opt/ros/humble _=/usr/bin/env /usr/bin/cmake --build /home/user/ros2_ws/build/turtlebot3_description -- -j8 -l8
[9.111s] Invoking command in '/home/user/ros2_ws/build/turtlebot3_description': CMAKE_PREFIX_PATH=${CMAKE_PREFIX_PATH}:/home/user/ros2_ws/install/turtlebot3_teleop:/home/user/ros2_ws/install/turtlebot3_example:/home/simulations/ros2_sims_ws/install/rclrs_tests:/home/simulations/ros2_sims_ws/install/examples_rclrs_minimal_client_service:/home/simulations/ros2_sims_ws/install/sensor_msgs_py:/home/simulations/ros2_sims_ws/install/examples_rclrs_minimal_pub_sub:/home/simulations/ros2_sims_ws/install/examples_rclrs_message_demo:/home/simulations/ros2_sims_ws/install/rclrs:/home/simulations/ros2_sims_ws/install/rosidl_runtime_rs:/opt/ros/humble _=/usr/bin/env /usr/bin/cmake --install /home/user/ros2_ws/build/turtlebot3_description
[9.237s] -- Install configuration: ""
[9.237s] -- Installing: /home/user/ros2_ws/install/turtlebot3_description/share/turtlebot3_description/meshes
[9.237s] -- Installing: /home/user/ros2_ws/install/turtlebot3_description/share/turtlebot3_description/meshes/sensors
[9.237s] -- Installing: /home/user/ros2_ws/install/turtlebot3_description/share/turtlebot3_description/meshes/sensors/r200.jpg
[9.238s] -- Installing: /home/user/ros2_ws/install/turtlebot3_description/share/turtlebot3_description/meshes/sensors/r200.dae
[9.238s] -- Installing: /home/user/ros2_ws/install/turtlebot3_description/share/turtlebot3_description/meshes/sensors/astra.jpg
[9.238s] -- Installing: /home/user/ros2_ws/install/turtlebot3_description/share/turtlebot3_description/meshes/sensors/astra.dae
[9.394s] -- Installing: /home/user/ros2_ws/install/turtlebot3_description/share/turtlebot3_description/meshes/sensors/lds.stl
[9.432s] -- Installing: /home/user/ros2_ws/install/turtlebot3_description/share/turtlebot3_description/meshes/wheels
[9.432s] -- Installing: /home/user/ros2_ws/install/turtlebot3_description/share/turtlebot3_description/meshes/wheels/right_tire.stl
[9.432s] -- Installing: /home/user/ros2_ws/install/turtlebot3_description/share/turtlebot3_description/meshes/wheels/left_tire.stl
[9.480s] -- Installing: /home/user/ros2_ws/install/turtlebot3_description/share/turtlebot3_description/meshes/bases
[9.481s] -- Installing: /home/user/ros2_ws/install/turtlebot3_description/share/turtlebot3_description/meshes/bases/waffle_base.stl
[9.635s] -- Installing: /home/user/ros2_ws/install/turtlebot3_description/share/turtlebot3_description/meshes/bases/burger_base.stl
[9.685s] -- Installing: /home/user/ros2_ws/install/turtlebot3_description/share/turtlebot3_description/meshes/bases/waffle_pi_base.stl
[9.792s] -- Installing: /home/user/ros2_ws/install/turtlebot3_description/share/turtlebot3_description/rviz
[9.792s] -- Installing: /home/user/ros2_ws/install/turtlebot3_description/share/turtlebot3_description/rviz/model.rviz
[9.812s] -- Installing: /home/user/ros2_ws/install/turtlebot3_description/share/turtlebot3_description/urdf
[9.812s] -- Installing: /home/user/ros2_ws/install/turtlebot3_description/share/turtlebot3_description/urdf/turtlebot3_waffle.urdf
[9.813s] -- Installing: /home/user/ros2_ws/install/turtlebot3_description/share/turtlebot3_description/urdf/turtlebot3_waffle_pi.urdf
[9.816s] -- Installing: /home/user/ros2_ws/install/turtlebot3_description/share/turtlebot3_description/urdf/common_properties.urdf
[9.832s] -- Installing: /home/user/ros2_ws/install/turtlebot3_description/share/turtlebot3_description/urdf/turtlebot3_burger.urdf
[9.836s] -- Installing: /home/user/ros2_ws/install/turtlebot3_description/share/ament_index/resource_index/package_run_dependencies/turtlebot3_description
[9.836s] -- Installing: /home/user/ros2_ws/install/turtlebot3_description/share/ament_index/resource_index/parent_prefix_path/turtlebot3_description
[9.836s] -- Installing: /home/user/ros2_ws/install/turtlebot3_description/share/turtlebot3_description/environment/ament_prefix_path.sh
[9.836s] -- Installing: /home/user/ros2_ws/install/turtlebot3_description/share/turtlebot3_description/environment/ament_prefix_path.dsv
[9.837s] -- Installing: /home/user/ros2_ws/install/turtlebot3_description/share/turtlebot3_description/environment/path.sh
[9.837s] -- Installing: /home/user/ros2_ws/install/turtlebot3_description/share/turtlebot3_description/environment/path.dsv
[9.837s] -- Installing: /home/user/ros2_ws/install/turtlebot3_description/share/turtlebot3_description/local_setup.bash
[9.837s] -- Installing: /home/user/ros2_ws/install/turtlebot3_description/share/turtlebot3_description/local_setup.sh
[9.837s] -- Installing: /home/user/ros2_ws/install/turtlebot3_description/share/turtlebot3_description/local_setup.zsh
[9.837s] -- Installing: /home/user/ros2_ws/install/turtlebot3_description/share/turtlebot3_description/local_setup.dsv
[9.837s] -- Installing: /home/user/ros2_ws/install/turtlebot3_description/share/turtlebot3_description/package.dsv
[9.837s] -- Installing: /home/user/ros2_ws/install/turtlebot3_description/share/ament_index/resource_index/packages/turtlebot3_description
[9.837s] -- Installing: /home/user/ros2_ws/install/turtlebot3_description/share/turtlebot3_description/cmake/turtlebot3_descriptionConfig.cmake
[9.838s] -- Installing: /home/user/ros2_ws/install/turtlebot3_description/share/turtlebot3_description/cmake/turtlebot3_descriptionConfig-version.cmake
[9.838s] -- Installing: /home/user/ros2_ws/install/turtlebot3_description/share/turtlebot3_description/package.xml
[9.860s] Invoked command in '/home/user/ros2_ws/build/turtlebot3_description' returned '0': CMAKE_PREFIX_PATH=${CMAKE_PREFIX_PATH}:/home/user/ros2_ws/install/turtlebot3_teleop:/home/user/ros2_ws/install/turtlebot3_example:/home/simulations/ros2_sims_ws/install/rclrs_tests:/home/simulations/ros2_sims_ws/install/examples_rclrs_minimal_client_service:/home/simulations/ros2_sims_ws/install/sensor_msgs_py:/home/simulations/ros2_sims_ws/install/examples_rclrs_minimal_pub_sub:/home/simulations/ros2_sims_ws/install/examples_rclrs_message_demo:/home/simulations/ros2_sims_ws/install/rclrs:/home/simulations/ros2_sims_ws/install/rosidl_runtime_rs:/opt/ros/humble _=/usr/bin/env /usr/bin/cmake --install /home/user/ros2_ws/build/turtlebot3_description
