[0.389s] Invoking command in '/home/user/simulation_ws/build/ydlidar_ros2_driver': CMAKE_PREFIX_PATH=${CMAKE_PREFIX_PATH}:/home/user/simulation_ws/install/tortoisebot_localization:/home/user/simulation_ws/install/tortoisebot_control:/home/user/simulation_ws/install/ros2_aruco:/home/simulations/ros2_sims_ws/install/rclrs_tests:/home/simulations/ros2_sims_ws/install/examples_rclrs_minimal_client_service:/home/simulations/ros2_sims_ws/install/sensor_msgs_py:/home/simulations/ros2_sims_ws/install/examples_rclrs_minimal_pub_sub:/home/simulations/ros2_sims_ws/install/examples_rclrs_message_demo:/home/simulations/ros2_sims_ws/install/rclrs:/home/simulations/ros2_sims_ws/install/rosidl_runtime_rs:/opt/ros/humble _=/usr/bin/env /usr/bin/cmake --build /home/user/simulation_ws/build/ydlidar_ros2_driver -- -j8 -l8
[1.495s] -- Found ament_cmake: 1.3.4 (/opt/ros/humble/share/ament_cmake/cmake)
[3.295s] -- Found rclcpp: 16.0.4 (/opt/ros/humble/share/rclcpp/cmake)
[3.788s] -- Found rosidl_generator_c: 3.1.4 (/opt/ros/humble/share/rosidl_generator_c/cmake)
[3.893s] -- Found rosidl_adapter: 3.1.4 (/opt/ros/humble/share/rosidl_adapter/cmake)
[3.992s] -- Found rosidl_generator_cpp: 3.1.4 (/opt/ros/humble/share/rosidl_generator_cpp/cmake)
[4.188s] -- Using all available rosidl_typesupport_c: rosidl_typesupport_fastrtps_c;rosidl_typesupport_introspection_c
[4.509s] -- Using all available rosidl_typesupport_cpp: rosidl_typesupport_fastrtps_cpp;rosidl_typesupport_introspection_cpp
[5.089s] -- Found rmw_implementation_cmake: 6.1.1 (/opt/ros/humble/share/rmw_implementation_cmake/cmake)
[5.109s] -- Found rmw_fastrtps_cpp: 6.2.2 (/opt/ros/humble/share/rmw_fastrtps_cpp/cmake)
[5.996s] -- Using RMW implementation 'rmw_fastrtps_cpp' as default
[6.929s] -- Found sensor_msgs: 4.2.3 (/home/simulations/ros2_sims_ws/install/sensor_msgs/share/sensor_msgs/cmake)
[7.505s] -- Found visualization_msgs: 4.2.3 (/home/simulations/ros2_sims_ws/install/visualization_msgs/share/visualization_msgs/cmake)
[8.111s] -- Found std_srvs: 4.2.3 (/home/simulations/ros2_sims_ws/install/std_srvs/share/std_srvs/cmake)
[8.295s] [31mCMake Error at CMakeLists.txt:25 (find_package):
[8.295s]   By not providing "Findydlidar_sdk.cmake" in CMAKE_MODULE_PATH this project
[8.295s]   has asked CMake to find a package configuration file provided by
[8.295s]   "ydlidar_sdk", but CMake did not find one.
[8.295s] 
[8.295s]   Could not find a package configuration file provided by "ydlidar_sdk" with
[8.295s]   any of the following names:
[8.296s] 
[8.296s]     ydlidar_sdkConfig.cmake
[8.296s]     ydlidar_sdk-config.cmake
[8.296s] 
[8.296s]   Add the installation prefix of "ydlidar_sdk" to CMAKE_PREFIX_PATH or set
[8.296s]   "ydlidar_sdk_DIR" to a directory containing one of the above files.  If
[8.296s]   "ydlidar_sdk" provides a separate development package or SDK, be sure it
[8.296s]   has been installed.
[8.296s] 
[8.296s] [0m
[8.297s] -- Configuring incomplete, errors occurred!
[8.297s] See also "/home/user/simulation_ws/build/ydlidar_ros2_driver/CMakeFiles/CMakeOutput.log".
[8.310s] gmake: *** [Makefile:308: cmake_check_build_system] Error 1
[8.315s] Invoked command in '/home/user/simulation_ws/build/ydlidar_ros2_driver' returned '2': CMAKE_PREFIX_PATH=${CMAKE_PREFIX_PATH}:/home/user/simulation_ws/install/tortoisebot_localization:/home/user/simulation_ws/install/tortoisebot_control:/home/user/simulation_ws/install/ros2_aruco:/home/simulations/ros2_sims_ws/install/rclrs_tests:/home/simulations/ros2_sims_ws/install/examples_rclrs_minimal_client_service:/home/simulations/ros2_sims_ws/install/sensor_msgs_py:/home/simulations/ros2_sims_ws/install/examples_rclrs_minimal_pub_sub:/home/simulations/ros2_sims_ws/install/examples_rclrs_message_demo:/home/simulations/ros2_sims_ws/install/rclrs:/home/simulations/ros2_sims_ws/install/rosidl_runtime_rs:/opt/ros/humble _=/usr/bin/env /usr/bin/cmake --build /home/user/simulation_ws/build/ydlidar_ros2_driver -- -j8 -l8
