[0.589s] Invoking command in '/home/user/simulation_ws/build/ros2_aruco_interfaces': CMAKE_PREFIX_PATH=${CMAKE_PREFIX_PATH}:/home/user/simulation_ws/install/tortoisebot_localization:/home/user/simulation_ws/install/tortoisebot_control:/home/user/simulation_ws/install/ros2_aruco:/home/simulations/ros2_sims_ws/install/rclrs_tests:/home/simulations/ros2_sims_ws/install/examples_rclrs_minimal_client_service:/home/simulations/ros2_sims_ws/install/sensor_msgs_py:/home/simulations/ros2_sims_ws/install/examples_rclrs_minimal_pub_sub:/home/simulations/ros2_sims_ws/install/examples_rclrs_message_demo:/home/simulations/ros2_sims_ws/install/rclrs:/home/simulations/ros2_sims_ws/install/rosidl_runtime_rs:/home/user/ros2_ws/install/opencv_tests:/opt/ros/humble _=/usr/bin/env /usr/bin/cmake --build /home/user/simulation_ws/build/ros2_aruco_interfaces -- -j8 -l8
[1.120s] [  3%] [34m[1mGenerating Rust code for ROS interfaces[0m
[1.261s] [  3%] Built target ros2_aruco_interfaces__rs
[1.406s] [  3%] Built target ament_cmake_python_copy_ros2_aruco_interfaces
[1.494s] [  6%] Built target ros2_aruco_interfaces__cpp
[2.346s] running egg_info
[2.346s] writing ros2_aruco_interfaces.egg-info/PKG-INFO
[2.347s] writing dependency_links to ros2_aruco_interfaces.egg-info/dependency_links.txt
[2.347s] writing top-level names to ros2_aruco_interfaces.egg-info/top_level.txt
[2.352s] reading manifest file 'ros2_aruco_interfaces.egg-info/SOURCES.txt'
[2.353s] writing manifest file 'ros2_aruco_interfaces.egg-info/SOURCES.txt'
[2.555s] [  6%] Built target ament_cmake_python_build_ros2_aruco_interfaces_egg
[2.856s] [ 15%] Built target ros2_aruco_interfaces__rosidl_typesupport_cpp
[3.141s] [ 25%] Built target ros2_aruco_interfaces__rosidl_typesupport_introspection_cpp
[3.293s] [ 34%] Built target ros2_aruco_interfaces__rosidl_typesupport_fastrtps_cpp
[3.576s] [ 43%] Built target ros2_aruco_interfaces__rosidl_generator_c
[3.905s] [ 53%] Built target ros2_aruco_interfaces__rosidl_typesupport_fastrtps_c
[4.141s] [ 62%] Built target ros2_aruco_interfaces__rosidl_typesupport_c
[4.399s] [ 71%] Built target ros2_aruco_interfaces__rosidl_typesupport_introspection_c
[4.599s] [ 71%] Built target ros2_aruco_interfaces
[4.875s] [ 75%] Built target ros2_aruco_interfaces__py
[5.065s] [ 81%] Built target ros2_aruco_interfaces__rosidl_generator_py
[5.280s] [ 87%] Built target ros2_aruco_interfaces__rosidl_typesupport_fastrtps_c__pyext
[5.460s] [ 93%] Built target ros2_aruco_interfaces__rosidl_typesupport_c__pyext
[5.671s] [100%] Built target ros2_aruco_interfaces__rosidl_typesupport_introspection_c__pyext
[5.711s] Invoked command in '/home/user/simulation_ws/build/ros2_aruco_interfaces' returned '0': CMAKE_PREFIX_PATH=${CMAKE_PREFIX_PATH}:/home/user/simulation_ws/install/tortoisebot_localization:/home/user/simulation_ws/install/tortoisebot_control:/home/user/simulation_ws/install/ros2_aruco:/home/simulations/ros2_sims_ws/install/rclrs_tests:/home/simulations/ros2_sims_ws/install/examples_rclrs_minimal_client_service:/home/simulations/ros2_sims_ws/install/sensor_msgs_py:/home/simulations/ros2_sims_ws/install/examples_rclrs_minimal_pub_sub:/home/simulations/ros2_sims_ws/install/examples_rclrs_message_demo:/home/simulations/ros2_sims_ws/install/rclrs:/home/simulations/ros2_sims_ws/install/rosidl_runtime_rs:/home/user/ros2_ws/install/opencv_tests:/opt/ros/humble _=/usr/bin/env /usr/bin/cmake --build /home/user/simulation_ws/build/ros2_aruco_interfaces -- -j8 -l8
[6.172s] Invoking command in '/home/user/simulation_ws/build/ros2_aruco_interfaces': CMAKE_PREFIX_PATH=${CMAKE_PREFIX_PATH}:/home/user/simulation_ws/install/tortoisebot_localization:/home/user/simulation_ws/install/tortoisebot_control:/home/user/simulation_ws/install/ros2_aruco:/home/simulations/ros2_sims_ws/install/rclrs_tests:/home/simulations/ros2_sims_ws/install/examples_rclrs_minimal_client_service:/home/simulations/ros2_sims_ws/install/sensor_msgs_py:/home/simulations/ros2_sims_ws/install/examples_rclrs_minimal_pub_sub:/home/simulations/ros2_sims_ws/install/examples_rclrs_message_demo:/home/simulations/ros2_sims_ws/install/rclrs:/home/simulations/ros2_sims_ws/install/rosidl_runtime_rs:/home/user/ros2_ws/install/opencv_tests:/opt/ros/humble _=/usr/bin/env /usr/bin/cmake --install /home/user/simulation_ws/build/ros2_aruco_interfaces
[6.190s] -- Install configuration: ""
[6.191s] -- Up-to-date: /home/user/simulation_ws/install/ros2_aruco_interfaces/share/ament_index/resource_index/rosidl_interfaces/ros2_aruco_interfaces
[6.191s] -- Up-to-date: /home/user/simulation_ws/install/ros2_aruco_interfaces/include/ros2_aruco_interfaces/ros2_aruco_interfaces
[6.191s] -- Up-to-date: /home/user/simulation_ws/install/ros2_aruco_interfaces/include/ros2_aruco_interfaces/ros2_aruco_interfaces/msg
[6.191s] -- Up-to-date: /home/user/simulation_ws/install/ros2_aruco_interfaces/include/ros2_aruco_interfaces/ros2_aruco_interfaces/msg/detail
[6.191s] -- Up-to-date: /home/user/simulation_ws/install/ros2_aruco_interfaces/include/ros2_aruco_interfaces/ros2_aruco_interfaces/msg/detail/aruco_markers__struct.h
[6.191s] -- Up-to-date: /home/user/simulation_ws/install/ros2_aruco_interfaces/include/ros2_aruco_interfaces/ros2_aruco_interfaces/msg/detail/aruco_markers__type_support.h
[6.191s] -- Up-to-date: /home/user/simulation_ws/install/ros2_aruco_interfaces/include/ros2_aruco_interfaces/ros2_aruco_interfaces/msg/detail/aruco_markers__functions.h
[6.191s] -- Up-to-date: /home/user/simulation_ws/install/ros2_aruco_interfaces/include/ros2_aruco_interfaces/ros2_aruco_interfaces/msg/detail/aruco_markers__functions.c
[6.192s] -- Up-to-date: /home/user/simulation_ws/install/ros2_aruco_interfaces/include/ros2_aruco_interfaces/ros2_aruco_interfaces/msg/rosidl_generator_c__visibility_control.h
[6.192s] -- Up-to-date: /home/user/simulation_ws/install/ros2_aruco_interfaces/include/ros2_aruco_interfaces/ros2_aruco_interfaces/msg/aruco_markers.h
[6.192s] -- Up-to-date: /home/user/simulation_ws/install/ros2_aruco_interfaces/share/ros2_aruco_interfaces/environment/library_path.sh
[6.192s] -- Up-to-date: /home/user/simulation_ws/install/ros2_aruco_interfaces/share/ros2_aruco_interfaces/environment/library_path.dsv
[6.193s] -- Up-to-date: /home/user/simulation_ws/install/ros2_aruco_interfaces/lib/libros2_aruco_interfaces__rosidl_generator_c.so
[6.194s] -- Up-to-date: /home/user/simulation_ws/install/ros2_aruco_interfaces/include/ros2_aruco_interfaces/ros2_aruco_interfaces
[6.194s] -- Up-to-date: /home/user/simulation_ws/install/ros2_aruco_interfaces/include/ros2_aruco_interfaces/ros2_aruco_interfaces/msg
[6.194s] -- Up-to-date: /home/user/simulation_ws/install/ros2_aruco_interfaces/include/ros2_aruco_interfaces/ros2_aruco_interfaces/msg/detail
[6.194s] -- Up-to-date: /home/user/simulation_ws/install/ros2_aruco_interfaces/include/ros2_aruco_interfaces/ros2_aruco_interfaces/msg/detail/aruco_markers__rosidl_typesupport_fastrtps_c.h
[6.194s] -- Up-to-date: /home/user/simulation_ws/install/ros2_aruco_interfaces/include/ros2_aruco_interfaces/ros2_aruco_interfaces/msg/rosidl_typesupport_fastrtps_c__visibility_control.h
[6.196s] -- Up-to-date: /home/user/simulation_ws/install/ros2_aruco_interfaces/lib/libros2_aruco_interfaces__rosidl_typesupport_fastrtps_c.so
[6.197s] -- Up-to-date: /home/user/simulation_ws/install/ros2_aruco_interfaces/include/ros2_aruco_interfaces/ros2_aruco_interfaces
[6.197s] -- Up-to-date: /home/user/simulation_ws/install/ros2_aruco_interfaces/include/ros2_aruco_interfaces/ros2_aruco_interfaces/msg
[6.197s] -- Up-to-date: /home/user/simulation_ws/install/ros2_aruco_interfaces/include/ros2_aruco_interfaces/ros2_aruco_interfaces/msg/detail
[6.198s] -- Up-to-date: /home/user/simulation_ws/install/ros2_aruco_interfaces/include/ros2_aruco_interfaces/ros2_aruco_interfaces/msg/detail/aruco_markers__builder.hpp
[6.198s] -- Up-to-date: /home/user/simulation_ws/install/ros2_aruco_interfaces/include/ros2_aruco_interfaces/ros2_aruco_interfaces/msg/detail/aruco_markers__traits.hpp
[6.198s] -- Up-to-date: /home/user/simulation_ws/install/ros2_aruco_interfaces/include/ros2_aruco_interfaces/ros2_aruco_interfaces/msg/detail/aruco_markers__struct.hpp
[6.198s] -- Up-to-date: /home/user/simulation_ws/install/ros2_aruco_interfaces/include/ros2_aruco_interfaces/ros2_aruco_interfaces/msg/aruco_markers.hpp
[6.198s] -- Up-to-date: /home/user/simulation_ws/install/ros2_aruco_interfaces/include/ros2_aruco_interfaces/ros2_aruco_interfaces
[6.198s] -- Up-to-date: /home/user/simulation_ws/install/ros2_aruco_interfaces/include/ros2_aruco_interfaces/ros2_aruco_interfaces/msg
[6.198s] -- Up-to-date: /home/user/simulation_ws/install/ros2_aruco_interfaces/include/ros2_aruco_interfaces/ros2_aruco_interfaces/msg/detail
[6.198s] -- Up-to-date: /home/user/simulation_ws/install/ros2_aruco_interfaces/include/ros2_aruco_interfaces/ros2_aruco_interfaces/msg/detail/aruco_markers__rosidl_typesupport_fastrtps_cpp.hpp
[6.199s] -- Up-to-date: /home/user/simulation_ws/install/ros2_aruco_interfaces/include/ros2_aruco_interfaces/ros2_aruco_interfaces/msg/detail/dds_fastrtps
[6.199s] -- Up-to-date: /home/user/simulation_ws/install/ros2_aruco_interfaces/include/ros2_aruco_interfaces/ros2_aruco_interfaces/msg/rosidl_typesupport_fastrtps_cpp__visibility_control.h
[6.201s] -- Up-to-date: /home/user/simulation_ws/install/ros2_aruco_interfaces/lib/libros2_aruco_interfaces__rosidl_typesupport_fastrtps_cpp.so
[6.201s] -- Up-to-date: /home/user/simulation_ws/install/ros2_aruco_interfaces/include/ros2_aruco_interfaces/ros2_aruco_interfaces
[6.201s] -- Up-to-date: /home/user/simulation_ws/install/ros2_aruco_interfaces/include/ros2_aruco_interfaces/ros2_aruco_interfaces/msg
[6.201s] -- Up-to-date: /home/user/simulation_ws/install/ros2_aruco_interfaces/include/ros2_aruco_interfaces/ros2_aruco_interfaces/msg/detail
[6.201s] -- Up-to-date: /home/user/simulation_ws/install/ros2_aruco_interfaces/include/ros2_aruco_interfaces/ros2_aruco_interfaces/msg/detail/aruco_markers__type_support.c
[6.201s] -- Up-to-date: /home/user/simulation_ws/install/ros2_aruco_interfaces/include/ros2_aruco_interfaces/ros2_aruco_interfaces/msg/detail/aruco_markers__rosidl_typesupport_introspection_c.h
[6.201s] -- Up-to-date: /home/user/simulation_ws/install/ros2_aruco_interfaces/include/ros2_aruco_interfaces/ros2_aruco_interfaces/msg/rosidl_typesupport_introspection_c__visibility_control.h
[6.205s] -- Up-to-date: /home/user/simulation_ws/install/ros2_aruco_interfaces/lib/libros2_aruco_interfaces__rosidl_typesupport_introspection_c.so
[6.206s] -- Up-to-date: /home/user/simulation_ws/install/ros2_aruco_interfaces/lib/libros2_aruco_interfaces__rosidl_typesupport_c.so
[6.206s] -- Up-to-date: /home/user/simulation_ws/install/ros2_aruco_interfaces/include/ros2_aruco_interfaces/ros2_aruco_interfaces
[6.207s] -- Up-to-date: /home/user/simulation_ws/install/ros2_aruco_interfaces/include/ros2_aruco_interfaces/ros2_aruco_interfaces/msg
[6.207s] -- Up-to-date: /home/user/simulation_ws/install/ros2_aruco_interfaces/include/ros2_aruco_interfaces/ros2_aruco_interfaces/msg/detail
[6.207s] -- Up-to-date: /home/user/simulation_ws/install/ros2_aruco_interfaces/include/ros2_aruco_interfaces/ros2_aruco_interfaces/msg/detail/aruco_markers__rosidl_typesupport_introspection_cpp.hpp
[6.207s] -- Up-to-date: /home/user/simulation_ws/install/ros2_aruco_interfaces/include/ros2_aruco_interfaces/ros2_aruco_interfaces/msg/detail/aruco_markers__type_support.cpp
[6.209s] -- Up-to-date: /home/user/simulation_ws/install/ros2_aruco_interfaces/lib/libros2_aruco_interfaces__rosidl_typesupport_introspection_cpp.so
[6.212s] -- Up-to-date: /home/user/simulation_ws/install/ros2_aruco_interfaces/lib/libros2_aruco_interfaces__rosidl_typesupport_cpp.so
[6.212s] -- Up-to-date: /home/user/simulation_ws/install/ros2_aruco_interfaces/share/ament_index/resource_index/rust_packages/ros2_aruco_interfaces
[6.212s] -- Up-to-date: /home/user/simulation_ws/install/ros2_aruco_interfaces/share/ros2_aruco_interfaces/rust
[6.212s] -- Installing: /home/user/simulation_ws/install/ros2_aruco_interfaces/share/ros2_aruco_interfaces/rust/Cargo.toml
[6.212s] -- Up-to-date: /home/user/simulation_ws/install/ros2_aruco_interfaces/share/ros2_aruco_interfaces/rust/src
[6.213s] -- Installing: /home/user/simulation_ws/install/ros2_aruco_interfaces/share/ros2_aruco_interfaces/rust/src/msg.rs
[6.213s] -- Installing: /home/user/simulation_ws/install/ros2_aruco_interfaces/share/ros2_aruco_interfaces/rust/src/lib.rs
[6.213s] -- Installing: /home/user/simulation_ws/install/ros2_aruco_interfaces/share/ros2_aruco_interfaces/rust/build.rs
[6.213s] -- Up-to-date: /home/user/simulation_ws/install/ros2_aruco_interfaces/share/ros2_aruco_interfaces/rust
[6.214s] -- Up-to-date: /home/user/simulation_ws/install/ros2_aruco_interfaces/share/ros2_aruco_interfaces/rust/Cargo.toml
[6.214s] -- Up-to-date: /home/user/simulation_ws/install/ros2_aruco_interfaces/share/ros2_aruco_interfaces/rust/src
[6.214s] -- Up-to-date: /home/user/simulation_ws/install/ros2_aruco_interfaces/share/ros2_aruco_interfaces/rust/src/msg.rs
[6.214s] -- Up-to-date: /home/user/simulation_ws/install/ros2_aruco_interfaces/share/ros2_aruco_interfaces/rust/src/lib.rs
[6.214s] -- Up-to-date: /home/user/simulation_ws/install/ros2_aruco_interfaces/share/ros2_aruco_interfaces/rust/build.rs
[6.214s] -- Up-to-date: /home/user/simulation_ws/install/ros2_aruco_interfaces/share/ros2_aruco_interfaces/rust
[6.215s] -- Up-to-date: /home/user/simulation_ws/install/ros2_aruco_interfaces/share/ros2_aruco_interfaces/rust/Cargo.toml
[6.215s] -- Up-to-date: /home/user/simulation_ws/install/ros2_aruco_interfaces/share/ros2_aruco_interfaces/rust/src
[6.215s] -- Up-to-date: /home/user/simulation_ws/install/ros2_aruco_interfaces/share/ros2_aruco_interfaces/rust/src/msg.rs
[6.215s] -- Up-to-date: /home/user/simulation_ws/install/ros2_aruco_interfaces/share/ros2_aruco_interfaces/rust/src/lib.rs
[6.215s] -- Up-to-date: /home/user/simulation_ws/install/ros2_aruco_interfaces/share/ros2_aruco_interfaces/rust/build.rs
[6.215s] -- Up-to-date: /home/user/simulation_ws/install/ros2_aruco_interfaces/share/ros2_aruco_interfaces/environment/pythonpath.sh
[6.215s] -- Up-to-date: /home/user/simulation_ws/install/ros2_aruco_interfaces/share/ros2_aruco_interfaces/environment/pythonpath.dsv
[6.215s] -- Up-to-date: /home/user/simulation_ws/install/ros2_aruco_interfaces/local/lib/python3.10/dist-packages/ros2_aruco_interfaces-0.1.0-py3.10.egg-info
[6.215s] -- Installing: /home/user/simulation_ws/install/ros2_aruco_interfaces/local/lib/python3.10/dist-packages/ros2_aruco_interfaces-0.1.0-py3.10.egg-info/PKG-INFO
[6.216s] -- Installing: /home/user/simulation_ws/install/ros2_aruco_interfaces/local/lib/python3.10/dist-packages/ros2_aruco_interfaces-0.1.0-py3.10.egg-info/top_level.txt
[6.217s] -- Installing: /home/user/simulation_ws/install/ros2_aruco_interfaces/local/lib/python3.10/dist-packages/ros2_aruco_interfaces-0.1.0-py3.10.egg-info/SOURCES.txt
[6.217s] -- Installing: /home/user/simulation_ws/install/ros2_aruco_interfaces/local/lib/python3.10/dist-packages/ros2_aruco_interfaces-0.1.0-py3.10.egg-info/dependency_links.txt
[6.217s] -- Up-to-date: /home/user/simulation_ws/install/ros2_aruco_interfaces/local/lib/python3.10/dist-packages/ros2_aruco_interfaces
[6.217s] -- Up-to-date: /home/user/simulation_ws/install/ros2_aruco_interfaces/local/lib/python3.10/dist-packages/ros2_aruco_interfaces/ros2_aruco_interfaces_s__rosidl_typesupport_introspection_c.cpython-310-x86_64-linux-gnu.so
[6.217s] -- Up-to-date: /home/user/simulation_ws/install/ros2_aruco_interfaces/local/lib/python3.10/dist-packages/ros2_aruco_interfaces/ros2_aruco_interfaces_s__rosidl_typesupport_c.cpython-310-x86_64-linux-gnu.so
[6.217s] -- Up-to-date: /home/user/simulation_ws/install/ros2_aruco_interfaces/local/lib/python3.10/dist-packages/ros2_aruco_interfaces/_ros2_aruco_interfaces_s.ep.rosidl_typesupport_c.c
[6.217s] -- Up-to-date: /home/user/simulation_ws/install/ros2_aruco_interfaces/local/lib/python3.10/dist-packages/ros2_aruco_interfaces/_ros2_aruco_interfaces_s.ep.rosidl_typesupport_fastrtps_c.c
[6.217s] -- Up-to-date: /home/user/simulation_ws/install/ros2_aruco_interfaces/local/lib/python3.10/dist-packages/ros2_aruco_interfaces/msg
[6.218s] -- Up-to-date: /home/user/simulation_ws/install/ros2_aruco_interfaces/local/lib/python3.10/dist-packages/ros2_aruco_interfaces/msg/__init__.py
[6.218s] -- Up-to-date: /home/user/simulation_ws/install/ros2_aruco_interfaces/local/lib/python3.10/dist-packages/ros2_aruco_interfaces/msg/_aruco_markers_s.c
[6.218s] -- Up-to-date: /home/user/simulation_ws/install/ros2_aruco_interfaces/local/lib/python3.10/dist-packages/ros2_aruco_interfaces/msg/_aruco_markers.py
[6.218s] -- Up-to-date: /home/user/simulation_ws/install/ros2_aruco_interfaces/local/lib/python3.10/dist-packages/ros2_aruco_interfaces/_ros2_aruco_interfaces_s.ep.rosidl_typesupport_introspection_c.c
[6.218s] -- Up-to-date: /home/user/simulation_ws/install/ros2_aruco_interfaces/local/lib/python3.10/dist-packages/ros2_aruco_interfaces/libros2_aruco_interfaces__rosidl_generator_py.so
[6.218s] -- Up-to-date: /home/user/simulation_ws/install/ros2_aruco_interfaces/local/lib/python3.10/dist-packages/ros2_aruco_interfaces/__init__.py
[6.218s] -- Up-to-date: /home/user/simulation_ws/install/ros2_aruco_interfaces/local/lib/python3.10/dist-packages/ros2_aruco_interfaces/ros2_aruco_interfaces_s__rosidl_typesupport_fastrtps_c.cpython-310-x86_64-linux-gnu.so
[6.306s] Listing '/home/user/simulation_ws/install/ros2_aruco_interfaces/local/lib/python3.10/dist-packages/ros2_aruco_interfaces'...
[6.306s] Listing '/home/user/simulation_ws/install/ros2_aruco_interfaces/local/lib/python3.10/dist-packages/ros2_aruco_interfaces/msg'...
[6.306s] -- Up-to-date: /home/user/simulation_ws/install/ros2_aruco_interfaces/local/lib/python3.10/dist-packages/ros2_aruco_interfaces/ros2_aruco_interfaces_s__rosidl_typesupport_fastrtps_c.cpython-310-x86_64-linux-gnu.so
[6.313s] -- Up-to-date: /home/user/simulation_ws/install/ros2_aruco_interfaces/local/lib/python3.10/dist-packages/ros2_aruco_interfaces/ros2_aruco_interfaces_s__rosidl_typesupport_introspection_c.cpython-310-x86_64-linux-gnu.so
[6.315s] -- Up-to-date: /home/user/simulation_ws/install/ros2_aruco_interfaces/local/lib/python3.10/dist-packages/ros2_aruco_interfaces/ros2_aruco_interfaces_s__rosidl_typesupport_c.cpython-310-x86_64-linux-gnu.so
[6.322s] -- Up-to-date: /home/user/simulation_ws/install/ros2_aruco_interfaces/lib/libros2_aruco_interfaces__rosidl_generator_py.so
[6.322s] -- Up-to-date: /home/user/simulation_ws/install/ros2_aruco_interfaces/share/ros2_aruco_interfaces/msg/ArucoMarkers.idl
[6.323s] -- Up-to-date: /home/user/simulation_ws/install/ros2_aruco_interfaces/share/ros2_aruco_interfaces/msg/ArucoMarkers.msg
[6.323s] -- Up-to-date: /home/user/simulation_ws/install/ros2_aruco_interfaces/share/ament_index/resource_index/package_run_dependencies/ros2_aruco_interfaces
[6.323s] -- Up-to-date: /home/user/simulation_ws/install/ros2_aruco_interfaces/share/ament_index/resource_index/parent_prefix_path/ros2_aruco_interfaces
[6.323s] -- Up-to-date: /home/user/simulation_ws/install/ros2_aruco_interfaces/share/ros2_aruco_interfaces/environment/ament_prefix_path.sh
[6.323s] -- Up-to-date: /home/user/simulation_ws/install/ros2_aruco_interfaces/share/ros2_aruco_interfaces/environment/ament_prefix_path.dsv
[6.324s] -- Up-to-date: /home/user/simulation_ws/install/ros2_aruco_interfaces/share/ros2_aruco_interfaces/environment/path.sh
[6.324s] -- Up-to-date: /home/user/simulation_ws/install/ros2_aruco_interfaces/share/ros2_aruco_interfaces/environment/path.dsv
[6.324s] -- Up-to-date: /home/user/simulation_ws/install/ros2_aruco_interfaces/share/ros2_aruco_interfaces/local_setup.bash
[6.324s] -- Up-to-date: /home/user/simulation_ws/install/ros2_aruco_interfaces/share/ros2_aruco_interfaces/local_setup.sh
[6.324s] -- Up-to-date: /home/user/simulation_ws/install/ros2_aruco_interfaces/share/ros2_aruco_interfaces/local_setup.zsh
[6.324s] -- Up-to-date: /home/user/simulation_ws/install/ros2_aruco_interfaces/share/ros2_aruco_interfaces/local_setup.dsv
[6.324s] -- Installing: /home/user/simulation_ws/install/ros2_aruco_interfaces/share/ros2_aruco_interfaces/package.dsv
[6.325s] -- Up-to-date: /home/user/simulation_ws/install/ros2_aruco_interfaces/share/ament_index/resource_index/packages/ros2_aruco_interfaces
[6.327s] -- Up-to-date: /home/user/simulation_ws/install/ros2_aruco_interfaces/share/ros2_aruco_interfaces/cmake/export_ros2_aruco_interfaces__rosidl_generator_cExport.cmake
[6.327s] -- Up-to-date: /home/user/simulation_ws/install/ros2_aruco_interfaces/share/ros2_aruco_interfaces/cmake/export_ros2_aruco_interfaces__rosidl_generator_cExport-noconfig.cmake
[6.328s] -- Up-to-date: /home/user/simulation_ws/install/ros2_aruco_interfaces/share/ros2_aruco_interfaces/cmake/export_ros2_aruco_interfaces__rosidl_typesupport_fastrtps_cExport.cmake
[6.329s] -- Up-to-date: /home/user/simulation_ws/install/ros2_aruco_interfaces/share/ros2_aruco_interfaces/cmake/export_ros2_aruco_interfaces__rosidl_typesupport_fastrtps_cExport-noconfig.cmake
[6.330s] -- Up-to-date: /home/user/simulation_ws/install/ros2_aruco_interfaces/share/ros2_aruco_interfaces/cmake/export_ros2_aruco_interfaces__rosidl_generator_cppExport.cmake
[6.331s] -- Up-to-date: /home/user/simulation_ws/install/ros2_aruco_interfaces/share/ros2_aruco_interfaces/cmake/export_ros2_aruco_interfaces__rosidl_typesupport_fastrtps_cppExport.cmake
[6.332s] -- Up-to-date: /home/user/simulation_ws/install/ros2_aruco_interfaces/share/ros2_aruco_interfaces/cmake/export_ros2_aruco_interfaces__rosidl_typesupport_fastrtps_cppExport-noconfig.cmake
[6.334s] -- Up-to-date: /home/user/simulation_ws/install/ros2_aruco_interfaces/share/ros2_aruco_interfaces/cmake/ros2_aruco_interfaces__rosidl_typesupport_introspection_cExport.cmake
[6.334s] -- Up-to-date: /home/user/simulation_ws/install/ros2_aruco_interfaces/share/ros2_aruco_interfaces/cmake/ros2_aruco_interfaces__rosidl_typesupport_introspection_cExport-noconfig.cmake
[6.335s] -- Up-to-date: /home/user/simulation_ws/install/ros2_aruco_interfaces/share/ros2_aruco_interfaces/cmake/ros2_aruco_interfaces__rosidl_typesupport_cExport.cmake
[6.335s] -- Up-to-date: /home/user/simulation_ws/install/ros2_aruco_interfaces/share/ros2_aruco_interfaces/cmake/ros2_aruco_interfaces__rosidl_typesupport_cExport-noconfig.cmake
[6.336s] -- Up-to-date: /home/user/simulation_ws/install/ros2_aruco_interfaces/share/ros2_aruco_interfaces/cmake/ros2_aruco_interfaces__rosidl_typesupport_introspection_cppExport.cmake
[6.336s] -- Up-to-date: /home/user/simulation_ws/install/ros2_aruco_interfaces/share/ros2_aruco_interfaces/cmake/ros2_aruco_interfaces__rosidl_typesupport_introspection_cppExport-noconfig.cmake
[6.338s] -- Up-to-date: /home/user/simulation_ws/install/ros2_aruco_interfaces/share/ros2_aruco_interfaces/cmake/ros2_aruco_interfaces__rosidl_typesupport_cppExport.cmake
[6.338s] -- Up-to-date: /home/user/simulation_ws/install/ros2_aruco_interfaces/share/ros2_aruco_interfaces/cmake/ros2_aruco_interfaces__rosidl_typesupport_cppExport-noconfig.cmake
[6.345s] -- Up-to-date: /home/user/simulation_ws/install/ros2_aruco_interfaces/share/ros2_aruco_interfaces/cmake/export_ros2_aruco_interfaces__rosidl_generator_pyExport.cmake
[6.345s] -- Up-to-date: /home/user/simulation_ws/install/ros2_aruco_interfaces/share/ros2_aruco_interfaces/cmake/export_ros2_aruco_interfaces__rosidl_generator_pyExport-noconfig.cmake
[6.345s] -- Up-to-date: /home/user/simulation_ws/install/ros2_aruco_interfaces/share/ros2_aruco_interfaces/cmake/rosidl_cmake-extras.cmake
[6.345s] -- Up-to-date: /home/user/simulation_ws/install/ros2_aruco_interfaces/share/ros2_aruco_interfaces/cmake/ament_cmake_export_dependencies-extras.cmake
[6.345s] -- Up-to-date: /home/user/simulation_ws/install/ros2_aruco_interfaces/share/ros2_aruco_interfaces/cmake/ament_cmake_export_include_directories-extras.cmake
[6.345s] -- Up-to-date: /home/user/simulation_ws/install/ros2_aruco_interfaces/share/ros2_aruco_interfaces/cmake/ament_cmake_export_libraries-extras.cmake
[6.345s] -- Up-to-date: /home/user/simulation_ws/install/ros2_aruco_interfaces/share/ros2_aruco_interfaces/cmake/ament_cmake_export_targets-extras.cmake
[6.345s] -- Up-to-date: /home/user/simulation_ws/install/ros2_aruco_interfaces/share/ros2_aruco_interfaces/cmake/rosidl_cmake_export_typesupport_targets-extras.cmake
[6.346s] -- Up-to-date: /home/user/simulation_ws/install/ros2_aruco_interfaces/share/ros2_aruco_interfaces/cmake/rosidl_cmake_export_typesupport_libraries-extras.cmake
[6.346s] -- Up-to-date: /home/user/simulation_ws/install/ros2_aruco_interfaces/share/ros2_aruco_interfaces/cmake/ros2_aruco_interfacesConfig.cmake
[6.346s] -- Up-to-date: /home/user/simulation_ws/install/ros2_aruco_interfaces/share/ros2_aruco_interfaces/cmake/ros2_aruco_interfacesConfig-version.cmake
[6.346s] -- Up-to-date: /home/user/simulation_ws/install/ros2_aruco_interfaces/share/ros2_aruco_interfaces/package.xml
[6.373s] Invoked command in '/home/user/simulation_ws/build/ros2_aruco_interfaces' returned '0': CMAKE_PREFIX_PATH=${CMAKE_PREFIX_PATH}:/home/user/simulation_ws/install/tortoisebot_localization:/home/user/simulation_ws/install/tortoisebot_control:/home/user/simulation_ws/install/ros2_aruco:/home/simulations/ros2_sims_ws/install/rclrs_tests:/home/simulations/ros2_sims_ws/install/examples_rclrs_minimal_client_service:/home/simulations/ros2_sims_ws/install/sensor_msgs_py:/home/simulations/ros2_sims_ws/install/examples_rclrs_minimal_pub_sub:/home/simulations/ros2_sims_ws/install/examples_rclrs_message_demo:/home/simulations/ros2_sims_ws/install/rclrs:/home/simulations/ros2_sims_ws/install/rosidl_runtime_rs:/home/user/ros2_ws/install/opencv_tests:/opt/ros/humble _=/usr/bin/env /usr/bin/cmake --install /home/user/simulation_ws/build/ros2_aruco_interfaces
